This file contains any messages produced by compilers while
running configure, to aid debugging if configure makes a mistake.

It was created by Infernal configure 1.1.5, which was
generated by GNU Autoconf 2.71.  Invocation command line was

  $ ./configure --prefix=/home/RiboVision3/R2DT1_4/infernal/infernal-1.1.5/infernal

## --------- ##
## Platform. ##
## --------- ##

hostname = apollo2.chemistry.gatech.edu
uname -m = x86_64
uname -r = 4.18.0-477.10.1.el8_8.x86_64
uname -s = Linux
uname -v = #1 SMP Wed Apr 5 13:35:01 EDT 2023

/usr/bin/uname -p = x86_64
/bin/uname -X     = unknown

/bin/arch              = x86_64
/usr/bin/arch -k       = unknown
/usr/convex/getsysinfo = unknown
/usr/bin/hostinfo      = unknown
/bin/machine           = unknown
/usr/bin/oslevel       = unknown
/bin/universe          = unknown

PATH: /sbin/
PATH: /bin/
PATH: /usr/sbin/
PATH: /usr/bin/


## ----------- ##
## Core tests. ##
## ----------- ##

configure:2529: looking for aux files: install-sh config.guess config.sub
configure:2542:  trying ./
configure:2553:   ./install-sh found
configure:2571:   ./config.guess found
configure:2571:   ./config.sub found
configure:2682: Configuring Infernal for your system.
configure:2825: checking build system type
configure:2840: result: x86_64-pc-linux-gnu
configure:2860: checking host system type
configure:2874: result: x86_64-pc-linux-gnu
configure:3085: checking whether to compile using MPI
configure:3092: result: no
configure:3264: checking for gcc
configure:3285: found /bin/gcc
configure:3296: result: gcc
configure:3649: checking for C compiler version
configure:3658: gcc --version >&5
gcc (GCC) 8.5.0 20210514 (Red Hat 8.5.0-16)
Copyright (C) 2018 Free Software Foundation, Inc.
This is free software; see the source for copying conditions.  There is NO
warranty; not even for MERCHANTABILITY or FITNESS FOR A PARTICULAR PURPOSE.

configure:3669: $? = 0
configure:3658: gcc -v >&5
Using built-in specs.
COLLECT_GCC=gcc
COLLECT_LTO_WRAPPER=/usr/libexec/gcc/x86_64-redhat-linux/8/lto-wrapper
OFFLOAD_TARGET_NAMES=nvptx-none
OFFLOAD_TARGET_DEFAULT=1
Target: x86_64-redhat-linux
Configured with: ../configure --enable-bootstrap --enable-languages=c,c++,fortran,lto --prefix=/usr --mandir=/usr/share/man --infodir=/usr/share/info --with-bugurl=http://bugzilla.redhat.com/bugzilla --enable-shared --enable-threads=posix --enable-checking=release --enable-multilib --with-system-zlib --enable-__cxa_atexit --disable-libunwind-exceptions --enable-gnu-unique-object --enable-linker-build-id --with-gcc-major-version-only --with-linker-hash-style=gnu --enable-plugin --enable-initfini-array --with-isl --disable-libmpx --enable-offload-targets=nvptx-none --without-cuda-driver --enable-gnu-indirect-function --enable-cet --with-tune=generic --with-arch_32=x86-64 --build=x86_64-redhat-linux
Thread model: posix
gcc version 8.5.0 20210514 (Red Hat 8.5.0-16) (GCC) 
configure:3669: $? = 0
configure:3658: gcc -V >&5
gcc: error: unrecognized command line option '-V'
gcc: fatal error: no input files
compilation terminated.
configure:3669: $? = 1
configure:3658: gcc -qversion >&5
gcc: error: unrecognized command line option '-qversion'; did you mean '--version'?
gcc: fatal error: no input files
compilation terminated.
configure:3669: $? = 1
configure:3658: gcc -version >&5
gcc: error: unrecognized command line option '-version'
gcc: fatal error: no input files
compilation terminated.
configure:3669: $? = 1
configure:3689: checking whether the C compiler works
configure:3711: gcc    conftest.c  >&5
configure:3715: $? = 0
configure:3765: result: yes
configure:3768: checking for C compiler default output file name
configure:3770: result: a.out
configure:3776: checking for suffix of executables
configure:3783: gcc -o conftest    conftest.c  >&5
configure:3787: $? = 0
configure:3810: result: 
configure:3832: checking whether we are cross compiling
configure:3840: gcc -o conftest    conftest.c  >&5
configure:3844: $? = 0
configure:3851: ./conftest
configure:3855: $? = 0
configure:3870: result: no
configure:3875: checking for suffix of object files
configure:3898: gcc -c   conftest.c >&5
configure:3902: $? = 0
configure:3924: result: o
configure:3928: checking whether the compiler supports GNU C
configure:3948: gcc -c   conftest.c >&5
configure:3948: $? = 0
configure:3958: result: yes
configure:3969: checking whether gcc accepts -g
configure:3990: gcc -c -g  conftest.c >&5
configure:3990: $? = 0
configure:4034: result: yes
configure:4054: checking for gcc option to enable C11 features
configure:4069: gcc  -c   conftest.c >&5
configure:4069: $? = 0
configure:4087: result: none needed
configure:4381: checking for gcc
configure:4413: result: gcc
configure:4766: checking for C compiler version
configure:4775: gcc --version >&5
gcc (GCC) 8.5.0 20210514 (Red Hat 8.5.0-16)
Copyright (C) 2018 Free Software Foundation, Inc.
This is free software; see the source for copying conditions.  There is NO
warranty; not even for MERCHANTABILITY or FITNESS FOR A PARTICULAR PURPOSE.

configure:4786: $? = 0
configure:4775: gcc -v >&5
Using built-in specs.
COLLECT_GCC=gcc
COLLECT_LTO_WRAPPER=/usr/libexec/gcc/x86_64-redhat-linux/8/lto-wrapper
OFFLOAD_TARGET_NAMES=nvptx-none
OFFLOAD_TARGET_DEFAULT=1
Target: x86_64-redhat-linux
Configured with: ../configure --enable-bootstrap --enable-languages=c,c++,fortran,lto --prefix=/usr --mandir=/usr/share/man --infodir=/usr/share/info --with-bugurl=http://bugzilla.redhat.com/bugzilla --enable-shared --enable-threads=posix --enable-checking=release --enable-multilib --with-system-zlib --enable-__cxa_atexit --disable-libunwind-exceptions --enable-gnu-unique-object --enable-linker-build-id --with-gcc-major-version-only --with-linker-hash-style=gnu --enable-plugin --enable-initfini-array --with-isl --disable-libmpx --enable-offload-targets=nvptx-none --without-cuda-driver --enable-gnu-indirect-function --enable-cet --with-tune=generic --with-arch_32=x86-64 --build=x86_64-redhat-linux
Thread model: posix
gcc version 8.5.0 20210514 (Red Hat 8.5.0-16) (GCC) 
configure:4786: $? = 0
configure:4775: gcc -V >&5
gcc: error: unrecognized command line option '-V'
gcc: fatal error: no input files
compilation terminated.
configure:4786: $? = 1
configure:4775: gcc -qversion >&5
gcc: error: unrecognized command line option '-qversion'; did you mean '--version'?
gcc: fatal error: no input files
compilation terminated.
configure:4786: $? = 1
configure:4775: gcc -version >&5
gcc: error: unrecognized command line option '-version'
gcc: fatal error: no input files
compilation terminated.
configure:4786: $? = 1
configure:4790: checking whether the compiler supports GNU C
configure:4820: result: yes
configure:4831: checking whether gcc accepts -g
configure:4896: result: yes
configure:4916: checking for gcc option to enable C11 features
configure:4949: result: none needed
configure:5064: checking how to run the C preprocessor
configure:5090: gcc -E  conftest.c
configure:5090: $? = 0
configure:5105: gcc -E  conftest.c
conftest.c:25:10: fatal error: ac_nonexistent.h: No such file or directory
 #include <ac_nonexistent.h>
          ^~~~~~~~~~~~~~~~~~
compilation terminated.
configure:5105: $? = 1
configure: failed program was:
| /* confdefs.h */
| #define PACKAGE_NAME "Infernal"
| #define PACKAGE_TARNAME "infernal"
| #define PACKAGE_VERSION "1.1.5"
| #define PACKAGE_STRING "Infernal 1.1.5"
| #define PACKAGE_BUGREPORT "eric.nawrocki@nih.gov"
| #define PACKAGE_URL ""
| #define INFERNAL_DATE "Sep 2023"
| #define INFERNAL_COPYRIGHT "Copyright (C) 2023 Howard Hughes Medical Institute."
| #define INFERNAL_LICENSE "Freely distributed under the BSD open source license."
| #define INFERNAL_VERSION "1.1.5"
| #define INFERNAL_URL "http://eddylab.org/infernal/"
| #define HMMER_DATE "Aug 2023"
| #define HMMER_COPYRIGHT "Copyright (C) 2023 Howard Hughes Medical Institute."
| #define HMMER_LICENSE "Freely distributed under the BSD open source license."
| #define HMMER_VERSION "3.4"
| #define HMMER_URL "http://hmmer.org/"
| #define EASEL_DATE "Aug 2023"
| #define EASEL_COPYRIGHT "Copyright (C) 2023 Howard Hughes Medical Institute."
| #define EASEL_LICENSE "Freely distributed under the BSD open source license."
| #define EASEL_VERSION "0.49"
| #define EASEL_URL "http://bioeasel.org/"
| #define eslDEBUGLEVEL 0
| /* end confdefs.h.  */
| #include <ac_nonexistent.h>
configure:5132: result: gcc -E
configure:5146: gcc -E  conftest.c
configure:5146: $? = 0
configure:5161: gcc -E  conftest.c
conftest.c:25:10: fatal error: ac_nonexistent.h: No such file or directory
 #include <ac_nonexistent.h>
          ^~~~~~~~~~~~~~~~~~
compilation terminated.
configure:5161: $? = 1
configure: failed program was:
| /* confdefs.h */
| #define PACKAGE_NAME "Infernal"
| #define PACKAGE_TARNAME "infernal"
| #define PACKAGE_VERSION "1.1.5"
| #define PACKAGE_STRING "Infernal 1.1.5"
| #define PACKAGE_BUGREPORT "eric.nawrocki@nih.gov"
| #define PACKAGE_URL ""
| #define INFERNAL_DATE "Sep 2023"
| #define INFERNAL_COPYRIGHT "Copyright (C) 2023 Howard Hughes Medical Institute."
| #define INFERNAL_LICENSE "Freely distributed under the BSD open source license."
| #define INFERNAL_VERSION "1.1.5"
| #define INFERNAL_URL "http://eddylab.org/infernal/"
| #define HMMER_DATE "Aug 2023"
| #define HMMER_COPYRIGHT "Copyright (C) 2023 Howard Hughes Medical Institute."
| #define HMMER_LICENSE "Freely distributed under the BSD open source license."
| #define HMMER_VERSION "3.4"
| #define HMMER_URL "http://hmmer.org/"
| #define EASEL_DATE "Aug 2023"
| #define EASEL_COPYRIGHT "Copyright (C) 2023 Howard Hughes Medical Institute."
| #define EASEL_LICENSE "Freely distributed under the BSD open source license."
| #define EASEL_VERSION "0.49"
| #define EASEL_URL "http://bioeasel.org/"
| #define eslDEBUGLEVEL 0
| /* end confdefs.h.  */
| #include <ac_nonexistent.h>
configure:5206: checking for a BSD-compatible install
configure:5279: result: /bin/install -c
configure:5338: checking for strip
configure:5359: found /bin/strip
configure:5370: result: strip
configure:5440: checking for ranlib
configure:5461: found /bin/ranlib
configure:5472: result: ranlib
configure:5496: checking for ar
configure:5520: found /bin/ar
configure:5533: result: /bin/ar
configure:5541: checking whether ln -s works
configure:5545: result: yes
configure:5723: checking for a sed that does not truncate output
configure:5793: result: /bin/sed
configure:5799: checking for grep that handles long lines and -e
configure:5863: result: /bin/grep
configure:5868: checking for egrep
configure:5936: result: /bin/grep -E
configure:6101: checking whether gcc is Clang
configure:6128: result: no
configure:6193: checking whether pthreads work with "-pthread" and "-lpthread"
configure:6304: gcc -o conftest -O3 -pthread   conftest.c -lpthread  >&5
configure:6304: $? = 0
configure:6314: result: yes
configure:6437: checking for joinable pthread attribute
configure:6456: gcc -o conftest -O3 -pthread   conftest.c -lpthread  >&5
configure:6456: $? = 0
configure:6465: result: PTHREAD_CREATE_JOINABLE
configure:6478: checking whether more special flags are required for pthreads
configure:6492: result: no
configure:6501: checking for PTHREAD_PRIO_INHERIT
configure:6519: gcc -o conftest -O3 -pthread   conftest.c -lpthread  >&5
configure:6519: $? = 0
configure:6529: result: yes
configure:6742: checking whether gcc can compile our NEON code
configure:6775: gcc -o conftest -O3   conftest.c  >&5
conftest.c:30:10: fatal error: arm_neon.h: No such file or directory
 #include <arm_neon.h>
          ^~~~~~~~~~~~
compilation terminated.
configure:6775: $? = 1
configure: failed program was:
| /* confdefs.h */
| #define PACKAGE_NAME "Infernal"
| #define PACKAGE_TARNAME "infernal"
| #define PACKAGE_VERSION "1.1.5"
| #define PACKAGE_STRING "Infernal 1.1.5"
| #define PACKAGE_BUGREPORT "eric.nawrocki@nih.gov"
| #define PACKAGE_URL ""
| #define INFERNAL_DATE "Sep 2023"
| #define INFERNAL_COPYRIGHT "Copyright (C) 2023 Howard Hughes Medical Institute."
| #define INFERNAL_LICENSE "Freely distributed under the BSD open source license."
| #define INFERNAL_VERSION "1.1.5"
| #define INFERNAL_URL "http://eddylab.org/infernal/"
| #define HMMER_DATE "Aug 2023"
| #define HMMER_COPYRIGHT "Copyright (C) 2023 Howard Hughes Medical Institute."
| #define HMMER_LICENSE "Freely distributed under the BSD open source license."
| #define HMMER_VERSION "3.4"
| #define HMMER_URL "http://hmmer.org/"
| #define EASEL_DATE "Aug 2023"
| #define EASEL_COPYRIGHT "Copyright (C) 2023 Howard Hughes Medical Institute."
| #define EASEL_LICENSE "Freely distributed under the BSD open source license."
| #define EASEL_VERSION "0.49"
| #define EASEL_URL "http://bioeasel.org/"
| #define eslDEBUGLEVEL 0
| #define HAVE_PTHREAD_PRIO_INHERIT 1
| #define HAVE_PTHREAD 1
| #define HMMER_THREADS 1
| /* end confdefs.h.  */
| 
| #include <stdint.h>
| #include <arm_neon.h>
| int stub_neon(void) {
|   int32x4_t v1 = vdupq_n_s32(42);
|   int32x4_t v2 = vdupq_n_s32(86);
|   union { int32x4_t v; int32_t x[4]; } v3;
|   v3.v = vaddq_s32(v1, v2);
|   return (int) v3.x[0];
| }
| int main(void) { if (stub_neon() != 128) return 1; else return 0; }
| 
configure:6775: gcc -o conftest -O3 -mfpu=neon   conftest.c  >&5
gcc: error: unrecognized command line option '-mfpu=neon'
configure:6775: $? = 1
configure: failed program was:
| /* confdefs.h */
| #define PACKAGE_NAME "Infernal"
| #define PACKAGE_TARNAME "infernal"
| #define PACKAGE_VERSION "1.1.5"
| #define PACKAGE_STRING "Infernal 1.1.5"
| #define PACKAGE_BUGREPORT "eric.nawrocki@nih.gov"
| #define PACKAGE_URL ""
| #define INFERNAL_DATE "Sep 2023"
| #define INFERNAL_COPYRIGHT "Copyright (C) 2023 Howard Hughes Medical Institute."
| #define INFERNAL_LICENSE "Freely distributed under the BSD open source license."
| #define INFERNAL_VERSION "1.1.5"
| #define INFERNAL_URL "http://eddylab.org/infernal/"
| #define HMMER_DATE "Aug 2023"
| #define HMMER_COPYRIGHT "Copyright (C) 2023 Howard Hughes Medical Institute."
| #define HMMER_LICENSE "Freely distributed under the BSD open source license."
| #define HMMER_VERSION "3.4"
| #define HMMER_URL "http://hmmer.org/"
| #define EASEL_DATE "Aug 2023"
| #define EASEL_COPYRIGHT "Copyright (C) 2023 Howard Hughes Medical Institute."
| #define EASEL_LICENSE "Freely distributed under the BSD open source license."
| #define EASEL_VERSION "0.49"
| #define EASEL_URL "http://bioeasel.org/"
| #define eslDEBUGLEVEL 0
| #define HAVE_PTHREAD_PRIO_INHERIT 1
| #define HAVE_PTHREAD 1
| #define HMMER_THREADS 1
| /* end confdefs.h.  */
| 
| #include <stdint.h>
| #include <arm_neon.h>
| int stub_neon(void) {
|   int32x4_t v1 = vdupq_n_s32(42);
|   int32x4_t v2 = vdupq_n_s32(86);
|   union { int32x4_t v; int32_t x[4]; } v3;
|   v3.v = vaddq_s32(v1, v2);
|   return (int) v3.x[0];
| }
| int main(void) { if (stub_neon() != 128) return 1; else return 0; }
| 
configure:6803: gcc -o conftest -O3 -mfpu=neon   conftest.c  >&5
gcc: error: unrecognized command line option '-mfpu=neon'
configure:6803: $? = 1
configure: failed program was:
| /* confdefs.h */
| #define PACKAGE_NAME "Infernal"
| #define PACKAGE_TARNAME "infernal"
| #define PACKAGE_VERSION "1.1.5"
| #define PACKAGE_STRING "Infernal 1.1.5"
| #define PACKAGE_BUGREPORT "eric.nawrocki@nih.gov"
| #define PACKAGE_URL ""
| #define INFERNAL_DATE "Sep 2023"
| #define INFERNAL_COPYRIGHT "Copyright (C) 2023 Howard Hughes Medical Institute."
| #define INFERNAL_LICENSE "Freely distributed under the BSD open source license."
| #define INFERNAL_VERSION "1.1.5"
| #define INFERNAL_URL "http://eddylab.org/infernal/"
| #define HMMER_DATE "Aug 2023"
| #define HMMER_COPYRIGHT "Copyright (C) 2023 Howard Hughes Medical Institute."
| #define HMMER_LICENSE "Freely distributed under the BSD open source license."
| #define HMMER_VERSION "3.4"
| #define HMMER_URL "http://hmmer.org/"
| #define EASEL_DATE "Aug 2023"
| #define EASEL_COPYRIGHT "Copyright (C) 2023 Howard Hughes Medical Institute."
| #define EASEL_LICENSE "Freely distributed under the BSD open source license."
| #define EASEL_VERSION "0.49"
| #define EASEL_URL "http://bioeasel.org/"
| #define eslDEBUGLEVEL 0
| #define HAVE_PTHREAD_PRIO_INHERIT 1
| #define HAVE_PTHREAD 1
| #define HMMER_THREADS 1
| /* end confdefs.h.  */
| 
| #include <stdint.h>
| #include <arm_neon.h>
| int main(void) {
|   int16x8_t   a1 = { 1, 2, 8, 3, 4, 5, 6, 7 };
|   int16_t     r1 = vmaxvq_s16(a1); // = 8 : horizontal max
|   uint8x16_t  a2 = { 1, 2, 16, 3, 4, 5, 6, 7, 8, 9, 10, 11, 12, 13, 14, 15 };
|   uint8_t     r2 = vmaxvq_u8(a2);  // = 16 : horizontal max
|   float32x4_t a3 = { 1.0, 2.0, 3.0, 4.0 };
|   float       r3 = vaddvq_f32(a3); // = 10.0 : horizontal sum
|   return 0;
| }
| 
configure:6812: result: no
configure:6873: checking whether gcc can compile our Altivec/VMX code
configure:6905: gcc -o conftest -O3   conftest.c  >&5
conftest.c:29:10: fatal error: altivec.h: No such file or directory
 #include <altivec.h>
          ^~~~~~~~~~~
compilation terminated.
configure:6905: $? = 1
configure: failed program was:
| /* confdefs.h */
| #define PACKAGE_NAME "Infernal"
| #define PACKAGE_TARNAME "infernal"
| #define PACKAGE_VERSION "1.1.5"
| #define PACKAGE_STRING "Infernal 1.1.5"
| #define PACKAGE_BUGREPORT "eric.nawrocki@nih.gov"
| #define PACKAGE_URL ""
| #define INFERNAL_DATE "Sep 2023"
| #define INFERNAL_COPYRIGHT "Copyright (C) 2023 Howard Hughes Medical Institute."
| #define INFERNAL_LICENSE "Freely distributed under the BSD open source license."
| #define INFERNAL_VERSION "1.1.5"
| #define INFERNAL_URL "http://eddylab.org/infernal/"
| #define HMMER_DATE "Aug 2023"
| #define HMMER_COPYRIGHT "Copyright (C) 2023 Howard Hughes Medical Institute."
| #define HMMER_LICENSE "Freely distributed under the BSD open source license."
| #define HMMER_VERSION "3.4"
| #define HMMER_URL "http://hmmer.org/"
| #define EASEL_DATE "Aug 2023"
| #define EASEL_COPYRIGHT "Copyright (C) 2023 Howard Hughes Medical Institute."
| #define EASEL_LICENSE "Freely distributed under the BSD open source license."
| #define EASEL_VERSION "0.49"
| #define EASEL_URL "http://bioeasel.org/"
| #define eslDEBUGLEVEL 0
| #define HAVE_PTHREAD_PRIO_INHERIT 1
| #define HAVE_PTHREAD 1
| #define HMMER_THREADS 1
| /* end confdefs.h.  */
| 
| #include <altivec.h>
| #include <stdint.h>
| int stub_vmx(void) {
| vector signed int v1,v2;
| union { vector signed int v; int32_t x[4]; } v3;
| v1   = vec_splat_s32(6);
| v2   = vec_splat_s32(12);
| v3.v = vec_add(v1,v2);
| return (int) v3.x[0];}
| int main(void) { if (stub_vmx() != 18) return 1; else return 0; }
| 
configure:6905: gcc -o conftest -O3 -maltivec   conftest.c  >&5
gcc: error: unrecognized command line option '-maltivec'; did you mean '-mglibc'?
configure:6905: $? = 1
configure: failed program was:
| /* confdefs.h */
| #define PACKAGE_NAME "Infernal"
| #define PACKAGE_TARNAME "infernal"
| #define PACKAGE_VERSION "1.1.5"
| #define PACKAGE_STRING "Infernal 1.1.5"
| #define PACKAGE_BUGREPORT "eric.nawrocki@nih.gov"
| #define PACKAGE_URL ""
| #define INFERNAL_DATE "Sep 2023"
| #define INFERNAL_COPYRIGHT "Copyright (C) 2023 Howard Hughes Medical Institute."
| #define INFERNAL_LICENSE "Freely distributed under the BSD open source license."
| #define INFERNAL_VERSION "1.1.5"
| #define INFERNAL_URL "http://eddylab.org/infernal/"
| #define HMMER_DATE "Aug 2023"
| #define HMMER_COPYRIGHT "Copyright (C) 2023 Howard Hughes Medical Institute."
| #define HMMER_LICENSE "Freely distributed under the BSD open source license."
| #define HMMER_VERSION "3.4"
| #define HMMER_URL "http://hmmer.org/"
| #define EASEL_DATE "Aug 2023"
| #define EASEL_COPYRIGHT "Copyright (C) 2023 Howard Hughes Medical Institute."
| #define EASEL_LICENSE "Freely distributed under the BSD open source license."
| #define EASEL_VERSION "0.49"
| #define EASEL_URL "http://bioeasel.org/"
| #define eslDEBUGLEVEL 0
| #define HAVE_PTHREAD_PRIO_INHERIT 1
| #define HAVE_PTHREAD 1
| #define HMMER_THREADS 1
| /* end confdefs.h.  */
| 
| #include <altivec.h>
| #include <stdint.h>
| int stub_vmx(void) {
| vector signed int v1,v2;
| union { vector signed int v; int32_t x[4]; } v3;
| v1   = vec_splat_s32(6);
| v2   = vec_splat_s32(12);
| v3.v = vec_add(v1,v2);
| return (int) v3.x[0];}
| int main(void) { if (stub_vmx() != 18) return 1; else return 0; }
| 
configure:6905: gcc -o conftest -O3 -faltivec   conftest.c  >&5
gcc: error: unrecognized command line option '-faltivec'
configure:6905: $? = 1
configure: failed program was:
| /* confdefs.h */
| #define PACKAGE_NAME "Infernal"
| #define PACKAGE_TARNAME "infernal"
| #define PACKAGE_VERSION "1.1.5"
| #define PACKAGE_STRING "Infernal 1.1.5"
| #define PACKAGE_BUGREPORT "eric.nawrocki@nih.gov"
| #define PACKAGE_URL ""
| #define INFERNAL_DATE "Sep 2023"
| #define INFERNAL_COPYRIGHT "Copyright (C) 2023 Howard Hughes Medical Institute."
| #define INFERNAL_LICENSE "Freely distributed under the BSD open source license."
| #define INFERNAL_VERSION "1.1.5"
| #define INFERNAL_URL "http://eddylab.org/infernal/"
| #define HMMER_DATE "Aug 2023"
| #define HMMER_COPYRIGHT "Copyright (C) 2023 Howard Hughes Medical Institute."
| #define HMMER_LICENSE "Freely distributed under the BSD open source license."
| #define HMMER_VERSION "3.4"
| #define HMMER_URL "http://hmmer.org/"
| #define EASEL_DATE "Aug 2023"
| #define EASEL_COPYRIGHT "Copyright (C) 2023 Howard Hughes Medical Institute."
| #define EASEL_LICENSE "Freely distributed under the BSD open source license."
| #define EASEL_VERSION "0.49"
| #define EASEL_URL "http://bioeasel.org/"
| #define eslDEBUGLEVEL 0
| #define HAVE_PTHREAD_PRIO_INHERIT 1
| #define HAVE_PTHREAD 1
| #define HMMER_THREADS 1
| /* end confdefs.h.  */
| 
| #include <altivec.h>
| #include <stdint.h>
| int stub_vmx(void) {
| vector signed int v1,v2;
| union { vector signed int v; int32_t x[4]; } v3;
| v1   = vec_splat_s32(6);
| v2   = vec_splat_s32(12);
| v3.v = vec_add(v1,v2);
| return (int) v3.x[0];}
| int main(void) { if (stub_vmx() != 18) return 1; else return 0; }
| 
configure:6915: result: no
configure:6959: checking whether gcc can compile our SSE code
configure:6991: gcc -o conftest -O3   conftest.c  >&5
configure:6991: $? = 0
configure:7006: result: yes
configure:7048: Activating Intel/AMD SSE vector DP implementation
configure:7082: checking whether _MM_SET_FLUSH_ZERO_MODE is supported
configure:7098: gcc -c -O3   conftest.c >&5
configure:7098: $? = 0
configure:7100: result: yes
configure:7119: checking compiler support --start-group
configure:7134: gcc -o conftest -O3  -Wl,--start-group -Wl,--end-group  conftest.c  >&5
configure:7134: $? = 0
configure:7136: result: yes
configure:7158: checking for gzip
configure:7181: found /bin/gzip
configure:7194: result: /bin/gzip
configure:7218: checking for python3
configure:7239: found /bin/python3
configure:7250: result: yes
configure:7329: checking for library containing clock_gettime
configure:7359: gcc -o conftest -O3   conftest.c  >&5
configure:7359: $? = 0
configure:7379: result: none required
configure:7399: checking for stdio.h
configure:7399: gcc -c -O3  conftest.c >&5
configure:7399: $? = 0
configure:7399: result: yes
configure:7399: checking for stdlib.h
configure:7399: gcc -c -O3  conftest.c >&5
configure:7399: $? = 0
configure:7399: result: yes
configure:7399: checking for string.h
configure:7399: gcc -c -O3  conftest.c >&5
configure:7399: $? = 0
configure:7399: result: yes
configure:7399: checking for inttypes.h
configure:7399: gcc -c -O3  conftest.c >&5
configure:7399: $? = 0
configure:7399: result: yes
configure:7399: checking for stdint.h
configure:7399: gcc -c -O3  conftest.c >&5
configure:7399: $? = 0
configure:7399: result: yes
configure:7399: checking for strings.h
configure:7399: gcc -c -O3  conftest.c >&5
configure:7399: $? = 0
configure:7399: result: yes
configure:7399: checking for sys/stat.h
configure:7399: gcc -c -O3  conftest.c >&5
configure:7399: $? = 0
configure:7399: result: yes
configure:7399: checking for sys/types.h
configure:7399: gcc -c -O3  conftest.c >&5
configure:7399: $? = 0
configure:7399: result: yes
configure:7399: checking for unistd.h
configure:7399: gcc -c -O3  conftest.c >&5
configure:7399: $? = 0
configure:7399: result: yes
configure:7424: checking for endian.h
configure:7424: gcc -c -O3  conftest.c >&5
configure:7424: $? = 0
configure:7424: result: yes
configure:7430: checking for inttypes.h
configure:7430: result: yes
configure:7436: checking for stdint.h
configure:7436: result: yes
configure:7442: checking for unistd.h
configure:7442: result: yes
configure:7448: checking for sys/types.h
configure:7448: result: yes
configure:7454: checking for netinet/in.h
configure:7454: gcc -c -O3  conftest.c >&5
configure:7454: $? = 0
configure:7454: result: yes
configure:7465: checking for sys/param.h
configure:7465: gcc -c -O3  conftest.c >&5
configure:7465: $? = 0
configure:7465: result: yes
configure:7472: checking for sys/sysctl.h
configure:7472: gcc -c -O3  conftest.c >&5
configure:7472: $? = 0
configure:7472: result: yes
configure:7522: checking for uint8_t
configure:7522: gcc -c -O3  conftest.c >&5
configure:7522: $? = 0
configure:7522: result: yes
configure:7534: checking for uint16_t
configure:7534: gcc -c -O3  conftest.c >&5
configure:7534: $? = 0
configure:7534: result: yes
configure:7544: checking for uint32_t
configure:7544: gcc -c -O3  conftest.c >&5
configure:7544: $? = 0
configure:7544: result: yes
configure:7556: checking for uint64_t
configure:7556: gcc -c -O3  conftest.c >&5
configure:7556: $? = 0
configure:7556: result: yes
configure:7568: checking for off_t
configure:7568: gcc -c -O3  conftest.c >&5
configure:7568: $? = 0
configure:7568: gcc -c -O3  conftest.c >&5
conftest.c: In function 'main':
conftest.c:80:20: error: expected expression before ')' token
 if (sizeof ((off_t)))
                    ^
configure:7568: $? = 1
configure: failed program was:
| /* confdefs.h */
| #define PACKAGE_NAME "Infernal"
| #define PACKAGE_TARNAME "infernal"
| #define PACKAGE_VERSION "1.1.5"
| #define PACKAGE_STRING "Infernal 1.1.5"
| #define PACKAGE_BUGREPORT "eric.nawrocki@nih.gov"
| #define PACKAGE_URL ""
| #define INFERNAL_DATE "Sep 2023"
| #define INFERNAL_COPYRIGHT "Copyright (C) 2023 Howard Hughes Medical Institute."
| #define INFERNAL_LICENSE "Freely distributed under the BSD open source license."
| #define INFERNAL_VERSION "1.1.5"
| #define INFERNAL_URL "http://eddylab.org/infernal/"
| #define HMMER_DATE "Aug 2023"
| #define HMMER_COPYRIGHT "Copyright (C) 2023 Howard Hughes Medical Institute."
| #define HMMER_LICENSE "Freely distributed under the BSD open source license."
| #define HMMER_VERSION "3.4"
| #define HMMER_URL "http://hmmer.org/"
| #define EASEL_DATE "Aug 2023"
| #define EASEL_COPYRIGHT "Copyright (C) 2023 Howard Hughes Medical Institute."
| #define EASEL_LICENSE "Freely distributed under the BSD open source license."
| #define EASEL_VERSION "0.49"
| #define EASEL_URL "http://bioeasel.org/"
| #define eslDEBUGLEVEL 0
| #define HAVE_PTHREAD_PRIO_INHERIT 1
| #define HAVE_PTHREAD 1
| #define HMMER_THREADS 1
| #define eslENABLE_SSE 1
| #define HAVE_FLUSH_ZERO_MODE 1
| #define HAVE_GZIP 1
| #define HAVE_STDIO_H 1
| #define HAVE_STDLIB_H 1
| #define HAVE_STRING_H 1
| #define HAVE_INTTYPES_H 1
| #define HAVE_STDINT_H 1
| #define HAVE_STRINGS_H 1
| #define HAVE_SYS_STAT_H 1
| #define HAVE_SYS_TYPES_H 1
| #define HAVE_UNISTD_H 1
| #define STDC_HEADERS 1
| #define HAVE_ENDIAN_H 1
| #define HAVE_INTTYPES_H 1
| #define HAVE_STDINT_H 1
| #define HAVE_UNISTD_H 1
| #define HAVE_SYS_TYPES_H 1
| #define HAVE_NETINET_IN_H 1
| #define HAVE_SYS_PARAM_H 1
| #define HAVE_SYS_SYSCTL_H 1
| /* end confdefs.h.  */
| #include <stddef.h>
| #ifdef HAVE_STDIO_H
| # include <stdio.h>
| #endif
| #ifdef HAVE_STDLIB_H
| # include <stdlib.h>
| #endif
| #ifdef HAVE_STRING_H
| # include <string.h>
| #endif
| #ifdef HAVE_INTTYPES_H
| # include <inttypes.h>
| #endif
| #ifdef HAVE_STDINT_H
| # include <stdint.h>
| #endif
| #ifdef HAVE_STRINGS_H
| # include <strings.h>
| #endif
| #ifdef HAVE_SYS_TYPES_H
| # include <sys/types.h>
| #endif
| #ifdef HAVE_SYS_STAT_H
| # include <sys/stat.h>
| #endif
| #ifdef HAVE_UNISTD_H
| # include <unistd.h>
| #endif
| int
| main (void)
| {
| if (sizeof ((off_t)))
| 	    return 0;
|   ;
|   return 0;
| }
configure:7568: result: yes
configure:7592: checking whether byte ordering is bigendian
configure:7608: gcc -c -O3  conftest.c >&5
conftest.c:50:9: error: unknown type name 'not'
         not a universal capable compiler
         ^~~
conftest.c:50:15: error: expected '=', ',', ';', 'asm' or '__attribute__' before 'universal'
         not a universal capable compiler
               ^~~~~~~~~
conftest.c:50:15: error: unknown type name 'universal'
configure:7608: $? = 1
configure: failed program was:
| /* confdefs.h */
| #define PACKAGE_NAME "Infernal"
| #define PACKAGE_TARNAME "infernal"
| #define PACKAGE_VERSION "1.1.5"
| #define PACKAGE_STRING "Infernal 1.1.5"
| #define PACKAGE_BUGREPORT "eric.nawrocki@nih.gov"
| #define PACKAGE_URL ""
| #define INFERNAL_DATE "Sep 2023"
| #define INFERNAL_COPYRIGHT "Copyright (C) 2023 Howard Hughes Medical Institute."
| #define INFERNAL_LICENSE "Freely distributed under the BSD open source license."
| #define INFERNAL_VERSION "1.1.5"
| #define INFERNAL_URL "http://eddylab.org/infernal/"
| #define HMMER_DATE "Aug 2023"
| #define HMMER_COPYRIGHT "Copyright (C) 2023 Howard Hughes Medical Institute."
| #define HMMER_LICENSE "Freely distributed under the BSD open source license."
| #define HMMER_VERSION "3.4"
| #define HMMER_URL "http://hmmer.org/"
| #define EASEL_DATE "Aug 2023"
| #define EASEL_COPYRIGHT "Copyright (C) 2023 Howard Hughes Medical Institute."
| #define EASEL_LICENSE "Freely distributed under the BSD open source license."
| #define EASEL_VERSION "0.49"
| #define EASEL_URL "http://bioeasel.org/"
| #define eslDEBUGLEVEL 0
| #define HAVE_PTHREAD_PRIO_INHERIT 1
| #define HAVE_PTHREAD 1
| #define HMMER_THREADS 1
| #define eslENABLE_SSE 1
| #define HAVE_FLUSH_ZERO_MODE 1
| #define HAVE_GZIP 1
| #define HAVE_STDIO_H 1
| #define HAVE_STDLIB_H 1
| #define HAVE_STRING_H 1
| #define HAVE_INTTYPES_H 1
| #define HAVE_STDINT_H 1
| #define HAVE_STRINGS_H 1
| #define HAVE_SYS_STAT_H 1
| #define HAVE_SYS_TYPES_H 1
| #define HAVE_UNISTD_H 1
| #define STDC_HEADERS 1
| #define HAVE_ENDIAN_H 1
| #define HAVE_INTTYPES_H 1
| #define HAVE_STDINT_H 1
| #define HAVE_UNISTD_H 1
| #define HAVE_SYS_TYPES_H 1
| #define HAVE_NETINET_IN_H 1
| #define HAVE_SYS_PARAM_H 1
| #define HAVE_SYS_SYSCTL_H 1
| /* end confdefs.h.  */
| #ifndef __APPLE_CC__
| 	       not a universal capable compiler
| 	     #endif
| 	     typedef int dummy;
| 
configure:7654: gcc -c -O3  conftest.c >&5
configure:7654: $? = 0
configure:7673: gcc -c -O3  conftest.c >&5
conftest.c: In function 'main':
conftest.c:56:4: error: unknown type name 'not'; did you mean 'ino_t'?
    not big endian
    ^~~
    ino_t
conftest.c:56:12: error: expected '=', ',', ';', 'asm' or '__attribute__' before 'endian'
    not big endian
            ^~~~~~
configure:7673: $? = 1
configure: failed program was:
| /* confdefs.h */
| #define PACKAGE_NAME "Infernal"
| #define PACKAGE_TARNAME "infernal"
| #define PACKAGE_VERSION "1.1.5"
| #define PACKAGE_STRING "Infernal 1.1.5"
| #define PACKAGE_BUGREPORT "eric.nawrocki@nih.gov"
| #define PACKAGE_URL ""
| #define INFERNAL_DATE "Sep 2023"
| #define INFERNAL_COPYRIGHT "Copyright (C) 2023 Howard Hughes Medical Institute."
| #define INFERNAL_LICENSE "Freely distributed under the BSD open source license."
| #define INFERNAL_VERSION "1.1.5"
| #define INFERNAL_URL "http://eddylab.org/infernal/"
| #define HMMER_DATE "Aug 2023"
| #define HMMER_COPYRIGHT "Copyright (C) 2023 Howard Hughes Medical Institute."
| #define HMMER_LICENSE "Freely distributed under the BSD open source license."
| #define HMMER_VERSION "3.4"
| #define HMMER_URL "http://hmmer.org/"
| #define EASEL_DATE "Aug 2023"
| #define EASEL_COPYRIGHT "Copyright (C) 2023 Howard Hughes Medical Institute."
| #define EASEL_LICENSE "Freely distributed under the BSD open source license."
| #define EASEL_VERSION "0.49"
| #define EASEL_URL "http://bioeasel.org/"
| #define eslDEBUGLEVEL 0
| #define HAVE_PTHREAD_PRIO_INHERIT 1
| #define HAVE_PTHREAD 1
| #define HMMER_THREADS 1
| #define eslENABLE_SSE 1
| #define HAVE_FLUSH_ZERO_MODE 1
| #define HAVE_GZIP 1
| #define HAVE_STDIO_H 1
| #define HAVE_STDLIB_H 1
| #define HAVE_STRING_H 1
| #define HAVE_INTTYPES_H 1
| #define HAVE_STDINT_H 1
| #define HAVE_STRINGS_H 1
| #define HAVE_SYS_STAT_H 1
| #define HAVE_SYS_TYPES_H 1
| #define HAVE_UNISTD_H 1
| #define STDC_HEADERS 1
| #define HAVE_ENDIAN_H 1
| #define HAVE_INTTYPES_H 1
| #define HAVE_STDINT_H 1
| #define HAVE_UNISTD_H 1
| #define HAVE_SYS_TYPES_H 1
| #define HAVE_NETINET_IN_H 1
| #define HAVE_SYS_PARAM_H 1
| #define HAVE_SYS_SYSCTL_H 1
| /* end confdefs.h.  */
| #include <sys/types.h>
| 		#include <sys/param.h>
| 
| int
| main (void)
| {
| #if BYTE_ORDER != BIG_ENDIAN
| 		 not big endian
| 		#endif
| 
|   ;
|   return 0;
| }
configure:7807: result: no
configure:7908: checking for __attribute__((noreturn))
configure:7930: gcc -o conftest -O3   conftest.c  >&5
configure:7930: $? = 0
configure:7945: result: yes
configure:7976: checking for __attribute__((format))
configure:7998: gcc -o conftest -O3   conftest.c  >&5
configure:7998: $? = 0
configure:8013: result: yes
configure:8031: checking for mkstemp
configure:8031: gcc -o conftest -O3   conftest.c  >&5
configure:8031: $? = 0
configure:8031: result: yes
configure:8038: checking for popen
configure:8038: gcc -o conftest -O3   conftest.c  >&5
configure:8038: $? = 0
configure:8038: result: yes
configure:8045: checking for putenv
configure:8045: gcc -o conftest -O3   conftest.c  >&5
configure:8045: $? = 0
configure:8045: result: yes
configure:8052: checking for strcasecmp
configure:8052: gcc -o conftest -O3   conftest.c  >&5
conftest.c:70:6: warning: conflicting types for built-in function 'strcasecmp' [-Wbuiltin-declaration-mismatch]
 char strcasecmp ();
      ^~~~~~~~~~
configure:8052: $? = 0
configure:8052: result: yes
configure:8059: checking for strsep
configure:8059: gcc -o conftest -O3   conftest.c  >&5
configure:8059: $? = 0
configure:8059: result: yes
configure:8066: checking for times
configure:8066: gcc -o conftest -O3   conftest.c  >&5
configure:8066: $? = 0
configure:8066: result: yes
configure:8073: checking for getpid
configure:8073: gcc -o conftest -O3   conftest.c  >&5
configure:8073: $? = 0
configure:8073: result: yes
configure:8080: checking for sysctl
configure:8080: gcc -o conftest -O3   conftest.c  >&5
configure:8080: $? = 0
configure:8080: result: yes
configure:8087: checking for sysconf
configure:8087: gcc -o conftest -O3   conftest.c  >&5
configure:8087: $? = 0
configure:8087: result: yes
configure:8094: checking for getcwd
configure:8094: gcc -o conftest -O3   conftest.c  >&5
configure:8094: $? = 0
configure:8094: result: yes
configure:8101: checking for chmod
configure:8101: gcc -o conftest -O3   conftest.c  >&5
configure:8101: $? = 0
configure:8101: result: yes
configure:8108: checking for stat
configure:8108: gcc -o conftest -O3   conftest.c  >&5
configure:8108: $? = 0
configure:8108: result: yes
configure:8115: checking for fstat
configure:8115: gcc -o conftest -O3   conftest.c  >&5
configure:8115: $? = 0
configure:8115: result: yes
configure:8122: checking for erfc
configure:8122: gcc -o conftest -O3   conftest.c  >&5
conftest.c:80:6: warning: conflicting types for built-in function 'erfc' [-Wbuiltin-declaration-mismatch]
 char erfc ();
      ^~~~
/tmp/ccNUDhng.o: In function `main':
conftest.c:(.text.startup+0x7): undefined reference to `erfc'
collect2: error: ld returned 1 exit status
configure:8122: $? = 1
configure: failed program was:
| /* confdefs.h */
| #define PACKAGE_NAME "Infernal"
| #define PACKAGE_TARNAME "infernal"
| #define PACKAGE_VERSION "1.1.5"
| #define PACKAGE_STRING "Infernal 1.1.5"
| #define PACKAGE_BUGREPORT "eric.nawrocki@nih.gov"
| #define PACKAGE_URL ""
| #define INFERNAL_DATE "Sep 2023"
| #define INFERNAL_COPYRIGHT "Copyright (C) 2023 Howard Hughes Medical Institute."
| #define INFERNAL_LICENSE "Freely distributed under the BSD open source license."
| #define INFERNAL_VERSION "1.1.5"
| #define INFERNAL_URL "http://eddylab.org/infernal/"
| #define HMMER_DATE "Aug 2023"
| #define HMMER_COPYRIGHT "Copyright (C) 2023 Howard Hughes Medical Institute."
| #define HMMER_LICENSE "Freely distributed under the BSD open source license."
| #define HMMER_VERSION "3.4"
| #define HMMER_URL "http://hmmer.org/"
| #define EASEL_DATE "Aug 2023"
| #define EASEL_COPYRIGHT "Copyright (C) 2023 Howard Hughes Medical Institute."
| #define EASEL_LICENSE "Freely distributed under the BSD open source license."
| #define EASEL_VERSION "0.49"
| #define EASEL_URL "http://bioeasel.org/"
| #define eslDEBUGLEVEL 0
| #define HAVE_PTHREAD_PRIO_INHERIT 1
| #define HAVE_PTHREAD 1
| #define HMMER_THREADS 1
| #define eslENABLE_SSE 1
| #define HAVE_FLUSH_ZERO_MODE 1
| #define HAVE_GZIP 1
| #define HAVE_STDIO_H 1
| #define HAVE_STDLIB_H 1
| #define HAVE_STRING_H 1
| #define HAVE_INTTYPES_H 1
| #define HAVE_STDINT_H 1
| #define HAVE_STRINGS_H 1
| #define HAVE_SYS_STAT_H 1
| #define HAVE_SYS_TYPES_H 1
| #define HAVE_UNISTD_H 1
| #define STDC_HEADERS 1
| #define HAVE_ENDIAN_H 1
| #define HAVE_INTTYPES_H 1
| #define HAVE_STDINT_H 1
| #define HAVE_UNISTD_H 1
| #define HAVE_SYS_TYPES_H 1
| #define HAVE_NETINET_IN_H 1
| #define HAVE_SYS_PARAM_H 1
| #define HAVE_SYS_SYSCTL_H 1
| #define HAVE_FUNC_ATTRIBUTE_NORETURN 1
| #define HAVE_FUNC_ATTRIBUTE_FORMAT 1
| #define HAVE_MKSTEMP 1
| #define HAVE_POPEN 1
| #define HAVE_PUTENV 1
| #define HAVE_STRCASECMP 1
| #define HAVE_STRSEP 1
| #define HAVE_TIMES 1
| #define HAVE_GETPID 1
| #define HAVE_SYSCTL 1
| #define HAVE_SYSCONF 1
| #define HAVE_GETCWD 1
| #define HAVE_CHMOD 1
| #define HAVE_STAT 1
| #define HAVE_FSTAT 1
| /* end confdefs.h.  */
| /* Define erfc to an innocuous variant, in case <limits.h> declares erfc.
|    For example, HP-UX 11i <limits.h> declares gettimeofday.  */
| #define erfc innocuous_erfc
| 
| /* System header to define __stub macros and hopefully few prototypes,
|    which can conflict with char erfc (); below.  */
| 
| #include <limits.h>
| #undef erfc
| 
| /* Override any GCC internal prototype to avoid an error.
|    Use char because int might match the return type of a GCC
|    builtin and then its argument prototype would still apply.  */
| #ifdef __cplusplus
| extern "C"
| #endif
| char erfc ();
| /* The GNU C library defines this for functions which it implements
|     to always fail with ENOSYS.  Some functions are actually named
|     something starting with __ and the normal name is an alias.  */
| #if defined __stub_erfc || defined __stub___erfc
| choke me
| #endif
| 
| int
| main (void)
| {
| return erfc ();
|   ;
|   return 0;
| }
configure:8122: result: no
configure:8130: checking for library containing ntohs
configure:8160: gcc -o conftest -O3   conftest.c  >&5
configure:8160: $? = 0
configure:8180: result: none required
configure:8189: checking for library containing ntohl
configure:8219: gcc -o conftest -O3   conftest.c  >&5
configure:8219: $? = 0
configure:8239: result: none required
configure:8248: checking for library containing htons
configure:8278: gcc -o conftest -O3   conftest.c  >&5
configure:8278: $? = 0
configure:8298: result: none required
configure:8307: checking for library containing htonl
configure:8337: gcc -o conftest -O3   conftest.c  >&5
configure:8337: $? = 0
configure:8357: result: none required
configure:8366: checking for library containing socket
configure:8396: gcc -o conftest -O3   conftest.c  >&5
configure:8396: $? = 0
configure:8416: result: none required
configure:8425: checking for library containing inet_pton
configure:8455: gcc -o conftest -O3   conftest.c  >&5
configure:8455: $? = 0
configure:8475: result: none required
configure:8485: checking for _LARGEFILE_SOURCE value needed for large files
configure:8505: gcc -o conftest -O3   conftest.c  >&5
configure:8505: $? = 0
configure:8535: result: no
configure:8566: checking for special C compiler options needed for large files
configure:8614: result: no
configure:8620: checking for _FILE_OFFSET_BITS value needed for large files
configure:8646: gcc -c -O3  conftest.c >&5
configure:8646: $? = 0
configure:8680: result: no
configure:8940: creating ./config.status

## ---------------------- ##
## Running config.status. ##
## ---------------------- ##

This file was extended by Infernal config.status 1.1.5, which was
generated by GNU Autoconf 2.71.  Invocation command line was

  CONFIG_FILES    = 
  CONFIG_HEADERS  = 
  CONFIG_LINKS    = 
  CONFIG_COMMANDS = 
  $ ./config.status 

on apollo2.chemistry.gatech.edu

config.status:983: creating Makefile
config.status:983: creating src/Makefile
config.status:983: creating testsuite/Makefile
config.status:983: creating rmark/Makefile
config.status:983: creating documentation/Makefile
config.status:983: creating documentation/man/Makefile
config.status:983: creating documentation/userguide/Makefile
config.status:983: creating src/impl_sse/Makefile
config.status:983: creating documentation/userguide/titlepage.tex
config.status:983: creating documentation/userguide/copyright.tex
config.status:983: creating documentation/man/cmalign.man
config.status:983: creating documentation/man/cmbuild.man
config.status:983: creating documentation/man/cmcalibrate.man
config.status:983: creating documentation/man/cmconvert.man
config.status:983: creating documentation/man/cmemit.man
config.status:983: creating documentation/man/cmfetch.man
config.status:983: creating documentation/man/cmpress.man
config.status:983: creating documentation/man/cmscan.man
config.status:983: creating documentation/man/cmsearch.man
config.status:983: creating documentation/man/cmsearch_dual.man
config.status:983: creating documentation/man/cmstat.man
config.status:983: creating documentation/man/infernal.man
config.status:983: creating documentation/man/sse_cmsearch.man
config.status:983: creating hmmer/Makefile
config.status:983: creating hmmer/src/Makefile
config.status:983: creating hmmer/testsuite/Makefile
config.status:983: creating hmmer/profmark/Makefile
config.status:983: creating hmmer/src/impl_sse/Makefile
config.status:983: creating hmmer/documentation/Makefile
config.status:983: creating hmmer/documentation/man/Makefile
config.status:983: creating hmmer/documentation/userguide/Makefile
config.status:983: creating hmmer/documentation/userguide/inclusions/Makefile
config.status:983: creating hmmer/libdivsufsort/Makefile
config.status:983: creating easel/Makefile
config.status:983: creating easel/miniapps/Makefile
config.status:983: creating easel/testsuite/Makefile
config.status:983: creating easel/documentation/Makefile
config.status:983: creating hmmer/documentation/userguide/titlepage.tex
config.status:983: creating hmmer/documentation/userguide/titlepage_daemon.tex
config.status:983: creating hmmer/documentation/userguide/copyright.tex
config.status:983: creating hmmer/documentation/man/alimask.man
config.status:983: creating hmmer/documentation/man/hmmalign.man
config.status:983: creating hmmer/documentation/man/hmmbuild.man
config.status:983: creating hmmer/documentation/man/hmmc2.man
config.status:983: creating hmmer/documentation/man/hmmconvert.man
config.status:983: creating hmmer/documentation/man/hmmemit.man
config.status:983: creating hmmer/documentation/man/hmmer.man
config.status:983: creating hmmer/documentation/man/hmmfetch.man
config.status:983: creating hmmer/documentation/man/hmmlogo.man
config.status:983: creating hmmer/documentation/man/hmmpgmd.man
config.status:983: creating hmmer/documentation/man/hmmpgmd_shard.man
config.status:983: creating hmmer/documentation/man/hmmpress.man
config.status:983: creating hmmer/documentation/man/hmmscan.man
config.status:983: creating hmmer/documentation/man/hmmsearch.man
config.status:983: creating hmmer/documentation/man/hmmsim.man
config.status:983: creating hmmer/documentation/man/hmmstat.man
config.status:983: creating hmmer/documentation/man/jackhmmer.man
config.status:983: creating hmmer/documentation/man/makehmmerdb.man
config.status:983: creating hmmer/documentation/man/nhmmer.man
config.status:983: creating hmmer/documentation/man/nhmmscan.man
config.status:983: creating hmmer/documentation/man/phmmer.man
config.status:983: creating easel/miniapps/esl-afetch.man
config.status:983: creating easel/miniapps/esl-alimanip.man
config.status:983: creating easel/miniapps/esl-alimap.man
config.status:983: creating easel/miniapps/esl-alimask.man
config.status:983: creating easel/miniapps/esl-alimerge.man
config.status:983: creating easel/miniapps/esl-alipid.man
config.status:983: creating easel/miniapps/esl-alirev.man
config.status:983: creating easel/miniapps/esl-alistat.man
config.status:983: creating easel/miniapps/esl-compalign.man
config.status:983: creating easel/miniapps/esl-compstruct.man
config.status:983: creating easel/miniapps/esl-construct.man
config.status:983: creating easel/miniapps/esl-histplot.man
config.status:983: creating easel/miniapps/esl-mask.man
config.status:983: creating easel/miniapps/esl-mixdchlet.man
config.status:983: creating easel/miniapps/esl-reformat.man
config.status:983: creating easel/miniapps/esl-selectn.man
config.status:983: creating easel/miniapps/esl-seqrange.man
config.status:983: creating easel/miniapps/esl-seqstat.man
config.status:983: creating easel/miniapps/esl-sfetch.man
config.status:983: creating easel/miniapps/esl-shuffle.man
config.status:983: creating easel/miniapps/esl-ssdraw.man
config.status:983: creating easel/miniapps/esl-translate.man
config.status:983: creating easel/miniapps/esl-weight.man
config.status:983: creating easel/decoy_config.h
config.status:983: creating src/config.h
config.status:983: creating hmmer/src/p7_config.h
config.status:983: creating easel/esl_config.h
config.status:983: creating hmmer/libdivsufsort/divsufsort.h

## ---------------- ##
## Cache variables. ##
## ---------------- ##

ac_cv_build=x86_64-pc-linux-gnu
ac_cv_c_bigendian=no
ac_cv_c_compiler_gnu=yes
ac_cv_c_uint16_t=yes
ac_cv_c_uint32_t=yes
ac_cv_c_uint64_t=yes
ac_cv_c_uint8_t=yes
ac_cv_env_CC_set=
ac_cv_env_CC_value=
ac_cv_env_CFLAGS_set=
ac_cv_env_CFLAGS_value=
ac_cv_env_CPPFLAGS_set=
ac_cv_env_CPPFLAGS_value=
ac_cv_env_CPP_set=
ac_cv_env_CPP_value=
ac_cv_env_LDFLAGS_set=
ac_cv_env_LDFLAGS_value=
ac_cv_env_LIBS_set=
ac_cv_env_LIBS_value=
ac_cv_env_MPICC_set=
ac_cv_env_MPICC_value=
ac_cv_env_PIC_CFLAGS_set=
ac_cv_env_PIC_CFLAGS_value=
ac_cv_env_build_alias_set=
ac_cv_env_build_alias_value=
ac_cv_env_host_alias_set=
ac_cv_env_host_alias_value=
ac_cv_env_target_alias_set=
ac_cv_env_target_alias_value=
ac_cv_func_chmod=yes
ac_cv_func_erfc=no
ac_cv_func_fstat=yes
ac_cv_func_getcwd=yes
ac_cv_func_getpid=yes
ac_cv_func_mkstemp=yes
ac_cv_func_popen=yes
ac_cv_func_putenv=yes
ac_cv_func_stat=yes
ac_cv_func_strcasecmp=yes
ac_cv_func_strsep=yes
ac_cv_func_sysconf=yes
ac_cv_func_sysctl=yes
ac_cv_func_times=yes
ac_cv_header_endian_h=yes
ac_cv_header_inttypes_h=yes
ac_cv_header_netinet_in_h=yes
ac_cv_header_stdint_h=yes
ac_cv_header_stdio_h=yes
ac_cv_header_stdlib_h=yes
ac_cv_header_string_h=yes
ac_cv_header_strings_h=yes
ac_cv_header_sys_param_h=yes
ac_cv_header_sys_stat_h=yes
ac_cv_header_sys_sysctl_h=yes
ac_cv_header_sys_types_h=yes
ac_cv_header_unistd_h=yes
ac_cv_host=x86_64-pc-linux-gnu
ac_cv_objext=o
ac_cv_path_AR=/bin/ar
ac_cv_path_EGREP='/bin/grep -E'
ac_cv_path_GREP=/bin/grep
ac_cv_path_HAVE_GZIP=/bin/gzip
ac_cv_path_SED=/bin/sed
ac_cv_path_install='/bin/install -c'
ac_cv_prog_CPP='gcc -E'
ac_cv_prog_HAVE_PYTHON3=yes
ac_cv_prog_ac_ct_CC=gcc
ac_cv_prog_ac_ct_RANLIB=ranlib
ac_cv_prog_ac_ct_STRIP=strip
ac_cv_prog_cc_c11=
ac_cv_prog_cc_g=yes
ac_cv_prog_cc_stdc=
ac_cv_search_clock_gettime='none required'
ac_cv_search_htonl='none required'
ac_cv_search_htons='none required'
ac_cv_search_inet_pton='none required'
ac_cv_search_ntohl='none required'
ac_cv_search_ntohs='none required'
ac_cv_search_socket='none required'
ac_cv_sys_file_offset_bits=no
ac_cv_sys_largefile_CC=no
ac_cv_sys_largefile_source=no
ac_cv_type_off_t=yes
ax_cv_PTHREAD_CLANG=no
ax_cv_PTHREAD_JOINABLE_ATTR=PTHREAD_CREATE_JOINABLE
ax_cv_PTHREAD_PRIO_INHERIT=yes
ax_cv_PTHREAD_SPECIAL_FLAGS=no
ax_cv_have_func_attribute_format=yes
ax_cv_have_func_attribute_noreturn=yes

## ----------------- ##
## Output variables. ##
## ----------------- ##

AR='/bin/ar'
AVX512_CFLAGS=''
AVX_CFLAGS=''
CC='gcc'
CFLAGS='-O3'
CPP='gcc -E'
CPPFLAGS=''
DEFS='-DHAVE_CONFIG_H'
EASEL_COPYRIGHT='Copyright (C) 2023 Howard Hughes Medical Institute.'
EASEL_DATE='Aug 2023'
EASEL_LICENSE='Freely distributed under the BSD open source license.'
EASEL_URL='http://bioeasel.org/'
EASEL_VERSION='0.49'
ECHO_C=''
ECHO_N='-n'
ECHO_T=''
EGREP='/bin/grep -E'
EXEEXT=''
GREP='/bin/grep'
GROUPHMMERLIBS='-Wl,--start-group -lhmmer -lhmmerimpl -Wl,--end-group'
HAVE_GZIP='/bin/gzip'
HAVE_PYTHON3='yes'
HMMERIMPLLIB='impl_sse/libhmmerimpl.a'
HMMER_COPYRIGHT='Copyright (C) 2023 Howard Hughes Medical Institute.'
HMMER_DATE='Aug 2023'
HMMER_ESLDIR='../easel'
HMMER_LICENSE='Freely distributed under the BSD open source license.'
HMMER_SADIR='libdivsufsort'
HMMER_URL='http://hmmer.org/'
HMMER_VERSION='3.4'
IMPL_CHOICE='sse'
INFERNAL_COPYRIGHT='Copyright (C) 2023 Howard Hughes Medical Institute.'
INFERNAL_DATE='Sep 2023'
INFERNAL_ESLDIR='easel'
INFERNAL_HMMERDIR='hmmer'
INFERNAL_IMPLDIR='impl_sse'
INFERNAL_LICENSE='Freely distributed under the BSD open source license.'
INFERNAL_SADIR='hmmer/libdivsufsort'
INFERNAL_URL='http://eddylab.org/infernal/'
INFERNAL_VERSION='1.1.5'
INSTALL_DATA='${INSTALL} -m 644'
INSTALL_PROGRAM='${INSTALL}'
INSTALL_SCRIPT='${INSTALL}'
LDFLAGS=''
LIBGSL=''
LIBOBJS=''
LIBS=''
LN_S='ln -s'
LTLIBOBJS=''
MPICC=''
MPI_BENCHMARKS=''
MPI_UTESTS=''
NEON_CFLAGS=''
OBJEXT='o'
PACKAGE_BUGREPORT='eric.nawrocki@nih.gov'
PACKAGE_NAME='Infernal'
PACKAGE_STRING='Infernal 1.1.5'
PACKAGE_TARNAME='infernal'
PACKAGE_URL=''
PACKAGE_VERSION='1.1.5'
PATH_SEPARATOR=':'
PIC_CFLAGS=''
PTHREAD_CC='gcc'
PTHREAD_CFLAGS='-pthread'
PTHREAD_CXX=''
PTHREAD_LIBS='-lpthread'
RANLIB='ranlib'
SED='/bin/sed'
SHELL='/bin/sh'
SSE4_CFLAGS=''
SSE_CFLAGS=''
STRIP='strip'
VMX_CFLAGS=''
ac_ct_CC='gcc'
ax_pthread_config=''
bindir='${exec_prefix}/bin'
build='x86_64-pc-linux-gnu'
build_alias=''
build_cpu='x86_64'
build_os='linux-gnu'
build_vendor='pc'
datadir='${datarootdir}'
datarootdir='${prefix}/share'
docdir='${datarootdir}/doc/${PACKAGE_TARNAME}'
dvidir='${docdir}'
exec_prefix='${prefix}'
host='x86_64-pc-linux-gnu'
host_alias=''
host_cpu='x86_64'
host_os='linux-gnu'
host_vendor='pc'
htmldir='${docdir}'
includedir='${prefix}/include'
infodir='${datarootdir}/info'
libdir='${exec_prefix}/lib'
libexecdir='${exec_prefix}/libexec'
localedir='${datarootdir}/locale'
localstatedir='${prefix}/var'
mandir='${datarootdir}/man'
oldincludedir='/usr/include'
pdfdir='${docdir}'
prefix='/home/RiboVision3/R2DT1_4/infernal/infernal-1.1.5/infernal'
program_transform_name='s,x,x,'
psdir='${docdir}'
runstatedir='${localstatedir}/run'
sbindir='${exec_prefix}/sbin'
sharedstatedir='${prefix}/com'
sysconfdir='${prefix}/etc'
target_alias=''

## ----------- ##
## confdefs.h. ##
## ----------- ##

/* confdefs.h */
#define PACKAGE_NAME "Infernal"
#define PACKAGE_TARNAME "infernal"
#define PACKAGE_VERSION "1.1.5"
#define PACKAGE_STRING "Infernal 1.1.5"
#define PACKAGE_BUGREPORT "eric.nawrocki@nih.gov"
#define PACKAGE_URL ""
#define INFERNAL_DATE "Sep 2023"
#define INFERNAL_COPYRIGHT "Copyright (C) 2023 Howard Hughes Medical Institute."
#define INFERNAL_LICENSE "Freely distributed under the BSD open source license."
#define INFERNAL_VERSION "1.1.5"
#define INFERNAL_URL "http://eddylab.org/infernal/"
#define HMMER_DATE "Aug 2023"
#define HMMER_COPYRIGHT "Copyright (C) 2023 Howard Hughes Medical Institute."
#define HMMER_LICENSE "Freely distributed under the BSD open source license."
#define HMMER_VERSION "3.4"
#define HMMER_URL "http://hmmer.org/"
#define EASEL_DATE "Aug 2023"
#define EASEL_COPYRIGHT "Copyright (C) 2023 Howard Hughes Medical Institute."
#define EASEL_LICENSE "Freely distributed under the BSD open source license."
#define EASEL_VERSION "0.49"
#define EASEL_URL "http://bioeasel.org/"
#define eslDEBUGLEVEL 0
#define HAVE_PTHREAD_PRIO_INHERIT 1
#define HAVE_PTHREAD 1
#define HMMER_THREADS 1
#define eslENABLE_SSE 1
#define HAVE_FLUSH_ZERO_MODE 1
#define HAVE_GZIP 1
#define HAVE_STDIO_H 1
#define HAVE_STDLIB_H 1
#define HAVE_STRING_H 1
#define HAVE_INTTYPES_H 1
#define HAVE_STDINT_H 1
#define HAVE_STRINGS_H 1
#define HAVE_SYS_STAT_H 1
#define HAVE_SYS_TYPES_H 1
#define HAVE_UNISTD_H 1
#define STDC_HEADERS 1
#define HAVE_ENDIAN_H 1
#define HAVE_INTTYPES_H 1
#define HAVE_STDINT_H 1
#define HAVE_UNISTD_H 1
#define HAVE_SYS_TYPES_H 1
#define HAVE_NETINET_IN_H 1
#define HAVE_SYS_PARAM_H 1
#define HAVE_SYS_SYSCTL_H 1
#define HAVE_FUNC_ATTRIBUTE_NORETURN 1
#define HAVE_FUNC_ATTRIBUTE_FORMAT 1
#define HAVE_MKSTEMP 1
#define HAVE_POPEN 1
#define HAVE_PUTENV 1
#define HAVE_STRCASECMP 1
#define HAVE_STRSEP 1
#define HAVE_TIMES 1
#define HAVE_GETPID 1
#define HAVE_SYSCTL 1
#define HAVE_SYSCONF 1
#define HAVE_GETCWD 1
#define HAVE_CHMOD 1
#define HAVE_STAT 1
#define HAVE_FSTAT 1
#define HAVE_FSEEKO 1

configure: exit 0
