This file contains any messages produced by compilers while
running configure, to aid debugging if configure makes a mistake.

It was created by RNAlocmin configure 2.1.0, which was
generated by GNU Autoconf 2.71.  Invocation command line was

  $ ./configure --disable-option-checking --prefix=/usr/local --with-python3 CC=gcc CXX=g++ 'CFLAGS=-g -O2' 'CXXFLAGS=-g -O2' AR=gcc-ar RANLIB=gcc-ranlib NM=gcc-nm 'VRNA_CFLAGS=-I$(top_srcdir)/../../src/ViennaRNA -I$(top_srcdir)/../../src' 'VRNA_LIBS=-fno-strict-aliasing -flto -L$(top_builddir)/../../src/ViennaRNA -lRNA -fopenmp -lpthread -lstdc++' --cache-file=/dev/null --srcdir=.

## --------- ##
## Platform. ##
## --------- ##

hostname = apollo2.chemistry.gatech.edu
uname -m = x86_64
uname -r = 4.18.0-477.10.1.el8_8.x86_64
uname -s = Linux
uname -v = #1 SMP Wed Apr 5 13:35:01 EDT 2023

/usr/bin/uname -p = x86_64
/bin/uname -X     = unknown

/bin/arch              = x86_64
/usr/bin/arch -k       = unknown
/usr/convex/getsysinfo = unknown
/usr/bin/hostinfo      = unknown
/bin/machine           = unknown
/usr/bin/oslevel       = unknown
/bin/universe          = unknown

PATH: /usr/bin/
PATH: /usr/local/bin/
PATH: /home/anton/.local/bin/
PATH: /home/anton/bin/
PATH: /usr/local/bin/
PATH: /usr/bin/
PATH: /usr/local/sbin/
PATH: /usr/sbin/
PATH: /var/lib/snapd/snap/bin/


## ----------- ##
## Core tests. ##
## ----------- ##

configure:2756: looking for aux files: config.guess config.sub missing install-sh compile
configure:2769:  trying ./
configure:2798:   ./config.guess found
configure:2798:   ./config.sub found
configure:2798:   ./missing found
configure:2780:   ./install-sh found
configure:2798:   ./compile found
configure:2985: checking for gcc
configure:3017: result: gcc
configure:3370: checking for C compiler version
configure:3379: gcc --version >&5
gcc (GCC) 8.5.0 20210514 (Red Hat 8.5.0-16)
Copyright (C) 2018 Free Software Foundation, Inc.
This is free software; see the source for copying conditions.  There is NO
warranty; not even for MERCHANTABILITY or FITNESS FOR A PARTICULAR PURPOSE.

configure:3390: $? = 0
configure:3379: gcc -v >&5
Using built-in specs.
COLLECT_GCC=gcc
COLLECT_LTO_WRAPPER=/usr/libexec/gcc/x86_64-redhat-linux/8/lto-wrapper
OFFLOAD_TARGET_NAMES=nvptx-none
OFFLOAD_TARGET_DEFAULT=1
Target: x86_64-redhat-linux
Configured with: ../configure --enable-bootstrap --enable-languages=c,c++,fortran,lto --prefix=/usr --mandir=/usr/share/man --infodir=/usr/share/info --with-bugurl=http://bugzilla.redhat.com/bugzilla --enable-shared --enable-threads=posix --enable-checking=release --enable-multilib --with-system-zlib --enable-__cxa_atexit --disable-libunwind-exceptions --enable-gnu-unique-object --enable-linker-build-id --with-gcc-major-version-only --with-linker-hash-style=gnu --enable-plugin --enable-initfini-array --with-isl --disable-libmpx --enable-offload-targets=nvptx-none --without-cuda-driver --enable-gnu-indirect-function --enable-cet --with-tune=generic --with-arch_32=x86-64 --build=x86_64-redhat-linux
Thread model: posix
gcc version 8.5.0 20210514 (Red Hat 8.5.0-16) (GCC) 
configure:3390: $? = 0
configure:3379: gcc -V >&5
gcc: error: unrecognized command line option '-V'
gcc: fatal error: no input files
compilation terminated.
configure:3390: $? = 1
configure:3379: gcc -qversion >&5
gcc: error: unrecognized command line option '-qversion'; did you mean '--version'?
gcc: fatal error: no input files
compilation terminated.
configure:3390: $? = 1
configure:3379: gcc -version >&5
gcc: error: unrecognized command line option '-version'
gcc: fatal error: no input files
compilation terminated.
configure:3390: $? = 1
configure:3410: checking whether the C compiler works
configure:3432: gcc -g -O2   conftest.c  >&5
configure:3436: $? = 0
configure:3486: result: yes
configure:3489: checking for C compiler default output file name
configure:3491: result: a.out
configure:3497: checking for suffix of executables
configure:3504: gcc -o conftest -g -O2   conftest.c  >&5
configure:3508: $? = 0
configure:3531: result: 
configure:3553: checking whether we are cross compiling
configure:3561: gcc -o conftest -g -O2   conftest.c  >&5
configure:3565: $? = 0
configure:3572: ./conftest
configure:3576: $? = 0
configure:3591: result: no
configure:3596: checking for suffix of object files
configure:3619: gcc -c -g -O2  conftest.c >&5
configure:3623: $? = 0
configure:3645: result: o
configure:3649: checking whether the compiler supports GNU C
configure:3669: gcc -c -g -O2  conftest.c >&5
configure:3669: $? = 0
configure:3679: result: yes
configure:3690: checking whether gcc accepts -g
configure:3711: gcc -c -g  conftest.c >&5
configure:3711: $? = 0
configure:3755: result: yes
configure:3775: checking for gcc option to enable C11 features
configure:3790: gcc  -c -g -O2  conftest.c >&5
configure:3790: $? = 0
configure:3808: result: none needed
configure:3924: checking whether gcc understands -c and -o together
configure:3947: gcc -c conftest.c -o conftest2.o
configure:3950: $? = 0
configure:3947: gcc -c conftest.c -o conftest2.o
configure:3950: $? = 0
configure:3962: result: yes
configure:3984: checking for stdio.h
configure:3984: gcc -c -g -O2  conftest.c >&5
configure:3984: $? = 0
configure:3984: result: yes
configure:3984: checking for stdlib.h
configure:3984: gcc -c -g -O2  conftest.c >&5
configure:3984: $? = 0
configure:3984: result: yes
configure:3984: checking for string.h
configure:3984: gcc -c -g -O2  conftest.c >&5
configure:3984: $? = 0
configure:3984: result: yes
configure:3984: checking for inttypes.h
configure:3984: gcc -c -g -O2  conftest.c >&5
configure:3984: $? = 0
configure:3984: result: yes
configure:3984: checking for stdint.h
configure:3984: gcc -c -g -O2  conftest.c >&5
configure:3984: $? = 0
configure:3984: result: yes
configure:3984: checking for strings.h
configure:3984: gcc -c -g -O2  conftest.c >&5
configure:3984: $? = 0
configure:3984: result: yes
configure:3984: checking for sys/stat.h
configure:3984: gcc -c -g -O2  conftest.c >&5
configure:3984: $? = 0
configure:3984: result: yes
configure:3984: checking for sys/types.h
configure:3984: gcc -c -g -O2  conftest.c >&5
configure:3984: $? = 0
configure:3984: result: yes
configure:3984: checking for unistd.h
configure:3984: gcc -c -g -O2  conftest.c >&5
configure:3984: $? = 0
configure:3984: result: yes
configure:3984: checking for wchar.h
configure:3984: gcc -c -g -O2  conftest.c >&5
configure:3984: $? = 0
configure:3984: result: yes
configure:3984: checking for minix/config.h
configure:3984: gcc -c -g -O2  conftest.c >&5
conftest.c:47:10: fatal error: minix/config.h: No such file or directory
 #include <minix/config.h>
          ^~~~~~~~~~~~~~~~
compilation terminated.
configure:3984: $? = 1
configure: failed program was:
| /* confdefs.h */
| #define PACKAGE_NAME "RNAlocmin"
| #define PACKAGE_TARNAME "rnalocmin"
| #define PACKAGE_VERSION "2.1.0"
| #define PACKAGE_STRING "RNAlocmin 2.1.0"
| #define PACKAGE_BUGREPORT ""
| #define PACKAGE_URL ""
| #define HAVE_STDIO_H 1
| #define HAVE_STDLIB_H 1
| #define HAVE_STRING_H 1
| #define HAVE_INTTYPES_H 1
| #define HAVE_STDINT_H 1
| #define HAVE_STRINGS_H 1
| #define HAVE_SYS_STAT_H 1
| #define HAVE_SYS_TYPES_H 1
| #define HAVE_UNISTD_H 1
| #define HAVE_WCHAR_H 1
| /* end confdefs.h.  */
| #include <stddef.h>
| #ifdef HAVE_STDIO_H
| # include <stdio.h>
| #endif
| #ifdef HAVE_STDLIB_H
| # include <stdlib.h>
| #endif
| #ifdef HAVE_STRING_H
| # include <string.h>
| #endif
| #ifdef HAVE_INTTYPES_H
| # include <inttypes.h>
| #endif
| #ifdef HAVE_STDINT_H
| # include <stdint.h>
| #endif
| #ifdef HAVE_STRINGS_H
| # include <strings.h>
| #endif
| #ifdef HAVE_SYS_TYPES_H
| # include <sys/types.h>
| #endif
| #ifdef HAVE_SYS_STAT_H
| # include <sys/stat.h>
| #endif
| #ifdef HAVE_UNISTD_H
| # include <unistd.h>
| #endif
| #include <minix/config.h>
configure:3984: result: no
configure:4015: checking whether it is safe to define __EXTENSIONS__
configure:4034: gcc -c -g -O2  conftest.c >&5
configure:4034: $? = 0
configure:4042: result: yes
configure:4045: checking whether _XOPEN_SOURCE should be defined
configure:4067: gcc -c -g -O2  conftest.c >&5
configure:4067: $? = 0
configure:4094: result: no
configure:4163: checking whether make supports nested variables
configure:4181: result: yes
configure:4209: checking for a BSD-compatible install
configure:4282: result: /usr/bin/install -c
configure:4293: checking whether build environment is sane
configure:4348: result: yes
configure:4503: checking for a race-free mkdir -p
configure:4547: result: /usr/bin/mkdir -p
configure:4554: checking for gawk
configure:4575: found /usr/bin/gawk
configure:4586: result: gawk
configure:4597: checking whether make sets $(MAKE)
configure:4620: result: yes
configure:4642: checking whether make supports the include directive
configure:4657: make -f confmf.GNU && cat confinc.out
this is the am__doit target
configure:4660: $? = 0
configure:4679: result: yes (GNU style)
configure:4772: checking dependency style of gcc
configure:4884: result: gcc3
configure:4953: checking build system type
configure:4968: result: x86_64-pc-linux-gnu
configure:4988: checking host system type
configure:5002: result: x86_64-pc-linux-gnu
configure:5152: checking for C++ compiler version
configure:5161: g++ --version >&5
g++ (GCC) 8.5.0 20210514 (Red Hat 8.5.0-16)
Copyright (C) 2018 Free Software Foundation, Inc.
This is free software; see the source for copying conditions.  There is NO
warranty; not even for MERCHANTABILITY or FITNESS FOR A PARTICULAR PURPOSE.

configure:5172: $? = 0
configure:5161: g++ -v >&5
Using built-in specs.
COLLECT_GCC=g++
COLLECT_LTO_WRAPPER=/usr/libexec/gcc/x86_64-redhat-linux/8/lto-wrapper
OFFLOAD_TARGET_NAMES=nvptx-none
OFFLOAD_TARGET_DEFAULT=1
Target: x86_64-redhat-linux
Configured with: ../configure --enable-bootstrap --enable-languages=c,c++,fortran,lto --prefix=/usr --mandir=/usr/share/man --infodir=/usr/share/info --with-bugurl=http://bugzilla.redhat.com/bugzilla --enable-shared --enable-threads=posix --enable-checking=release --enable-multilib --with-system-zlib --enable-__cxa_atexit --disable-libunwind-exceptions --enable-gnu-unique-object --enable-linker-build-id --with-gcc-major-version-only --with-linker-hash-style=gnu --enable-plugin --enable-initfini-array --with-isl --disable-libmpx --enable-offload-targets=nvptx-none --without-cuda-driver --enable-gnu-indirect-function --enable-cet --with-tune=generic --with-arch_32=x86-64 --build=x86_64-redhat-linux
Thread model: posix
gcc version 8.5.0 20210514 (Red Hat 8.5.0-16) (GCC) 
configure:5172: $? = 0
configure:5161: g++ -V >&5
g++: error: unrecognized command line option '-V'
g++: fatal error: no input files
compilation terminated.
configure:5172: $? = 1
configure:5161: g++ -qversion >&5
g++: error: unrecognized command line option '-qversion'; did you mean '--version'?
g++: fatal error: no input files
compilation terminated.
configure:5172: $? = 1
configure:5176: checking whether the compiler supports GNU C++
configure:5196: g++ -c -g -O2  conftest.cpp >&5
configure:5196: $? = 0
configure:5206: result: yes
configure:5217: checking whether g++ accepts -g
configure:5238: g++ -c -g  conftest.cpp >&5
configure:5238: $? = 0
configure:5282: result: yes
configure:5302: checking for g++ option to enable C++11 features
configure:5317: g++  -c -g -O2  conftest.cpp >&5
configure:5317: $? = 0
configure:5335: result: none needed
configure:5401: checking dependency style of g++
configure:5513: result: gcc3
configure:5533: checking how to run the C++ preprocessor
configure:5555: g++ -E  conftest.cpp
configure:5555: $? = 0
configure:5570: g++ -E  conftest.cpp
conftest.cpp:38:10: fatal error: ac_nonexistent.h: No such file or directory
 #include <ac_nonexistent.h>
          ^~~~~~~~~~~~~~~~~~
compilation terminated.
configure:5570: $? = 1
configure: failed program was:
| /* confdefs.h */
| #define PACKAGE_NAME "RNAlocmin"
| #define PACKAGE_TARNAME "rnalocmin"
| #define PACKAGE_VERSION "2.1.0"
| #define PACKAGE_STRING "RNAlocmin 2.1.0"
| #define PACKAGE_BUGREPORT ""
| #define PACKAGE_URL ""
| #define HAVE_STDIO_H 1
| #define HAVE_STDLIB_H 1
| #define HAVE_STRING_H 1
| #define HAVE_INTTYPES_H 1
| #define HAVE_STDINT_H 1
| #define HAVE_STRINGS_H 1
| #define HAVE_SYS_STAT_H 1
| #define HAVE_SYS_TYPES_H 1
| #define HAVE_UNISTD_H 1
| #define HAVE_WCHAR_H 1
| #define STDC_HEADERS 1
| #define _ALL_SOURCE 1
| #define _DARWIN_C_SOURCE 1
| #define _GNU_SOURCE 1
| #define _HPUX_ALT_XOPEN_SOCKET_API 1
| #define _NETBSD_SOURCE 1
| #define _OPENBSD_SOURCE 1
| #define _POSIX_PTHREAD_SEMANTICS 1
| #define __STDC_WANT_IEC_60559_ATTRIBS_EXT__ 1
| #define __STDC_WANT_IEC_60559_BFP_EXT__ 1
| #define __STDC_WANT_IEC_60559_DFP_EXT__ 1
| #define __STDC_WANT_IEC_60559_FUNCS_EXT__ 1
| #define __STDC_WANT_IEC_60559_TYPES_EXT__ 1
| #define __STDC_WANT_LIB_EXT2__ 1
| #define __STDC_WANT_MATH_SPEC_FUNCS__ 1
| #define _TANDEM_SOURCE 1
| #define __EXTENSIONS__ 1
| #define PACKAGE "rnalocmin"
| #define VERSION "2.1.0"
| /* end confdefs.h.  */
| #include <ac_nonexistent.h>
configure:5597: result: g++ -E
configure:5611: g++ -E  conftest.cpp
configure:5611: $? = 0
configure:5626: g++ -E  conftest.cpp
conftest.cpp:38:10: fatal error: ac_nonexistent.h: No such file or directory
 #include <ac_nonexistent.h>
          ^~~~~~~~~~~~~~~~~~
compilation terminated.
configure:5626: $? = 1
configure: failed program was:
| /* confdefs.h */
| #define PACKAGE_NAME "RNAlocmin"
| #define PACKAGE_TARNAME "rnalocmin"
| #define PACKAGE_VERSION "2.1.0"
| #define PACKAGE_STRING "RNAlocmin 2.1.0"
| #define PACKAGE_BUGREPORT ""
| #define PACKAGE_URL ""
| #define HAVE_STDIO_H 1
| #define HAVE_STDLIB_H 1
| #define HAVE_STRING_H 1
| #define HAVE_INTTYPES_H 1
| #define HAVE_STDINT_H 1
| #define HAVE_STRINGS_H 1
| #define HAVE_SYS_STAT_H 1
| #define HAVE_SYS_TYPES_H 1
| #define HAVE_UNISTD_H 1
| #define HAVE_WCHAR_H 1
| #define STDC_HEADERS 1
| #define _ALL_SOURCE 1
| #define _DARWIN_C_SOURCE 1
| #define _GNU_SOURCE 1
| #define _HPUX_ALT_XOPEN_SOCKET_API 1
| #define _NETBSD_SOURCE 1
| #define _OPENBSD_SOURCE 1
| #define _POSIX_PTHREAD_SEMANTICS 1
| #define __STDC_WANT_IEC_60559_ATTRIBS_EXT__ 1
| #define __STDC_WANT_IEC_60559_BFP_EXT__ 1
| #define __STDC_WANT_IEC_60559_DFP_EXT__ 1
| #define __STDC_WANT_IEC_60559_FUNCS_EXT__ 1
| #define __STDC_WANT_IEC_60559_TYPES_EXT__ 1
| #define __STDC_WANT_LIB_EXT2__ 1
| #define __STDC_WANT_MATH_SPEC_FUNCS__ 1
| #define _TANDEM_SOURCE 1
| #define __EXTENSIONS__ 1
| #define PACKAGE "rnalocmin"
| #define VERSION "2.1.0"
| /* end confdefs.h.  */
| #include <ac_nonexistent.h>
configure:5709: checking for gcc
configure:5741: result: gcc
configure:6094: checking for C compiler version
configure:6103: gcc --version >&5
gcc (GCC) 8.5.0 20210514 (Red Hat 8.5.0-16)
Copyright (C) 2018 Free Software Foundation, Inc.
This is free software; see the source for copying conditions.  There is NO
warranty; not even for MERCHANTABILITY or FITNESS FOR A PARTICULAR PURPOSE.

configure:6114: $? = 0
configure:6103: gcc -v >&5
Using built-in specs.
COLLECT_GCC=gcc
COLLECT_LTO_WRAPPER=/usr/libexec/gcc/x86_64-redhat-linux/8/lto-wrapper
OFFLOAD_TARGET_NAMES=nvptx-none
OFFLOAD_TARGET_DEFAULT=1
Target: x86_64-redhat-linux
Configured with: ../configure --enable-bootstrap --enable-languages=c,c++,fortran,lto --prefix=/usr --mandir=/usr/share/man --infodir=/usr/share/info --with-bugurl=http://bugzilla.redhat.com/bugzilla --enable-shared --enable-threads=posix --enable-checking=release --enable-multilib --with-system-zlib --enable-__cxa_atexit --disable-libunwind-exceptions --enable-gnu-unique-object --enable-linker-build-id --with-gcc-major-version-only --with-linker-hash-style=gnu --enable-plugin --enable-initfini-array --with-isl --disable-libmpx --enable-offload-targets=nvptx-none --without-cuda-driver --enable-gnu-indirect-function --enable-cet --with-tune=generic --with-arch_32=x86-64 --build=x86_64-redhat-linux
Thread model: posix
gcc version 8.5.0 20210514 (Red Hat 8.5.0-16) (GCC) 
configure:6114: $? = 0
configure:6103: gcc -V >&5
gcc: error: unrecognized command line option '-V'
gcc: fatal error: no input files
compilation terminated.
configure:6114: $? = 1
configure:6103: gcc -qversion >&5
gcc: error: unrecognized command line option '-qversion'; did you mean '--version'?
gcc: fatal error: no input files
compilation terminated.
configure:6114: $? = 1
configure:6103: gcc -version >&5
gcc: error: unrecognized command line option '-version'
gcc: fatal error: no input files
compilation terminated.
configure:6114: $? = 1
configure:6118: checking whether the compiler supports GNU C
configure:6148: result: yes
configure:6159: checking whether gcc accepts -g
configure:6224: result: yes
configure:6244: checking for gcc option to enable C11 features
configure:6277: result: none needed
configure:6393: checking whether gcc understands -c and -o together
configure:6431: result: yes
configure:6453: checking how to run the C preprocessor
configure:6479: gcc -E  conftest.c
configure:6479: $? = 0
configure:6494: gcc -E  conftest.c
conftest.c:38:10: fatal error: ac_nonexistent.h: No such file or directory
 #include <ac_nonexistent.h>
          ^~~~~~~~~~~~~~~~~~
compilation terminated.
configure:6494: $? = 1
configure: failed program was:
| /* confdefs.h */
| #define PACKAGE_NAME "RNAlocmin"
| #define PACKAGE_TARNAME "rnalocmin"
| #define PACKAGE_VERSION "2.1.0"
| #define PACKAGE_STRING "RNAlocmin 2.1.0"
| #define PACKAGE_BUGREPORT ""
| #define PACKAGE_URL ""
| #define HAVE_STDIO_H 1
| #define HAVE_STDLIB_H 1
| #define HAVE_STRING_H 1
| #define HAVE_INTTYPES_H 1
| #define HAVE_STDINT_H 1
| #define HAVE_STRINGS_H 1
| #define HAVE_SYS_STAT_H 1
| #define HAVE_SYS_TYPES_H 1
| #define HAVE_UNISTD_H 1
| #define HAVE_WCHAR_H 1
| #define STDC_HEADERS 1
| #define _ALL_SOURCE 1
| #define _DARWIN_C_SOURCE 1
| #define _GNU_SOURCE 1
| #define _HPUX_ALT_XOPEN_SOCKET_API 1
| #define _NETBSD_SOURCE 1
| #define _OPENBSD_SOURCE 1
| #define _POSIX_PTHREAD_SEMANTICS 1
| #define __STDC_WANT_IEC_60559_ATTRIBS_EXT__ 1
| #define __STDC_WANT_IEC_60559_BFP_EXT__ 1
| #define __STDC_WANT_IEC_60559_DFP_EXT__ 1
| #define __STDC_WANT_IEC_60559_FUNCS_EXT__ 1
| #define __STDC_WANT_IEC_60559_TYPES_EXT__ 1
| #define __STDC_WANT_LIB_EXT2__ 1
| #define __STDC_WANT_MATH_SPEC_FUNCS__ 1
| #define _TANDEM_SOURCE 1
| #define __EXTENSIONS__ 1
| #define PACKAGE "rnalocmin"
| #define VERSION "2.1.0"
| /* end confdefs.h.  */
| #include <ac_nonexistent.h>
configure:6521: result: gcc -E
configure:6535: gcc -E  conftest.c
configure:6535: $? = 0
configure:6550: gcc -E  conftest.c
conftest.c:38:10: fatal error: ac_nonexistent.h: No such file or directory
 #include <ac_nonexistent.h>
          ^~~~~~~~~~~~~~~~~~
compilation terminated.
configure:6550: $? = 1
configure: failed program was:
| /* confdefs.h */
| #define PACKAGE_NAME "RNAlocmin"
| #define PACKAGE_TARNAME "rnalocmin"
| #define PACKAGE_VERSION "2.1.0"
| #define PACKAGE_STRING "RNAlocmin 2.1.0"
| #define PACKAGE_BUGREPORT ""
| #define PACKAGE_URL ""
| #define HAVE_STDIO_H 1
| #define HAVE_STDLIB_H 1
| #define HAVE_STRING_H 1
| #define HAVE_INTTYPES_H 1
| #define HAVE_STDINT_H 1
| #define HAVE_STRINGS_H 1
| #define HAVE_SYS_STAT_H 1
| #define HAVE_SYS_TYPES_H 1
| #define HAVE_UNISTD_H 1
| #define HAVE_WCHAR_H 1
| #define STDC_HEADERS 1
| #define _ALL_SOURCE 1
| #define _DARWIN_C_SOURCE 1
| #define _GNU_SOURCE 1
| #define _HPUX_ALT_XOPEN_SOCKET_API 1
| #define _NETBSD_SOURCE 1
| #define _OPENBSD_SOURCE 1
| #define _POSIX_PTHREAD_SEMANTICS 1
| #define __STDC_WANT_IEC_60559_ATTRIBS_EXT__ 1
| #define __STDC_WANT_IEC_60559_BFP_EXT__ 1
| #define __STDC_WANT_IEC_60559_DFP_EXT__ 1
| #define __STDC_WANT_IEC_60559_FUNCS_EXT__ 1
| #define __STDC_WANT_IEC_60559_TYPES_EXT__ 1
| #define __STDC_WANT_LIB_EXT2__ 1
| #define __STDC_WANT_MATH_SPEC_FUNCS__ 1
| #define _TANDEM_SOURCE 1
| #define __EXTENSIONS__ 1
| #define PACKAGE "rnalocmin"
| #define VERSION "2.1.0"
| /* end confdefs.h.  */
| #include <ac_nonexistent.h>
configure:6589: checking whether g++ supports C++11 features by default
configure:6884: g++ -c -g -O2  conftest.cpp >&5
configure:6884: $? = 0
configure:6892: result: yes
configure:7574: checking for strchr
configure:7574: gcc -o conftest -g -O2   conftest.c  >&5
conftest.c:55:6: warning: conflicting types for built-in function 'strchr' [-Wbuiltin-declaration-mismatch]
 char strchr ();
      ^~~~~~
configure:7574: $? = 0
configure:7574: result: yes
configure:7580: checking for strdup
configure:7580: gcc -o conftest -g -O2   conftest.c  >&5
conftest.c:56:6: warning: conflicting types for built-in function 'strdup' [-Wbuiltin-declaration-mismatch]
 char strdup ();
      ^~~~~~
configure:7580: $? = 0
configure:7580: result: yes
configure:7586: checking for strtol
configure:7586: gcc -o conftest -g -O2   conftest.c  >&5
configure:7586: $? = 0
configure:7586: result: yes
configure:7593: checking for limits.h
configure:7593: gcc -c -g -O2  conftest.c >&5
configure:7593: $? = 0
configure:7593: result: yes
configure:7600: checking for _Bool
configure:7600: gcc -c -g -O2  conftest.c >&5
configure:7600: $? = 0
configure:7600: gcc -c -g -O2  conftest.c >&5
conftest.c: In function 'main':
conftest.c:74:20: error: expected expression before ')' token
 if (sizeof ((_Bool)))
                    ^
configure:7600: $? = 1
configure: failed program was:
| /* confdefs.h */
| #define PACKAGE_NAME "RNAlocmin"
| #define PACKAGE_TARNAME "rnalocmin"
| #define PACKAGE_VERSION "2.1.0"
| #define PACKAGE_STRING "RNAlocmin 2.1.0"
| #define PACKAGE_BUGREPORT ""
| #define PACKAGE_URL ""
| #define HAVE_STDIO_H 1
| #define HAVE_STDLIB_H 1
| #define HAVE_STRING_H 1
| #define HAVE_INTTYPES_H 1
| #define HAVE_STDINT_H 1
| #define HAVE_STRINGS_H 1
| #define HAVE_SYS_STAT_H 1
| #define HAVE_SYS_TYPES_H 1
| #define HAVE_UNISTD_H 1
| #define HAVE_WCHAR_H 1
| #define STDC_HEADERS 1
| #define _ALL_SOURCE 1
| #define _DARWIN_C_SOURCE 1
| #define _GNU_SOURCE 1
| #define _HPUX_ALT_XOPEN_SOCKET_API 1
| #define _NETBSD_SOURCE 1
| #define _OPENBSD_SOURCE 1
| #define _POSIX_PTHREAD_SEMANTICS 1
| #define __STDC_WANT_IEC_60559_ATTRIBS_EXT__ 1
| #define __STDC_WANT_IEC_60559_BFP_EXT__ 1
| #define __STDC_WANT_IEC_60559_DFP_EXT__ 1
| #define __STDC_WANT_IEC_60559_FUNCS_EXT__ 1
| #define __STDC_WANT_IEC_60559_TYPES_EXT__ 1
| #define __STDC_WANT_LIB_EXT2__ 1
| #define __STDC_WANT_MATH_SPEC_FUNCS__ 1
| #define _TANDEM_SOURCE 1
| #define __EXTENSIONS__ 1
| #define PACKAGE "rnalocmin"
| #define VERSION "2.1.0"
| #define HAVE_CXX11 1
| #define HAVE_STRCHR 1
| #define HAVE_STRDUP 1
| #define HAVE_STRTOL 1
| #define HAVE_LIMITS_H 1
| /* end confdefs.h.  */
| #include <stddef.h>
| #ifdef HAVE_STDIO_H
| # include <stdio.h>
| #endif
| #ifdef HAVE_STDLIB_H
| # include <stdlib.h>
| #endif
| #ifdef HAVE_STRING_H
| # include <string.h>
| #endif
| #ifdef HAVE_INTTYPES_H
| # include <inttypes.h>
| #endif
| #ifdef HAVE_STDINT_H
| # include <stdint.h>
| #endif
| #ifdef HAVE_STRINGS_H
| # include <strings.h>
| #endif
| #ifdef HAVE_SYS_TYPES_H
| # include <sys/types.h>
| #endif
| #ifdef HAVE_SYS_STAT_H
| # include <sys/stat.h>
| #endif
| #ifdef HAVE_UNISTD_H
| # include <unistd.h>
| #endif
| int
| main (void)
| {
| if (sizeof ((_Bool)))
| 	    return 0;
|   ;
|   return 0;
| }
configure:7600: result: yes
configure:7609: checking for stdbool.h that conforms to C99
configure:7725: gcc -c -g -O2  conftest.c >&5
configure:7725: $? = 0
configure:7733: result: yes
configure:7736: checking for inline
configure:7753: gcc -c -g -O2  conftest.c >&5
configure:7753: $? = 0
configure:7762: result: inline
configure:7780: checking for GNU libc compatible malloc
configure:7812: gcc -o conftest -g -O2   conftest.c  >&5
configure:7812: $? = 0
configure:7812: ./conftest
configure:7812: $? = 0
configure:7823: result: yes
configure:7845: checking for GNU libc compatible realloc
configure:7877: gcc -o conftest -g -O2   conftest.c  >&5
configure:7877: $? = 0
configure:7877: ./conftest
configure:7877: $? = 0
configure:7888: result: yes
configure:7910: checking for working strtod
configure:7953: gcc -o conftest -g -O2   conftest.c  >&5
configure:7953: $? = 0
configure:7953: ./conftest
configure:7953: $? = 0
configure:7964: result: yes
configure:8027: checking for size_t
configure:8027: gcc -c -g -O2  conftest.c >&5
configure:8027: $? = 0
configure:8027: gcc -c -g -O2  conftest.c >&5
conftest.c: In function 'main':
conftest.c:77:21: error: expected expression before ')' token
 if (sizeof ((size_t)))
                     ^
configure:8027: $? = 1
configure: failed program was:
| /* confdefs.h */
| #define PACKAGE_NAME "RNAlocmin"
| #define PACKAGE_TARNAME "rnalocmin"
| #define PACKAGE_VERSION "2.1.0"
| #define PACKAGE_STRING "RNAlocmin 2.1.0"
| #define PACKAGE_BUGREPORT ""
| #define PACKAGE_URL ""
| #define HAVE_STDIO_H 1
| #define HAVE_STDLIB_H 1
| #define HAVE_STRING_H 1
| #define HAVE_INTTYPES_H 1
| #define HAVE_STDINT_H 1
| #define HAVE_STRINGS_H 1
| #define HAVE_SYS_STAT_H 1
| #define HAVE_SYS_TYPES_H 1
| #define HAVE_UNISTD_H 1
| #define HAVE_WCHAR_H 1
| #define STDC_HEADERS 1
| #define _ALL_SOURCE 1
| #define _DARWIN_C_SOURCE 1
| #define _GNU_SOURCE 1
| #define _HPUX_ALT_XOPEN_SOCKET_API 1
| #define _NETBSD_SOURCE 1
| #define _OPENBSD_SOURCE 1
| #define _POSIX_PTHREAD_SEMANTICS 1
| #define __STDC_WANT_IEC_60559_ATTRIBS_EXT__ 1
| #define __STDC_WANT_IEC_60559_BFP_EXT__ 1
| #define __STDC_WANT_IEC_60559_DFP_EXT__ 1
| #define __STDC_WANT_IEC_60559_FUNCS_EXT__ 1
| #define __STDC_WANT_IEC_60559_TYPES_EXT__ 1
| #define __STDC_WANT_LIB_EXT2__ 1
| #define __STDC_WANT_MATH_SPEC_FUNCS__ 1
| #define _TANDEM_SOURCE 1
| #define __EXTENSIONS__ 1
| #define PACKAGE "rnalocmin"
| #define VERSION "2.1.0"
| #define HAVE_CXX11 1
| #define HAVE_STRCHR 1
| #define HAVE_STRDUP 1
| #define HAVE_STRTOL 1
| #define HAVE_LIMITS_H 1
| #define HAVE__BOOL 1
| #define HAVE_MALLOC 1
| #define HAVE_REALLOC 1
| /* end confdefs.h.  */
| #include <stddef.h>
| #ifdef HAVE_STDIO_H
| # include <stdio.h>
| #endif
| #ifdef HAVE_STDLIB_H
| # include <stdlib.h>
| #endif
| #ifdef HAVE_STRING_H
| # include <string.h>
| #endif
| #ifdef HAVE_INTTYPES_H
| # include <inttypes.h>
| #endif
| #ifdef HAVE_STDINT_H
| # include <stdint.h>
| #endif
| #ifdef HAVE_STRINGS_H
| # include <strings.h>
| #endif
| #ifdef HAVE_SYS_TYPES_H
| # include <sys/types.h>
| #endif
| #ifdef HAVE_SYS_STAT_H
| # include <sys/stat.h>
| #endif
| #ifdef HAVE_UNISTD_H
| # include <unistd.h>
| #endif
| int
| main (void)
| {
| if (sizeof ((size_t)))
| 	    return 0;
|   ;
|   return 0;
| }
configure:8027: result: yes
configure:8100: checking for pkg-config
configure:8123: found /usr/bin/pkg-config
configure:8135: result: /usr/bin/pkg-config
configure:8160: checking pkg-config is at least version 0.9.0
configure:8163: result: yes
configure:8173: checking for VRNA
configure:8258: result: yes
configure:8376: checking that generated files are newer than configure
configure:8382: result: done
configure:8409: creating ./config.status

## ---------------------- ##
## Running config.status. ##
## ---------------------- ##

This file was extended by RNAlocmin config.status 2.1.0, which was
generated by GNU Autoconf 2.71.  Invocation command line was

  CONFIG_FILES    = 
  CONFIG_HEADERS  = 
  CONFIG_LINKS    = 
  CONFIG_COMMANDS = 
  $ ./config.status 

on apollo2.chemistry.gatech.edu

config.status:892: creating Makefile
config.status:892: creating config.h
config.status:1073: config.h is unchanged
config.status:1121: executing depfiles commands
config.status:1198: cd .       && sed -e '/# am--include-marker/d' Makefile         | make -f - am--depfiles
make: Nothing to be done for 'am--depfiles'.
config.status:1203: $? = 0

## ---------------- ##
## Cache variables. ##
## ---------------- ##

ac_cv_build=x86_64-pc-linux-gnu
ac_cv_c_compiler_gnu=yes
ac_cv_c_inline=inline
ac_cv_cxx_compiler_gnu=yes
ac_cv_env_CCC_set=
ac_cv_env_CCC_value=
ac_cv_env_CC_set=set
ac_cv_env_CC_value=gcc
ac_cv_env_CFLAGS_set=set
ac_cv_env_CFLAGS_value='-g -O2'
ac_cv_env_CPPFLAGS_set=
ac_cv_env_CPPFLAGS_value=
ac_cv_env_CPP_set=
ac_cv_env_CPP_value=
ac_cv_env_CXXCPP_set=
ac_cv_env_CXXCPP_value=
ac_cv_env_CXXFLAGS_set=set
ac_cv_env_CXXFLAGS_value='-g -O2'
ac_cv_env_CXX_set=set
ac_cv_env_CXX_value=g++
ac_cv_env_LDFLAGS_set=
ac_cv_env_LDFLAGS_value=
ac_cv_env_LIBS_set=
ac_cv_env_LIBS_value=
ac_cv_env_PKG_CONFIG_LIBDIR_set=
ac_cv_env_PKG_CONFIG_LIBDIR_value=
ac_cv_env_PKG_CONFIG_PATH_set=
ac_cv_env_PKG_CONFIG_PATH_value=
ac_cv_env_PKG_CONFIG_set=
ac_cv_env_PKG_CONFIG_value=
ac_cv_env_VRNA_CFLAGS_set=set
ac_cv_env_VRNA_CFLAGS_value='-I$(top_srcdir)/../../src/ViennaRNA -I$(top_srcdir)/../../src'
ac_cv_env_VRNA_LIBS_set=set
ac_cv_env_VRNA_LIBS_value='-fno-strict-aliasing -flto -L$(top_builddir)/../../src/ViennaRNA -lRNA -fopenmp -lpthread -lstdc++'
ac_cv_env_build_alias_set=
ac_cv_env_build_alias_value=
ac_cv_env_host_alias_set=
ac_cv_env_host_alias_value=
ac_cv_env_target_alias_set=
ac_cv_env_target_alias_value=
ac_cv_func_malloc_0_nonnull=yes
ac_cv_func_realloc_0_nonnull=yes
ac_cv_func_strchr=yes
ac_cv_func_strdup=yes
ac_cv_func_strtod=yes
ac_cv_func_strtol=yes
ac_cv_header_inttypes_h=yes
ac_cv_header_limits_h=yes
ac_cv_header_minix_config_h=no
ac_cv_header_stdbool_h=yes
ac_cv_header_stdint_h=yes
ac_cv_header_stdio_h=yes
ac_cv_header_stdlib_h=yes
ac_cv_header_string_h=yes
ac_cv_header_strings_h=yes
ac_cv_header_sys_stat_h=yes
ac_cv_header_sys_types_h=yes
ac_cv_header_unistd_h=yes
ac_cv_header_wchar_h=yes
ac_cv_host=x86_64-pc-linux-gnu
ac_cv_objext=o
ac_cv_path_ac_pt_PKG_CONFIG=/usr/bin/pkg-config
ac_cv_path_install='/usr/bin/install -c'
ac_cv_path_mkdir=/usr/bin/mkdir
ac_cv_prog_AWK=gawk
ac_cv_prog_CPP='gcc -E'
ac_cv_prog_CXXCPP='g++ -E'
ac_cv_prog_ac_ct_CC=gcc
ac_cv_prog_cc_c11=
ac_cv_prog_cc_g=yes
ac_cv_prog_cc_stdc=
ac_cv_prog_cxx_11=no
ac_cv_prog_cxx_cxx11=
ac_cv_prog_cxx_g=yes
ac_cv_prog_cxx_stdcxx=
ac_cv_prog_make_make_set=yes
ac_cv_safe_to_define___extensions__=yes
ac_cv_should_define__xopen_source=no
ac_cv_type__Bool=yes
ac_cv_type_size_t=yes
am_cv_CC_dependencies_compiler_type=gcc3
am_cv_CXX_dependencies_compiler_type=gcc3
am_cv_make_support_nested_variables=yes
am_cv_prog_cc_c_o=yes
ax_cv_cxx_compile_cxx11=yes
pkg_cv_VRNA_CFLAGS='-I$(top_srcdir)/../../src/ViennaRNA -I$(top_srcdir)/../../src'
pkg_cv_VRNA_LIBS='-fno-strict-aliasing -flto -L$(top_builddir)/../../src/ViennaRNA -lRNA -fopenmp -lpthread -lstdc++'

## ----------------- ##
## Output variables. ##
## ----------------- ##

ACLOCAL='${SHELL} '\''/home/RiboVision3/R2DT/rna/ViennaRNA-2.4.18/src/RNAlocmin/missing'\'' aclocal-1.16'
AMDEPBACKSLASH='\'
AMDEP_FALSE='#'
AMDEP_TRUE=''
AMTAR='$${TAR-tar}'
AM_BACKSLASH='\'
AM_DEFAULT_V='$(AM_DEFAULT_VERBOSITY)'
AM_DEFAULT_VERBOSITY='0'
AM_V='$(V)'
AUTOCONF='${SHELL} '\''/home/RiboVision3/R2DT/rna/ViennaRNA-2.4.18/src/RNAlocmin/missing'\'' autoconf'
AUTOHEADER='${SHELL} '\''/home/RiboVision3/R2DT/rna/ViennaRNA-2.4.18/src/RNAlocmin/missing'\'' autoheader'
AUTOMAKE='${SHELL} '\''/home/RiboVision3/R2DT/rna/ViennaRNA-2.4.18/src/RNAlocmin/missing'\'' automake-1.16'
AWK='gawk'
CC='gcc'
CCDEPMODE='depmode=gcc3'
CFLAGS='-g -O2'
CPP='gcc -E'
CPPFLAGS=''
CXX='g++'
CXXCPP='g++ -E'
CXXDEPMODE='depmode=gcc3'
CXXFLAGS='-g -O2'
CYGPATH_W='echo'
DEFS='-DHAVE_CONFIG_H'
DEPDIR='.deps'
ECHO_C=''
ECHO_N='-n'
ECHO_T=''
EXEEXT=''
HAVE_CXX11='1'
INSTALL_DATA='${INSTALL} -m 644'
INSTALL_PROGRAM='${INSTALL}'
INSTALL_SCRIPT='${INSTALL}'
INSTALL_STRIP_PROGRAM='$(install_sh) -c -s'
ISODATE='2023-05-24'
LDFLAGS=''
LIBOBJS=''
LIBS=''
LTLIBOBJS=''
MAKEINFO='${SHELL} '\''/home/RiboVision3/R2DT/rna/ViennaRNA-2.4.18/src/RNAlocmin/missing'\'' makeinfo'
MKDIR_P='/usr/bin/mkdir -p'
OBJEXT='o'
PACKAGE='rnalocmin'
PACKAGE_BUGREPORT=''
PACKAGE_NAME='RNAlocmin'
PACKAGE_STRING='RNAlocmin 2.1.0'
PACKAGE_TARNAME='rnalocmin'
PACKAGE_URL=''
PACKAGE_VERSION='2.1.0'
PATH_SEPARATOR=':'
PKG_CONFIG='/usr/bin/pkg-config'
PKG_CONFIG_LIBDIR=''
PKG_CONFIG_PATH=''
POW_LIB=''
SET_MAKE=''
SHELL='/bin/sh'
STRIP=''
VERSION='2.1.0'
VRNA_CFLAGS='-I$(top_srcdir)/../../src/ViennaRNA -I$(top_srcdir)/../../src'
VRNA_LIBS='-fno-strict-aliasing -flto -L$(top_builddir)/../../src/ViennaRNA -lRNA -fopenmp -lpthread -lstdc++'
ac_ct_CC='gcc'
ac_ct_CXX=''
am__EXEEXT_FALSE=''
am__EXEEXT_TRUE='#'
am__fastdepCC_FALSE='#'
am__fastdepCC_TRUE=''
am__fastdepCXX_FALSE='#'
am__fastdepCXX_TRUE=''
am__include='include'
am__isrc=''
am__leading_dot='.'
am__nodep='_no'
am__quote=''
am__tar='$${TAR-tar} chof - "$$tardir"'
am__untar='$${TAR-tar} xf -'
bindir='${exec_prefix}/bin'
build='x86_64-pc-linux-gnu'
build_alias=''
build_cpu='x86_64'
build_os='linux-gnu'
build_vendor='pc'
datadir='${datarootdir}'
datarootdir='${prefix}/share'
docdir='${datarootdir}/doc/${PACKAGE_TARNAME}'
dvidir='${docdir}'
exec_prefix='${prefix}'
host='x86_64-pc-linux-gnu'
host_alias=''
host_cpu='x86_64'
host_os='linux-gnu'
host_vendor='pc'
htmldir='${docdir}'
includedir='${prefix}/include'
infodir='${datarootdir}/info'
install_sh='${SHELL} /home/RiboVision3/R2DT/rna/ViennaRNA-2.4.18/src/RNAlocmin/install-sh'
libdir='${exec_prefix}/lib'
libexecdir='${exec_prefix}/libexec'
localedir='${datarootdir}/locale'
localstatedir='${prefix}/var'
mandir='${datarootdir}/man'
mkdir_p='$(MKDIR_P)'
oldincludedir='/usr/include'
pdfdir='${docdir}'
prefix='/usr/local'
program_transform_name='s,x,x,'
psdir='${docdir}'
runstatedir='${localstatedir}/run'
sbindir='${exec_prefix}/sbin'
sharedstatedir='${prefix}/com'
sysconfdir='${prefix}/etc'
target_alias=''

## ----------- ##
## confdefs.h. ##
## ----------- ##

/* confdefs.h */
#define PACKAGE_NAME "RNAlocmin"
#define PACKAGE_TARNAME "rnalocmin"
#define PACKAGE_VERSION "2.1.0"
#define PACKAGE_STRING "RNAlocmin 2.1.0"
#define PACKAGE_BUGREPORT ""
#define PACKAGE_URL ""
#define HAVE_STDIO_H 1
#define HAVE_STDLIB_H 1
#define HAVE_STRING_H 1
#define HAVE_INTTYPES_H 1
#define HAVE_STDINT_H 1
#define HAVE_STRINGS_H 1
#define HAVE_SYS_STAT_H 1
#define HAVE_SYS_TYPES_H 1
#define HAVE_UNISTD_H 1
#define HAVE_WCHAR_H 1
#define STDC_HEADERS 1
#define _ALL_SOURCE 1
#define _DARWIN_C_SOURCE 1
#define _GNU_SOURCE 1
#define _HPUX_ALT_XOPEN_SOCKET_API 1
#define _NETBSD_SOURCE 1
#define _OPENBSD_SOURCE 1
#define _POSIX_PTHREAD_SEMANTICS 1
#define __STDC_WANT_IEC_60559_ATTRIBS_EXT__ 1
#define __STDC_WANT_IEC_60559_BFP_EXT__ 1
#define __STDC_WANT_IEC_60559_DFP_EXT__ 1
#define __STDC_WANT_IEC_60559_FUNCS_EXT__ 1
#define __STDC_WANT_IEC_60559_TYPES_EXT__ 1
#define __STDC_WANT_LIB_EXT2__ 1
#define __STDC_WANT_MATH_SPEC_FUNCS__ 1
#define _TANDEM_SOURCE 1
#define __EXTENSIONS__ 1
#define PACKAGE "rnalocmin"
#define VERSION "2.1.0"
#define HAVE_CXX11 1
#define HAVE_STRCHR 1
#define HAVE_STRDUP 1
#define HAVE_STRTOL 1
#define HAVE_LIMITS_H 1
#define HAVE__BOOL 1
#define HAVE_MALLOC 1
#define HAVE_REALLOC 1

configure: exit 0
