This file contains any messages produced by compilers while
running configure, to aid debugging if configure makes a mistake.

It was created by Infernal configure 1.1.2, which was
generated by GNU Autoconf 2.69.  Invocation command line was

  $ ./configure --disable-option-checking --prefix=/home/RiboVision3/R2DT/rna/rscape --cache-file=/dev/null --srcdir=.

## --------- ##
## Platform. ##
## --------- ##

hostname = apollo2.chemistry.gatech.edu
uname -m = x86_64
uname -r = 3.10.0-1127.13.1.el7.x86_64
uname -s = Linux
uname -v = #1 SMP Fri Jun 12 14:34:17 EDT 2020

/usr/bin/uname -p = x86_64
/bin/uname -X     = unknown

/bin/arch              = x86_64
/usr/bin/arch -k       = unknown
/usr/convex/getsysinfo = unknown
/usr/bin/hostinfo      = unknown
/bin/machine           = unknown
/usr/bin/oslevel       = unknown
/bin/universe          = unknown

PATH: /sbin
PATH: /bin
PATH: /usr/sbin
PATH: /usr/bin


## ----------- ##
## Core tests. ##
## ----------- ##

configure:2284: Configuring Infernal for your system.
configure:2465: checking build system type
configure:2479: result: x86_64-unknown-linux-gnu
configure:2499: checking host system type
configure:2512: result: x86_64-unknown-linux-gnu
configure:2543: Full Infernal source distribution - using full configuration
configure:2728: checking for gcc
configure:2744: found /bin/gcc
configure:2755: result: gcc
configure:2984: checking for C compiler version
configure:2993: gcc --version >&5
gcc (GCC) 4.8.5 20150623 (Red Hat 4.8.5-39)
Copyright (C) 2015 Free Software Foundation, Inc.
This is free software; see the source for copying conditions.  There is NO
warranty; not even for MERCHANTABILITY or FITNESS FOR A PARTICULAR PURPOSE.

configure:3004: $? = 0
configure:2993: gcc -v >&5
Using built-in specs.
COLLECT_GCC=gcc
COLLECT_LTO_WRAPPER=/usr/libexec/gcc/x86_64-redhat-linux/4.8.5/lto-wrapper
Target: x86_64-redhat-linux
Configured with: ../configure --prefix=/usr --mandir=/usr/share/man --infodir=/usr/share/info --with-bugurl=http://bugzilla.redhat.com/bugzilla --enable-bootstrap --enable-shared --enable-threads=posix --enable-checking=release --with-system-zlib --enable-__cxa_atexit --disable-libunwind-exceptions --enable-gnu-unique-object --enable-linker-build-id --with-linker-hash-style=gnu --enable-languages=c,c++,objc,obj-c++,java,fortran,ada,go,lto --enable-plugin --enable-initfini-array --disable-libgcj --with-isl=/builddir/build/BUILD/gcc-4.8.5-20150702/obj-x86_64-redhat-linux/isl-install --with-cloog=/builddir/build/BUILD/gcc-4.8.5-20150702/obj-x86_64-redhat-linux/cloog-install --enable-gnu-indirect-function --with-tune=generic --with-arch_32=x86-64 --build=x86_64-redhat-linux
Thread model: posix
gcc version 4.8.5 20150623 (Red Hat 4.8.5-39) (GCC) 
configure:3004: $? = 0
configure:2993: gcc -V >&5
gcc: error: unrecognized command line option '-V'
gcc: fatal error: no input files
compilation terminated.
configure:3004: $? = 4
configure:2993: gcc -qversion >&5
gcc: error: unrecognized command line option '-qversion'
gcc: fatal error: no input files
compilation terminated.
configure:3004: $? = 4
configure:3024: checking whether the C compiler works
configure:3046: gcc    conftest.c  >&5
configure:3050: $? = 0
configure:3098: result: yes
configure:3101: checking for C compiler default output file name
configure:3103: result: a.out
configure:3109: checking for suffix of executables
configure:3116: gcc -o conftest    conftest.c  >&5
configure:3120: $? = 0
configure:3142: result: 
configure:3164: checking whether we are cross compiling
configure:3172: gcc -o conftest    conftest.c  >&5
configure:3176: $? = 0
configure:3183: ./conftest
configure:3187: $? = 0
configure:3202: result: no
configure:3207: checking for suffix of object files
configure:3229: gcc -c   conftest.c >&5
configure:3233: $? = 0
configure:3254: result: o
configure:3258: checking whether we are using the GNU C compiler
configure:3277: gcc -c   conftest.c >&5
configure:3277: $? = 0
configure:3286: result: yes
configure:3295: checking whether gcc accepts -g
configure:3315: gcc -c -g  conftest.c >&5
configure:3315: $? = 0
configure:3356: result: yes
configure:3373: checking for gcc option to accept ISO C89
configure:3436: gcc  -c -g -O2  conftest.c >&5
configure:3436: $? = 0
configure:3449: result: none needed
configure:3471: checking for C compiler vendor
configure:3495: gcc -c -g -O2  conftest.c >&5
conftest.c: In function 'main':
conftest.c:31:7: error: 'thisisanerror' undeclared (first use in this function)
       thisisanerror;
       ^
conftest.c:31:7: note: each undeclared identifier is reported only once for each function it appears in
configure:3495: $? = 1
configure: failed program was:
| /* confdefs.h */
| #define PACKAGE_NAME "Infernal"
| #define PACKAGE_TARNAME "infernal"
| #define PACKAGE_VERSION "1.1.2"
| #define PACKAGE_STRING "Infernal 1.1.2"
| #define PACKAGE_BUGREPORT "eric.nawrocki@nih.gov"
| #define PACKAGE_URL ""
| #define INFERNAL_DATE "July 2016"
| #define INFERNAL_COPYRIGHT "Copyright (C) 2016 Howard Hughes Medical Institute."
| #define INFERNAL_LICENSE "Freely distributed under a BSD open source license."
| #define INFERNAL_VERSION "1.1.2"
| #define INFERNAL_URL "http://eddylab.org/infernal/"
| #define HMMER_DATE "July 2016"
| #define HMMER_COPYRIGHT "Copyright (C) 2016 Howard Hughes Medical Institute."
| #define HMMER_LICENSE "Freely distributed under a BSD open source licence."
| #define HMMER_VERSION "3.1b3"
| #define HMMER_URL "http://hmmer.org/"
| #define EASEL_DATE "July 2016"
| #define EASEL_COPYRIGHT "Copyright (C) 2016 Howard Hughes Medical Institute"
| #define EASEL_LICENSE "Freely distributed under a BSD open source license."
| #define EASEL_VERSION "0.43"
| #define eslLIBRARY 1
| #define eslDEBUGLEVEL 0
| /* end confdefs.h.  */
| 
| int
| main ()
| {
| 
| #if !(defined(__ICC) || defined(__ECC) || defined(__INTEL_COMPILER))
|       thisisanerror;
| #endif
| 
|   ;
|   return 0;
| }
configure:3495: gcc -c -g -O2  conftest.c >&5
conftest.c: In function 'main':
conftest.c:31:7: error: 'thisisanerror' undeclared (first use in this function)
       thisisanerror;
       ^
conftest.c:31:7: note: each undeclared identifier is reported only once for each function it appears in
configure:3495: $? = 1
configure: failed program was:
| /* confdefs.h */
| #define PACKAGE_NAME "Infernal"
| #define PACKAGE_TARNAME "infernal"
| #define PACKAGE_VERSION "1.1.2"
| #define PACKAGE_STRING "Infernal 1.1.2"
| #define PACKAGE_BUGREPORT "eric.nawrocki@nih.gov"
| #define PACKAGE_URL ""
| #define INFERNAL_DATE "July 2016"
| #define INFERNAL_COPYRIGHT "Copyright (C) 2016 Howard Hughes Medical Institute."
| #define INFERNAL_LICENSE "Freely distributed under a BSD open source license."
| #define INFERNAL_VERSION "1.1.2"
| #define INFERNAL_URL "http://eddylab.org/infernal/"
| #define HMMER_DATE "July 2016"
| #define HMMER_COPYRIGHT "Copyright (C) 2016 Howard Hughes Medical Institute."
| #define HMMER_LICENSE "Freely distributed under a BSD open source licence."
| #define HMMER_VERSION "3.1b3"
| #define HMMER_URL "http://hmmer.org/"
| #define EASEL_DATE "July 2016"
| #define EASEL_COPYRIGHT "Copyright (C) 2016 Howard Hughes Medical Institute"
| #define EASEL_LICENSE "Freely distributed under a BSD open source license."
| #define EASEL_VERSION "0.43"
| #define eslLIBRARY 1
| #define eslDEBUGLEVEL 0
| /* end confdefs.h.  */
| 
| int
| main ()
| {
| 
| #if !(defined(__xlc__) || defined(__xlC__) || defined(__IBMC__) || defined(__IBMCPP__))
|       thisisanerror;
| #endif
| 
|   ;
|   return 0;
| }
configure:3495: gcc -c -g -O2  conftest.c >&5
conftest.c: In function 'main':
conftest.c:31:7: error: 'thisisanerror' undeclared (first use in this function)
       thisisanerror;
       ^
conftest.c:31:7: note: each undeclared identifier is reported only once for each function it appears in
configure:3495: $? = 1
configure: failed program was:
| /* confdefs.h */
| #define PACKAGE_NAME "Infernal"
| #define PACKAGE_TARNAME "infernal"
| #define PACKAGE_VERSION "1.1.2"
| #define PACKAGE_STRING "Infernal 1.1.2"
| #define PACKAGE_BUGREPORT "eric.nawrocki@nih.gov"
| #define PACKAGE_URL ""
| #define INFERNAL_DATE "July 2016"
| #define INFERNAL_COPYRIGHT "Copyright (C) 2016 Howard Hughes Medical Institute."
| #define INFERNAL_LICENSE "Freely distributed under a BSD open source license."
| #define INFERNAL_VERSION "1.1.2"
| #define INFERNAL_URL "http://eddylab.org/infernal/"
| #define HMMER_DATE "July 2016"
| #define HMMER_COPYRIGHT "Copyright (C) 2016 Howard Hughes Medical Institute."
| #define HMMER_LICENSE "Freely distributed under a BSD open source licence."
| #define HMMER_VERSION "3.1b3"
| #define HMMER_URL "http://hmmer.org/"
| #define EASEL_DATE "July 2016"
| #define EASEL_COPYRIGHT "Copyright (C) 2016 Howard Hughes Medical Institute"
| #define EASEL_LICENSE "Freely distributed under a BSD open source license."
| #define EASEL_VERSION "0.43"
| #define eslLIBRARY 1
| #define eslDEBUGLEVEL 0
| /* end confdefs.h.  */
| 
| int
| main ()
| {
| 
| #if !(defined(__PATHCC__) || defined(__PATHSCALE__))
|       thisisanerror;
| #endif
| 
|   ;
|   return 0;
| }
configure:3495: gcc -c -g -O2  conftest.c >&5
configure:3495: $? = 0
configure:3502: result: gnu
configure:3711: checking for the pthreads library -lpthreads
configure:3744: gcc -o conftest -g -O2    conftest.c -lpthreads  >&5
/bin/ld: cannot find -lpthreads
collect2: error: ld returned 1 exit status
configure:3744: $? = 1
configure: failed program was:
| /* confdefs.h */
| #define PACKAGE_NAME "Infernal"
| #define PACKAGE_TARNAME "infernal"
| #define PACKAGE_VERSION "1.1.2"
| #define PACKAGE_STRING "Infernal 1.1.2"
| #define PACKAGE_BUGREPORT "eric.nawrocki@nih.gov"
| #define PACKAGE_URL ""
| #define INFERNAL_DATE "July 2016"
| #define INFERNAL_COPYRIGHT "Copyright (C) 2016 Howard Hughes Medical Institute."
| #define INFERNAL_LICENSE "Freely distributed under a BSD open source license."
| #define INFERNAL_VERSION "1.1.2"
| #define INFERNAL_URL "http://eddylab.org/infernal/"
| #define HMMER_DATE "July 2016"
| #define HMMER_COPYRIGHT "Copyright (C) 2016 Howard Hughes Medical Institute."
| #define HMMER_LICENSE "Freely distributed under a BSD open source licence."
| #define HMMER_VERSION "3.1b3"
| #define HMMER_URL "http://hmmer.org/"
| #define EASEL_DATE "July 2016"
| #define EASEL_COPYRIGHT "Copyright (C) 2016 Howard Hughes Medical Institute"
| #define EASEL_LICENSE "Freely distributed under a BSD open source license."
| #define EASEL_VERSION "0.43"
| #define eslLIBRARY 1
| #define eslDEBUGLEVEL 0
| /* end confdefs.h.  */
| #include <pthread.h>
| int
| main ()
| {
| pthread_t th; pthread_join(th, 0);
|                      pthread_attr_init(0); pthread_cleanup_push(0, 0);
|                      pthread_create(0,0,0,0); pthread_cleanup_pop(0);
|   ;
|   return 0;
| }
configure:3753: result: no
configure:3656: checking whether pthreads work without any flags
configure:3744: gcc -o conftest -g -O2    conftest.c   >&5
/tmp/cctX1poG.o: In function `main':
/home/RiboVision3/R2DT/rna/rscape/lib/infernal/infernal-current/conftest.c:29: undefined reference to `pthread_join'
/home/RiboVision3/R2DT/rna/rscape/lib/infernal/infernal-current/conftest.c:30: undefined reference to `__pthread_register_cancel'
/home/RiboVision3/R2DT/rna/rscape/lib/infernal/infernal-current/conftest.c:31: undefined reference to `pthread_create'
/home/RiboVision3/R2DT/rna/rscape/lib/infernal/infernal-current/conftest.c:31: undefined reference to `__pthread_unregister_cancel'
collect2: error: ld returned 1 exit status
configure:3744: $? = 1
configure: failed program was:
| /* confdefs.h */
| #define PACKAGE_NAME "Infernal"
| #define PACKAGE_TARNAME "infernal"
| #define PACKAGE_VERSION "1.1.2"
| #define PACKAGE_STRING "Infernal 1.1.2"
| #define PACKAGE_BUGREPORT "eric.nawrocki@nih.gov"
| #define PACKAGE_URL ""
| #define INFERNAL_DATE "July 2016"
| #define INFERNAL_COPYRIGHT "Copyright (C) 2016 Howard Hughes Medical Institute."
| #define INFERNAL_LICENSE "Freely distributed under a BSD open source license."
| #define INFERNAL_VERSION "1.1.2"
| #define INFERNAL_URL "http://eddylab.org/infernal/"
| #define HMMER_DATE "July 2016"
| #define HMMER_COPYRIGHT "Copyright (C) 2016 Howard Hughes Medical Institute."
| #define HMMER_LICENSE "Freely distributed under a BSD open source licence."
| #define HMMER_VERSION "3.1b3"
| #define HMMER_URL "http://hmmer.org/"
| #define EASEL_DATE "July 2016"
| #define EASEL_COPYRIGHT "Copyright (C) 2016 Howard Hughes Medical Institute"
| #define EASEL_LICENSE "Freely distributed under a BSD open source license."
| #define EASEL_VERSION "0.43"
| #define eslLIBRARY 1
| #define eslDEBUGLEVEL 0
| /* end confdefs.h.  */
| #include <pthread.h>
| int
| main ()
| {
| pthread_t th; pthread_join(th, 0);
|                      pthread_attr_init(0); pthread_cleanup_push(0, 0);
|                      pthread_create(0,0,0,0); pthread_cleanup_pop(0);
|   ;
|   return 0;
| }
configure:3753: result: no
configure:3661: checking whether pthreads work with -Kthread
configure:3744: gcc -o conftest -g -O2 -Kthread   conftest.c   >&5
gcc: error: unrecognized command line option '-Kthread'
configure:3744: $? = 1
configure: failed program was:
| /* confdefs.h */
| #define PACKAGE_NAME "Infernal"
| #define PACKAGE_TARNAME "infernal"
| #define PACKAGE_VERSION "1.1.2"
| #define PACKAGE_STRING "Infernal 1.1.2"
| #define PACKAGE_BUGREPORT "eric.nawrocki@nih.gov"
| #define PACKAGE_URL ""
| #define INFERNAL_DATE "July 2016"
| #define INFERNAL_COPYRIGHT "Copyright (C) 2016 Howard Hughes Medical Institute."
| #define INFERNAL_LICENSE "Freely distributed under a BSD open source license."
| #define INFERNAL_VERSION "1.1.2"
| #define INFERNAL_URL "http://eddylab.org/infernal/"
| #define HMMER_DATE "July 2016"
| #define HMMER_COPYRIGHT "Copyright (C) 2016 Howard Hughes Medical Institute."
| #define HMMER_LICENSE "Freely distributed under a BSD open source licence."
| #define HMMER_VERSION "3.1b3"
| #define HMMER_URL "http://hmmer.org/"
| #define EASEL_DATE "July 2016"
| #define EASEL_COPYRIGHT "Copyright (C) 2016 Howard Hughes Medical Institute"
| #define EASEL_LICENSE "Freely distributed under a BSD open source license."
| #define EASEL_VERSION "0.43"
| #define eslLIBRARY 1
| #define eslDEBUGLEVEL 0
| /* end confdefs.h.  */
| #include <pthread.h>
| int
| main ()
| {
| pthread_t th; pthread_join(th, 0);
|                      pthread_attr_init(0); pthread_cleanup_push(0, 0);
|                      pthread_create(0,0,0,0); pthread_cleanup_pop(0);
|   ;
|   return 0;
| }
configure:3753: result: no
configure:3661: checking whether pthreads work with -kthread
configure:3744: gcc -o conftest -g -O2 -kthread   conftest.c   >&5
gcc: error: unrecognized command line option '-kthread'
configure:3744: $? = 1
configure: failed program was:
| /* confdefs.h */
| #define PACKAGE_NAME "Infernal"
| #define PACKAGE_TARNAME "infernal"
| #define PACKAGE_VERSION "1.1.2"
| #define PACKAGE_STRING "Infernal 1.1.2"
| #define PACKAGE_BUGREPORT "eric.nawrocki@nih.gov"
| #define PACKAGE_URL ""
| #define INFERNAL_DATE "July 2016"
| #define INFERNAL_COPYRIGHT "Copyright (C) 2016 Howard Hughes Medical Institute."
| #define INFERNAL_LICENSE "Freely distributed under a BSD open source license."
| #define INFERNAL_VERSION "1.1.2"
| #define INFERNAL_URL "http://eddylab.org/infernal/"
| #define HMMER_DATE "July 2016"
| #define HMMER_COPYRIGHT "Copyright (C) 2016 Howard Hughes Medical Institute."
| #define HMMER_LICENSE "Freely distributed under a BSD open source licence."
| #define HMMER_VERSION "3.1b3"
| #define HMMER_URL "http://hmmer.org/"
| #define EASEL_DATE "July 2016"
| #define EASEL_COPYRIGHT "Copyright (C) 2016 Howard Hughes Medical Institute"
| #define EASEL_LICENSE "Freely distributed under a BSD open source license."
| #define EASEL_VERSION "0.43"
| #define eslLIBRARY 1
| #define eslDEBUGLEVEL 0
| /* end confdefs.h.  */
| #include <pthread.h>
| int
| main ()
| {
| pthread_t th; pthread_join(th, 0);
|                      pthread_attr_init(0); pthread_cleanup_push(0, 0);
|                      pthread_create(0,0,0,0); pthread_cleanup_pop(0);
|   ;
|   return 0;
| }
configure:3753: result: no
configure:3711: checking for the pthreads library -llthread
configure:3744: gcc -o conftest -g -O2    conftest.c -llthread  >&5
/bin/ld: cannot find -llthread
collect2: error: ld returned 1 exit status
configure:3744: $? = 1
configure: failed program was:
| /* confdefs.h */
| #define PACKAGE_NAME "Infernal"
| #define PACKAGE_TARNAME "infernal"
| #define PACKAGE_VERSION "1.1.2"
| #define PACKAGE_STRING "Infernal 1.1.2"
| #define PACKAGE_BUGREPORT "eric.nawrocki@nih.gov"
| #define PACKAGE_URL ""
| #define INFERNAL_DATE "July 2016"
| #define INFERNAL_COPYRIGHT "Copyright (C) 2016 Howard Hughes Medical Institute."
| #define INFERNAL_LICENSE "Freely distributed under a BSD open source license."
| #define INFERNAL_VERSION "1.1.2"
| #define INFERNAL_URL "http://eddylab.org/infernal/"
| #define HMMER_DATE "July 2016"
| #define HMMER_COPYRIGHT "Copyright (C) 2016 Howard Hughes Medical Institute."
| #define HMMER_LICENSE "Freely distributed under a BSD open source licence."
| #define HMMER_VERSION "3.1b3"
| #define HMMER_URL "http://hmmer.org/"
| #define EASEL_DATE "July 2016"
| #define EASEL_COPYRIGHT "Copyright (C) 2016 Howard Hughes Medical Institute"
| #define EASEL_LICENSE "Freely distributed under a BSD open source license."
| #define EASEL_VERSION "0.43"
| #define eslLIBRARY 1
| #define eslDEBUGLEVEL 0
| /* end confdefs.h.  */
| #include <pthread.h>
| int
| main ()
| {
| pthread_t th; pthread_join(th, 0);
|                      pthread_attr_init(0); pthread_cleanup_push(0, 0);
|                      pthread_create(0,0,0,0); pthread_cleanup_pop(0);
|   ;
|   return 0;
| }
configure:3753: result: no
configure:3661: checking whether pthreads work with -pthread
configure:3744: gcc -o conftest -g -O2 -pthread   conftest.c   >&5
configure:3744: $? = 0
configure:3753: result: yes
configure:3773: checking for joinable pthread attribute
configure:3786: gcc -o conftest -g -O2 -pthread   conftest.c   >&5
configure:3786: $? = 0
configure:3818: result: PTHREAD_CREATE_JOINABLE
configure:3825: checking if more special flags are required for pthreads
configure:3835: result: no
configure:3847: checking for cc_r
configure:3875: result: gcc
configure:4022: checking for gcc
configure:4049: result: gcc
configure:4278: checking for C compiler version
configure:4287: gcc --version >&5
gcc (GCC) 4.8.5 20150623 (Red Hat 4.8.5-39)
Copyright (C) 2015 Free Software Foundation, Inc.
This is free software; see the source for copying conditions.  There is NO
warranty; not even for MERCHANTABILITY or FITNESS FOR A PARTICULAR PURPOSE.

configure:4298: $? = 0
configure:4287: gcc -v >&5
Using built-in specs.
COLLECT_GCC=gcc
COLLECT_LTO_WRAPPER=/usr/libexec/gcc/x86_64-redhat-linux/4.8.5/lto-wrapper
Target: x86_64-redhat-linux
Configured with: ../configure --prefix=/usr --mandir=/usr/share/man --infodir=/usr/share/info --with-bugurl=http://bugzilla.redhat.com/bugzilla --enable-bootstrap --enable-shared --enable-threads=posix --enable-checking=release --with-system-zlib --enable-__cxa_atexit --disable-libunwind-exceptions --enable-gnu-unique-object --enable-linker-build-id --with-linker-hash-style=gnu --enable-languages=c,c++,objc,obj-c++,java,fortran,ada,go,lto --enable-plugin --enable-initfini-array --disable-libgcj --with-isl=/builddir/build/BUILD/gcc-4.8.5-20150702/obj-x86_64-redhat-linux/isl-install --with-cloog=/builddir/build/BUILD/gcc-4.8.5-20150702/obj-x86_64-redhat-linux/cloog-install --enable-gnu-indirect-function --with-tune=generic --with-arch_32=x86-64 --build=x86_64-redhat-linux
Thread model: posix
gcc version 4.8.5 20150623 (Red Hat 4.8.5-39) (GCC) 
configure:4298: $? = 0
configure:4287: gcc -V >&5
gcc: error: unrecognized command line option '-V'
gcc: fatal error: no input files
compilation terminated.
configure:4298: $? = 4
configure:4287: gcc -qversion >&5
gcc: error: unrecognized command line option '-qversion'
gcc: fatal error: no input files
compilation terminated.
configure:4298: $? = 4
configure:4302: checking whether we are using the GNU C compiler
configure:4330: result: yes
configure:4339: checking whether gcc accepts -g
configure:4400: result: yes
configure:4417: checking for gcc option to accept ISO C89
configure:4493: result: none needed
configure:4527: checking for a BSD-compatible install
configure:4595: result: /bin/install -c
configure:4804: checking how to run the C preprocessor
configure:4835: gcc -E  conftest.c
configure:4835: $? = 0
configure:4849: gcc -E  conftest.c
conftest.c:27:28: fatal error: ac_nonexistent.h: No such file or directory
 #include <ac_nonexistent.h>
                            ^
compilation terminated.
configure:4849: $? = 1
configure: failed program was:
| /* confdefs.h */
| #define PACKAGE_NAME "Infernal"
| #define PACKAGE_TARNAME "infernal"
| #define PACKAGE_VERSION "1.1.2"
| #define PACKAGE_STRING "Infernal 1.1.2"
| #define PACKAGE_BUGREPORT "eric.nawrocki@nih.gov"
| #define PACKAGE_URL ""
| #define INFERNAL_DATE "July 2016"
| #define INFERNAL_COPYRIGHT "Copyright (C) 2016 Howard Hughes Medical Institute."
| #define INFERNAL_LICENSE "Freely distributed under a BSD open source license."
| #define INFERNAL_VERSION "1.1.2"
| #define INFERNAL_URL "http://eddylab.org/infernal/"
| #define HMMER_DATE "July 2016"
| #define HMMER_COPYRIGHT "Copyright (C) 2016 Howard Hughes Medical Institute."
| #define HMMER_LICENSE "Freely distributed under a BSD open source licence."
| #define HMMER_VERSION "3.1b3"
| #define HMMER_URL "http://hmmer.org/"
| #define EASEL_DATE "July 2016"
| #define EASEL_COPYRIGHT "Copyright (C) 2016 Howard Hughes Medical Institute"
| #define EASEL_LICENSE "Freely distributed under a BSD open source license."
| #define EASEL_VERSION "0.43"
| #define eslLIBRARY 1
| #define eslDEBUGLEVEL 0
| #define HMMER_THREADS 1
| #define HAVE_PTHREAD 1
| /* end confdefs.h.  */
| #include <ac_nonexistent.h>
configure:4874: result: gcc -E
configure:4894: gcc -E  conftest.c
configure:4894: $? = 0
configure:4908: gcc -E  conftest.c
conftest.c:27:28: fatal error: ac_nonexistent.h: No such file or directory
 #include <ac_nonexistent.h>
                            ^
compilation terminated.
configure:4908: $? = 1
configure: failed program was:
| /* confdefs.h */
| #define PACKAGE_NAME "Infernal"
| #define PACKAGE_TARNAME "infernal"
| #define PACKAGE_VERSION "1.1.2"
| #define PACKAGE_STRING "Infernal 1.1.2"
| #define PACKAGE_BUGREPORT "eric.nawrocki@nih.gov"
| #define PACKAGE_URL ""
| #define INFERNAL_DATE "July 2016"
| #define INFERNAL_COPYRIGHT "Copyright (C) 2016 Howard Hughes Medical Institute."
| #define INFERNAL_LICENSE "Freely distributed under a BSD open source license."
| #define INFERNAL_VERSION "1.1.2"
| #define INFERNAL_URL "http://eddylab.org/infernal/"
| #define HMMER_DATE "July 2016"
| #define HMMER_COPYRIGHT "Copyright (C) 2016 Howard Hughes Medical Institute."
| #define HMMER_LICENSE "Freely distributed under a BSD open source licence."
| #define HMMER_VERSION "3.1b3"
| #define HMMER_URL "http://hmmer.org/"
| #define EASEL_DATE "July 2016"
| #define EASEL_COPYRIGHT "Copyright (C) 2016 Howard Hughes Medical Institute"
| #define EASEL_LICENSE "Freely distributed under a BSD open source license."
| #define EASEL_VERSION "0.43"
| #define eslLIBRARY 1
| #define eslDEBUGLEVEL 0
| #define HMMER_THREADS 1
| #define HAVE_PTHREAD 1
| /* end confdefs.h.  */
| #include <ac_nonexistent.h>
configure:4937: checking for C compiler vendor
configure:4968: result: gnu
configure:4977: checking for gcc option to accept ISO C99
configure:5126: gcc  -c -g -O2  conftest.c >&5
conftest.c:77:29: error: expected ';', ',' or ')' before 'text'
 test_restrict (ccp restrict text)
                             ^
conftest.c: In function 'main':
conftest.c:131:18: error: expected '=', ',', ';', 'asm' or '__attribute__' before 'newvar'
   char *restrict newvar = "Another string";
                  ^
conftest.c:131:18: error: 'newvar' undeclared (first use in this function)
conftest.c:131:18: note: each undeclared identifier is reported only once for each function it appears in
conftest.c:141:3: error: 'for' loop initial declarations are only allowed in C99 mode
   for (int i = 0; i < ia->datasize; ++i)
   ^
conftest.c:141:3: note: use option -std=c99 or -std=gnu99 to compile your code
configure:5126: $? = 1
configure: failed program was:
| /* confdefs.h */
| #define PACKAGE_NAME "Infernal"
| #define PACKAGE_TARNAME "infernal"
| #define PACKAGE_VERSION "1.1.2"
| #define PACKAGE_STRING "Infernal 1.1.2"
| #define PACKAGE_BUGREPORT "eric.nawrocki@nih.gov"
| #define PACKAGE_URL ""
| #define INFERNAL_DATE "July 2016"
| #define INFERNAL_COPYRIGHT "Copyright (C) 2016 Howard Hughes Medical Institute."
| #define INFERNAL_LICENSE "Freely distributed under a BSD open source license."
| #define INFERNAL_VERSION "1.1.2"
| #define INFERNAL_URL "http://eddylab.org/infernal/"
| #define HMMER_DATE "July 2016"
| #define HMMER_COPYRIGHT "Copyright (C) 2016 Howard Hughes Medical Institute."
| #define HMMER_LICENSE "Freely distributed under a BSD open source licence."
| #define HMMER_VERSION "3.1b3"
| #define HMMER_URL "http://hmmer.org/"
| #define EASEL_DATE "July 2016"
| #define EASEL_COPYRIGHT "Copyright (C) 2016 Howard Hughes Medical Institute"
| #define EASEL_LICENSE "Freely distributed under a BSD open source license."
| #define EASEL_VERSION "0.43"
| #define eslLIBRARY 1
| #define eslDEBUGLEVEL 0
| #define HMMER_THREADS 1
| #define HAVE_PTHREAD 1
| /* end confdefs.h.  */
| #include <stdarg.h>
| #include <stdbool.h>
| #include <stdlib.h>
| #include <wchar.h>
| #include <stdio.h>
| 
| // Check varargs macros.  These examples are taken from C99 6.10.3.5.
| #define debug(...) fprintf (stderr, __VA_ARGS__)
| #define showlist(...) puts (#__VA_ARGS__)
| #define report(test,...) ((test) ? puts (#test) : printf (__VA_ARGS__))
| static void
| test_varargs_macros (void)
| {
|   int x = 1234;
|   int y = 5678;
|   debug ("Flag");
|   debug ("X = %d\n", x);
|   showlist (The first, second, and third items.);
|   report (x>y, "x is %d but y is %d", x, y);
| }
| 
| // Check long long types.
| #define BIG64 18446744073709551615ull
| #define BIG32 4294967295ul
| #define BIG_OK (BIG64 / BIG32 == 4294967297ull && BIG64 % BIG32 == 0)
| #if !BIG_OK
|   your preprocessor is broken;
| #endif
| #if BIG_OK
| #else
|   your preprocessor is broken;
| #endif
| static long long int bignum = -9223372036854775807LL;
| static unsigned long long int ubignum = BIG64;
| 
| struct incomplete_array
| {
|   int datasize;
|   double data[];
| };
| 
| struct named_init {
|   int number;
|   const wchar_t *name;
|   double average;
| };
| 
| typedef const char *ccp;
| 
| static inline int
| test_restrict (ccp restrict text)
| {
|   // See if C++-style comments work.
|   // Iterate through items via the restricted pointer.
|   // Also check for declarations in for loops.
|   for (unsigned int i = 0; *(text+i) != '\0'; ++i)
|     continue;
|   return 0;
| }
| 
| // Check varargs and va_copy.
| static void
| test_varargs (const char *format, ...)
| {
|   va_list args;
|   va_start (args, format);
|   va_list args_copy;
|   va_copy (args_copy, args);
| 
|   const char *str;
|   int number;
|   float fnumber;
| 
|   while (*format)
|     {
|       switch (*format++)
| 	{
| 	case 's': // string
| 	  str = va_arg (args_copy, const char *);
| 	  break;
| 	case 'd': // int
| 	  number = va_arg (args_copy, int);
| 	  break;
| 	case 'f': // float
| 	  fnumber = va_arg (args_copy, double);
| 	  break;
| 	default:
| 	  break;
| 	}
|     }
|   va_end (args_copy);
|   va_end (args);
| }
| 
| int
| main ()
| {
| 
|   // Check bool.
|   _Bool success = false;
| 
|   // Check restrict.
|   if (test_restrict ("String literal") == 0)
|     success = true;
|   char *restrict newvar = "Another string";
| 
|   // Check varargs.
|   test_varargs ("s, d' f .", "string", 65, 34.234);
|   test_varargs_macros ();
| 
|   // Check flexible array members.
|   struct incomplete_array *ia =
|     malloc (sizeof (struct incomplete_array) + (sizeof (double) * 10));
|   ia->datasize = 10;
|   for (int i = 0; i < ia->datasize; ++i)
|     ia->data[i] = i * 1.234;
| 
|   // Check named initializers.
|   struct named_init ni = {
|     .number = 34,
|     .name = L"Test wide string",
|     .average = 543.34343,
|   };
| 
|   ni.number = 58;
| 
|   int dynamic_array[ni.number];
|   dynamic_array[ni.number - 1] = 543;
| 
|   // work around unused variable warnings
|   return (!success || bignum == 0LL || ubignum == 0uLL || newvar[0] == 'x'
| 	  || dynamic_array[ni.number - 1] != 543);
| 
|   ;
|   return 0;
| }
configure:5126: gcc -std=gnu99 -c -g -O2  conftest.c >&5
configure:5126: $? = 0
configure:5146: result: -std=gnu99
configure:5247: checking for gcc -std=gnu99 option to accept ISO Standard C
configure:5261: result: -std=gnu99
configure:5309: checking for ranlib
configure:5325: found /bin/ranlib
configure:5336: result: ranlib
configure:5360: checking for ar
configure:5379: found /bin/ar
configure:5392: result: /bin/ar
configure:5401: checking whether ln -s works
configure:5405: result: yes
configure:5413: checking whether you have a GNU make
configure:5424: result: yes, you do; and we assume you will use it!
configure:5467: checking for gcc -std=gnu99 option to produce PIC
configure:5553: result: -fPIC
configure:5562: checking whether C compiler accepts -msse2
configure:5581: gcc -std=gnu99 -c -msse2  conftest.c >&5
configure:5581: $? = 0
configure:5591: result: yes
configure:5599: checking whether C compiler accepts -msse2 -msse3
configure:5618: gcc -std=gnu99 -c -msse2 -msse3  conftest.c >&5
configure:5618: $? = 0
configure:5628: result: yes
configure:5919: checking compiler support for sse2 cast functions
configure:5944: gcc -std=gnu99 -c -g -O2 -msse2 -msse3  conftest.c >&5
configure:5944: $? = 0
configure:5950: result: yes
configure:5962: checking whether SSE2 is supported
configure:5985: gcc -std=gnu99 -c -g -O2 -msse2 -msse3  conftest.c >&5
configure:5985: $? = 0
configure:5986: result: yes
configure:6051: checking whether _MM_SET_FLUSH_ZERO_MODE is supported
configure:6067: gcc -std=gnu99 -c -g -O2 -msse2 -msse3  conftest.c >&5
configure:6067: $? = 0
configure:6068: result: yes
configure:6083: Activating Intel/AMD SSE optimized DP implementation
configure:6119: checking compiler support --start-group
configure:6134: gcc -std=gnu99 -o conftest -g -O2  -Wl,--start-group -Wl,--end-group  conftest.c  >&5
configure:6134: $? = 0
configure:6135: result: yes
configure:6156: checking for gzip
configure:6174: found /bin/gzip
configure:6187: result: /bin/gzip
configure:6214: checking for library containing clock_gettime
configure:6245: gcc -std=gnu99 -o conftest -g -O2   conftest.c  >&5
configure:6245: $? = 0
configure:6262: result: none required
configure:6274: checking for grep that handles long lines and -e
configure:6332: result: /bin/grep
configure:6337: checking for egrep
configure:6399: result: /bin/grep -E
configure:6404: checking for ANSI C header files
configure:6424: gcc -std=gnu99 -c -g -O2  conftest.c >&5
configure:6424: $? = 0
configure:6497: gcc -std=gnu99 -o conftest -g -O2   conftest.c  >&5
configure:6497: $? = 0
configure:6497: ./conftest
configure:6497: $? = 0
configure:6508: result: yes
configure:6521: checking for sys/types.h
configure:6521: gcc -std=gnu99 -c -g -O2  conftest.c >&5
configure:6521: $? = 0
configure:6521: result: yes
configure:6521: checking for sys/stat.h
configure:6521: gcc -std=gnu99 -c -g -O2  conftest.c >&5
configure:6521: $? = 0
configure:6521: result: yes
configure:6521: checking for stdlib.h
configure:6521: gcc -std=gnu99 -c -g -O2  conftest.c >&5
configure:6521: $? = 0
configure:6521: result: yes
configure:6521: checking for string.h
configure:6521: gcc -std=gnu99 -c -g -O2  conftest.c >&5
configure:6521: $? = 0
configure:6521: result: yes
configure:6521: checking for memory.h
configure:6521: gcc -std=gnu99 -c -g -O2  conftest.c >&5
configure:6521: $? = 0
configure:6521: result: yes
configure:6521: checking for strings.h
configure:6521: gcc -std=gnu99 -c -g -O2  conftest.c >&5
configure:6521: $? = 0
configure:6521: result: yes
configure:6521: checking for inttypes.h
configure:6521: gcc -std=gnu99 -c -g -O2  conftest.c >&5
configure:6521: $? = 0
configure:6521: result: yes
configure:6521: checking for stdint.h
configure:6521: gcc -std=gnu99 -c -g -O2  conftest.c >&5
configure:6521: $? = 0
configure:6521: result: yes
configure:6521: checking for unistd.h
configure:6521: gcc -std=gnu99 -c -g -O2  conftest.c >&5
configure:6521: $? = 0
configure:6521: result: yes
configure:6543: checking endian.h usability
configure:6543: gcc -std=gnu99 -c -g -O2  conftest.c >&5
configure:6543: $? = 0
configure:6543: result: yes
configure:6543: checking endian.h presence
configure:6543: gcc -E  conftest.c
configure:6543: $? = 0
configure:6543: result: yes
configure:6543: checking for endian.h
configure:6543: result: yes
configure:6543: checking for inttypes.h
configure:6543: result: yes
configure:6543: checking for stdint.h
configure:6543: result: yes
configure:6543: checking for unistd.h
configure:6543: result: yes
configure:6543: checking for sys/types.h
configure:6543: result: yes
configure:6543: checking netinet/in.h usability
configure:6543: gcc -std=gnu99 -c -g -O2  conftest.c >&5
configure:6543: $? = 0
configure:6543: result: yes
configure:6543: checking netinet/in.h presence
configure:6543: gcc -E  conftest.c
configure:6543: $? = 0
configure:6543: result: yes
configure:6543: checking for netinet/in.h
configure:6543: result: yes
configure:6559: checking sys/param.h usability
configure:6559: gcc -std=gnu99 -c -g -O2  conftest.c >&5
configure:6559: $? = 0
configure:6559: result: yes
configure:6559: checking sys/param.h presence
configure:6559: gcc -E  conftest.c
configure:6559: $? = 0
configure:6559: result: yes
configure:6559: checking for sys/param.h
configure:6559: result: yes
configure:6571: checking for sys/sysctl.h
configure:6571: gcc -std=gnu99 -c -g -O2  conftest.c >&5
configure:6571: $? = 0
configure:6571: result: yes
configure:6601: checking emmintrin.h usability
configure:6601: gcc -std=gnu99 -c -g -O2  conftest.c >&5
configure:6601: $? = 0
configure:6601: result: yes
configure:6601: checking emmintrin.h presence
configure:6601: gcc -E  conftest.c
configure:6601: $? = 0
configure:6601: result: yes
configure:6601: checking for emmintrin.h
configure:6601: result: yes
configure:6601: checking pmmintrin.h usability
configure:6601: gcc -std=gnu99 -c -g -O2  conftest.c >&5
In file included from conftest.c:84:0:
/usr/lib/gcc/x86_64-redhat-linux/4.8.5/include/pmmintrin.h:31:3: error: #error "SSE3 instruction set not enabled"
 # error "SSE3 instruction set not enabled"
   ^
configure:6601: $? = 1
configure: failed program was:
| /* confdefs.h */
| #define PACKAGE_NAME "Infernal"
| #define PACKAGE_TARNAME "infernal"
| #define PACKAGE_VERSION "1.1.2"
| #define PACKAGE_STRING "Infernal 1.1.2"
| #define PACKAGE_BUGREPORT "eric.nawrocki@nih.gov"
| #define PACKAGE_URL ""
| #define INFERNAL_DATE "July 2016"
| #define INFERNAL_COPYRIGHT "Copyright (C) 2016 Howard Hughes Medical Institute."
| #define INFERNAL_LICENSE "Freely distributed under a BSD open source license."
| #define INFERNAL_VERSION "1.1.2"
| #define INFERNAL_URL "http://eddylab.org/infernal/"
| #define HMMER_DATE "July 2016"
| #define HMMER_COPYRIGHT "Copyright (C) 2016 Howard Hughes Medical Institute."
| #define HMMER_LICENSE "Freely distributed under a BSD open source licence."
| #define HMMER_VERSION "3.1b3"
| #define HMMER_URL "http://hmmer.org/"
| #define EASEL_DATE "July 2016"
| #define EASEL_COPYRIGHT "Copyright (C) 2016 Howard Hughes Medical Institute"
| #define EASEL_LICENSE "Freely distributed under a BSD open source license."
| #define EASEL_VERSION "0.43"
| #define eslLIBRARY 1
| #define eslDEBUGLEVEL 0
| #define HMMER_THREADS 1
| #define HAVE_PTHREAD 1
| #define HAVE_SSE2_CAST 1
| #define HAVE_FLUSH_ZERO_MODE 1
| #define HAVE_SSE2 1
| #define p7_IMPL_SSE 1
| #define HAVE_GZIP 1
| #define STDC_HEADERS 1
| #define HAVE_SYS_TYPES_H 1
| #define HAVE_SYS_STAT_H 1
| #define HAVE_STDLIB_H 1
| #define HAVE_STRING_H 1
| #define HAVE_MEMORY_H 1
| #define HAVE_STRINGS_H 1
| #define HAVE_INTTYPES_H 1
| #define HAVE_STDINT_H 1
| #define HAVE_UNISTD_H 1
| #define HAVE_ENDIAN_H 1
| #define HAVE_INTTYPES_H 1
| #define HAVE_STDINT_H 1
| #define HAVE_UNISTD_H 1
| #define HAVE_SYS_TYPES_H 1
| #define HAVE_NETINET_IN_H 1
| #define HAVE_SYS_PARAM_H 1
| #define HAVE_SYS_SYSCTL_H 1
| #define HAVE_EMMINTRIN_H 1
| /* end confdefs.h.  */
| #include <stdio.h>
| #ifdef HAVE_SYS_TYPES_H
| # include <sys/types.h>
| #endif
| #ifdef HAVE_SYS_STAT_H
| # include <sys/stat.h>
| #endif
| #ifdef STDC_HEADERS
| # include <stdlib.h>
| # include <stddef.h>
| #else
| # ifdef HAVE_STDLIB_H
| #  include <stdlib.h>
| # endif
| #endif
| #ifdef HAVE_STRING_H
| # if !defined STDC_HEADERS && defined HAVE_MEMORY_H
| #  include <memory.h>
| # endif
| # include <string.h>
| #endif
| #ifdef HAVE_STRINGS_H
| # include <strings.h>
| #endif
| #ifdef HAVE_INTTYPES_H
| # include <inttypes.h>
| #endif
| #ifdef HAVE_STDINT_H
| # include <stdint.h>
| #endif
| #ifdef HAVE_UNISTD_H
| # include <unistd.h>
| #endif
| #include <pmmintrin.h>
configure:6601: result: no
configure:6601: checking pmmintrin.h presence
configure:6601: gcc -E  conftest.c
In file included from conftest.c:51:0:
/usr/lib/gcc/x86_64-redhat-linux/4.8.5/include/pmmintrin.h:31:3: error: #error "SSE3 instruction set not enabled"
 # error "SSE3 instruction set not enabled"
   ^
configure:6601: $? = 1
configure: failed program was:
| /* confdefs.h */
| #define PACKAGE_NAME "Infernal"
| #define PACKAGE_TARNAME "infernal"
| #define PACKAGE_VERSION "1.1.2"
| #define PACKAGE_STRING "Infernal 1.1.2"
| #define PACKAGE_BUGREPORT "eric.nawrocki@nih.gov"
| #define PACKAGE_URL ""
| #define INFERNAL_DATE "July 2016"
| #define INFERNAL_COPYRIGHT "Copyright (C) 2016 Howard Hughes Medical Institute."
| #define INFERNAL_LICENSE "Freely distributed under a BSD open source license."
| #define INFERNAL_VERSION "1.1.2"
| #define INFERNAL_URL "http://eddylab.org/infernal/"
| #define HMMER_DATE "July 2016"
| #define HMMER_COPYRIGHT "Copyright (C) 2016 Howard Hughes Medical Institute."
| #define HMMER_LICENSE "Freely distributed under a BSD open source licence."
| #define HMMER_VERSION "3.1b3"
| #define HMMER_URL "http://hmmer.org/"
| #define EASEL_DATE "July 2016"
| #define EASEL_COPYRIGHT "Copyright (C) 2016 Howard Hughes Medical Institute"
| #define EASEL_LICENSE "Freely distributed under a BSD open source license."
| #define EASEL_VERSION "0.43"
| #define eslLIBRARY 1
| #define eslDEBUGLEVEL 0
| #define HMMER_THREADS 1
| #define HAVE_PTHREAD 1
| #define HAVE_SSE2_CAST 1
| #define HAVE_FLUSH_ZERO_MODE 1
| #define HAVE_SSE2 1
| #define p7_IMPL_SSE 1
| #define HAVE_GZIP 1
| #define STDC_HEADERS 1
| #define HAVE_SYS_TYPES_H 1
| #define HAVE_SYS_STAT_H 1
| #define HAVE_STDLIB_H 1
| #define HAVE_STRING_H 1
| #define HAVE_MEMORY_H 1
| #define HAVE_STRINGS_H 1
| #define HAVE_INTTYPES_H 1
| #define HAVE_STDINT_H 1
| #define HAVE_UNISTD_H 1
| #define HAVE_ENDIAN_H 1
| #define HAVE_INTTYPES_H 1
| #define HAVE_STDINT_H 1
| #define HAVE_UNISTD_H 1
| #define HAVE_SYS_TYPES_H 1
| #define HAVE_NETINET_IN_H 1
| #define HAVE_SYS_PARAM_H 1
| #define HAVE_SYS_SYSCTL_H 1
| #define HAVE_EMMINTRIN_H 1
| /* end confdefs.h.  */
| #include <pmmintrin.h>
configure:6601: result: no
configure:6601: checking for pmmintrin.h
configure:6601: result: no
configure:6601: checking xmmintrin.h usability
configure:6601: gcc -std=gnu99 -c -g -O2  conftest.c >&5
configure:6601: $? = 0
configure:6601: result: yes
configure:6601: checking xmmintrin.h presence
configure:6601: gcc -E  conftest.c
configure:6601: $? = 0
configure:6601: result: yes
configure:6601: checking for xmmintrin.h
configure:6601: result: yes
configure:6637: checking whether byte ordering is bigendian
configure:6652: gcc -std=gnu99 -c -g -O2  conftest.c >&5
conftest.c:53:9: error: unknown type name 'not'
         not a universal capable compiler
         ^
conftest.c:53:15: error: expected '=', ',', ';', 'asm' or '__attribute__' before 'universal'
         not a universal capable compiler
               ^
conftest.c:53:15: error: unknown type name 'universal'
configure:6652: $? = 1
configure: failed program was:
| /* confdefs.h */
| #define PACKAGE_NAME "Infernal"
| #define PACKAGE_TARNAME "infernal"
| #define PACKAGE_VERSION "1.1.2"
| #define PACKAGE_STRING "Infernal 1.1.2"
| #define PACKAGE_BUGREPORT "eric.nawrocki@nih.gov"
| #define PACKAGE_URL ""
| #define INFERNAL_DATE "July 2016"
| #define INFERNAL_COPYRIGHT "Copyright (C) 2016 Howard Hughes Medical Institute."
| #define INFERNAL_LICENSE "Freely distributed under a BSD open source license."
| #define INFERNAL_VERSION "1.1.2"
| #define INFERNAL_URL "http://eddylab.org/infernal/"
| #define HMMER_DATE "July 2016"
| #define HMMER_COPYRIGHT "Copyright (C) 2016 Howard Hughes Medical Institute."
| #define HMMER_LICENSE "Freely distributed under a BSD open source licence."
| #define HMMER_VERSION "3.1b3"
| #define HMMER_URL "http://hmmer.org/"
| #define EASEL_DATE "July 2016"
| #define EASEL_COPYRIGHT "Copyright (C) 2016 Howard Hughes Medical Institute"
| #define EASEL_LICENSE "Freely distributed under a BSD open source license."
| #define EASEL_VERSION "0.43"
| #define eslLIBRARY 1
| #define eslDEBUGLEVEL 0
| #define HMMER_THREADS 1
| #define HAVE_PTHREAD 1
| #define HAVE_SSE2_CAST 1
| #define HAVE_FLUSH_ZERO_MODE 1
| #define HAVE_SSE2 1
| #define p7_IMPL_SSE 1
| #define HAVE_GZIP 1
| #define STDC_HEADERS 1
| #define HAVE_SYS_TYPES_H 1
| #define HAVE_SYS_STAT_H 1
| #define HAVE_STDLIB_H 1
| #define HAVE_STRING_H 1
| #define HAVE_MEMORY_H 1
| #define HAVE_STRINGS_H 1
| #define HAVE_INTTYPES_H 1
| #define HAVE_STDINT_H 1
| #define HAVE_UNISTD_H 1
| #define HAVE_ENDIAN_H 1
| #define HAVE_INTTYPES_H 1
| #define HAVE_STDINT_H 1
| #define HAVE_UNISTD_H 1
| #define HAVE_SYS_TYPES_H 1
| #define HAVE_NETINET_IN_H 1
| #define HAVE_SYS_PARAM_H 1
| #define HAVE_SYS_SYSCTL_H 1
| #define HAVE_EMMINTRIN_H 1
| #define HAVE_XMMINTRIN_H 1
| /* end confdefs.h.  */
| #ifndef __APPLE_CC__
| 	       not a universal capable compiler
| 	     #endif
| 	     typedef int dummy;
| 
configure:6697: gcc -std=gnu99 -c -g -O2  conftest.c >&5
configure:6697: $? = 0
configure:6715: gcc -std=gnu99 -c -g -O2  conftest.c >&5
conftest.c: In function 'main':
conftest.c:59:4: error: unknown type name 'not'
    not big endian
    ^
conftest.c:59:12: error: expected '=', ',', ';', 'asm' or '__attribute__' before 'endian'
    not big endian
            ^
configure:6715: $? = 1
configure: failed program was:
| /* confdefs.h */
| #define PACKAGE_NAME "Infernal"
| #define PACKAGE_TARNAME "infernal"
| #define PACKAGE_VERSION "1.1.2"
| #define PACKAGE_STRING "Infernal 1.1.2"
| #define PACKAGE_BUGREPORT "eric.nawrocki@nih.gov"
| #define PACKAGE_URL ""
| #define INFERNAL_DATE "July 2016"
| #define INFERNAL_COPYRIGHT "Copyright (C) 2016 Howard Hughes Medical Institute."
| #define INFERNAL_LICENSE "Freely distributed under a BSD open source license."
| #define INFERNAL_VERSION "1.1.2"
| #define INFERNAL_URL "http://eddylab.org/infernal/"
| #define HMMER_DATE "July 2016"
| #define HMMER_COPYRIGHT "Copyright (C) 2016 Howard Hughes Medical Institute."
| #define HMMER_LICENSE "Freely distributed under a BSD open source licence."
| #define HMMER_VERSION "3.1b3"
| #define HMMER_URL "http://hmmer.org/"
| #define EASEL_DATE "July 2016"
| #define EASEL_COPYRIGHT "Copyright (C) 2016 Howard Hughes Medical Institute"
| #define EASEL_LICENSE "Freely distributed under a BSD open source license."
| #define EASEL_VERSION "0.43"
| #define eslLIBRARY 1
| #define eslDEBUGLEVEL 0
| #define HMMER_THREADS 1
| #define HAVE_PTHREAD 1
| #define HAVE_SSE2_CAST 1
| #define HAVE_FLUSH_ZERO_MODE 1
| #define HAVE_SSE2 1
| #define p7_IMPL_SSE 1
| #define HAVE_GZIP 1
| #define STDC_HEADERS 1
| #define HAVE_SYS_TYPES_H 1
| #define HAVE_SYS_STAT_H 1
| #define HAVE_STDLIB_H 1
| #define HAVE_STRING_H 1
| #define HAVE_MEMORY_H 1
| #define HAVE_STRINGS_H 1
| #define HAVE_INTTYPES_H 1
| #define HAVE_STDINT_H 1
| #define HAVE_UNISTD_H 1
| #define HAVE_ENDIAN_H 1
| #define HAVE_INTTYPES_H 1
| #define HAVE_STDINT_H 1
| #define HAVE_UNISTD_H 1
| #define HAVE_SYS_TYPES_H 1
| #define HAVE_NETINET_IN_H 1
| #define HAVE_SYS_PARAM_H 1
| #define HAVE_SYS_SYSCTL_H 1
| #define HAVE_EMMINTRIN_H 1
| #define HAVE_XMMINTRIN_H 1
| /* end confdefs.h.  */
| #include <sys/types.h>
| 		#include <sys/param.h>
| 
| int
| main ()
| {
| #if BYTE_ORDER != BIG_ENDIAN
| 		 not big endian
| 		#endif
| 
|   ;
|   return 0;
| }
configure:6843: result: no
configure:6861: checking for uint8_t
configure:6861: gcc -std=gnu99 -c -g -O2  conftest.c >&5
configure:6861: $? = 0
configure:6861: result: yes
configure:6875: checking for uint16_t
configure:6875: gcc -std=gnu99 -c -g -O2  conftest.c >&5
configure:6875: $? = 0
configure:6875: result: yes
configure:6887: checking for uint32_t
configure:6887: gcc -std=gnu99 -c -g -O2  conftest.c >&5
configure:6887: $? = 0
configure:6887: result: yes
configure:6901: checking for uint64_t
configure:6901: gcc -std=gnu99 -c -g -O2  conftest.c >&5
configure:6901: $? = 0
configure:6901: result: yes
configure:6915: checking for off_t
configure:6915: gcc -std=gnu99 -c -g -O2  conftest.c >&5
configure:6915: $? = 0
configure:6915: gcc -std=gnu99 -c -g -O2  conftest.c >&5
conftest.c: In function 'main':
conftest.c:88:20: error: expected expression before ')' token
 if (sizeof ((off_t)))
                    ^
configure:6915: $? = 1
configure: failed program was:
| /* confdefs.h */
| #define PACKAGE_NAME "Infernal"
| #define PACKAGE_TARNAME "infernal"
| #define PACKAGE_VERSION "1.1.2"
| #define PACKAGE_STRING "Infernal 1.1.2"
| #define PACKAGE_BUGREPORT "eric.nawrocki@nih.gov"
| #define PACKAGE_URL ""
| #define INFERNAL_DATE "July 2016"
| #define INFERNAL_COPYRIGHT "Copyright (C) 2016 Howard Hughes Medical Institute."
| #define INFERNAL_LICENSE "Freely distributed under a BSD open source license."
| #define INFERNAL_VERSION "1.1.2"
| #define INFERNAL_URL "http://eddylab.org/infernal/"
| #define HMMER_DATE "July 2016"
| #define HMMER_COPYRIGHT "Copyright (C) 2016 Howard Hughes Medical Institute."
| #define HMMER_LICENSE "Freely distributed under a BSD open source licence."
| #define HMMER_VERSION "3.1b3"
| #define HMMER_URL "http://hmmer.org/"
| #define EASEL_DATE "July 2016"
| #define EASEL_COPYRIGHT "Copyright (C) 2016 Howard Hughes Medical Institute"
| #define EASEL_LICENSE "Freely distributed under a BSD open source license."
| #define EASEL_VERSION "0.43"
| #define eslLIBRARY 1
| #define eslDEBUGLEVEL 0
| #define HMMER_THREADS 1
| #define HAVE_PTHREAD 1
| #define HAVE_SSE2_CAST 1
| #define HAVE_FLUSH_ZERO_MODE 1
| #define HAVE_SSE2 1
| #define p7_IMPL_SSE 1
| #define HAVE_GZIP 1
| #define STDC_HEADERS 1
| #define HAVE_SYS_TYPES_H 1
| #define HAVE_SYS_STAT_H 1
| #define HAVE_STDLIB_H 1
| #define HAVE_STRING_H 1
| #define HAVE_MEMORY_H 1
| #define HAVE_STRINGS_H 1
| #define HAVE_INTTYPES_H 1
| #define HAVE_STDINT_H 1
| #define HAVE_UNISTD_H 1
| #define HAVE_ENDIAN_H 1
| #define HAVE_INTTYPES_H 1
| #define HAVE_STDINT_H 1
| #define HAVE_UNISTD_H 1
| #define HAVE_SYS_TYPES_H 1
| #define HAVE_NETINET_IN_H 1
| #define HAVE_SYS_PARAM_H 1
| #define HAVE_SYS_SYSCTL_H 1
| #define HAVE_EMMINTRIN_H 1
| #define HAVE_XMMINTRIN_H 1
| /* end confdefs.h.  */
| #include <stdio.h>
| #ifdef HAVE_SYS_TYPES_H
| # include <sys/types.h>
| #endif
| #ifdef HAVE_SYS_STAT_H
| # include <sys/stat.h>
| #endif
| #ifdef STDC_HEADERS
| # include <stdlib.h>
| # include <stddef.h>
| #else
| # ifdef HAVE_STDLIB_H
| #  include <stdlib.h>
| # endif
| #endif
| #ifdef HAVE_STRING_H
| # if !defined STDC_HEADERS && defined HAVE_MEMORY_H
| #  include <memory.h>
| # endif
| # include <string.h>
| #endif
| #ifdef HAVE_STRINGS_H
| # include <strings.h>
| #endif
| #ifdef HAVE_INTTYPES_H
| # include <inttypes.h>
| #endif
| #ifdef HAVE_STDINT_H
| # include <stdint.h>
| #endif
| #ifdef HAVE_UNISTD_H
| # include <unistd.h>
| #endif
| int
| main ()
| {
| if (sizeof ((off_t)))
| 	    return 0;
|   ;
|   return 0;
| }
configure:6915: result: yes
configure:6931: checking for mkstemp
configure:6931: gcc -std=gnu99 -o conftest -g -O2   conftest.c  >&5
configure:6931: $? = 0
configure:6931: result: yes
configure:6942: checking for popen
configure:6942: gcc -std=gnu99 -o conftest -g -O2   conftest.c  >&5
configure:6942: $? = 0
configure:6942: result: yes
configure:6953: checking for strcasecmp
configure:6953: gcc -std=gnu99 -o conftest -g -O2   conftest.c  >&5
conftest.c:77:6: warning: conflicting types for built-in function 'strcasecmp' [enabled by default]
 char strcasecmp ();
      ^
configure:6953: $? = 0
configure:6953: result: yes
configure:6964: checking for times
configure:6964: gcc -std=gnu99 -o conftest -g -O2   conftest.c  >&5
configure:6964: $? = 0
configure:6964: result: yes
configure:6975: checking for getpid
configure:6975: gcc -std=gnu99 -o conftest -g -O2   conftest.c  >&5
configure:6975: $? = 0
configure:6975: result: yes
configure:6986: checking for sysctl
configure:6986: gcc -std=gnu99 -o conftest -g -O2   conftest.c  >&5
configure:6986: $? = 0
configure:6986: result: yes
configure:6997: checking for sysconf
configure:6997: gcc -std=gnu99 -o conftest -g -O2   conftest.c  >&5
configure:6997: $? = 0
configure:6997: result: yes
configure:7008: checking for getcwd
configure:7008: gcc -std=gnu99 -o conftest -g -O2   conftest.c  >&5
configure:7008: $? = 0
configure:7008: result: yes
configure:7019: checking for stat
configure:7019: gcc -std=gnu99 -o conftest -g -O2   conftest.c  >&5
configure:7019: $? = 0
configure:7019: result: yes
configure:7030: checking for fstat
configure:7030: gcc -std=gnu99 -o conftest -g -O2   conftest.c  >&5
configure:7030: $? = 0
configure:7030: result: yes
configure:7042: checking for ntohs
configure:7042: gcc -std=gnu99 -o conftest -g -O2   conftest.c  >&5
configure:7042: $? = 0
configure:7042: result: yes
configure:7099: checking for ntohl
configure:7099: gcc -std=gnu99 -o conftest -g -O2   conftest.c  >&5
configure:7099: $? = 0
configure:7099: result: yes
configure:7156: checking for htons
configure:7156: gcc -std=gnu99 -o conftest -g -O2   conftest.c  >&5
configure:7156: $? = 0
configure:7156: result: yes
configure:7213: checking for htonl
configure:7213: gcc -std=gnu99 -o conftest -g -O2   conftest.c  >&5
configure:7213: $? = 0
configure:7213: result: yes
configure:7268: checking for _LARGEFILE_SOURCE value needed for large files
configure:7287: gcc -std=gnu99 -o conftest -g -O2   conftest.c  >&5
configure:7287: $? = 0
configure:7315: result: no
configure:7347: checking for special C compiler options needed for large files
configure:7392: result: no
configure:7398: checking for _FILE_OFFSET_BITS value needed for large files
configure:7423: gcc -std=gnu99 -c -g -O2  conftest.c >&5
configure:7423: $? = 0
configure:7455: result: no
configure:7741: creating ./config.status

## ---------------------- ##
## Running config.status. ##
## ---------------------- ##

This file was extended by Infernal config.status 1.1.2, which was
generated by GNU Autoconf 2.69.  Invocation command line was

  CONFIG_FILES    = 
  CONFIG_HEADERS  = 
  CONFIG_LINKS    = 
  CONFIG_COMMANDS = 
  $ ./config.status 

on apollo2.chemistry.gatech.edu

config.status:932: creating src/Makefile
config.status:932: creating src/impl_sse/Makefile
config.status:932: creating testsuite/Makefile
config.status:932: creating rmark/Makefile
config.status:932: creating documentation/Makefile
config.status:932: creating documentation/manpages/Makefile
config.status:932: creating documentation/userguide/Makefile
config.status:932: creating hmmer/documentation/Makefile
config.status:932: creating hmmer/documentation/man/Makefile
config.status:932: creating hmmer/documentation/userguide/Makefile
config.status:932: creating hmmer/src/Makefile
config.status:932: creating hmmer/testsuite/Makefile
config.status:932: creating hmmer/profmark/Makefile
config.status:932: creating hmmer/src/impl_sse/Makefile
config.status:932: creating hmmer/libdivsufsort/Makefile
config.status:932: creating hmmer/Makefile
config.status:932: creating easel/miniapps/Makefile
config.status:932: creating easel/testsuite/Makefile
config.status:932: creating easel/Makefile
config.status:932: creating easel/documentation/Makefile
config.status:932: creating Makefile
config.status:932: creating src/config.h
config.status:932: creating hmmer/src/p7_config.h
config.status:932: creating hmmer/libdivsufsort/divsufsort.h
config.status:932: creating easel/esl_config.h
config.status:1121: executing hmmer/src/impl commands

## ---------------- ##
## Cache variables. ##
## ---------------- ##

ac_cv_build=x86_64-unknown-linux-gnu
ac_cv_c_bigendian=no
ac_cv_c_compiler_gnu=yes
ac_cv_c_uint16_t=yes
ac_cv_c_uint32_t=yes
ac_cv_c_uint64_t=yes
ac_cv_c_uint8_t=yes
ac_cv_env_CC_set=
ac_cv_env_CC_value=
ac_cv_env_CFLAGS_set=
ac_cv_env_CFLAGS_value=
ac_cv_env_CPPFLAGS_set=
ac_cv_env_CPPFLAGS_value=
ac_cv_env_CPP_set=
ac_cv_env_CPP_value=
ac_cv_env_LDFLAGS_set=
ac_cv_env_LDFLAGS_value=
ac_cv_env_LIBS_set=
ac_cv_env_LIBS_value=
ac_cv_env_MPICC_set=
ac_cv_env_MPICC_value=
ac_cv_env_PIC_FLAGS_set=
ac_cv_env_PIC_FLAGS_value=
ac_cv_env_build_alias_set=
ac_cv_env_build_alias_value=
ac_cv_env_host_alias_set=
ac_cv_env_host_alias_value=
ac_cv_env_target_alias_set=
ac_cv_env_target_alias_value=
ac_cv_func_fstat=yes
ac_cv_func_getcwd=yes
ac_cv_func_getpid=yes
ac_cv_func_htonl=yes
ac_cv_func_htons=yes
ac_cv_func_mkstemp=yes
ac_cv_func_ntohl=yes
ac_cv_func_ntohs=yes
ac_cv_func_popen=yes
ac_cv_func_stat=yes
ac_cv_func_strcasecmp=yes
ac_cv_func_sysconf=yes
ac_cv_func_sysctl=yes
ac_cv_func_times=yes
ac_cv_header_emmintrin_h=yes
ac_cv_header_endian_h=yes
ac_cv_header_inttypes_h=yes
ac_cv_header_memory_h=yes
ac_cv_header_netinet_in_h=yes
ac_cv_header_pmmintrin_h=no
ac_cv_header_stdc=yes
ac_cv_header_stdint_h=yes
ac_cv_header_stdlib_h=yes
ac_cv_header_string_h=yes
ac_cv_header_strings_h=yes
ac_cv_header_sys_param_h=yes
ac_cv_header_sys_stat_h=yes
ac_cv_header_sys_sysctl_h=yes
ac_cv_header_sys_types_h=yes
ac_cv_header_unistd_h=yes
ac_cv_header_xmmintrin_h=yes
ac_cv_host=x86_64-unknown-linux-gnu
ac_cv_objext=o
ac_cv_path_AR=/bin/ar
ac_cv_path_EGREP='/bin/grep -E'
ac_cv_path_GREP=/bin/grep
ac_cv_path_HAVE_GZIP=/bin/gzip
ac_cv_path_install='/bin/install -c'
ac_cv_prog_CPP='gcc -E'
ac_cv_prog_PTHREAD_CC=gcc
ac_cv_prog_ac_ct_CC=gcc
ac_cv_prog_ac_ct_RANLIB=ranlib
ac_cv_prog_cc_c89=
ac_cv_prog_cc_c99=-std=gnu99
ac_cv_prog_cc_g=yes
ac_cv_prog_cc_stdc=-std=gnu99
ac_cv_search_clock_gettime='none required'
ac_cv_sys_file_offset_bits=no
ac_cv_sys_largefile_CC=no
ac_cv_sys_largefile_source=no
ac_cv_type_off_t=yes
ax_cv_c_compiler_vendor=gnu
ax_cv_c_flags__msse2=yes
ax_cv_c_flags__msse2__msse3=yes

## ----------------- ##
## Output variables. ##
## ----------------- ##

AR='/bin/ar'
CC='gcc -std=gnu99'
CFLAGS='-g -O2'
CPP='gcc -E'
CPPFLAGS=''
DEFS='-DHAVE_CONFIG_H'
EASEL_COPYRIGHT='Copyright (C) 2016 Howard Hughes Medical Institute'
EASEL_DATE='July 2016'
EASEL_LICENSE='Freely distributed under a BSD open source license.'
EASEL_URL='http://bioeasel.org/'
EASEL_VERSION='0.43'
ECHO_C=''
ECHO_N='-n'
ECHO_T=''
EGREP='/bin/grep -E'
EXEC_DEPENDENCY='%: %.o'
EXEEXT=''
GREP='/bin/grep'
GROUPHMMERLIBS='-Wl,--start-group -lhmmer -lhmmerimpl -Wl,--end-group'
HAVE_GZIP='/bin/gzip'
HMMERIMPLLIB='impl_sse/libhmmerimpl.a'
HMMER_COPYRIGHT='Copyright (C) 2016 Howard Hughes Medical Institute.'
HMMER_DATE='July 2016'
HMMER_ESLDIR='../easel'
HMMER_LICENSE='Freely distributed under a BSD open source licence.'
HMMER_SADIR='libdivsufsort'
HMMER_URL='http://hmmer.org/'
HMMER_VERSION='3.1b3'
IMPL_CHOICE='sse'
INFERNAL_COPYRIGHT='Copyright (C) 2016 Howard Hughes Medical Institute.'
INFERNAL_DATE='July 2016'
INFERNAL_ESLDIR='easel'
INFERNAL_HMMERDIR='hmmer'
INFERNAL_IMPLDIR='impl_sse'
INFERNAL_LICENSE='Freely distributed under a BSD open source license.'
INFERNAL_SADIR='hmmer/libdivsufsort'
INFERNAL_URL='http://eddylab.org/infernal/'
INFERNAL_VERSION='1.1.2'
INSTALL_DATA='${INSTALL} -m 644'
INSTALL_PROGRAM='${INSTALL}'
INSTALL_SCRIPT='${INSTALL}'
LDFLAGS=''
LIBGSL=''
LIBOBJS=''
LIBS=''
LN_S='ln -s'
LTLIBOBJS=''
MPICC=''
MPILIBS=''
MPI_BENCHMARKS=''
MPI_UTESTS=''
OBJEXT='o'
PACKAGE_BUGREPORT='eric.nawrocki@nih.gov'
PACKAGE_NAME='Infernal'
PACKAGE_STRING='Infernal 1.1.2'
PACKAGE_TARNAME='infernal'
PACKAGE_URL=''
PACKAGE_VERSION='1.1.2'
PATH_SEPARATOR=':'
PIC_FLAGS='-fPIC'
PTHREAD_CC='gcc'
PTHREAD_CFLAGS='-pthread'
PTHREAD_LIBS=''
RANLIB='ranlib'
SHELL='/bin/sh'
SIMD_CFLAGS='-msse2 -msse3'
ac_ct_CC='gcc'
acx_pthread_config=''
bindir='${exec_prefix}/bin'
build='x86_64-unknown-linux-gnu'
build_alias=''
build_cpu='x86_64'
build_os='linux-gnu'
build_vendor='unknown'
datadir='${datarootdir}'
datarootdir='${prefix}/share'
docdir='${datarootdir}/doc/${PACKAGE_TARNAME}'
dvidir='${docdir}'
exec_prefix='${prefix}'
host='x86_64-unknown-linux-gnu'
host_alias=''
host_cpu='x86_64'
host_os='linux-gnu'
host_vendor='unknown'
htmldir='${docdir}'
includedir='${prefix}/include'
infodir='${datarootdir}/info'
libdir='${exec_prefix}/lib'
libexecdir='${exec_prefix}/libexec'
localedir='${datarootdir}/locale'
localstatedir='${prefix}/var'
mandir='${datarootdir}/man'
oldincludedir='/usr/include'
pdfdir='${docdir}'
prefix='/home/RiboVision3/R2DT/rna/rscape'
program_transform_name='s,x,x,'
psdir='${docdir}'
sbindir='${exec_prefix}/sbin'
sharedstatedir='${prefix}/com'
sysconfdir='${prefix}/etc'
target_alias=''

## ----------- ##
## confdefs.h. ##
## ----------- ##

/* confdefs.h */
#define PACKAGE_NAME "Infernal"
#define PACKAGE_TARNAME "infernal"
#define PACKAGE_VERSION "1.1.2"
#define PACKAGE_STRING "Infernal 1.1.2"
#define PACKAGE_BUGREPORT "eric.nawrocki@nih.gov"
#define PACKAGE_URL ""
#define INFERNAL_DATE "July 2016"
#define INFERNAL_COPYRIGHT "Copyright (C) 2016 Howard Hughes Medical Institute."
#define INFERNAL_LICENSE "Freely distributed under a BSD open source license."
#define INFERNAL_VERSION "1.1.2"
#define INFERNAL_URL "http://eddylab.org/infernal/"
#define HMMER_DATE "July 2016"
#define HMMER_COPYRIGHT "Copyright (C) 2016 Howard Hughes Medical Institute."
#define HMMER_LICENSE "Freely distributed under a BSD open source licence."
#define HMMER_VERSION "3.1b3"
#define HMMER_URL "http://hmmer.org/"
#define EASEL_DATE "July 2016"
#define EASEL_COPYRIGHT "Copyright (C) 2016 Howard Hughes Medical Institute"
#define EASEL_LICENSE "Freely distributed under a BSD open source license."
#define EASEL_VERSION "0.43"
#define eslLIBRARY 1
#define eslDEBUGLEVEL 0
#define HMMER_THREADS 1
#define HAVE_PTHREAD 1
#define HAVE_SSE2_CAST 1
#define HAVE_FLUSH_ZERO_MODE 1
#define HAVE_SSE2 1
#define p7_IMPL_SSE 1
#define HAVE_GZIP 1
#define STDC_HEADERS 1
#define HAVE_SYS_TYPES_H 1
#define HAVE_SYS_STAT_H 1
#define HAVE_STDLIB_H 1
#define HAVE_STRING_H 1
#define HAVE_MEMORY_H 1
#define HAVE_STRINGS_H 1
#define HAVE_INTTYPES_H 1
#define HAVE_STDINT_H 1
#define HAVE_UNISTD_H 1
#define HAVE_ENDIAN_H 1
#define HAVE_INTTYPES_H 1
#define HAVE_STDINT_H 1
#define HAVE_UNISTD_H 1
#define HAVE_SYS_TYPES_H 1
#define HAVE_NETINET_IN_H 1
#define HAVE_SYS_PARAM_H 1
#define HAVE_SYS_SYSCTL_H 1
#define HAVE_EMMINTRIN_H 1
#define HAVE_XMMINTRIN_H 1
#define HAVE_MKSTEMP 1
#define HAVE_POPEN 1
#define HAVE_STRCASECMP 1
#define HAVE_TIMES 1
#define HAVE_GETPID 1
#define HAVE_SYSCTL 1
#define HAVE_SYSCONF 1
#define HAVE_GETCWD 1
#define HAVE_STAT 1
#define HAVE_FSTAT 1
#define HAVE_NTOHS 1
#define HAVE_NTOHL 1
#define HAVE_HTONS 1
#define HAVE_HTONL 1
#define HAVE_FSEEKO 1

configure: exit 0
