This file contains any messages produced by compilers while
running configure, to aid debugging if configure makes a mistake.

It was created by HMMER configure 3.3.2, which was
generated by GNU Autoconf 2.69.  Invocation command line was

  $ ./configure --disable-option-checking --silent --prefix=/home/RiboVision3/R2DT1_4/rscape --cache-file=/dev/null --srcdir=.

## --------- ##
## Platform. ##
## --------- ##

hostname = apollo2.chemistry.gatech.edu
uname -m = x86_64
uname -r = 4.18.0-477.10.1.el8_8.x86_64
uname -s = Linux
uname -v = #1 SMP Wed Apr 5 13:35:01 EDT 2023

/usr/bin/uname -p = x86_64
/bin/uname -X     = unknown

/bin/arch              = x86_64
/usr/bin/arch -k       = unknown
/usr/convex/getsysinfo = unknown
/usr/bin/hostinfo      = unknown
/bin/machine           = unknown
/usr/bin/oslevel       = unknown
/bin/universe          = unknown

PATH: /sbin
PATH: /bin
PATH: /usr/sbin
PATH: /usr/bin


## ----------- ##
## Core tests. ##
## ----------- ##

configure:2292: Configuring HMMER3 for your system.
configure:2448: checking build system type
configure:2462: result: x86_64-pc-linux-gnu
configure:2482: checking host system type
configure:2495: result: x86_64-pc-linux-gnu
configure:2686: checking whether to compile using MPI
configure:2693: result: no
configure:2850: checking for gcc
configure:2866: found /bin/gcc
configure:2877: result: gcc
configure:3106: checking for C compiler version
configure:3115: gcc --version >&5
gcc (GCC) 8.5.0 20210514 (Red Hat 8.5.0-16)
Copyright (C) 2018 Free Software Foundation, Inc.
This is free software; see the source for copying conditions.  There is NO
warranty; not even for MERCHANTABILITY or FITNESS FOR A PARTICULAR PURPOSE.

configure:3126: $? = 0
configure:3115: gcc -v >&5
Using built-in specs.
COLLECT_GCC=gcc
COLLECT_LTO_WRAPPER=/usr/libexec/gcc/x86_64-redhat-linux/8/lto-wrapper
OFFLOAD_TARGET_NAMES=nvptx-none
OFFLOAD_TARGET_DEFAULT=1
Target: x86_64-redhat-linux
Configured with: ../configure --enable-bootstrap --enable-languages=c,c++,fortran,lto --prefix=/usr --mandir=/usr/share/man --infodir=/usr/share/info --with-bugurl=http://bugzilla.redhat.com/bugzilla --enable-shared --enable-threads=posix --enable-checking=release --enable-multilib --with-system-zlib --enable-__cxa_atexit --disable-libunwind-exceptions --enable-gnu-unique-object --enable-linker-build-id --with-gcc-major-version-only --with-linker-hash-style=gnu --enable-plugin --enable-initfini-array --with-isl --disable-libmpx --enable-offload-targets=nvptx-none --without-cuda-driver --enable-gnu-indirect-function --enable-cet --with-tune=generic --with-arch_32=x86-64 --build=x86_64-redhat-linux
Thread model: posix
gcc version 8.5.0 20210514 (Red Hat 8.5.0-16) (GCC) 
configure:3126: $? = 0
configure:3115: gcc -V >&5
gcc: error: unrecognized command line option '-V'
gcc: fatal error: no input files
compilation terminated.
configure:3126: $? = 1
configure:3115: gcc -qversion >&5
gcc: error: unrecognized command line option '-qversion'; did you mean '--version'?
gcc: fatal error: no input files
compilation terminated.
configure:3126: $? = 1
configure:3146: checking whether the C compiler works
configure:3168: gcc    conftest.c  >&5
configure:3172: $? = 0
configure:3220: result: yes
configure:3223: checking for C compiler default output file name
configure:3225: result: a.out
configure:3231: checking for suffix of executables
configure:3238: gcc -o conftest    conftest.c  >&5
configure:3242: $? = 0
configure:3264: result: 
configure:3286: checking whether we are cross compiling
configure:3294: gcc -o conftest    conftest.c  >&5
configure:3298: $? = 0
configure:3305: ./conftest
configure:3309: $? = 0
configure:3324: result: no
configure:3329: checking for suffix of object files
configure:3351: gcc -c   conftest.c >&5
configure:3355: $? = 0
configure:3376: result: o
configure:3380: checking whether we are using the GNU C compiler
configure:3399: gcc -c   conftest.c >&5
configure:3399: $? = 0
configure:3408: result: yes
configure:3417: checking whether gcc accepts -g
configure:3437: gcc -c -g  conftest.c >&5
configure:3437: $? = 0
configure:3478: result: yes
configure:3495: checking for gcc option to accept ISO C89
configure:3558: gcc  -c   conftest.c >&5
configure:3558: $? = 0
configure:3571: result: none needed
configure:3769: checking for gcc
configure:3796: result: gcc
configure:4025: checking for C compiler version
configure:4034: gcc --version >&5
gcc (GCC) 8.5.0 20210514 (Red Hat 8.5.0-16)
Copyright (C) 2018 Free Software Foundation, Inc.
This is free software; see the source for copying conditions.  There is NO
warranty; not even for MERCHANTABILITY or FITNESS FOR A PARTICULAR PURPOSE.

configure:4045: $? = 0
configure:4034: gcc -v >&5
Using built-in specs.
COLLECT_GCC=gcc
COLLECT_LTO_WRAPPER=/usr/libexec/gcc/x86_64-redhat-linux/8/lto-wrapper
OFFLOAD_TARGET_NAMES=nvptx-none
OFFLOAD_TARGET_DEFAULT=1
Target: x86_64-redhat-linux
Configured with: ../configure --enable-bootstrap --enable-languages=c,c++,fortran,lto --prefix=/usr --mandir=/usr/share/man --infodir=/usr/share/info --with-bugurl=http://bugzilla.redhat.com/bugzilla --enable-shared --enable-threads=posix --enable-checking=release --enable-multilib --with-system-zlib --enable-__cxa_atexit --disable-libunwind-exceptions --enable-gnu-unique-object --enable-linker-build-id --with-gcc-major-version-only --with-linker-hash-style=gnu --enable-plugin --enable-initfini-array --with-isl --disable-libmpx --enable-offload-targets=nvptx-none --without-cuda-driver --enable-gnu-indirect-function --enable-cet --with-tune=generic --with-arch_32=x86-64 --build=x86_64-redhat-linux
Thread model: posix
gcc version 8.5.0 20210514 (Red Hat 8.5.0-16) (GCC) 
configure:4045: $? = 0
configure:4034: gcc -V >&5
gcc: error: unrecognized command line option '-V'
gcc: fatal error: no input files
compilation terminated.
configure:4045: $? = 1
configure:4034: gcc -qversion >&5
gcc: error: unrecognized command line option '-qversion'; did you mean '--version'?
gcc: fatal error: no input files
compilation terminated.
configure:4045: $? = 1
configure:4049: checking whether we are using the GNU C compiler
configure:4077: result: yes
configure:4086: checking whether gcc accepts -g
configure:4147: result: yes
configure:4164: checking for gcc option to accept ISO C89
configure:4240: result: none needed
configure:4267: checking how to run the C preprocessor
configure:4298: gcc -E  conftest.c
configure:4298: $? = 0
configure:4312: gcc -E  conftest.c
conftest.c:20:10: fatal error: ac_nonexistent.h: No such file or directory
 #include <ac_nonexistent.h>
          ^~~~~~~~~~~~~~~~~~
compilation terminated.
configure:4312: $? = 1
configure: failed program was:
| /* confdefs.h */
| #define PACKAGE_NAME "HMMER"
| #define PACKAGE_TARNAME "hmmer"
| #define PACKAGE_VERSION "3.3.2"
| #define PACKAGE_STRING "HMMER 3.3.2"
| #define PACKAGE_BUGREPORT "sean@eddylab.org"
| #define PACKAGE_URL ""
| #define HMMER_DATE "Nov 2020"
| #define HMMER_COPYRIGHT "Copyright (C) 2020 Howard Hughes Medical Institute."
| #define HMMER_LICENSE "Freely distributed under the BSD open source license."
| #define HMMER_VERSION "3.3.2"
| #define HMMER_URL "http://hmmer.org/"
| #define EASEL_DATE "Nov 2020"
| #define EASEL_COPYRIGHT "Copyright (C) 2020 Howard Hughes Medical Institute."
| #define EASEL_LICENSE "Freely distributed under the BSD open source license."
| #define EASEL_VERSION "0.48"
| #define EASEL_URL "http://bioeasel.org/"
| #define eslDEBUGLEVEL 0
| /* end confdefs.h.  */
| #include <ac_nonexistent.h>
configure:4337: result: gcc -E
configure:4357: gcc -E  conftest.c
configure:4357: $? = 0
configure:4371: gcc -E  conftest.c
conftest.c:20:10: fatal error: ac_nonexistent.h: No such file or directory
 #include <ac_nonexistent.h>
          ^~~~~~~~~~~~~~~~~~
compilation terminated.
configure:4371: $? = 1
configure: failed program was:
| /* confdefs.h */
| #define PACKAGE_NAME "HMMER"
| #define PACKAGE_TARNAME "hmmer"
| #define PACKAGE_VERSION "3.3.2"
| #define PACKAGE_STRING "HMMER 3.3.2"
| #define PACKAGE_BUGREPORT "sean@eddylab.org"
| #define PACKAGE_URL ""
| #define HMMER_DATE "Nov 2020"
| #define HMMER_COPYRIGHT "Copyright (C) 2020 Howard Hughes Medical Institute."
| #define HMMER_LICENSE "Freely distributed under the BSD open source license."
| #define HMMER_VERSION "3.3.2"
| #define HMMER_URL "http://hmmer.org/"
| #define EASEL_DATE "Nov 2020"
| #define EASEL_COPYRIGHT "Copyright (C) 2020 Howard Hughes Medical Institute."
| #define EASEL_LICENSE "Freely distributed under the BSD open source license."
| #define EASEL_VERSION "0.48"
| #define EASEL_URL "http://bioeasel.org/"
| #define eslDEBUGLEVEL 0
| /* end confdefs.h.  */
| #include <ac_nonexistent.h>
configure:4413: checking for a BSD-compatible install
configure:4481: result: /bin/install -c
configure:4535: checking for strip
configure:4551: found /bin/strip
configure:4562: result: strip
configure:4627: checking for ranlib
configure:4643: found /bin/ranlib
configure:4654: result: ranlib
configure:4678: checking for ar
configure:4697: found /bin/ar
configure:4710: result: /bin/ar
configure:4718: checking whether ln -s works
configure:4722: result: yes
configure:4898: checking for a sed that does not truncate output
configure:4962: result: /bin/sed
configure:4968: checking for grep that handles long lines and -e
configure:5026: result: /bin/grep
configure:5031: checking for egrep
configure:5093: result: /bin/grep -E
configure:5257: checking whether gcc is Clang
configure:5282: result: no
configure:5344: checking whether pthreads work with "-pthread" and "-lpthread"
configure:5449: gcc -o conftest -O3 -pthread   conftest.c -lpthread  >&5
configure:5449: $? = 0
configure:5458: result: yes
configure:5575: checking for joinable pthread attribute
configure:5593: gcc -o conftest -O3 -pthread   conftest.c -lpthread  >&5
configure:5593: $? = 0
configure:5601: result: PTHREAD_CREATE_JOINABLE
configure:5615: checking whether more special flags are required for pthreads
configure:5628: result: no
configure:5636: checking for PTHREAD_PRIO_INHERIT
configure:5653: gcc -o conftest -O3 -pthread   conftest.c -lpthread  >&5
configure:5653: $? = 0
configure:5662: result: yes
configure:5862: checking whether gcc can compile our NEON code
configure:5895: gcc -o conftest -O3   conftest.c  >&5
conftest.c:25:10: fatal error: arm_neon.h: No such file or directory
 #include <arm_neon.h>
          ^~~~~~~~~~~~
compilation terminated.
configure:5895: $? = 1
configure: failed program was:
| /* confdefs.h */
| #define PACKAGE_NAME "HMMER"
| #define PACKAGE_TARNAME "hmmer"
| #define PACKAGE_VERSION "3.3.2"
| #define PACKAGE_STRING "HMMER 3.3.2"
| #define PACKAGE_BUGREPORT "sean@eddylab.org"
| #define PACKAGE_URL ""
| #define HMMER_DATE "Nov 2020"
| #define HMMER_COPYRIGHT "Copyright (C) 2020 Howard Hughes Medical Institute."
| #define HMMER_LICENSE "Freely distributed under the BSD open source license."
| #define HMMER_VERSION "3.3.2"
| #define HMMER_URL "http://hmmer.org/"
| #define EASEL_DATE "Nov 2020"
| #define EASEL_COPYRIGHT "Copyright (C) 2020 Howard Hughes Medical Institute."
| #define EASEL_LICENSE "Freely distributed under the BSD open source license."
| #define EASEL_VERSION "0.48"
| #define EASEL_URL "http://bioeasel.org/"
| #define eslDEBUGLEVEL 0
| #define HAVE_PTHREAD_PRIO_INHERIT 1
| #define HAVE_PTHREAD 1
| #define HMMER_THREADS 1
| /* end confdefs.h.  */
| 
| #include <stdint.h>
| #include <arm_neon.h>
| int stub_neon(void) {
|   int32x4_t v1 = vdupq_n_s32(42);
|   int32x4_t v2 = vdupq_n_s32(86);
|   union { int32x4_t v; int32_t x[4]; } v3;
|   v3.v = vaddq_s32(v1, v2);
|   return (int) v3.x[0];
| }
| int main(void) { if (stub_neon() != 128) return 1; else return 0; }
| 
configure:5895: gcc -o conftest -O3 -mfpu=neon   conftest.c  >&5
gcc: error: unrecognized command line option '-mfpu=neon'
configure:5895: $? = 1
configure: failed program was:
| /* confdefs.h */
| #define PACKAGE_NAME "HMMER"
| #define PACKAGE_TARNAME "hmmer"
| #define PACKAGE_VERSION "3.3.2"
| #define PACKAGE_STRING "HMMER 3.3.2"
| #define PACKAGE_BUGREPORT "sean@eddylab.org"
| #define PACKAGE_URL ""
| #define HMMER_DATE "Nov 2020"
| #define HMMER_COPYRIGHT "Copyright (C) 2020 Howard Hughes Medical Institute."
| #define HMMER_LICENSE "Freely distributed under the BSD open source license."
| #define HMMER_VERSION "3.3.2"
| #define HMMER_URL "http://hmmer.org/"
| #define EASEL_DATE "Nov 2020"
| #define EASEL_COPYRIGHT "Copyright (C) 2020 Howard Hughes Medical Institute."
| #define EASEL_LICENSE "Freely distributed under the BSD open source license."
| #define EASEL_VERSION "0.48"
| #define EASEL_URL "http://bioeasel.org/"
| #define eslDEBUGLEVEL 0
| #define HAVE_PTHREAD_PRIO_INHERIT 1
| #define HAVE_PTHREAD 1
| #define HMMER_THREADS 1
| /* end confdefs.h.  */
| 
| #include <stdint.h>
| #include <arm_neon.h>
| int stub_neon(void) {
|   int32x4_t v1 = vdupq_n_s32(42);
|   int32x4_t v2 = vdupq_n_s32(86);
|   union { int32x4_t v; int32_t x[4]; } v3;
|   v3.v = vaddq_s32(v1, v2);
|   return (int) v3.x[0];
| }
| int main(void) { if (stub_neon() != 128) return 1; else return 0; }
| 
configure:5922: gcc -o conftest -O3 -mfpu=neon   conftest.c  >&5
gcc: error: unrecognized command line option '-mfpu=neon'
configure:5922: $? = 1
configure: failed program was:
| /* confdefs.h */
| #define PACKAGE_NAME "HMMER"
| #define PACKAGE_TARNAME "hmmer"
| #define PACKAGE_VERSION "3.3.2"
| #define PACKAGE_STRING "HMMER 3.3.2"
| #define PACKAGE_BUGREPORT "sean@eddylab.org"
| #define PACKAGE_URL ""
| #define HMMER_DATE "Nov 2020"
| #define HMMER_COPYRIGHT "Copyright (C) 2020 Howard Hughes Medical Institute."
| #define HMMER_LICENSE "Freely distributed under the BSD open source license."
| #define HMMER_VERSION "3.3.2"
| #define HMMER_URL "http://hmmer.org/"
| #define EASEL_DATE "Nov 2020"
| #define EASEL_COPYRIGHT "Copyright (C) 2020 Howard Hughes Medical Institute."
| #define EASEL_LICENSE "Freely distributed under the BSD open source license."
| #define EASEL_VERSION "0.48"
| #define EASEL_URL "http://bioeasel.org/"
| #define eslDEBUGLEVEL 0
| #define HAVE_PTHREAD_PRIO_INHERIT 1
| #define HAVE_PTHREAD 1
| #define HMMER_THREADS 1
| /* end confdefs.h.  */
| 
| #include <stdint.h>
| #include <arm_neon.h>
| int main(void) {
|   int16x8_t   a1 = { 1, 2, 8, 3, 4, 5, 6, 7 };
|   int16_t     r1 = vmaxvq_s16(a1); // = 8 : horizontal max
|   uint8x16_t  a2 = { 1, 2, 16, 3, 4, 5, 6, 7, 8, 9, 10, 11, 12, 13, 14, 15 };
|   uint8_t     r2 = vmaxvq_u8(a2);  // = 16 : horizontal max
|   float32x4_t a3 = { 1.0, 2.0, 3.0, 4.0 };
|   float       r3 = vaddvq_f32(a3); // = 10.0 : horizontal sum
|   return 0;
| }
| 
configure:5930: result: no
configure:5988: checking whether gcc can compile our Altivec/VMX code
configure:6020: gcc -o conftest -O3   conftest.c  >&5
conftest.c:24:10: fatal error: altivec.h: No such file or directory
 #include <altivec.h>
          ^~~~~~~~~~~
compilation terminated.
configure:6020: $? = 1
configure: failed program was:
| /* confdefs.h */
| #define PACKAGE_NAME "HMMER"
| #define PACKAGE_TARNAME "hmmer"
| #define PACKAGE_VERSION "3.3.2"
| #define PACKAGE_STRING "HMMER 3.3.2"
| #define PACKAGE_BUGREPORT "sean@eddylab.org"
| #define PACKAGE_URL ""
| #define HMMER_DATE "Nov 2020"
| #define HMMER_COPYRIGHT "Copyright (C) 2020 Howard Hughes Medical Institute."
| #define HMMER_LICENSE "Freely distributed under the BSD open source license."
| #define HMMER_VERSION "3.3.2"
| #define HMMER_URL "http://hmmer.org/"
| #define EASEL_DATE "Nov 2020"
| #define EASEL_COPYRIGHT "Copyright (C) 2020 Howard Hughes Medical Institute."
| #define EASEL_LICENSE "Freely distributed under the BSD open source license."
| #define EASEL_VERSION "0.48"
| #define EASEL_URL "http://bioeasel.org/"
| #define eslDEBUGLEVEL 0
| #define HAVE_PTHREAD_PRIO_INHERIT 1
| #define HAVE_PTHREAD 1
| #define HMMER_THREADS 1
| /* end confdefs.h.  */
| 
| #include <altivec.h>
| #include <stdint.h>
| int stub_vmx(void) {
| vector signed int v1,v2;
| union { vector signed int v; int32_t x[4]; } v3;
| v1   = vec_splat_s32(6);
| v2   = vec_splat_s32(12);
| v3.v = vec_add(v1,v2);
| return (int) v3.x[0];}
| int main(void) { if (stub_vmx() != 18) return 1; else return 0; }
| 
configure:6020: gcc -o conftest -O3 -maltivec   conftest.c  >&5
gcc: error: unrecognized command line option '-maltivec'; did you mean '-mglibc'?
configure:6020: $? = 1
configure: failed program was:
| /* confdefs.h */
| #define PACKAGE_NAME "HMMER"
| #define PACKAGE_TARNAME "hmmer"
| #define PACKAGE_VERSION "3.3.2"
| #define PACKAGE_STRING "HMMER 3.3.2"
| #define PACKAGE_BUGREPORT "sean@eddylab.org"
| #define PACKAGE_URL ""
| #define HMMER_DATE "Nov 2020"
| #define HMMER_COPYRIGHT "Copyright (C) 2020 Howard Hughes Medical Institute."
| #define HMMER_LICENSE "Freely distributed under the BSD open source license."
| #define HMMER_VERSION "3.3.2"
| #define HMMER_URL "http://hmmer.org/"
| #define EASEL_DATE "Nov 2020"
| #define EASEL_COPYRIGHT "Copyright (C) 2020 Howard Hughes Medical Institute."
| #define EASEL_LICENSE "Freely distributed under the BSD open source license."
| #define EASEL_VERSION "0.48"
| #define EASEL_URL "http://bioeasel.org/"
| #define eslDEBUGLEVEL 0
| #define HAVE_PTHREAD_PRIO_INHERIT 1
| #define HAVE_PTHREAD 1
| #define HMMER_THREADS 1
| /* end confdefs.h.  */
| 
| #include <altivec.h>
| #include <stdint.h>
| int stub_vmx(void) {
| vector signed int v1,v2;
| union { vector signed int v; int32_t x[4]; } v3;
| v1   = vec_splat_s32(6);
| v2   = vec_splat_s32(12);
| v3.v = vec_add(v1,v2);
| return (int) v3.x[0];}
| int main(void) { if (stub_vmx() != 18) return 1; else return 0; }
| 
configure:6020: gcc -o conftest -O3 -faltivec   conftest.c  >&5
gcc: error: unrecognized command line option '-faltivec'
configure:6020: $? = 1
configure: failed program was:
| /* confdefs.h */
| #define PACKAGE_NAME "HMMER"
| #define PACKAGE_TARNAME "hmmer"
| #define PACKAGE_VERSION "3.3.2"
| #define PACKAGE_STRING "HMMER 3.3.2"
| #define PACKAGE_BUGREPORT "sean@eddylab.org"
| #define PACKAGE_URL ""
| #define HMMER_DATE "Nov 2020"
| #define HMMER_COPYRIGHT "Copyright (C) 2020 Howard Hughes Medical Institute."
| #define HMMER_LICENSE "Freely distributed under the BSD open source license."
| #define HMMER_VERSION "3.3.2"
| #define HMMER_URL "http://hmmer.org/"
| #define EASEL_DATE "Nov 2020"
| #define EASEL_COPYRIGHT "Copyright (C) 2020 Howard Hughes Medical Institute."
| #define EASEL_LICENSE "Freely distributed under the BSD open source license."
| #define EASEL_VERSION "0.48"
| #define EASEL_URL "http://bioeasel.org/"
| #define eslDEBUGLEVEL 0
| #define HAVE_PTHREAD_PRIO_INHERIT 1
| #define HAVE_PTHREAD 1
| #define HMMER_THREADS 1
| /* end confdefs.h.  */
| 
| #include <altivec.h>
| #include <stdint.h>
| int stub_vmx(void) {
| vector signed int v1,v2;
| union { vector signed int v; int32_t x[4]; } v3;
| v1   = vec_splat_s32(6);
| v2   = vec_splat_s32(12);
| v3.v = vec_add(v1,v2);
| return (int) v3.x[0];}
| int main(void) { if (stub_vmx() != 18) return 1; else return 0; }
| 
configure:6029: result: no
configure:6071: checking whether gcc can compile our SSE code
configure:6103: gcc -o conftest -O3   conftest.c  >&5
configure:6103: $? = 0
configure:6117: result: yes
configure:6277: Activating Intel/AMD SSE vector DP implementation
configure:6311: checking whether _MM_SET_FLUSH_ZERO_MODE is supported
configure:6327: gcc -c -O3   conftest.c >&5
configure:6327: $? = 0
configure:6328: result: yes
configure:6344: checking compiler support --start-group
configure:6359: gcc -o conftest -O3  -Wl,--start-group -Wl,--end-group  conftest.c  >&5
configure:6359: $? = 0
configure:6360: result: yes
configure:6381: checking for gzip
configure:6399: found /bin/gzip
configure:6412: result: /bin/gzip
configure:6435: checking for python3
configure:6451: found /bin/python3
configure:6462: result: yes
configure:6535: checking for library containing clock_gettime
configure:6566: gcc -o conftest -O3   conftest.c  >&5
configure:6566: $? = 0
configure:6583: result: none required
configure:6598: checking for ANSI C header files
configure:6618: gcc -c -O3  conftest.c >&5
configure:6618: $? = 0
configure:6691: gcc -o conftest -O3   conftest.c  >&5
configure:6691: $? = 0
configure:6691: ./conftest
configure:6691: $? = 0
configure:6702: result: yes
configure:6715: checking for sys/types.h
configure:6715: gcc -c -O3  conftest.c >&5
configure:6715: $? = 0
configure:6715: result: yes
configure:6715: checking for sys/stat.h
configure:6715: gcc -c -O3  conftest.c >&5
configure:6715: $? = 0
configure:6715: result: yes
configure:6715: checking for stdlib.h
configure:6715: gcc -c -O3  conftest.c >&5
configure:6715: $? = 0
configure:6715: result: yes
configure:6715: checking for string.h
configure:6715: gcc -c -O3  conftest.c >&5
configure:6715: $? = 0
configure:6715: result: yes
configure:6715: checking for memory.h
configure:6715: gcc -c -O3  conftest.c >&5
configure:6715: $? = 0
configure:6715: result: yes
configure:6715: checking for strings.h
configure:6715: gcc -c -O3  conftest.c >&5
configure:6715: $? = 0
configure:6715: result: yes
configure:6715: checking for inttypes.h
configure:6715: gcc -c -O3  conftest.c >&5
configure:6715: $? = 0
configure:6715: result: yes
configure:6715: checking for stdint.h
configure:6715: gcc -c -O3  conftest.c >&5
configure:6715: $? = 0
configure:6715: result: yes
configure:6715: checking for unistd.h
configure:6715: gcc -c -O3  conftest.c >&5
configure:6715: $? = 0
configure:6715: result: yes
configure:6737: checking endian.h usability
configure:6737: gcc -c -O3  conftest.c >&5
configure:6737: $? = 0
configure:6737: result: yes
configure:6737: checking endian.h presence
configure:6737: gcc -E  conftest.c
configure:6737: $? = 0
configure:6737: result: yes
configure:6737: checking for endian.h
configure:6737: result: yes
configure:6737: checking for inttypes.h
configure:6737: result: yes
configure:6737: checking for stdint.h
configure:6737: result: yes
configure:6737: checking for unistd.h
configure:6737: result: yes
configure:6737: checking for sys/types.h
configure:6737: result: yes
configure:6737: checking netinet/in.h usability
configure:6737: gcc -c -O3  conftest.c >&5
configure:6737: $? = 0
configure:6737: result: yes
configure:6737: checking netinet/in.h presence
configure:6737: gcc -E  conftest.c
configure:6737: $? = 0
configure:6737: result: yes
configure:6737: checking for netinet/in.h
configure:6737: result: yes
configure:6753: checking sys/param.h usability
configure:6753: gcc -c -O3  conftest.c >&5
configure:6753: $? = 0
configure:6753: result: yes
configure:6753: checking sys/param.h presence
configure:6753: gcc -E  conftest.c
configure:6753: $? = 0
configure:6753: result: yes
configure:6753: checking for sys/param.h
configure:6753: result: yes
configure:6765: checking for sys/sysctl.h
configure:6765: gcc -c -O3  conftest.c >&5
configure:6765: $? = 0
configure:6765: result: yes
configure:6829: checking for uint8_t
configure:6829: gcc -c -O3  conftest.c >&5
configure:6829: $? = 0
configure:6829: result: yes
configure:6843: checking for uint16_t
configure:6843: gcc -c -O3  conftest.c >&5
configure:6843: $? = 0
configure:6843: result: yes
configure:6855: checking for uint32_t
configure:6855: gcc -c -O3  conftest.c >&5
configure:6855: $? = 0
configure:6855: result: yes
configure:6869: checking for uint64_t
configure:6869: gcc -c -O3  conftest.c >&5
configure:6869: $? = 0
configure:6869: result: yes
configure:6883: checking for off_t
configure:6883: gcc -c -O3  conftest.c >&5
configure:6883: $? = 0
configure:6883: gcc -c -O3  conftest.c >&5
conftest.c: In function 'main':
conftest.c:80:20: error: expected expression before ')' token
 if (sizeof ((off_t)))
                    ^
configure:6883: $? = 1
configure: failed program was:
| /* confdefs.h */
| #define PACKAGE_NAME "HMMER"
| #define PACKAGE_TARNAME "hmmer"
| #define PACKAGE_VERSION "3.3.2"
| #define PACKAGE_STRING "HMMER 3.3.2"
| #define PACKAGE_BUGREPORT "sean@eddylab.org"
| #define PACKAGE_URL ""
| #define HMMER_DATE "Nov 2020"
| #define HMMER_COPYRIGHT "Copyright (C) 2020 Howard Hughes Medical Institute."
| #define HMMER_LICENSE "Freely distributed under the BSD open source license."
| #define HMMER_VERSION "3.3.2"
| #define HMMER_URL "http://hmmer.org/"
| #define EASEL_DATE "Nov 2020"
| #define EASEL_COPYRIGHT "Copyright (C) 2020 Howard Hughes Medical Institute."
| #define EASEL_LICENSE "Freely distributed under the BSD open source license."
| #define EASEL_VERSION "0.48"
| #define EASEL_URL "http://bioeasel.org/"
| #define eslDEBUGLEVEL 0
| #define HAVE_PTHREAD_PRIO_INHERIT 1
| #define HAVE_PTHREAD 1
| #define HMMER_THREADS 1
| #define eslENABLE_SSE 1
| #define HAVE_FLUSH_ZERO_MODE 1
| #define HAVE_GZIP 1
| #define STDC_HEADERS 1
| #define HAVE_SYS_TYPES_H 1
| #define HAVE_SYS_STAT_H 1
| #define HAVE_STDLIB_H 1
| #define HAVE_STRING_H 1
| #define HAVE_MEMORY_H 1
| #define HAVE_STRINGS_H 1
| #define HAVE_INTTYPES_H 1
| #define HAVE_STDINT_H 1
| #define HAVE_UNISTD_H 1
| #define HAVE_ENDIAN_H 1
| #define HAVE_INTTYPES_H 1
| #define HAVE_STDINT_H 1
| #define HAVE_UNISTD_H 1
| #define HAVE_SYS_TYPES_H 1
| #define HAVE_NETINET_IN_H 1
| #define HAVE_SYS_PARAM_H 1
| #define HAVE_SYS_SYSCTL_H 1
| /* end confdefs.h.  */
| #include <stdio.h>
| #ifdef HAVE_SYS_TYPES_H
| # include <sys/types.h>
| #endif
| #ifdef HAVE_SYS_STAT_H
| # include <sys/stat.h>
| #endif
| #ifdef STDC_HEADERS
| # include <stdlib.h>
| # include <stddef.h>
| #else
| # ifdef HAVE_STDLIB_H
| #  include <stdlib.h>
| # endif
| #endif
| #ifdef HAVE_STRING_H
| # if !defined STDC_HEADERS && defined HAVE_MEMORY_H
| #  include <memory.h>
| # endif
| # include <string.h>
| #endif
| #ifdef HAVE_STRINGS_H
| # include <strings.h>
| #endif
| #ifdef HAVE_INTTYPES_H
| # include <inttypes.h>
| #endif
| #ifdef HAVE_STDINT_H
| # include <stdint.h>
| #endif
| #ifdef HAVE_UNISTD_H
| # include <unistd.h>
| #endif
| int
| main ()
| {
| if (sizeof ((off_t)))
| 	    return 0;
|   ;
|   return 0;
| }
configure:6883: result: yes
configure:6905: checking whether byte ordering is bigendian
configure:6920: gcc -c -O3  conftest.c >&5
conftest.c:45:9: error: unknown type name 'not'
         not a universal capable compiler
         ^~~
conftest.c:45:15: error: expected '=', ',', ';', 'asm' or '__attribute__' before 'universal'
         not a universal capable compiler
               ^~~~~~~~~
conftest.c:45:15: error: unknown type name 'universal'
configure:6920: $? = 1
configure: failed program was:
| /* confdefs.h */
| #define PACKAGE_NAME "HMMER"
| #define PACKAGE_TARNAME "hmmer"
| #define PACKAGE_VERSION "3.3.2"
| #define PACKAGE_STRING "HMMER 3.3.2"
| #define PACKAGE_BUGREPORT "sean@eddylab.org"
| #define PACKAGE_URL ""
| #define HMMER_DATE "Nov 2020"
| #define HMMER_COPYRIGHT "Copyright (C) 2020 Howard Hughes Medical Institute."
| #define HMMER_LICENSE "Freely distributed under the BSD open source license."
| #define HMMER_VERSION "3.3.2"
| #define HMMER_URL "http://hmmer.org/"
| #define EASEL_DATE "Nov 2020"
| #define EASEL_COPYRIGHT "Copyright (C) 2020 Howard Hughes Medical Institute."
| #define EASEL_LICENSE "Freely distributed under the BSD open source license."
| #define EASEL_VERSION "0.48"
| #define EASEL_URL "http://bioeasel.org/"
| #define eslDEBUGLEVEL 0
| #define HAVE_PTHREAD_PRIO_INHERIT 1
| #define HAVE_PTHREAD 1
| #define HMMER_THREADS 1
| #define eslENABLE_SSE 1
| #define HAVE_FLUSH_ZERO_MODE 1
| #define HAVE_GZIP 1
| #define STDC_HEADERS 1
| #define HAVE_SYS_TYPES_H 1
| #define HAVE_SYS_STAT_H 1
| #define HAVE_STDLIB_H 1
| #define HAVE_STRING_H 1
| #define HAVE_MEMORY_H 1
| #define HAVE_STRINGS_H 1
| #define HAVE_INTTYPES_H 1
| #define HAVE_STDINT_H 1
| #define HAVE_UNISTD_H 1
| #define HAVE_ENDIAN_H 1
| #define HAVE_INTTYPES_H 1
| #define HAVE_STDINT_H 1
| #define HAVE_UNISTD_H 1
| #define HAVE_SYS_TYPES_H 1
| #define HAVE_NETINET_IN_H 1
| #define HAVE_SYS_PARAM_H 1
| #define HAVE_SYS_SYSCTL_H 1
| /* end confdefs.h.  */
| #ifndef __APPLE_CC__
| 	       not a universal capable compiler
| 	     #endif
| 	     typedef int dummy;
| 
configure:6965: gcc -c -O3  conftest.c >&5
configure:6965: $? = 0
configure:6983: gcc -c -O3  conftest.c >&5
conftest.c: In function 'main':
conftest.c:51:4: error: unknown type name 'not'; did you mean 'ino_t'?
    not big endian
    ^~~
    ino_t
conftest.c:51:12: error: expected '=', ',', ';', 'asm' or '__attribute__' before 'endian'
    not big endian
            ^~~~~~
configure:6983: $? = 1
configure: failed program was:
| /* confdefs.h */
| #define PACKAGE_NAME "HMMER"
| #define PACKAGE_TARNAME "hmmer"
| #define PACKAGE_VERSION "3.3.2"
| #define PACKAGE_STRING "HMMER 3.3.2"
| #define PACKAGE_BUGREPORT "sean@eddylab.org"
| #define PACKAGE_URL ""
| #define HMMER_DATE "Nov 2020"
| #define HMMER_COPYRIGHT "Copyright (C) 2020 Howard Hughes Medical Institute."
| #define HMMER_LICENSE "Freely distributed under the BSD open source license."
| #define HMMER_VERSION "3.3.2"
| #define HMMER_URL "http://hmmer.org/"
| #define EASEL_DATE "Nov 2020"
| #define EASEL_COPYRIGHT "Copyright (C) 2020 Howard Hughes Medical Institute."
| #define EASEL_LICENSE "Freely distributed under the BSD open source license."
| #define EASEL_VERSION "0.48"
| #define EASEL_URL "http://bioeasel.org/"
| #define eslDEBUGLEVEL 0
| #define HAVE_PTHREAD_PRIO_INHERIT 1
| #define HAVE_PTHREAD 1
| #define HMMER_THREADS 1
| #define eslENABLE_SSE 1
| #define HAVE_FLUSH_ZERO_MODE 1
| #define HAVE_GZIP 1
| #define STDC_HEADERS 1
| #define HAVE_SYS_TYPES_H 1
| #define HAVE_SYS_STAT_H 1
| #define HAVE_STDLIB_H 1
| #define HAVE_STRING_H 1
| #define HAVE_MEMORY_H 1
| #define HAVE_STRINGS_H 1
| #define HAVE_INTTYPES_H 1
| #define HAVE_STDINT_H 1
| #define HAVE_UNISTD_H 1
| #define HAVE_ENDIAN_H 1
| #define HAVE_INTTYPES_H 1
| #define HAVE_STDINT_H 1
| #define HAVE_UNISTD_H 1
| #define HAVE_SYS_TYPES_H 1
| #define HAVE_NETINET_IN_H 1
| #define HAVE_SYS_PARAM_H 1
| #define HAVE_SYS_SYSCTL_H 1
| /* end confdefs.h.  */
| #include <sys/types.h>
| 		#include <sys/param.h>
| 
| int
| main ()
| {
| #if BYTE_ORDER != BIG_ENDIAN
| 		 not big endian
| 		#endif
| 
|   ;
|   return 0;
| }
configure:7111: result: no
configure:7208: checking for __attribute__((noreturn))
configure:7229: gcc -o conftest -O3   conftest.c  >&5
configure:7229: $? = 0
configure:7242: result: yes
configure:7274: checking for __attribute__((format))
configure:7295: gcc -o conftest -O3   conftest.c  >&5
configure:7295: $? = 0
configure:7308: result: yes
configure:7330: checking for mkstemp
configure:7330: gcc -o conftest -O3   conftest.c  >&5
configure:7330: $? = 0
configure:7330: result: yes
configure:7341: checking for popen
configure:7341: gcc -o conftest -O3   conftest.c  >&5
configure:7341: $? = 0
configure:7341: result: yes
configure:7352: checking for putenv
configure:7352: gcc -o conftest -O3   conftest.c  >&5
configure:7352: $? = 0
configure:7352: result: yes
configure:7363: checking for strcasecmp
configure:7363: gcc -o conftest -O3   conftest.c  >&5
conftest.c:72:6: warning: conflicting types for built-in function 'strcasecmp' [-Wbuiltin-declaration-mismatch]
 char strcasecmp ();
      ^~~~~~~~~~
configure:7363: $? = 0
configure:7363: result: yes
configure:7374: checking for strsep
configure:7374: gcc -o conftest -O3   conftest.c  >&5
configure:7374: $? = 0
configure:7374: result: yes
configure:7385: checking for times
configure:7385: gcc -o conftest -O3   conftest.c  >&5
configure:7385: $? = 0
configure:7385: result: yes
configure:7396: checking for getpid
configure:7396: gcc -o conftest -O3   conftest.c  >&5
configure:7396: $? = 0
configure:7396: result: yes
configure:7407: checking for sysctl
configure:7407: gcc -o conftest -O3   conftest.c  >&5
configure:7407: $? = 0
configure:7407: result: yes
configure:7418: checking for sysconf
configure:7418: gcc -o conftest -O3   conftest.c  >&5
configure:7418: $? = 0
configure:7418: result: yes
configure:7429: checking for getcwd
configure:7429: gcc -o conftest -O3   conftest.c  >&5
configure:7429: $? = 0
configure:7429: result: yes
configure:7440: checking for chmod
configure:7440: gcc -o conftest -O3   conftest.c  >&5
configure:7440: $? = 0
configure:7440: result: yes
configure:7451: checking for stat
configure:7451: gcc -o conftest -O3   conftest.c  >&5
configure:7451: $? = 0
configure:7451: result: yes
configure:7462: checking for fstat
configure:7462: gcc -o conftest -O3   conftest.c  >&5
configure:7462: $? = 0
configure:7462: result: yes
configure:7473: checking for erfc
configure:7473: gcc -o conftest -O3   conftest.c  >&5
conftest.c:82:6: warning: conflicting types for built-in function 'erfc' [-Wbuiltin-declaration-mismatch]
 char erfc ();
      ^~~~
/tmp/cc2Xw3ro.o: In function `main':
conftest.c:(.text.startup+0x7): undefined reference to `erfc'
collect2: error: ld returned 1 exit status
configure:7473: $? = 1
configure: failed program was:
| /* confdefs.h */
| #define PACKAGE_NAME "HMMER"
| #define PACKAGE_TARNAME "hmmer"
| #define PACKAGE_VERSION "3.3.2"
| #define PACKAGE_STRING "HMMER 3.3.2"
| #define PACKAGE_BUGREPORT "sean@eddylab.org"
| #define PACKAGE_URL ""
| #define HMMER_DATE "Nov 2020"
| #define HMMER_COPYRIGHT "Copyright (C) 2020 Howard Hughes Medical Institute."
| #define HMMER_LICENSE "Freely distributed under the BSD open source license."
| #define HMMER_VERSION "3.3.2"
| #define HMMER_URL "http://hmmer.org/"
| #define EASEL_DATE "Nov 2020"
| #define EASEL_COPYRIGHT "Copyright (C) 2020 Howard Hughes Medical Institute."
| #define EASEL_LICENSE "Freely distributed under the BSD open source license."
| #define EASEL_VERSION "0.48"
| #define EASEL_URL "http://bioeasel.org/"
| #define eslDEBUGLEVEL 0
| #define HAVE_PTHREAD_PRIO_INHERIT 1
| #define HAVE_PTHREAD 1
| #define HMMER_THREADS 1
| #define eslENABLE_SSE 1
| #define HAVE_FLUSH_ZERO_MODE 1
| #define HAVE_GZIP 1
| #define STDC_HEADERS 1
| #define HAVE_SYS_TYPES_H 1
| #define HAVE_SYS_STAT_H 1
| #define HAVE_STDLIB_H 1
| #define HAVE_STRING_H 1
| #define HAVE_MEMORY_H 1
| #define HAVE_STRINGS_H 1
| #define HAVE_INTTYPES_H 1
| #define HAVE_STDINT_H 1
| #define HAVE_UNISTD_H 1
| #define HAVE_ENDIAN_H 1
| #define HAVE_INTTYPES_H 1
| #define HAVE_STDINT_H 1
| #define HAVE_UNISTD_H 1
| #define HAVE_SYS_TYPES_H 1
| #define HAVE_NETINET_IN_H 1
| #define HAVE_SYS_PARAM_H 1
| #define HAVE_SYS_SYSCTL_H 1
| #define HAVE_FUNC_ATTRIBUTE_NORETURN 1
| #define HAVE_FUNC_ATTRIBUTE_FORMAT 1
| #define HAVE_MKSTEMP 1
| #define HAVE_POPEN 1
| #define HAVE_PUTENV 1
| #define HAVE_STRCASECMP 1
| #define HAVE_STRSEP 1
| #define HAVE_TIMES 1
| #define HAVE_GETPID 1
| #define HAVE_SYSCTL 1
| #define HAVE_SYSCONF 1
| #define HAVE_GETCWD 1
| #define HAVE_CHMOD 1
| #define HAVE_STAT 1
| #define HAVE_FSTAT 1
| /* end confdefs.h.  */
| /* Define erfc to an innocuous variant, in case <limits.h> declares erfc.
|    For example, HP-UX 11i <limits.h> declares gettimeofday.  */
| #define erfc innocuous_erfc
| 
| /* System header to define __stub macros and hopefully few prototypes,
|     which can conflict with char erfc (); below.
|     Prefer <limits.h> to <assert.h> if __STDC__ is defined, since
|     <limits.h> exists even on freestanding compilers.  */
| 
| #ifdef __STDC__
| # include <limits.h>
| #else
| # include <assert.h>
| #endif
| 
| #undef erfc
| 
| /* Override any GCC internal prototype to avoid an error.
|    Use char because int might match the return type of a GCC
|    builtin and then its argument prototype would still apply.  */
| #ifdef __cplusplus
| extern "C"
| #endif
| char erfc ();
| /* The GNU C library defines this for functions which it implements
|     to always fail with ENOSYS.  Some functions are actually named
|     something starting with __ and the normal name is an alias.  */
| #if defined __stub_erfc || defined __stub___erfc
| choke me
| #endif
| 
| int
| main ()
| {
| return erfc ();
|   ;
|   return 0;
| }
configure:7473: result: no
configure:7483: checking for library containing ntohs
configure:7514: gcc -o conftest -O3   conftest.c  >&5
configure:7514: $? = 0
configure:7531: result: none required
configure:7539: checking for library containing ntohl
configure:7570: gcc -o conftest -O3   conftest.c  >&5
configure:7570: $? = 0
configure:7587: result: none required
configure:7595: checking for library containing htons
configure:7626: gcc -o conftest -O3   conftest.c  >&5
configure:7626: $? = 0
configure:7643: result: none required
configure:7651: checking for library containing htonl
configure:7682: gcc -o conftest -O3   conftest.c  >&5
configure:7682: $? = 0
configure:7699: result: none required
configure:7707: checking for library containing socket
configure:7738: gcc -o conftest -O3   conftest.c  >&5
configure:7738: $? = 0
configure:7755: result: none required
configure:7763: checking for library containing inet_pton
configure:7794: gcc -o conftest -O3   conftest.c  >&5
configure:7794: $? = 0
configure:7811: result: none required
configure:7820: checking for _LARGEFILE_SOURCE value needed for large files
configure:7839: gcc -o conftest -O3   conftest.c  >&5
configure:7839: $? = 0
configure:7867: result: no
configure:7900: checking for special C compiler options needed for large files
configure:7945: result: no
configure:7951: checking for _FILE_OFFSET_BITS value needed for large files
configure:7976: gcc -c -O3  conftest.c >&5
configure:7976: $? = 0
configure:8008: result: no
configure:8258: creating ./config.status

## ---------------------- ##
## Running config.status. ##
## ---------------------- ##

This file was extended by HMMER config.status 3.3.2, which was
generated by GNU Autoconf 2.69.  Invocation command line was

  CONFIG_FILES    = 
  CONFIG_HEADERS  = 
  CONFIG_LINKS    = 
  CONFIG_COMMANDS = 
  $ ./config.status --quiet

on apollo2.chemistry.gatech.edu

config.status:957: creating Makefile
config.status:957: creating src/Makefile
config.status:957: creating testsuite/Makefile
config.status:957: creating profmark/Makefile
config.status:957: creating src/impl_sse/Makefile
config.status:957: creating documentation/Makefile
config.status:957: creating documentation/man/Makefile
config.status:957: creating documentation/userguide/Makefile
config.status:957: creating documentation/userguide/inclusions/Makefile
config.status:957: creating libdivsufsort/Makefile
config.status:957: creating easel/Makefile
config.status:957: creating easel/miniapps/Makefile
config.status:957: creating easel/testsuite/Makefile
config.status:957: creating easel/documentation/Makefile
config.status:957: creating documentation/userguide/titlepage.tex
config.status:957: creating documentation/userguide/titlepage_daemon.tex
config.status:957: creating documentation/userguide/copyright.tex
config.status:957: creating documentation/man/alimask.man
config.status:957: creating documentation/man/hmmalign.man
config.status:957: creating documentation/man/hmmbuild.man
config.status:957: creating documentation/man/hmmc2.man
config.status:957: creating documentation/man/hmmconvert.man
config.status:957: creating documentation/man/hmmemit.man
config.status:957: creating documentation/man/hmmer.man
config.status:957: creating documentation/man/hmmfetch.man
config.status:957: creating documentation/man/hmmlogo.man
config.status:957: creating documentation/man/hmmpgmd.man
config.status:957: creating documentation/man/hmmpgmd_shard.man
config.status:957: creating documentation/man/hmmpress.man
config.status:957: creating documentation/man/hmmscan.man
config.status:957: creating documentation/man/hmmsearch.man
config.status:957: creating documentation/man/hmmsim.man
config.status:957: creating documentation/man/hmmstat.man
config.status:957: creating documentation/man/jackhmmer.man
config.status:957: creating documentation/man/makehmmerdb.man
config.status:957: creating documentation/man/nhmmer.man
config.status:957: creating documentation/man/nhmmscan.man
config.status:957: creating documentation/man/phmmer.man
config.status:957: creating easel/miniapps/esl-afetch.man
config.status:957: creating easel/miniapps/esl-alimanip.man
config.status:957: creating easel/miniapps/esl-alimap.man
config.status:957: creating easel/miniapps/esl-alimask.man
config.status:957: creating easel/miniapps/esl-alimerge.man
config.status:957: creating easel/miniapps/esl-alipid.man
config.status:957: creating easel/miniapps/esl-alirev.man
config.status:957: creating easel/miniapps/esl-alistat.man
config.status:957: creating easel/miniapps/esl-compalign.man
config.status:957: creating easel/miniapps/esl-compstruct.man
config.status:957: creating easel/miniapps/esl-construct.man
config.status:957: creating easel/miniapps/esl-histplot.man
config.status:957: creating easel/miniapps/esl-mask.man
config.status:957: creating easel/miniapps/esl-mixdchlet.man
config.status:957: creating easel/miniapps/esl-reformat.man
config.status:957: creating easel/miniapps/esl-selectn.man
config.status:957: creating easel/miniapps/esl-seqrange.man
config.status:957: creating easel/miniapps/esl-seqstat.man
config.status:957: creating easel/miniapps/esl-sfetch.man
config.status:957: creating easel/miniapps/esl-shuffle.man
config.status:957: creating easel/miniapps/esl-ssdraw.man
config.status:957: creating easel/miniapps/esl-translate.man
config.status:957: creating easel/miniapps/esl-weight.man
config.status:957: creating easel/decoy_config.h
config.status:957: creating src/p7_config.h
config.status:957: creating easel/esl_config.h
config.status:957: creating libdivsufsort/divsufsort.h
config.status:1132: libdivsufsort/divsufsort.h is unchanged
config.status:1158: linking src/impl_sse to src/impl

## ---------------- ##
## Cache variables. ##
## ---------------- ##

ac_cv_build=x86_64-pc-linux-gnu
ac_cv_c_bigendian=no
ac_cv_c_compiler_gnu=yes
ac_cv_c_uint16_t=yes
ac_cv_c_uint32_t=yes
ac_cv_c_uint64_t=yes
ac_cv_c_uint8_t=yes
ac_cv_env_CC_set=
ac_cv_env_CC_value=
ac_cv_env_CFLAGS_set=
ac_cv_env_CFLAGS_value=
ac_cv_env_CPPFLAGS_set=
ac_cv_env_CPPFLAGS_value=
ac_cv_env_CPP_set=
ac_cv_env_CPP_value=
ac_cv_env_LDFLAGS_set=
ac_cv_env_LDFLAGS_value=
ac_cv_env_LIBS_set=
ac_cv_env_LIBS_value=
ac_cv_env_MPICC_set=
ac_cv_env_MPICC_value=
ac_cv_env_PIC_CFLAGS_set=
ac_cv_env_PIC_CFLAGS_value=
ac_cv_env_build_alias_set=
ac_cv_env_build_alias_value=
ac_cv_env_host_alias_set=
ac_cv_env_host_alias_value=
ac_cv_env_target_alias_set=
ac_cv_env_target_alias_value=
ac_cv_func_chmod=yes
ac_cv_func_erfc=no
ac_cv_func_fstat=yes
ac_cv_func_getcwd=yes
ac_cv_func_getpid=yes
ac_cv_func_mkstemp=yes
ac_cv_func_popen=yes
ac_cv_func_putenv=yes
ac_cv_func_stat=yes
ac_cv_func_strcasecmp=yes
ac_cv_func_strsep=yes
ac_cv_func_sysconf=yes
ac_cv_func_sysctl=yes
ac_cv_func_times=yes
ac_cv_header_endian_h=yes
ac_cv_header_inttypes_h=yes
ac_cv_header_memory_h=yes
ac_cv_header_netinet_in_h=yes
ac_cv_header_stdc=yes
ac_cv_header_stdint_h=yes
ac_cv_header_stdlib_h=yes
ac_cv_header_string_h=yes
ac_cv_header_strings_h=yes
ac_cv_header_sys_param_h=yes
ac_cv_header_sys_stat_h=yes
ac_cv_header_sys_sysctl_h=yes
ac_cv_header_sys_types_h=yes
ac_cv_header_unistd_h=yes
ac_cv_host=x86_64-pc-linux-gnu
ac_cv_objext=o
ac_cv_path_AR=/bin/ar
ac_cv_path_EGREP='/bin/grep -E'
ac_cv_path_GREP=/bin/grep
ac_cv_path_HAVE_GZIP=/bin/gzip
ac_cv_path_SED=/bin/sed
ac_cv_path_install='/bin/install -c'
ac_cv_prog_CPP='gcc -E'
ac_cv_prog_HAVE_PYTHON3=yes
ac_cv_prog_ac_ct_CC=gcc
ac_cv_prog_ac_ct_RANLIB=ranlib
ac_cv_prog_ac_ct_STRIP=strip
ac_cv_prog_cc_c89=
ac_cv_prog_cc_g=yes
ac_cv_search_clock_gettime='none required'
ac_cv_search_htonl='none required'
ac_cv_search_htons='none required'
ac_cv_search_inet_pton='none required'
ac_cv_search_ntohl='none required'
ac_cv_search_ntohs='none required'
ac_cv_search_socket='none required'
ac_cv_sys_file_offset_bits=no
ac_cv_sys_largefile_CC=no
ac_cv_sys_largefile_source=no
ac_cv_type_off_t=yes
ax_cv_PTHREAD_CLANG=no
ax_cv_PTHREAD_JOINABLE_ATTR=PTHREAD_CREATE_JOINABLE
ax_cv_PTHREAD_PRIO_INHERIT=yes
ax_cv_PTHREAD_SPECIAL_FLAGS=no
ax_cv_have_func_attribute_format=yes
ax_cv_have_func_attribute_noreturn=yes

## ----------------- ##
## Output variables. ##
## ----------------- ##

AR='/bin/ar'
AVX512_CFLAGS=''
AVX_CFLAGS=''
CC='gcc'
CFLAGS='-O3'
CPP='gcc -E'
CPPFLAGS=''
DEFS='-DHAVE_CONFIG_H'
EASEL_COPYRIGHT='Copyright (C) 2020 Howard Hughes Medical Institute.'
EASEL_DATE='Nov 2020'
EASEL_LICENSE='Freely distributed under the BSD open source license.'
EASEL_URL='http://bioeasel.org/'
EASEL_VERSION='0.48'
ECHO_C=''
ECHO_N='-n'
ECHO_T=''
EGREP='/bin/grep -E'
EXEEXT=''
GREP='/bin/grep'
GROUPHMMERLIBS='-Wl,--start-group -lhmmer -lhmmerimpl -Wl,--end-group'
HAVE_GZIP='/bin/gzip'
HAVE_PYTHON3='yes'
HMMERIMPLLIB='impl_sse/libhmmerimpl.a'
HMMER_COPYRIGHT='Copyright (C) 2020 Howard Hughes Medical Institute.'
HMMER_DATE='Nov 2020'
HMMER_ESLDIR='easel'
HMMER_LICENSE='Freely distributed under the BSD open source license.'
HMMER_SADIR='libdivsufsort'
HMMER_URL='http://hmmer.org/'
HMMER_VERSION='3.3.2'
IMPL_CHOICE='sse'
INSTALL_DATA='${INSTALL} -m 644'
INSTALL_PROGRAM='${INSTALL}'
INSTALL_SCRIPT='${INSTALL}'
LDFLAGS=''
LIBGSL=''
LIBOBJS=''
LIBS=''
LN_S='ln -s'
LTLIBOBJS=''
MPICC=''
MPI_BENCHMARKS=''
MPI_UTESTS=''
NEON_CFLAGS=''
OBJEXT='o'
PACKAGE_BUGREPORT='sean@eddylab.org'
PACKAGE_NAME='HMMER'
PACKAGE_STRING='HMMER 3.3.2'
PACKAGE_TARNAME='hmmer'
PACKAGE_URL=''
PACKAGE_VERSION='3.3.2'
PATH_SEPARATOR=':'
PIC_CFLAGS=''
PTHREAD_CC='gcc'
PTHREAD_CFLAGS='-pthread'
PTHREAD_CXX=''
PTHREAD_LIBS='-lpthread'
RANLIB='ranlib'
SED='/bin/sed'
SHELL='/bin/sh'
SSE4_CFLAGS=''
SSE_CFLAGS=''
STRIP='strip'
VMX_CFLAGS=''
ac_ct_CC='gcc'
ax_pthread_config=''
bindir='${exec_prefix}/bin'
build='x86_64-pc-linux-gnu'
build_alias=''
build_cpu='x86_64'
build_os='linux-gnu'
build_vendor='pc'
datadir='${datarootdir}'
datarootdir='${prefix}/share'
docdir='${datarootdir}/doc/${PACKAGE_TARNAME}'
dvidir='${docdir}'
exec_prefix='${prefix}'
host='x86_64-pc-linux-gnu'
host_alias=''
host_cpu='x86_64'
host_os='linux-gnu'
host_vendor='pc'
htmldir='${docdir}'
includedir='${prefix}/include'
infodir='${datarootdir}/info'
libdir='${exec_prefix}/lib'
libexecdir='${exec_prefix}/libexec'
localedir='${datarootdir}/locale'
localstatedir='${prefix}/var'
mandir='${datarootdir}/man'
oldincludedir='/usr/include'
pdfdir='${docdir}'
prefix='/home/RiboVision3/R2DT1_4/rscape'
program_transform_name='s,x,x,'
psdir='${docdir}'
sbindir='${exec_prefix}/sbin'
sharedstatedir='${prefix}/com'
sysconfdir='${prefix}/etc'
target_alias=''

## ----------- ##
## confdefs.h. ##
## ----------- ##

/* confdefs.h */
#define PACKAGE_NAME "HMMER"
#define PACKAGE_TARNAME "hmmer"
#define PACKAGE_VERSION "3.3.2"
#define PACKAGE_STRING "HMMER 3.3.2"
#define PACKAGE_BUGREPORT "sean@eddylab.org"
#define PACKAGE_URL ""
#define HMMER_DATE "Nov 2020"
#define HMMER_COPYRIGHT "Copyright (C) 2020 Howard Hughes Medical Institute."
#define HMMER_LICENSE "Freely distributed under the BSD open source license."
#define HMMER_VERSION "3.3.2"
#define HMMER_URL "http://hmmer.org/"
#define EASEL_DATE "Nov 2020"
#define EASEL_COPYRIGHT "Copyright (C) 2020 Howard Hughes Medical Institute."
#define EASEL_LICENSE "Freely distributed under the BSD open source license."
#define EASEL_VERSION "0.48"
#define EASEL_URL "http://bioeasel.org/"
#define eslDEBUGLEVEL 0
#define HAVE_PTHREAD_PRIO_INHERIT 1
#define HAVE_PTHREAD 1
#define HMMER_THREADS 1
#define eslENABLE_SSE 1
#define HAVE_FLUSH_ZERO_MODE 1
#define HAVE_GZIP 1
#define STDC_HEADERS 1
#define HAVE_SYS_TYPES_H 1
#define HAVE_SYS_STAT_H 1
#define HAVE_STDLIB_H 1
#define HAVE_STRING_H 1
#define HAVE_MEMORY_H 1
#define HAVE_STRINGS_H 1
#define HAVE_INTTYPES_H 1
#define HAVE_STDINT_H 1
#define HAVE_UNISTD_H 1
#define HAVE_ENDIAN_H 1
#define HAVE_INTTYPES_H 1
#define HAVE_STDINT_H 1
#define HAVE_UNISTD_H 1
#define HAVE_SYS_TYPES_H 1
#define HAVE_NETINET_IN_H 1
#define HAVE_SYS_PARAM_H 1
#define HAVE_SYS_SYSCTL_H 1
#define HAVE_FUNC_ATTRIBUTE_NORETURN 1
#define HAVE_FUNC_ATTRIBUTE_FORMAT 1
#define HAVE_MKSTEMP 1
#define HAVE_POPEN 1
#define HAVE_PUTENV 1
#define HAVE_STRCASECMP 1
#define HAVE_STRSEP 1
#define HAVE_TIMES 1
#define HAVE_GETPID 1
#define HAVE_SYSCTL 1
#define HAVE_SYSCONF 1
#define HAVE_GETCWD 1
#define HAVE_CHMOD 1
#define HAVE_STAT 1
#define HAVE_FSTAT 1
#define HAVE_FSEEKO 1

configure: exit 0
