This file contains any messages produced by compilers while
running configure, to aid debugging if configure makes a mistake.

It was created by R-scape configure 2.0.0.g elenarivas@fas.harvard.edu, which was
generated by GNU Autoconf 2.69.  Invocation command line was

  $ ./configure 

## --------- ##
## Platform. ##
## --------- ##

hostname = apollo2.chemistry.gatech.edu
uname -m = x86_64
uname -r = 3.10.0-1127.13.1.el7.x86_64
uname -s = Linux
uname -v = #1 SMP Fri Jun 12 14:34:17 EDT 2020

/usr/bin/uname -p = x86_64
/bin/uname -X     = unknown

/bin/arch              = x86_64
/usr/bin/arch -k       = unknown
/usr/convex/getsysinfo = unknown
/usr/bin/hostinfo      = unknown
/bin/machine           = unknown
/usr/bin/oslevel       = unknown
/bin/universe          = unknown

PATH: /sbin
PATH: /bin
PATH: /usr/sbin
PATH: /usr/bin


## ----------- ##
## Core tests. ##
## ----------- ##

configure:2296: Configuring R-scape for your system.
configure:2547: checking build system type
configure:2561: result: x86_64-unknown-linux-gnu
configure:2581: checking host system type
configure:2594: result: x86_64-unknown-linux-gnu
configure:2625: Full E2 source distribution - using full configuration
configure:2769: checking for gcc
configure:2785: found /bin/gcc
configure:2796: result: gcc
configure:3025: checking for C compiler version
configure:3034: gcc --version >&5
gcc (GCC) 4.8.5 20150623 (Red Hat 4.8.5-39)
Copyright (C) 2015 Free Software Foundation, Inc.
This is free software; see the source for copying conditions.  There is NO
warranty; not even for MERCHANTABILITY or FITNESS FOR A PARTICULAR PURPOSE.

configure:3045: $? = 0
configure:3034: gcc -v >&5
Using built-in specs.
COLLECT_GCC=gcc
COLLECT_LTO_WRAPPER=/usr/libexec/gcc/x86_64-redhat-linux/4.8.5/lto-wrapper
Target: x86_64-redhat-linux
Configured with: ../configure --prefix=/usr --mandir=/usr/share/man --infodir=/usr/share/info --with-bugurl=http://bugzilla.redhat.com/bugzilla --enable-bootstrap --enable-shared --enable-threads=posix --enable-checking=release --with-system-zlib --enable-__cxa_atexit --disable-libunwind-exceptions --enable-gnu-unique-object --enable-linker-build-id --with-linker-hash-style=gnu --enable-languages=c,c++,objc,obj-c++,java,fortran,ada,go,lto --enable-plugin --enable-initfini-array --disable-libgcj --with-isl=/builddir/build/BUILD/gcc-4.8.5-20150702/obj-x86_64-redhat-linux/isl-install --with-cloog=/builddir/build/BUILD/gcc-4.8.5-20150702/obj-x86_64-redhat-linux/cloog-install --enable-gnu-indirect-function --with-tune=generic --with-arch_32=x86-64 --build=x86_64-redhat-linux
Thread model: posix
gcc version 4.8.5 20150623 (Red Hat 4.8.5-39) (GCC) 
configure:3045: $? = 0
configure:3034: gcc -V >&5
gcc: error: unrecognized command line option '-V'
gcc: fatal error: no input files
compilation terminated.
configure:3045: $? = 4
configure:3034: gcc -qversion >&5
gcc: error: unrecognized command line option '-qversion'
gcc: fatal error: no input files
compilation terminated.
configure:3045: $? = 4
configure:3065: checking whether the C compiler works
configure:3087: gcc    conftest.c  >&5
configure:3091: $? = 0
configure:3139: result: yes
configure:3142: checking for C compiler default output file name
configure:3144: result: a.out
configure:3150: checking for suffix of executables
configure:3157: gcc -o conftest    conftest.c  >&5
configure:3161: $? = 0
configure:3183: result: 
configure:3205: checking whether we are cross compiling
configure:3213: gcc -o conftest    conftest.c  >&5
configure:3217: $? = 0
configure:3224: ./conftest
configure:3228: $? = 0
configure:3243: result: no
configure:3248: checking for suffix of object files
configure:3270: gcc -c   conftest.c >&5
configure:3274: $? = 0
configure:3295: result: o
configure:3299: checking whether we are using the GNU C compiler
configure:3318: gcc -c   conftest.c >&5
configure:3318: $? = 0
configure:3327: result: yes
configure:3336: checking whether gcc accepts -g
configure:3356: gcc -c -g  conftest.c >&5
configure:3356: $? = 0
configure:3397: result: yes
configure:3414: checking for gcc option to accept ISO C89
configure:3477: gcc  -c -g -O2  conftest.c >&5
configure:3477: $? = 0
configure:3490: result: none needed
configure:3676: checking for the pthreads library -lpthreads
configure:3709: gcc -o conftest -g -O2    conftest.c -lpthreads  >&5
/bin/ld: cannot find -lpthreads
collect2: error: ld returned 1 exit status
configure:3709: $? = 1
configure: failed program was:
| /* confdefs.h */
| #define PACKAGE_NAME "R-scape"
| #define PACKAGE_TARNAME "r-scape"
| #define PACKAGE_VERSION "2.0.0.g elenarivas@fas.harvard.edu"
| #define PACKAGE_STRING "R-scape 2.0.0.g elenarivas@fas.harvard.edu"
| #define PACKAGE_BUGREPORT "R-scape"
| #define PACKAGE_URL ""
| #define RSCAPE_NAME "R-scape"
| #define RSCAPE_DATE "April 2022"
| #define RSCAPE_COPYRIGHT "Copyright (C) 2016-2019 Howard Hughes Medical Institute."
| #define RSCAPE_LICENSE "Freely distributed under the GNU General Public License (GPLv3)."
| #define RSCAPE_VERSION "2.0.0.g elenarivas@fas.harvard.edu"
| #define RSCAPE_URL "http://rivaslab.org/"
| #define RSCAPE_HOME "/home/RiboVision3/R2DT/rna/rscape"
| #define RSCAPE_BIN "/home/RiboVision3/R2DT/rna/rscape/bin"
| #define RSCAPE_SHARE "/home/RiboVision3/R2DT/rna/rscape/share"
| #define RVIEW_NAME "R-view"
| #define RVIEW_DATE "July 2018"
| #define RVIEW_COPYRIGHT "Copyright (C) 2018 Howard Hughes Medical Institute."
| #define RVIEW_LICENSE "Freely distributed under the GNU General Public License (GPLv3)."
| #define RVIEW_VERSION "0.1"
| #define RVIEW_URL "http://rivaslab.org/"
| #define RVIEW_HOME "/home/RiboVision3/R2DT/rna/rscape/lib/R-view"
| #define RVIEW_BIN ""
| #define RNAVIEW_HOME "/home/RiboVision3/R2DT/rna/rscape/lib/RNAVIEW"
| #define eslDEBUGLEVEL 0
| #define GAPASCHAR 0
| /* end confdefs.h.  */
| #include <pthread.h>
| int
| main ()
| {
| pthread_t th; pthread_join(th, 0);
|                      pthread_attr_init(0); pthread_cleanup_push(0, 0);
|                      pthread_create(0,0,0,0); pthread_cleanup_pop(0);
|   ;
|   return 0;
| }
configure:3718: result: no
configure:3621: checking whether pthreads work without any flags
configure:3709: gcc -o conftest -g -O2    conftest.c   >&5
/tmp/cc0vQeGE.o: In function `main':
/home/RiboVision3/R2DT/rna/rscape/conftest.c:33: undefined reference to `pthread_join'
/home/RiboVision3/R2DT/rna/rscape/conftest.c:34: undefined reference to `__pthread_register_cancel'
/home/RiboVision3/R2DT/rna/rscape/conftest.c:35: undefined reference to `pthread_create'
/home/RiboVision3/R2DT/rna/rscape/conftest.c:35: undefined reference to `__pthread_unregister_cancel'
collect2: error: ld returned 1 exit status
configure:3709: $? = 1
configure: failed program was:
| /* confdefs.h */
| #define PACKAGE_NAME "R-scape"
| #define PACKAGE_TARNAME "r-scape"
| #define PACKAGE_VERSION "2.0.0.g elenarivas@fas.harvard.edu"
| #define PACKAGE_STRING "R-scape 2.0.0.g elenarivas@fas.harvard.edu"
| #define PACKAGE_BUGREPORT "R-scape"
| #define PACKAGE_URL ""
| #define RSCAPE_NAME "R-scape"
| #define RSCAPE_DATE "April 2022"
| #define RSCAPE_COPYRIGHT "Copyright (C) 2016-2019 Howard Hughes Medical Institute."
| #define RSCAPE_LICENSE "Freely distributed under the GNU General Public License (GPLv3)."
| #define RSCAPE_VERSION "2.0.0.g elenarivas@fas.harvard.edu"
| #define RSCAPE_URL "http://rivaslab.org/"
| #define RSCAPE_HOME "/home/RiboVision3/R2DT/rna/rscape"
| #define RSCAPE_BIN "/home/RiboVision3/R2DT/rna/rscape/bin"
| #define RSCAPE_SHARE "/home/RiboVision3/R2DT/rna/rscape/share"
| #define RVIEW_NAME "R-view"
| #define RVIEW_DATE "July 2018"
| #define RVIEW_COPYRIGHT "Copyright (C) 2018 Howard Hughes Medical Institute."
| #define RVIEW_LICENSE "Freely distributed under the GNU General Public License (GPLv3)."
| #define RVIEW_VERSION "0.1"
| #define RVIEW_URL "http://rivaslab.org/"
| #define RVIEW_HOME "/home/RiboVision3/R2DT/rna/rscape/lib/R-view"
| #define RVIEW_BIN ""
| #define RNAVIEW_HOME "/home/RiboVision3/R2DT/rna/rscape/lib/RNAVIEW"
| #define eslDEBUGLEVEL 0
| #define GAPASCHAR 0
| /* end confdefs.h.  */
| #include <pthread.h>
| int
| main ()
| {
| pthread_t th; pthread_join(th, 0);
|                      pthread_attr_init(0); pthread_cleanup_push(0, 0);
|                      pthread_create(0,0,0,0); pthread_cleanup_pop(0);
|   ;
|   return 0;
| }
configure:3718: result: no
configure:3626: checking whether pthreads work with -Kthread
configure:3709: gcc -o conftest -g -O2 -Kthread   conftest.c   >&5
gcc: error: unrecognized command line option '-Kthread'
configure:3709: $? = 1
configure: failed program was:
| /* confdefs.h */
| #define PACKAGE_NAME "R-scape"
| #define PACKAGE_TARNAME "r-scape"
| #define PACKAGE_VERSION "2.0.0.g elenarivas@fas.harvard.edu"
| #define PACKAGE_STRING "R-scape 2.0.0.g elenarivas@fas.harvard.edu"
| #define PACKAGE_BUGREPORT "R-scape"
| #define PACKAGE_URL ""
| #define RSCAPE_NAME "R-scape"
| #define RSCAPE_DATE "April 2022"
| #define RSCAPE_COPYRIGHT "Copyright (C) 2016-2019 Howard Hughes Medical Institute."
| #define RSCAPE_LICENSE "Freely distributed under the GNU General Public License (GPLv3)."
| #define RSCAPE_VERSION "2.0.0.g elenarivas@fas.harvard.edu"
| #define RSCAPE_URL "http://rivaslab.org/"
| #define RSCAPE_HOME "/home/RiboVision3/R2DT/rna/rscape"
| #define RSCAPE_BIN "/home/RiboVision3/R2DT/rna/rscape/bin"
| #define RSCAPE_SHARE "/home/RiboVision3/R2DT/rna/rscape/share"
| #define RVIEW_NAME "R-view"
| #define RVIEW_DATE "July 2018"
| #define RVIEW_COPYRIGHT "Copyright (C) 2018 Howard Hughes Medical Institute."
| #define RVIEW_LICENSE "Freely distributed under the GNU General Public License (GPLv3)."
| #define RVIEW_VERSION "0.1"
| #define RVIEW_URL "http://rivaslab.org/"
| #define RVIEW_HOME "/home/RiboVision3/R2DT/rna/rscape/lib/R-view"
| #define RVIEW_BIN ""
| #define RNAVIEW_HOME "/home/RiboVision3/R2DT/rna/rscape/lib/RNAVIEW"
| #define eslDEBUGLEVEL 0
| #define GAPASCHAR 0
| /* end confdefs.h.  */
| #include <pthread.h>
| int
| main ()
| {
| pthread_t th; pthread_join(th, 0);
|                      pthread_attr_init(0); pthread_cleanup_push(0, 0);
|                      pthread_create(0,0,0,0); pthread_cleanup_pop(0);
|   ;
|   return 0;
| }
configure:3718: result: no
configure:3626: checking whether pthreads work with -kthread
configure:3709: gcc -o conftest -g -O2 -kthread   conftest.c   >&5
gcc: error: unrecognized command line option '-kthread'
configure:3709: $? = 1
configure: failed program was:
| /* confdefs.h */
| #define PACKAGE_NAME "R-scape"
| #define PACKAGE_TARNAME "r-scape"
| #define PACKAGE_VERSION "2.0.0.g elenarivas@fas.harvard.edu"
| #define PACKAGE_STRING "R-scape 2.0.0.g elenarivas@fas.harvard.edu"
| #define PACKAGE_BUGREPORT "R-scape"
| #define PACKAGE_URL ""
| #define RSCAPE_NAME "R-scape"
| #define RSCAPE_DATE "April 2022"
| #define RSCAPE_COPYRIGHT "Copyright (C) 2016-2019 Howard Hughes Medical Institute."
| #define RSCAPE_LICENSE "Freely distributed under the GNU General Public License (GPLv3)."
| #define RSCAPE_VERSION "2.0.0.g elenarivas@fas.harvard.edu"
| #define RSCAPE_URL "http://rivaslab.org/"
| #define RSCAPE_HOME "/home/RiboVision3/R2DT/rna/rscape"
| #define RSCAPE_BIN "/home/RiboVision3/R2DT/rna/rscape/bin"
| #define RSCAPE_SHARE "/home/RiboVision3/R2DT/rna/rscape/share"
| #define RVIEW_NAME "R-view"
| #define RVIEW_DATE "July 2018"
| #define RVIEW_COPYRIGHT "Copyright (C) 2018 Howard Hughes Medical Institute."
| #define RVIEW_LICENSE "Freely distributed under the GNU General Public License (GPLv3)."
| #define RVIEW_VERSION "0.1"
| #define RVIEW_URL "http://rivaslab.org/"
| #define RVIEW_HOME "/home/RiboVision3/R2DT/rna/rscape/lib/R-view"
| #define RVIEW_BIN ""
| #define RNAVIEW_HOME "/home/RiboVision3/R2DT/rna/rscape/lib/RNAVIEW"
| #define eslDEBUGLEVEL 0
| #define GAPASCHAR 0
| /* end confdefs.h.  */
| #include <pthread.h>
| int
| main ()
| {
| pthread_t th; pthread_join(th, 0);
|                      pthread_attr_init(0); pthread_cleanup_push(0, 0);
|                      pthread_create(0,0,0,0); pthread_cleanup_pop(0);
|   ;
|   return 0;
| }
configure:3718: result: no
configure:3676: checking for the pthreads library -llthread
configure:3709: gcc -o conftest -g -O2    conftest.c -llthread  >&5
/bin/ld: cannot find -llthread
collect2: error: ld returned 1 exit status
configure:3709: $? = 1
configure: failed program was:
| /* confdefs.h */
| #define PACKAGE_NAME "R-scape"
| #define PACKAGE_TARNAME "r-scape"
| #define PACKAGE_VERSION "2.0.0.g elenarivas@fas.harvard.edu"
| #define PACKAGE_STRING "R-scape 2.0.0.g elenarivas@fas.harvard.edu"
| #define PACKAGE_BUGREPORT "R-scape"
| #define PACKAGE_URL ""
| #define RSCAPE_NAME "R-scape"
| #define RSCAPE_DATE "April 2022"
| #define RSCAPE_COPYRIGHT "Copyright (C) 2016-2019 Howard Hughes Medical Institute."
| #define RSCAPE_LICENSE "Freely distributed under the GNU General Public License (GPLv3)."
| #define RSCAPE_VERSION "2.0.0.g elenarivas@fas.harvard.edu"
| #define RSCAPE_URL "http://rivaslab.org/"
| #define RSCAPE_HOME "/home/RiboVision3/R2DT/rna/rscape"
| #define RSCAPE_BIN "/home/RiboVision3/R2DT/rna/rscape/bin"
| #define RSCAPE_SHARE "/home/RiboVision3/R2DT/rna/rscape/share"
| #define RVIEW_NAME "R-view"
| #define RVIEW_DATE "July 2018"
| #define RVIEW_COPYRIGHT "Copyright (C) 2018 Howard Hughes Medical Institute."
| #define RVIEW_LICENSE "Freely distributed under the GNU General Public License (GPLv3)."
| #define RVIEW_VERSION "0.1"
| #define RVIEW_URL "http://rivaslab.org/"
| #define RVIEW_HOME "/home/RiboVision3/R2DT/rna/rscape/lib/R-view"
| #define RVIEW_BIN ""
| #define RNAVIEW_HOME "/home/RiboVision3/R2DT/rna/rscape/lib/RNAVIEW"
| #define eslDEBUGLEVEL 0
| #define GAPASCHAR 0
| /* end confdefs.h.  */
| #include <pthread.h>
| int
| main ()
| {
| pthread_t th; pthread_join(th, 0);
|                      pthread_attr_init(0); pthread_cleanup_push(0, 0);
|                      pthread_create(0,0,0,0); pthread_cleanup_pop(0);
|   ;
|   return 0;
| }
configure:3718: result: no
configure:3626: checking whether pthreads work with -pthread
configure:3709: gcc -o conftest -g -O2 -pthread   conftest.c   >&5
configure:3709: $? = 0
configure:3718: result: yes
configure:3738: checking for joinable pthread attribute
configure:3751: gcc -o conftest -g -O2 -pthread   conftest.c   >&5
configure:3751: $? = 0
configure:3783: result: PTHREAD_CREATE_JOINABLE
configure:3790: checking if more special flags are required for pthreads
configure:3800: result: no
configure:3812: checking for cc_r
configure:3840: result: gcc
configure:3979: checking for gcc
configure:4006: result: gcc
configure:4235: checking for C compiler version
configure:4244: gcc --version >&5
gcc (GCC) 4.8.5 20150623 (Red Hat 4.8.5-39)
Copyright (C) 2015 Free Software Foundation, Inc.
This is free software; see the source for copying conditions.  There is NO
warranty; not even for MERCHANTABILITY or FITNESS FOR A PARTICULAR PURPOSE.

configure:4255: $? = 0
configure:4244: gcc -v >&5
Using built-in specs.
COLLECT_GCC=gcc
COLLECT_LTO_WRAPPER=/usr/libexec/gcc/x86_64-redhat-linux/4.8.5/lto-wrapper
Target: x86_64-redhat-linux
Configured with: ../configure --prefix=/usr --mandir=/usr/share/man --infodir=/usr/share/info --with-bugurl=http://bugzilla.redhat.com/bugzilla --enable-bootstrap --enable-shared --enable-threads=posix --enable-checking=release --with-system-zlib --enable-__cxa_atexit --disable-libunwind-exceptions --enable-gnu-unique-object --enable-linker-build-id --with-linker-hash-style=gnu --enable-languages=c,c++,objc,obj-c++,java,fortran,ada,go,lto --enable-plugin --enable-initfini-array --disable-libgcj --with-isl=/builddir/build/BUILD/gcc-4.8.5-20150702/obj-x86_64-redhat-linux/isl-install --with-cloog=/builddir/build/BUILD/gcc-4.8.5-20150702/obj-x86_64-redhat-linux/cloog-install --enable-gnu-indirect-function --with-tune=generic --with-arch_32=x86-64 --build=x86_64-redhat-linux
Thread model: posix
gcc version 4.8.5 20150623 (Red Hat 4.8.5-39) (GCC) 
configure:4255: $? = 0
configure:4244: gcc -V >&5
gcc: error: unrecognized command line option '-V'
gcc: fatal error: no input files
compilation terminated.
configure:4255: $? = 4
configure:4244: gcc -qversion >&5
gcc: error: unrecognized command line option '-qversion'
gcc: fatal error: no input files
compilation terminated.
configure:4255: $? = 4
configure:4259: checking whether we are using the GNU C compiler
configure:4287: result: yes
configure:4296: checking whether gcc accepts -g
configure:4357: result: yes
configure:4374: checking for gcc option to accept ISO C89
configure:4450: result: none needed
configure:4484: checking for a BSD-compatible install
configure:4552: result: /bin/install -c
configure:4761: checking how to run the C preprocessor
configure:4792: gcc -E  conftest.c
configure:4792: $? = 0
configure:4806: gcc -E  conftest.c
conftest.c:30:28: fatal error: ac_nonexistent.h: No such file or directory
 #include <ac_nonexistent.h>
                            ^
compilation terminated.
configure:4806: $? = 1
configure: failed program was:
| /* confdefs.h */
| #define PACKAGE_NAME "R-scape"
| #define PACKAGE_TARNAME "r-scape"
| #define PACKAGE_VERSION "2.0.0.g elenarivas@fas.harvard.edu"
| #define PACKAGE_STRING "R-scape 2.0.0.g elenarivas@fas.harvard.edu"
| #define PACKAGE_BUGREPORT "R-scape"
| #define PACKAGE_URL ""
| #define RSCAPE_NAME "R-scape"
| #define RSCAPE_DATE "April 2022"
| #define RSCAPE_COPYRIGHT "Copyright (C) 2016-2019 Howard Hughes Medical Institute."
| #define RSCAPE_LICENSE "Freely distributed under the GNU General Public License (GPLv3)."
| #define RSCAPE_VERSION "2.0.0.g elenarivas@fas.harvard.edu"
| #define RSCAPE_URL "http://rivaslab.org/"
| #define RSCAPE_HOME "/home/RiboVision3/R2DT/rna/rscape"
| #define RSCAPE_BIN "/home/RiboVision3/R2DT/rna/rscape/bin"
| #define RSCAPE_SHARE "/home/RiboVision3/R2DT/rna/rscape/share"
| #define RVIEW_NAME "R-view"
| #define RVIEW_DATE "July 2018"
| #define RVIEW_COPYRIGHT "Copyright (C) 2018 Howard Hughes Medical Institute."
| #define RVIEW_LICENSE "Freely distributed under the GNU General Public License (GPLv3)."
| #define RVIEW_VERSION "0.1"
| #define RVIEW_URL "http://rivaslab.org/"
| #define RVIEW_HOME "/home/RiboVision3/R2DT/rna/rscape/lib/R-view"
| #define RVIEW_BIN ""
| #define RNAVIEW_HOME "/home/RiboVision3/R2DT/rna/rscape/lib/RNAVIEW"
| #define eslDEBUGLEVEL 0
| #define GAPASCHAR 0
| #define HAVE_PTHREAD 1
| /* end confdefs.h.  */
| #include <ac_nonexistent.h>
configure:4831: result: gcc -E
configure:4851: gcc -E  conftest.c
configure:4851: $? = 0
configure:4865: gcc -E  conftest.c
conftest.c:30:28: fatal error: ac_nonexistent.h: No such file or directory
 #include <ac_nonexistent.h>
                            ^
compilation terminated.
configure:4865: $? = 1
configure: failed program was:
| /* confdefs.h */
| #define PACKAGE_NAME "R-scape"
| #define PACKAGE_TARNAME "r-scape"
| #define PACKAGE_VERSION "2.0.0.g elenarivas@fas.harvard.edu"
| #define PACKAGE_STRING "R-scape 2.0.0.g elenarivas@fas.harvard.edu"
| #define PACKAGE_BUGREPORT "R-scape"
| #define PACKAGE_URL ""
| #define RSCAPE_NAME "R-scape"
| #define RSCAPE_DATE "April 2022"
| #define RSCAPE_COPYRIGHT "Copyright (C) 2016-2019 Howard Hughes Medical Institute."
| #define RSCAPE_LICENSE "Freely distributed under the GNU General Public License (GPLv3)."
| #define RSCAPE_VERSION "2.0.0.g elenarivas@fas.harvard.edu"
| #define RSCAPE_URL "http://rivaslab.org/"
| #define RSCAPE_HOME "/home/RiboVision3/R2DT/rna/rscape"
| #define RSCAPE_BIN "/home/RiboVision3/R2DT/rna/rscape/bin"
| #define RSCAPE_SHARE "/home/RiboVision3/R2DT/rna/rscape/share"
| #define RVIEW_NAME "R-view"
| #define RVIEW_DATE "July 2018"
| #define RVIEW_COPYRIGHT "Copyright (C) 2018 Howard Hughes Medical Institute."
| #define RVIEW_LICENSE "Freely distributed under the GNU General Public License (GPLv3)."
| #define RVIEW_VERSION "0.1"
| #define RVIEW_URL "http://rivaslab.org/"
| #define RVIEW_HOME "/home/RiboVision3/R2DT/rna/rscape/lib/R-view"
| #define RVIEW_BIN ""
| #define RNAVIEW_HOME "/home/RiboVision3/R2DT/rna/rscape/lib/RNAVIEW"
| #define eslDEBUGLEVEL 0
| #define GAPASCHAR 0
| #define HAVE_PTHREAD 1
| /* end confdefs.h.  */
| #include <ac_nonexistent.h>
configure:4894: checking for C compiler vendor
configure:4918: gcc -c -g -O2  conftest.c >&5
conftest.c: In function 'main':
conftest.c:36:7: error: 'thisisanerror' undeclared (first use in this function)
       thisisanerror;
       ^
conftest.c:36:7: note: each undeclared identifier is reported only once for each function it appears in
configure:4918: $? = 1
configure: failed program was:
| /* confdefs.h */
| #define PACKAGE_NAME "R-scape"
| #define PACKAGE_TARNAME "r-scape"
| #define PACKAGE_VERSION "2.0.0.g elenarivas@fas.harvard.edu"
| #define PACKAGE_STRING "R-scape 2.0.0.g elenarivas@fas.harvard.edu"
| #define PACKAGE_BUGREPORT "R-scape"
| #define PACKAGE_URL ""
| #define RSCAPE_NAME "R-scape"
| #define RSCAPE_DATE "April 2022"
| #define RSCAPE_COPYRIGHT "Copyright (C) 2016-2019 Howard Hughes Medical Institute."
| #define RSCAPE_LICENSE "Freely distributed under the GNU General Public License (GPLv3)."
| #define RSCAPE_VERSION "2.0.0.g elenarivas@fas.harvard.edu"
| #define RSCAPE_URL "http://rivaslab.org/"
| #define RSCAPE_HOME "/home/RiboVision3/R2DT/rna/rscape"
| #define RSCAPE_BIN "/home/RiboVision3/R2DT/rna/rscape/bin"
| #define RSCAPE_SHARE "/home/RiboVision3/R2DT/rna/rscape/share"
| #define RVIEW_NAME "R-view"
| #define RVIEW_DATE "July 2018"
| #define RVIEW_COPYRIGHT "Copyright (C) 2018 Howard Hughes Medical Institute."
| #define RVIEW_LICENSE "Freely distributed under the GNU General Public License (GPLv3)."
| #define RVIEW_VERSION "0.1"
| #define RVIEW_URL "http://rivaslab.org/"
| #define RVIEW_HOME "/home/RiboVision3/R2DT/rna/rscape/lib/R-view"
| #define RVIEW_BIN ""
| #define RNAVIEW_HOME "/home/RiboVision3/R2DT/rna/rscape/lib/RNAVIEW"
| #define eslDEBUGLEVEL 0
| #define GAPASCHAR 0
| #define HAVE_PTHREAD 1
| /* end confdefs.h.  */
| 
| int
| main ()
| {
| 
| #if !(defined(__ICC) || defined(__ECC) || defined(__INTEL_COMPILER))
|       thisisanerror;
| #endif
| 
|   ;
|   return 0;
| }
configure:4918: gcc -c -g -O2  conftest.c >&5
conftest.c: In function 'main':
conftest.c:36:7: error: 'thisisanerror' undeclared (first use in this function)
       thisisanerror;
       ^
conftest.c:36:7: note: each undeclared identifier is reported only once for each function it appears in
configure:4918: $? = 1
configure: failed program was:
| /* confdefs.h */
| #define PACKAGE_NAME "R-scape"
| #define PACKAGE_TARNAME "r-scape"
| #define PACKAGE_VERSION "2.0.0.g elenarivas@fas.harvard.edu"
| #define PACKAGE_STRING "R-scape 2.0.0.g elenarivas@fas.harvard.edu"
| #define PACKAGE_BUGREPORT "R-scape"
| #define PACKAGE_URL ""
| #define RSCAPE_NAME "R-scape"
| #define RSCAPE_DATE "April 2022"
| #define RSCAPE_COPYRIGHT "Copyright (C) 2016-2019 Howard Hughes Medical Institute."
| #define RSCAPE_LICENSE "Freely distributed under the GNU General Public License (GPLv3)."
| #define RSCAPE_VERSION "2.0.0.g elenarivas@fas.harvard.edu"
| #define RSCAPE_URL "http://rivaslab.org/"
| #define RSCAPE_HOME "/home/RiboVision3/R2DT/rna/rscape"
| #define RSCAPE_BIN "/home/RiboVision3/R2DT/rna/rscape/bin"
| #define RSCAPE_SHARE "/home/RiboVision3/R2DT/rna/rscape/share"
| #define RVIEW_NAME "R-view"
| #define RVIEW_DATE "July 2018"
| #define RVIEW_COPYRIGHT "Copyright (C) 2018 Howard Hughes Medical Institute."
| #define RVIEW_LICENSE "Freely distributed under the GNU General Public License (GPLv3)."
| #define RVIEW_VERSION "0.1"
| #define RVIEW_URL "http://rivaslab.org/"
| #define RVIEW_HOME "/home/RiboVision3/R2DT/rna/rscape/lib/R-view"
| #define RVIEW_BIN ""
| #define RNAVIEW_HOME "/home/RiboVision3/R2DT/rna/rscape/lib/RNAVIEW"
| #define eslDEBUGLEVEL 0
| #define GAPASCHAR 0
| #define HAVE_PTHREAD 1
| /* end confdefs.h.  */
| 
| int
| main ()
| {
| 
| #if !(defined(__xlc__) || defined(__xlC__) || defined(__IBMC__) || defined(__IBMCPP__))
|       thisisanerror;
| #endif
| 
|   ;
|   return 0;
| }
configure:4918: gcc -c -g -O2  conftest.c >&5
conftest.c: In function 'main':
conftest.c:36:7: error: 'thisisanerror' undeclared (first use in this function)
       thisisanerror;
       ^
conftest.c:36:7: note: each undeclared identifier is reported only once for each function it appears in
configure:4918: $? = 1
configure: failed program was:
| /* confdefs.h */
| #define PACKAGE_NAME "R-scape"
| #define PACKAGE_TARNAME "r-scape"
| #define PACKAGE_VERSION "2.0.0.g elenarivas@fas.harvard.edu"
| #define PACKAGE_STRING "R-scape 2.0.0.g elenarivas@fas.harvard.edu"
| #define PACKAGE_BUGREPORT "R-scape"
| #define PACKAGE_URL ""
| #define RSCAPE_NAME "R-scape"
| #define RSCAPE_DATE "April 2022"
| #define RSCAPE_COPYRIGHT "Copyright (C) 2016-2019 Howard Hughes Medical Institute."
| #define RSCAPE_LICENSE "Freely distributed under the GNU General Public License (GPLv3)."
| #define RSCAPE_VERSION "2.0.0.g elenarivas@fas.harvard.edu"
| #define RSCAPE_URL "http://rivaslab.org/"
| #define RSCAPE_HOME "/home/RiboVision3/R2DT/rna/rscape"
| #define RSCAPE_BIN "/home/RiboVision3/R2DT/rna/rscape/bin"
| #define RSCAPE_SHARE "/home/RiboVision3/R2DT/rna/rscape/share"
| #define RVIEW_NAME "R-view"
| #define RVIEW_DATE "July 2018"
| #define RVIEW_COPYRIGHT "Copyright (C) 2018 Howard Hughes Medical Institute."
| #define RVIEW_LICENSE "Freely distributed under the GNU General Public License (GPLv3)."
| #define RVIEW_VERSION "0.1"
| #define RVIEW_URL "http://rivaslab.org/"
| #define RVIEW_HOME "/home/RiboVision3/R2DT/rna/rscape/lib/R-view"
| #define RVIEW_BIN ""
| #define RNAVIEW_HOME "/home/RiboVision3/R2DT/rna/rscape/lib/RNAVIEW"
| #define eslDEBUGLEVEL 0
| #define GAPASCHAR 0
| #define HAVE_PTHREAD 1
| /* end confdefs.h.  */
| 
| int
| main ()
| {
| 
| #if !(defined(__PATHCC__) || defined(__PATHSCALE__))
|       thisisanerror;
| #endif
| 
|   ;
|   return 0;
| }
configure:4918: gcc -c -g -O2  conftest.c >&5
configure:4918: $? = 0
configure:4925: result: gnu
configure:4934: checking for gcc option to accept ISO C99
configure:5083: gcc  -c -g -O2  conftest.c >&5
conftest.c:80:29: error: expected ';', ',' or ')' before 'text'
 test_restrict (ccp restrict text)
                             ^
conftest.c: In function 'main':
conftest.c:134:18: error: expected '=', ',', ';', 'asm' or '__attribute__' before 'newvar'
   char *restrict newvar = "Another string";
                  ^
conftest.c:134:18: error: 'newvar' undeclared (first use in this function)
conftest.c:134:18: note: each undeclared identifier is reported only once for each function it appears in
conftest.c:144:3: error: 'for' loop initial declarations are only allowed in C99 mode
   for (int i = 0; i < ia->datasize; ++i)
   ^
conftest.c:144:3: note: use option -std=c99 or -std=gnu99 to compile your code
configure:5083: $? = 1
configure: failed program was:
| /* confdefs.h */
| #define PACKAGE_NAME "R-scape"
| #define PACKAGE_TARNAME "r-scape"
| #define PACKAGE_VERSION "2.0.0.g elenarivas@fas.harvard.edu"
| #define PACKAGE_STRING "R-scape 2.0.0.g elenarivas@fas.harvard.edu"
| #define PACKAGE_BUGREPORT "R-scape"
| #define PACKAGE_URL ""
| #define RSCAPE_NAME "R-scape"
| #define RSCAPE_DATE "April 2022"
| #define RSCAPE_COPYRIGHT "Copyright (C) 2016-2019 Howard Hughes Medical Institute."
| #define RSCAPE_LICENSE "Freely distributed under the GNU General Public License (GPLv3)."
| #define RSCAPE_VERSION "2.0.0.g elenarivas@fas.harvard.edu"
| #define RSCAPE_URL "http://rivaslab.org/"
| #define RSCAPE_HOME "/home/RiboVision3/R2DT/rna/rscape"
| #define RSCAPE_BIN "/home/RiboVision3/R2DT/rna/rscape/bin"
| #define RSCAPE_SHARE "/home/RiboVision3/R2DT/rna/rscape/share"
| #define RVIEW_NAME "R-view"
| #define RVIEW_DATE "July 2018"
| #define RVIEW_COPYRIGHT "Copyright (C) 2018 Howard Hughes Medical Institute."
| #define RVIEW_LICENSE "Freely distributed under the GNU General Public License (GPLv3)."
| #define RVIEW_VERSION "0.1"
| #define RVIEW_URL "http://rivaslab.org/"
| #define RVIEW_HOME "/home/RiboVision3/R2DT/rna/rscape/lib/R-view"
| #define RVIEW_BIN ""
| #define RNAVIEW_HOME "/home/RiboVision3/R2DT/rna/rscape/lib/RNAVIEW"
| #define eslDEBUGLEVEL 0
| #define GAPASCHAR 0
| #define HAVE_PTHREAD 1
| /* end confdefs.h.  */
| #include <stdarg.h>
| #include <stdbool.h>
| #include <stdlib.h>
| #include <wchar.h>
| #include <stdio.h>
| 
| // Check varargs macros.  These examples are taken from C99 6.10.3.5.
| #define debug(...) fprintf (stderr, __VA_ARGS__)
| #define showlist(...) puts (#__VA_ARGS__)
| #define report(test,...) ((test) ? puts (#test) : printf (__VA_ARGS__))
| static void
| test_varargs_macros (void)
| {
|   int x = 1234;
|   int y = 5678;
|   debug ("Flag");
|   debug ("X = %d\n", x);
|   showlist (The first, second, and third items.);
|   report (x>y, "x is %d but y is %d", x, y);
| }
| 
| // Check long long types.
| #define BIG64 18446744073709551615ull
| #define BIG32 4294967295ul
| #define BIG_OK (BIG64 / BIG32 == 4294967297ull && BIG64 % BIG32 == 0)
| #if !BIG_OK
|   your preprocessor is broken;
| #endif
| #if BIG_OK
| #else
|   your preprocessor is broken;
| #endif
| static long long int bignum = -9223372036854775807LL;
| static unsigned long long int ubignum = BIG64;
| 
| struct incomplete_array
| {
|   int datasize;
|   double data[];
| };
| 
| struct named_init {
|   int number;
|   const wchar_t *name;
|   double average;
| };
| 
| typedef const char *ccp;
| 
| static inline int
| test_restrict (ccp restrict text)
| {
|   // See if C++-style comments work.
|   // Iterate through items via the restricted pointer.
|   // Also check for declarations in for loops.
|   for (unsigned int i = 0; *(text+i) != '\0'; ++i)
|     continue;
|   return 0;
| }
| 
| // Check varargs and va_copy.
| static void
| test_varargs (const char *format, ...)
| {
|   va_list args;
|   va_start (args, format);
|   va_list args_copy;
|   va_copy (args_copy, args);
| 
|   const char *str;
|   int number;
|   float fnumber;
| 
|   while (*format)
|     {
|       switch (*format++)
| 	{
| 	case 's': // string
| 	  str = va_arg (args_copy, const char *);
| 	  break;
| 	case 'd': // int
| 	  number = va_arg (args_copy, int);
| 	  break;
| 	case 'f': // float
| 	  fnumber = va_arg (args_copy, double);
| 	  break;
| 	default:
| 	  break;
| 	}
|     }
|   va_end (args_copy);
|   va_end (args);
| }
| 
| int
| main ()
| {
| 
|   // Check bool.
|   _Bool success = false;
| 
|   // Check restrict.
|   if (test_restrict ("String literal") == 0)
|     success = true;
|   char *restrict newvar = "Another string";
| 
|   // Check varargs.
|   test_varargs ("s, d' f .", "string", 65, 34.234);
|   test_varargs_macros ();
| 
|   // Check flexible array members.
|   struct incomplete_array *ia =
|     malloc (sizeof (struct incomplete_array) + (sizeof (double) * 10));
|   ia->datasize = 10;
|   for (int i = 0; i < ia->datasize; ++i)
|     ia->data[i] = i * 1.234;
| 
|   // Check named initializers.
|   struct named_init ni = {
|     .number = 34,
|     .name = L"Test wide string",
|     .average = 543.34343,
|   };
| 
|   ni.number = 58;
| 
|   int dynamic_array[ni.number];
|   dynamic_array[ni.number - 1] = 543;
| 
|   // work around unused variable warnings
|   return (!success || bignum == 0LL || ubignum == 0uLL || newvar[0] == 'x'
| 	  || dynamic_array[ni.number - 1] != 543);
| 
|   ;
|   return 0;
| }
configure:5083: gcc -std=gnu99 -c -g -O2  conftest.c >&5
configure:5083: $? = 0
configure:5103: result: -std=gnu99
configure:5204: checking for gcc -std=gnu99 option to accept ISO Standard C
configure:5218: result: -std=gnu99
configure:5266: checking for ranlib
configure:5282: found /bin/ranlib
configure:5293: result: ranlib
configure:5317: checking for ar
configure:5336: found /bin/ar
configure:5349: result: /bin/ar
configure:5358: checking whether you have a GNU make
configure:5369: result: yes, you do; and we assume you will use it!
configure:5412: checking for gcc -std=gnu99 option to produce PIC
configure:5498: result: -fPIC
configure:5993: checking for gzip
configure:6011: found /bin/gzip
configure:6024: result: /bin/gzip
configure:6103: checking for library containing clock_gettime
configure:6134: gcc -std=gnu99 -o conftest -g -O2   conftest.c  >&5
configure:6134: $? = 0
configure:6151: result: none required
configure:6165: checking for grep that handles long lines and -e
configure:6223: result: /bin/grep
configure:6228: checking for egrep
configure:6290: result: /bin/grep -E
configure:6295: checking for ANSI C header files
configure:6315: gcc -std=gnu99 -c -g -O2  conftest.c >&5
configure:6315: $? = 0
configure:6388: gcc -std=gnu99 -o conftest -g -O2   conftest.c  >&5
configure:6388: $? = 0
configure:6388: ./conftest
configure:6388: $? = 0
configure:6399: result: yes
configure:6412: checking for sys/types.h
configure:6412: gcc -std=gnu99 -c -g -O2  conftest.c >&5
configure:6412: $? = 0
configure:6412: result: yes
configure:6412: checking for sys/stat.h
configure:6412: gcc -std=gnu99 -c -g -O2  conftest.c >&5
configure:6412: $? = 0
configure:6412: result: yes
configure:6412: checking for stdlib.h
configure:6412: gcc -std=gnu99 -c -g -O2  conftest.c >&5
configure:6412: $? = 0
configure:6412: result: yes
configure:6412: checking for string.h
configure:6412: gcc -std=gnu99 -c -g -O2  conftest.c >&5
configure:6412: $? = 0
configure:6412: result: yes
configure:6412: checking for memory.h
configure:6412: gcc -std=gnu99 -c -g -O2  conftest.c >&5
configure:6412: $? = 0
configure:6412: result: yes
configure:6412: checking for strings.h
configure:6412: gcc -std=gnu99 -c -g -O2  conftest.c >&5
configure:6412: $? = 0
configure:6412: result: yes
configure:6412: checking for inttypes.h
configure:6412: gcc -std=gnu99 -c -g -O2  conftest.c >&5
configure:6412: $? = 0
configure:6412: result: yes
configure:6412: checking for stdint.h
configure:6412: gcc -std=gnu99 -c -g -O2  conftest.c >&5
configure:6412: $? = 0
configure:6412: result: yes
configure:6412: checking for unistd.h
configure:6412: gcc -std=gnu99 -c -g -O2  conftest.c >&5
configure:6412: $? = 0
configure:6412: result: yes
configure:6427: checking for sys/types.h
configure:6427: result: yes
configure:6427: checking sys/sysctl.h usability
configure:6427: gcc -std=gnu99 -c -g -O2  conftest.c >&5
configure:6427: $? = 0
configure:6427: result: yes
configure:6427: checking sys/sysctl.h presence
configure:6427: gcc -E  conftest.c
configure:6427: $? = 0
configure:6427: result: yes
configure:6427: checking for sys/sysctl.h
configure:6427: result: yes
configure:6427: checking for unistd.h
configure:6427: result: yes
configure:6427: checking for stdint.h
configure:6427: result: yes
configure:6427: checking for inttypes.h
configure:6427: result: yes
configure:6427: checking endian.h usability
configure:6427: gcc -std=gnu99 -c -g -O2  conftest.c >&5
configure:6427: $? = 0
configure:6427: result: yes
configure:6427: checking endian.h presence
configure:6427: gcc -E  conftest.c
configure:6427: $? = 0
configure:6427: result: yes
configure:6427: checking for endian.h
configure:6427: result: yes
configure:6471: checking whether byte ordering is bigendian
configure:6486: gcc -std=gnu99 -c -g -O2  conftest.c >&5
conftest.c:48:9: error: unknown type name 'not'
         not a universal capable compiler
         ^
conftest.c:48:15: error: expected '=', ',', ';', 'asm' or '__attribute__' before 'universal'
         not a universal capable compiler
               ^
conftest.c:48:15: error: unknown type name 'universal'
configure:6486: $? = 1
configure: failed program was:
| /* confdefs.h */
| #define PACKAGE_NAME "R-scape"
| #define PACKAGE_TARNAME "r-scape"
| #define PACKAGE_VERSION "2.0.0.g elenarivas@fas.harvard.edu"
| #define PACKAGE_STRING "R-scape 2.0.0.g elenarivas@fas.harvard.edu"
| #define PACKAGE_BUGREPORT "R-scape"
| #define PACKAGE_URL ""
| #define RSCAPE_NAME "R-scape"
| #define RSCAPE_DATE "April 2022"
| #define RSCAPE_COPYRIGHT "Copyright (C) 2016-2019 Howard Hughes Medical Institute."
| #define RSCAPE_LICENSE "Freely distributed under the GNU General Public License (GPLv3)."
| #define RSCAPE_VERSION "2.0.0.g elenarivas@fas.harvard.edu"
| #define RSCAPE_URL "http://rivaslab.org/"
| #define RSCAPE_HOME "/home/RiboVision3/R2DT/rna/rscape"
| #define RSCAPE_BIN "/home/RiboVision3/R2DT/rna/rscape/bin"
| #define RSCAPE_SHARE "/home/RiboVision3/R2DT/rna/rscape/share"
| #define RVIEW_NAME "R-view"
| #define RVIEW_DATE "July 2018"
| #define RVIEW_COPYRIGHT "Copyright (C) 2018 Howard Hughes Medical Institute."
| #define RVIEW_LICENSE "Freely distributed under the GNU General Public License (GPLv3)."
| #define RVIEW_VERSION "0.1"
| #define RVIEW_URL "http://rivaslab.org/"
| #define RVIEW_HOME "/home/RiboVision3/R2DT/rna/rscape/lib/R-view"
| #define RVIEW_BIN ""
| #define RNAVIEW_HOME "/home/RiboVision3/R2DT/rna/rscape/lib/RNAVIEW"
| #define eslDEBUGLEVEL 0
| #define GAPASCHAR 0
| #define HAVE_PTHREAD 1
| #define HAVE_GZIP 1
| #define STDC_HEADERS 1
| #define HAVE_SYS_TYPES_H 1
| #define HAVE_SYS_STAT_H 1
| #define HAVE_STDLIB_H 1
| #define HAVE_STRING_H 1
| #define HAVE_MEMORY_H 1
| #define HAVE_STRINGS_H 1
| #define HAVE_INTTYPES_H 1
| #define HAVE_STDINT_H 1
| #define HAVE_UNISTD_H 1
| #define HAVE_SYS_TYPES_H 1
| #define HAVE_SYS_SYSCTL_H 1
| #define HAVE_UNISTD_H 1
| #define HAVE_STDINT_H 1
| #define HAVE_INTTYPES_H 1
| #define HAVE_ENDIAN_H 1
| /* end confdefs.h.  */
| #ifndef __APPLE_CC__
| 	       not a universal capable compiler
| 	     #endif
| 	     typedef int dummy;
| 
configure:6531: gcc -std=gnu99 -c -g -O2  conftest.c >&5
configure:6531: $? = 0
configure:6549: gcc -std=gnu99 -c -g -O2  conftest.c >&5
conftest.c: In function 'main':
conftest.c:54:4: error: unknown type name 'not'
    not big endian
    ^
conftest.c:54:12: error: expected '=', ',', ';', 'asm' or '__attribute__' before 'endian'
    not big endian
            ^
configure:6549: $? = 1
configure: failed program was:
| /* confdefs.h */
| #define PACKAGE_NAME "R-scape"
| #define PACKAGE_TARNAME "r-scape"
| #define PACKAGE_VERSION "2.0.0.g elenarivas@fas.harvard.edu"
| #define PACKAGE_STRING "R-scape 2.0.0.g elenarivas@fas.harvard.edu"
| #define PACKAGE_BUGREPORT "R-scape"
| #define PACKAGE_URL ""
| #define RSCAPE_NAME "R-scape"
| #define RSCAPE_DATE "April 2022"
| #define RSCAPE_COPYRIGHT "Copyright (C) 2016-2019 Howard Hughes Medical Institute."
| #define RSCAPE_LICENSE "Freely distributed under the GNU General Public License (GPLv3)."
| #define RSCAPE_VERSION "2.0.0.g elenarivas@fas.harvard.edu"
| #define RSCAPE_URL "http://rivaslab.org/"
| #define RSCAPE_HOME "/home/RiboVision3/R2DT/rna/rscape"
| #define RSCAPE_BIN "/home/RiboVision3/R2DT/rna/rscape/bin"
| #define RSCAPE_SHARE "/home/RiboVision3/R2DT/rna/rscape/share"
| #define RVIEW_NAME "R-view"
| #define RVIEW_DATE "July 2018"
| #define RVIEW_COPYRIGHT "Copyright (C) 2018 Howard Hughes Medical Institute."
| #define RVIEW_LICENSE "Freely distributed under the GNU General Public License (GPLv3)."
| #define RVIEW_VERSION "0.1"
| #define RVIEW_URL "http://rivaslab.org/"
| #define RVIEW_HOME "/home/RiboVision3/R2DT/rna/rscape/lib/R-view"
| #define RVIEW_BIN ""
| #define RNAVIEW_HOME "/home/RiboVision3/R2DT/rna/rscape/lib/RNAVIEW"
| #define eslDEBUGLEVEL 0
| #define GAPASCHAR 0
| #define HAVE_PTHREAD 1
| #define HAVE_GZIP 1
| #define STDC_HEADERS 1
| #define HAVE_SYS_TYPES_H 1
| #define HAVE_SYS_STAT_H 1
| #define HAVE_STDLIB_H 1
| #define HAVE_STRING_H 1
| #define HAVE_MEMORY_H 1
| #define HAVE_STRINGS_H 1
| #define HAVE_INTTYPES_H 1
| #define HAVE_STDINT_H 1
| #define HAVE_UNISTD_H 1
| #define HAVE_SYS_TYPES_H 1
| #define HAVE_SYS_SYSCTL_H 1
| #define HAVE_UNISTD_H 1
| #define HAVE_STDINT_H 1
| #define HAVE_INTTYPES_H 1
| #define HAVE_ENDIAN_H 1
| /* end confdefs.h.  */
| #include <sys/types.h>
| 		#include <sys/param.h>
| 
| int
| main ()
| {
| #if BYTE_ORDER != BIG_ENDIAN
| 		 not big endian
| 		#endif
| 
|   ;
|   return 0;
| }
configure:6677: result: no
configure:6695: checking for uint8_t
configure:6695: gcc -std=gnu99 -c -g -O2  conftest.c >&5
configure:6695: $? = 0
configure:6695: result: yes
configure:6709: checking for uint16_t
configure:6709: gcc -std=gnu99 -c -g -O2  conftest.c >&5
configure:6709: $? = 0
configure:6709: result: yes
configure:6721: checking for uint32_t
configure:6721: gcc -std=gnu99 -c -g -O2  conftest.c >&5
configure:6721: $? = 0
configure:6721: result: yes
configure:6735: checking for uint64_t
configure:6735: gcc -std=gnu99 -c -g -O2  conftest.c >&5
configure:6735: $? = 0
configure:6735: result: yes
configure:6749: checking for off_t
configure:6749: gcc -std=gnu99 -c -g -O2  conftest.c >&5
configure:6749: $? = 0
configure:6749: gcc -std=gnu99 -c -g -O2  conftest.c >&5
conftest.c: In function 'main':
conftest.c:83:20: error: expected expression before ')' token
 if (sizeof ((off_t)))
                    ^
configure:6749: $? = 1
configure: failed program was:
| /* confdefs.h */
| #define PACKAGE_NAME "R-scape"
| #define PACKAGE_TARNAME "r-scape"
| #define PACKAGE_VERSION "2.0.0.g elenarivas@fas.harvard.edu"
| #define PACKAGE_STRING "R-scape 2.0.0.g elenarivas@fas.harvard.edu"
| #define PACKAGE_BUGREPORT "R-scape"
| #define PACKAGE_URL ""
| #define RSCAPE_NAME "R-scape"
| #define RSCAPE_DATE "April 2022"
| #define RSCAPE_COPYRIGHT "Copyright (C) 2016-2019 Howard Hughes Medical Institute."
| #define RSCAPE_LICENSE "Freely distributed under the GNU General Public License (GPLv3)."
| #define RSCAPE_VERSION "2.0.0.g elenarivas@fas.harvard.edu"
| #define RSCAPE_URL "http://rivaslab.org/"
| #define RSCAPE_HOME "/home/RiboVision3/R2DT/rna/rscape"
| #define RSCAPE_BIN "/home/RiboVision3/R2DT/rna/rscape/bin"
| #define RSCAPE_SHARE "/home/RiboVision3/R2DT/rna/rscape/share"
| #define RVIEW_NAME "R-view"
| #define RVIEW_DATE "July 2018"
| #define RVIEW_COPYRIGHT "Copyright (C) 2018 Howard Hughes Medical Institute."
| #define RVIEW_LICENSE "Freely distributed under the GNU General Public License (GPLv3)."
| #define RVIEW_VERSION "0.1"
| #define RVIEW_URL "http://rivaslab.org/"
| #define RVIEW_HOME "/home/RiboVision3/R2DT/rna/rscape/lib/R-view"
| #define RVIEW_BIN ""
| #define RNAVIEW_HOME "/home/RiboVision3/R2DT/rna/rscape/lib/RNAVIEW"
| #define eslDEBUGLEVEL 0
| #define GAPASCHAR 0
| #define HAVE_PTHREAD 1
| #define HAVE_GZIP 1
| #define STDC_HEADERS 1
| #define HAVE_SYS_TYPES_H 1
| #define HAVE_SYS_STAT_H 1
| #define HAVE_STDLIB_H 1
| #define HAVE_STRING_H 1
| #define HAVE_MEMORY_H 1
| #define HAVE_STRINGS_H 1
| #define HAVE_INTTYPES_H 1
| #define HAVE_STDINT_H 1
| #define HAVE_UNISTD_H 1
| #define HAVE_SYS_TYPES_H 1
| #define HAVE_SYS_SYSCTL_H 1
| #define HAVE_UNISTD_H 1
| #define HAVE_STDINT_H 1
| #define HAVE_INTTYPES_H 1
| #define HAVE_ENDIAN_H 1
| /* end confdefs.h.  */
| #include <stdio.h>
| #ifdef HAVE_SYS_TYPES_H
| # include <sys/types.h>
| #endif
| #ifdef HAVE_SYS_STAT_H
| # include <sys/stat.h>
| #endif
| #ifdef STDC_HEADERS
| # include <stdlib.h>
| # include <stddef.h>
| #else
| # ifdef HAVE_STDLIB_H
| #  include <stdlib.h>
| # endif
| #endif
| #ifdef HAVE_STRING_H
| # if !defined STDC_HEADERS && defined HAVE_MEMORY_H
| #  include <memory.h>
| # endif
| # include <string.h>
| #endif
| #ifdef HAVE_STRINGS_H
| # include <strings.h>
| #endif
| #ifdef HAVE_INTTYPES_H
| # include <inttypes.h>
| #endif
| #ifdef HAVE_STDINT_H
| # include <stdint.h>
| #endif
| #ifdef HAVE_UNISTD_H
| # include <unistd.h>
| #endif
| int
| main ()
| {
| if (sizeof ((off_t)))
| 	    return 0;
|   ;
|   return 0;
| }
configure:6749: result: yes
configure:6782: checking for __attribute__((noreturn))
configure:6803: gcc -std=gnu99 -o conftest -g -O2   conftest.c  >&5
configure:6803: $? = 0
configure:6816: result: yes
configure:6838: checking for mkstemp
configure:6838: gcc -std=gnu99 -o conftest -g -O2   conftest.c  >&5
configure:6838: $? = 0
configure:6838: result: yes
configure:6849: checking for popen
configure:6849: gcc -std=gnu99 -o conftest -g -O2   conftest.c  >&5
configure:6849: $? = 0
configure:6849: result: yes
configure:6860: checking for strcasecmp
configure:6860: gcc -std=gnu99 -o conftest -g -O2   conftest.c  >&5
conftest.c:73:6: warning: conflicting types for built-in function 'strcasecmp' [enabled by default]
 char strcasecmp ();
      ^
configure:6860: $? = 0
configure:6860: result: yes
configure:6871: checking for times
configure:6871: gcc -std=gnu99 -o conftest -g -O2   conftest.c  >&5
configure:6871: $? = 0
configure:6871: result: yes
configure:6882: checking for getpid
configure:6882: gcc -std=gnu99 -o conftest -g -O2   conftest.c  >&5
configure:6882: $? = 0
configure:6882: result: yes
configure:6893: checking for sysctl
configure:6893: gcc -std=gnu99 -o conftest -g -O2   conftest.c  >&5
configure:6893: $? = 0
configure:6893: result: yes
configure:6904: checking for sysconf
configure:6904: gcc -std=gnu99 -o conftest -g -O2   conftest.c  >&5
configure:6904: $? = 0
configure:6904: result: yes
configure:6915: checking for getcwd
configure:6915: gcc -std=gnu99 -o conftest -g -O2   conftest.c  >&5
configure:6915: $? = 0
configure:6915: result: yes
configure:6926: checking for stat
configure:6926: gcc -std=gnu99 -o conftest -g -O2   conftest.c  >&5
configure:6926: $? = 0
configure:6926: result: yes
configure:6937: checking for fstat
configure:6937: gcc -std=gnu99 -o conftest -g -O2   conftest.c  >&5
configure:6937: $? = 0
configure:6937: result: yes
configure:6949: checking for ntohs
configure:6949: gcc -std=gnu99 -o conftest -g -O2   conftest.c  >&5
configure:6949: $? = 0
configure:6949: result: yes
configure:7006: checking for ntohl
configure:7006: gcc -std=gnu99 -o conftest -g -O2   conftest.c  >&5
configure:7006: $? = 0
configure:7006: result: yes
configure:7063: checking for htons
configure:7063: gcc -std=gnu99 -o conftest -g -O2   conftest.c  >&5
configure:7063: $? = 0
configure:7063: result: yes
configure:7120: checking for htonl
configure:7120: gcc -std=gnu99 -o conftest -g -O2   conftest.c  >&5
configure:7120: $? = 0
configure:7120: result: yes
configure:7175: checking for _LARGEFILE_SOURCE value needed for large files
configure:7194: gcc -std=gnu99 -o conftest -g -O2   conftest.c  >&5
configure:7194: $? = 0
configure:7222: result: no
configure:7254: checking for special C compiler options needed for large files
configure:7299: result: no
configure:7305: checking for _FILE_OFFSET_BITS value needed for large files
configure:7330: gcc -std=gnu99 -c -g -O2  conftest.c >&5
configure:7330: $? = 0
configure:7362: result: no
configure:7586: creating ./config.status

## ---------------------- ##
## Running config.status. ##
## ---------------------- ##

This file was extended by R-scape config.status 2.0.0.g elenarivas@fas.harvard.edu, which was
generated by GNU Autoconf 2.69.  Invocation command line was

  CONFIG_FILES    = 
  CONFIG_HEADERS  = 
  CONFIG_LINKS    = 
  CONFIG_COMMANDS = 
  $ ./config.status 

on apollo2.chemistry.gatech.edu

config.status:908: creating Makefile
config.status:908: creating src/Makefile
config.status:908: creating lib/FastTree/src/Makefile
config.status:908: creating lib/R2R/R2R-current/src/Makefile
config.status:908: creating lib/RNAVIEW/src/Makefile
config.status:908: creating lib/hmmer/libdivsufsort/Makefile
config.status:908: creating lib/hmmer/easel/Makefile
config.status:908: creating lib/hmmer/Makefile
config.status:908: creating lib/R-view/src/Makefile
config.status:908: creating src/e2_config.h
config.status:1083: src/e2_config.h is unchanged
config.status:908: creating src/rscape_config.h
config.status:908: creating lib/R-view/src/rview_config.h
config.status:908: creating lib/RNAVIEW/src/rnaview_config.h
configure:8827: === configuring in lib/R2R/R2R-current (/home/RiboVision3/R2DT/rna/rscape/lib/R2R/R2R-current)
configure:8890: running /bin/sh ./configure --disable-option-checking '--prefix=/home/RiboVision3/R2DT/rna/rscape'  --cache-file=/dev/null --srcdir=.
configure:8827: === configuring in lib/hmmer (/home/RiboVision3/R2DT/rna/rscape/lib/hmmer)
configure:8890: running /bin/sh ./configure --disable-option-checking '--prefix=/home/RiboVision3/R2DT/rna/rscape'  --cache-file=/dev/null --srcdir=.
configure:8827: === configuring in lib/infernal/infernal-current (/home/RiboVision3/R2DT/rna/rscape/lib/infernal/infernal-current)
configure:8890: running /bin/sh ./configure --disable-option-checking '--prefix=/home/RiboVision3/R2DT/rna/rscape'  --cache-file=/dev/null --srcdir=.

## ---------------- ##
## Cache variables. ##
## ---------------- ##

ac_cv_build=x86_64-unknown-linux-gnu
ac_cv_c_bigendian=no
ac_cv_c_compiler_gnu=yes
ac_cv_c_uint16_t=yes
ac_cv_c_uint32_t=yes
ac_cv_c_uint64_t=yes
ac_cv_c_uint8_t=yes
ac_cv_env_CC_set=
ac_cv_env_CC_value=
ac_cv_env_CFLAGS_set=
ac_cv_env_CFLAGS_value=
ac_cv_env_CPPFLAGS_set=
ac_cv_env_CPPFLAGS_value=
ac_cv_env_CPP_set=
ac_cv_env_CPP_value=
ac_cv_env_LDFLAGS_set=
ac_cv_env_LDFLAGS_value=
ac_cv_env_LIBS_set=
ac_cv_env_LIBS_value=
ac_cv_env_MPICC_set=
ac_cv_env_MPICC_value=
ac_cv_env_PIC_FLAGS_set=
ac_cv_env_PIC_FLAGS_value=
ac_cv_env_build_alias_set=
ac_cv_env_build_alias_value=
ac_cv_env_host_alias_set=
ac_cv_env_host_alias_value=
ac_cv_env_target_alias_set=
ac_cv_env_target_alias_value=
ac_cv_func_fstat=yes
ac_cv_func_getcwd=yes
ac_cv_func_getpid=yes
ac_cv_func_htonl=yes
ac_cv_func_htons=yes
ac_cv_func_mkstemp=yes
ac_cv_func_ntohl=yes
ac_cv_func_ntohs=yes
ac_cv_func_popen=yes
ac_cv_func_stat=yes
ac_cv_func_strcasecmp=yes
ac_cv_func_sysconf=yes
ac_cv_func_sysctl=yes
ac_cv_func_times=yes
ac_cv_header_endian_h=yes
ac_cv_header_inttypes_h=yes
ac_cv_header_memory_h=yes
ac_cv_header_stdc=yes
ac_cv_header_stdint_h=yes
ac_cv_header_stdlib_h=yes
ac_cv_header_string_h=yes
ac_cv_header_strings_h=yes
ac_cv_header_sys_stat_h=yes
ac_cv_header_sys_sysctl_h=yes
ac_cv_header_sys_types_h=yes
ac_cv_header_unistd_h=yes
ac_cv_host=x86_64-unknown-linux-gnu
ac_cv_objext=o
ac_cv_path_AR=/bin/ar
ac_cv_path_EGREP='/bin/grep -E'
ac_cv_path_GREP=/bin/grep
ac_cv_path_HAVE_GZIP=/bin/gzip
ac_cv_path_install='/bin/install -c'
ac_cv_prog_CPP='gcc -E'
ac_cv_prog_PTHREAD_CC=gcc
ac_cv_prog_ac_ct_CC=gcc
ac_cv_prog_ac_ct_RANLIB=ranlib
ac_cv_prog_cc_c89=
ac_cv_prog_cc_c99=-std=gnu99
ac_cv_prog_cc_g=yes
ac_cv_prog_cc_stdc=-std=gnu99
ac_cv_search_clock_gettime='none required'
ac_cv_sys_file_offset_bits=no
ac_cv_sys_largefile_CC=no
ac_cv_sys_largefile_source=no
ac_cv_type_off_t=yes
ax_cv_c_compiler_vendor=gnu
ax_cv_have_func_attribute_noreturn=yes

## ----------------- ##
## Output variables. ##
## ----------------- ##

AR='/bin/ar'
CC='gcc -std=gnu99'
CFLAGS='-g -O2'
CPP='gcc -E'
CPPFLAGS=''
DEFS='-DHAVE_CONFIG_H'
ECHO_C=''
ECHO_N='-n'
ECHO_T=''
EGREP='/bin/grep -E'
EXEC_DEPENDENCY='%: %.o'
EXEEXT=''
GREP='/bin/grep'
HAVE_GZIP='/bin/gzip'
INFERNAL_COPYRIGHT='Copyright (C) 2001-2005 HHMI/Washington University School of Medicine'
INFERNAL_DATE='December 2005'
INFERNAL_LICENSE='Freely distributed under the GNU General Public License (GPL)'
INFERNAL_LICENSETAG='gnu'
INFERNAL_RELCODE='infernal0_7'
INSTALL_DATA='${INSTALL} -m 644'
INSTALL_PROGRAM='${INSTALL}'
INSTALL_SCRIPT='${INSTALL}'
LDFLAGS=''
LIBGSL=''
LIBOBJS=''
LIBS=''
LTLIBOBJS=''
MPICC=''
MPILIBS=''
MPI_BENCHMARKS=''
MPI_UTESTS=''
OBJEXT='o'
PACKAGE_BUGREPORT='R-scape'
PACKAGE_NAME='R-scape'
PACKAGE_STRING='R-scape 2.0.0.g elenarivas@fas.harvard.edu'
PACKAGE_TARNAME='r-scape'
PACKAGE_URL=''
PACKAGE_VERSION='2.0.0.g elenarivas@fas.harvard.edu'
PATH_SEPARATOR=':'
PIC_FLAGS='-fPIC'
PTHREAD_CC='gcc'
PTHREAD_CFLAGS='-pthread'
PTHREAD_LIBS=''
RANLIB='ranlib'
RSCAPE_BIN='/home/RiboVision3/R2DT/rna/rscape/bin'
RSCAPE_COPYRIGHT='Copyright (C) 2016-2019 Howard Hughes Medical Institute.'
RSCAPE_DATE='April 2022'
RSCAPE_ESLDIR='lib/hmmer/easel'
RSCAPE_FASTTREEDIR='lib/FastTree/src'
RSCAPE_HMMERDIR='lib/hmmer/src'
RSCAPE_HOME='/home/RiboVision3/R2DT/rna/rscape'
RSCAPE_INFERNALDIR='lib/infernal/infernal-current'
RSCAPE_LICENSE='Freely distributed under the GNU General Public License (GPLv3).'
RSCAPE_NAME='R-scape'
RSCAPE_R2RDIR='lib/R2R/R2R-current'
RSCAPE_RNAVIEWDIR='lib/RNAVIEW/src'
RSCAPE_SADIR='lib/hmmer/libdivsufsort'
RSCAPE_SHARE='/home/RiboVision3/R2DT/rna/rscape/share'
RSCAPE_URL='http://rivaslab.org/'
RSCAPE_VERSION='2.0.0.g elenarivas@fas.harvard.edu'
RVIEW_COPYRIGHT='Copyright (C) 2018 Howard Hughes Medical Institute.'
RVIEW_DATE='July 2018'
RVIEW_DIR='lib/R-view/src'
RVIEW_HOME='/home/RiboVision3/R2DT/rna/rscape/lib/R-view'
RVIEW_LICENSE='Freely distributed under the GNU General Public License (GPLv3).'
RVIEW_NAME='R-view'
RVIEW_URL='http://rivaslab.org/'
RVIEW_VERSION='0.1'
SHELL='/bin/sh'
ac_ct_CC='gcc'
acx_pthread_config=''
bindir='${exec_prefix}/bin'
build='x86_64-unknown-linux-gnu'
build_alias=''
build_cpu='x86_64'
build_os='linux-gnu'
build_vendor='unknown'
datadir='${datarootdir}'
datarootdir='${prefix}/share'
docdir='${datarootdir}/doc/${PACKAGE_TARNAME}'
dvidir='${docdir}'
exec_prefix='${prefix}'
host='x86_64-unknown-linux-gnu'
host_alias=''
host_cpu='x86_64'
host_os='linux-gnu'
host_vendor='unknown'
htmldir='${docdir}'
includedir='${prefix}/include'
infodir='${datarootdir}/info'
libdir='${exec_prefix}/lib'
libexecdir='${exec_prefix}/libexec'
localedir='${datarootdir}/locale'
localstatedir='${prefix}/var'
mandir='${datarootdir}/man'
oldincludedir='/usr/include'
pdfdir='${docdir}'
prefix='/home/RiboVision3/R2DT/rna/rscape'
program_transform_name='s,x,x,'
psdir='${docdir}'
sbindir='${exec_prefix}/sbin'
sharedstatedir='${prefix}/com'
subdirs=' lib/R2R/R2R-current lib/hmmer lib/infernal/infernal-current'
sysconfdir='${prefix}/etc'
target_alias=''

## ----------- ##
## confdefs.h. ##
## ----------- ##

/* confdefs.h */
#define PACKAGE_NAME "R-scape"
#define PACKAGE_TARNAME "r-scape"
#define PACKAGE_VERSION "2.0.0.g elenarivas@fas.harvard.edu"
#define PACKAGE_STRING "R-scape 2.0.0.g elenarivas@fas.harvard.edu"
#define PACKAGE_BUGREPORT "R-scape"
#define PACKAGE_URL ""
#define RSCAPE_NAME "R-scape"
#define RSCAPE_DATE "April 2022"
#define RSCAPE_COPYRIGHT "Copyright (C) 2016-2019 Howard Hughes Medical Institute."
#define RSCAPE_LICENSE "Freely distributed under the GNU General Public License (GPLv3)."
#define RSCAPE_VERSION "2.0.0.g elenarivas@fas.harvard.edu"
#define RSCAPE_URL "http://rivaslab.org/"
#define RSCAPE_HOME "/home/RiboVision3/R2DT/rna/rscape"
#define RSCAPE_BIN "/home/RiboVision3/R2DT/rna/rscape/bin"
#define RSCAPE_SHARE "/home/RiboVision3/R2DT/rna/rscape/share"
#define RVIEW_NAME "R-view"
#define RVIEW_DATE "July 2018"
#define RVIEW_COPYRIGHT "Copyright (C) 2018 Howard Hughes Medical Institute."
#define RVIEW_LICENSE "Freely distributed under the GNU General Public License (GPLv3)."
#define RVIEW_VERSION "0.1"
#define RVIEW_URL "http://rivaslab.org/"
#define RVIEW_HOME "/home/RiboVision3/R2DT/rna/rscape/lib/R-view"
#define RVIEW_BIN ""
#define RNAVIEW_HOME "/home/RiboVision3/R2DT/rna/rscape/lib/RNAVIEW"
#define eslDEBUGLEVEL 0
#define GAPASCHAR 0
#define HAVE_PTHREAD 1
#define HAVE_GZIP 1
#define STDC_HEADERS 1
#define HAVE_SYS_TYPES_H 1
#define HAVE_SYS_STAT_H 1
#define HAVE_STDLIB_H 1
#define HAVE_STRING_H 1
#define HAVE_MEMORY_H 1
#define HAVE_STRINGS_H 1
#define HAVE_INTTYPES_H 1
#define HAVE_STDINT_H 1
#define HAVE_UNISTD_H 1
#define HAVE_SYS_TYPES_H 1
#define HAVE_SYS_SYSCTL_H 1
#define HAVE_UNISTD_H 1
#define HAVE_STDINT_H 1
#define HAVE_INTTYPES_H 1
#define HAVE_ENDIAN_H 1
#define HAVE_FUNC_ATTRIBUTE_NORETURN 1
#define HAVE_MKSTEMP 1
#define HAVE_POPEN 1
#define HAVE_STRCASECMP 1
#define HAVE_TIMES 1
#define HAVE_GETPID 1
#define HAVE_SYSCTL 1
#define HAVE_SYSCONF 1
#define HAVE_GETCWD 1
#define HAVE_STAT 1
#define HAVE_FSTAT 1
#define HAVE_NTOHS 1
#define HAVE_NTOHL 1
#define HAVE_HTONS 1
#define HAVE_HTONL 1
#define HAVE_FSEEKO 1

configure: exit 0
