This file contains any messages produced by compilers while
running configure, to aid debugging if configure makes a mistake.

It was created by Infernal configure 1.1.2, which was
generated by GNU Autoconf 2.63.  Invocation command line was

  $ ./configure --prefix=/home/RiboVision3/R2DT/rna/infernal-1.1.2

## --------- ##
## Platform. ##
## --------- ##

hostname = apollo2.chemistry.gatech.edu
uname -m = x86_64
uname -r = 3.10.0-1127.13.1.el7.x86_64
uname -s = Linux
uname -v = #1 SMP Fri Jun 12 14:34:17 EDT 2020

/usr/bin/uname -p = x86_64
/bin/uname -X     = unknown

/bin/arch              = x86_64
/usr/bin/arch -k       = unknown
/usr/convex/getsysinfo = unknown
/usr/bin/hostinfo      = unknown
/bin/machine           = unknown
/usr/bin/oslevel       = unknown
/bin/universe          = unknown

PATH: /home/RiboVision3/R2DT/rna/RNAstructure/exe
PATH: /home/RiboVision3/R2DT/rna/jiffy-infernal-hmmer-scripts
PATH: /home/RiboVision3/R2DT/rna/rscape/bin
PATH: /home/RiboVision3/R2DT/rna/traveler/bin
PATH: /home/RiboVision3/R2DT/rna/ribovore
PATH: /home/RiboVision3/R2DT/rna/infernal-1.1.2/bin
PATH: /home/RiboVision3/R2DT/rna/r2dt
PATH: /home/RiboVision3/R2DT/rna/RNAstructure/exe
PATH: /home/RiboVision3/R2DT/rna/traveler/bin
PATH: /home/RiboVision3/R2DT/rna/ribovore
PATH: /home/RiboVision3/R2DT/rna/infernal-1.1.2/bin
PATH: /home/RiboVision3/R2DT/rna/infernal-1.1.2
PATH: /home/RiboVision3/R2DT/rna/infernal-1.1.2/easel
PATH: /home/RiboVision3/R2DT/rna/epn-test
PATH: /home/RiboVision3/R2DT/rna/ribovore
PATH: /home/anton/perl5/bin
PATH: /home/anton/anaconda3/bin
PATH: /home/anton/anaconda3/condabin
PATH: /opt/maven/bin
PATH: /opt/maven/bin
PATH: /usr/local/bin
PATH: /usr/bin
PATH: /usr/local/sbin
PATH: /usr/sbin
PATH: /var/lib/snapd/snap/bin
PATH: /usr/local/bin
PATH: /usr/bin
PATH: /bin
PATH: /home/anton/bin
PATH: /usr/local/bin/ncbi-blast-2.10.0+/bin
PATH: /usr/local/DaliLite.v5/bin
PATH: /opt/mssql-tools/bin
PATH: /home/anton/.local/bin
PATH: /home/anton/bin
PATH: /opt/mssql-tools/bin


## ----------- ##
## Core tests. ##
## ----------- ##

configure:1867: Configuring Infernal for your system.
configure:2054: checking build system type
configure:2072: result: x86_64-unknown-linux-gnu
configure:2094: checking host system type
configure:2109: result: x86_64-unknown-linux-gnu
configure:2142: Full Infernal source distribution - using full configuration
configure:2343: checking for gcc
configure:2359: found /usr/local/bin/gcc
configure:2370: result: gcc
configure:2602: checking for C compiler version
configure:2610: gcc --version >&5
gcc (GCC) 4.9.4
Copyright (C) 2015 Free Software Foundation, Inc.
This is free software; see the source for copying conditions.  There is NO
warranty; not even for MERCHANTABILITY or FITNESS FOR A PARTICULAR PURPOSE.

configure:2614: $? = 0
configure:2621: gcc -v >&5
Using built-in specs.
COLLECT_GCC=gcc
COLLECT_LTO_WRAPPER=/usr/local/libexec/gcc/x86_64-unknown-linux-gnu/4.9.4/lto-wrapper
Target: x86_64-unknown-linux-gnu
Configured with: ../gcc-4.9.4/configure --enable-languages=c,c++ --disable-multilib
Thread model: posix
gcc version 4.9.4 (GCC) 
configure:2625: $? = 0
configure:2632: gcc -V >&5
gcc: error: unrecognized command line option '-V'
gcc: fatal error: no input files
compilation terminated.
configure:2636: $? = 1
configure:2659: checking for C compiler default output file name
configure:2681: gcc    conftest.c  >&5
configure:2685: $? = 0
configure:2723: result: a.out
configure:2742: checking whether the C compiler works
configure:2752: ./a.out
configure:2756: $? = 0
configure:2775: result: yes
configure:2782: checking whether we are cross compiling
configure:2784: result: no
configure:2787: checking for suffix of executables
configure:2794: gcc -o conftest    conftest.c  >&5
configure:2798: $? = 0
configure:2824: result: 
configure:2830: checking for suffix of object files
configure:2856: gcc -c   conftest.c >&5
configure:2860: $? = 0
configure:2885: result: o
configure:2889: checking whether we are using the GNU C compiler
configure:2918: gcc -c   conftest.c >&5
configure:2925: $? = 0
configure:2942: result: yes
configure:2951: checking whether gcc accepts -g
configure:2981: gcc -c -g  conftest.c >&5
configure:2988: $? = 0
configure:3089: result: yes
configure:3106: checking for gcc option to accept ISO C89
configure:3180: gcc  -c -g -O2  conftest.c >&5
configure:3187: $? = 0
configure:3210: result: none needed
configure:3230: checking for C compiler vendor
configure:3264: gcc -c -g -O2  conftest.c >&5
conftest.c: In function 'main':
conftest.c:30:7: error: 'thisisanerror' undeclared (first use in this function)
       thisisanerror;
       ^
conftest.c:30:7: note: each undeclared identifier is reported only once for each function it appears in
configure:3271: $? = 1
configure: failed program was:
| /* confdefs.h.  */
| #define PACKAGE_NAME "Infernal"
| #define PACKAGE_TARNAME "infernal"
| #define PACKAGE_VERSION "1.1.2"
| #define PACKAGE_STRING "Infernal 1.1.2"
| #define PACKAGE_BUGREPORT "eric.nawrocki@nih.gov"
| #define INFERNAL_DATE "July 2016"
| #define INFERNAL_COPYRIGHT "Copyright (C) 2016 Howard Hughes Medical Institute."
| #define INFERNAL_LICENSE "Freely distributed under a BSD open source license."
| #define INFERNAL_VERSION "1.1.2"
| #define INFERNAL_URL "http://eddylab.org/infernal/"
| #define HMMER_DATE "July 2016"
| #define HMMER_COPYRIGHT "Copyright (C) 2016 Howard Hughes Medical Institute."
| #define HMMER_LICENSE "Freely distributed under a BSD open source licence."
| #define HMMER_VERSION "3.1b3"
| #define HMMER_URL "http://hmmer.org/"
| #define EASEL_DATE "July 2016"
| #define EASEL_COPYRIGHT "Copyright (C) 2016 Howard Hughes Medical Institute"
| #define EASEL_LICENSE "Freely distributed under a BSD open source license."
| #define EASEL_VERSION "0.43"
| #define eslLIBRARY 1
| #define eslDEBUGLEVEL 0
| /* end confdefs.h.  */
| 
| int
| main ()
| {
| 
| #if !(defined(__ICC) || defined(__ECC) || defined(__INTEL_COMPILER))
|       thisisanerror;
| #endif
| 
|   ;
|   return 0;
| }
configure:3264: gcc -c -g -O2  conftest.c >&5
conftest.c: In function 'main':
conftest.c:30:7: error: 'thisisanerror' undeclared (first use in this function)
       thisisanerror;
       ^
conftest.c:30:7: note: each undeclared identifier is reported only once for each function it appears in
configure:3271: $? = 1
configure: failed program was:
| /* confdefs.h.  */
| #define PACKAGE_NAME "Infernal"
| #define PACKAGE_TARNAME "infernal"
| #define PACKAGE_VERSION "1.1.2"
| #define PACKAGE_STRING "Infernal 1.1.2"
| #define PACKAGE_BUGREPORT "eric.nawrocki@nih.gov"
| #define INFERNAL_DATE "July 2016"
| #define INFERNAL_COPYRIGHT "Copyright (C) 2016 Howard Hughes Medical Institute."
| #define INFERNAL_LICENSE "Freely distributed under a BSD open source license."
| #define INFERNAL_VERSION "1.1.2"
| #define INFERNAL_URL "http://eddylab.org/infernal/"
| #define HMMER_DATE "July 2016"
| #define HMMER_COPYRIGHT "Copyright (C) 2016 Howard Hughes Medical Institute."
| #define HMMER_LICENSE "Freely distributed under a BSD open source licence."
| #define HMMER_VERSION "3.1b3"
| #define HMMER_URL "http://hmmer.org/"
| #define EASEL_DATE "July 2016"
| #define EASEL_COPYRIGHT "Copyright (C) 2016 Howard Hughes Medical Institute"
| #define EASEL_LICENSE "Freely distributed under a BSD open source license."
| #define EASEL_VERSION "0.43"
| #define eslLIBRARY 1
| #define eslDEBUGLEVEL 0
| /* end confdefs.h.  */
| 
| int
| main ()
| {
| 
| #if !(defined(__xlc__) || defined(__xlC__) || defined(__IBMC__) || defined(__IBMCPP__))
|       thisisanerror;
| #endif
| 
|   ;
|   return 0;
| }
configure:3264: gcc -c -g -O2  conftest.c >&5
conftest.c: In function 'main':
conftest.c:30:7: error: 'thisisanerror' undeclared (first use in this function)
       thisisanerror;
       ^
conftest.c:30:7: note: each undeclared identifier is reported only once for each function it appears in
configure:3271: $? = 1
configure: failed program was:
| /* confdefs.h.  */
| #define PACKAGE_NAME "Infernal"
| #define PACKAGE_TARNAME "infernal"
| #define PACKAGE_VERSION "1.1.2"
| #define PACKAGE_STRING "Infernal 1.1.2"
| #define PACKAGE_BUGREPORT "eric.nawrocki@nih.gov"
| #define INFERNAL_DATE "July 2016"
| #define INFERNAL_COPYRIGHT "Copyright (C) 2016 Howard Hughes Medical Institute."
| #define INFERNAL_LICENSE "Freely distributed under a BSD open source license."
| #define INFERNAL_VERSION "1.1.2"
| #define INFERNAL_URL "http://eddylab.org/infernal/"
| #define HMMER_DATE "July 2016"
| #define HMMER_COPYRIGHT "Copyright (C) 2016 Howard Hughes Medical Institute."
| #define HMMER_LICENSE "Freely distributed under a BSD open source licence."
| #define HMMER_VERSION "3.1b3"
| #define HMMER_URL "http://hmmer.org/"
| #define EASEL_DATE "July 2016"
| #define EASEL_COPYRIGHT "Copyright (C) 2016 Howard Hughes Medical Institute"
| #define EASEL_LICENSE "Freely distributed under a BSD open source license."
| #define EASEL_VERSION "0.43"
| #define eslLIBRARY 1
| #define eslDEBUGLEVEL 0
| /* end confdefs.h.  */
| 
| int
| main ()
| {
| 
| #if !(defined(__PATHCC__) || defined(__PATHSCALE__))
|       thisisanerror;
| #endif
| 
|   ;
|   return 0;
| }
configure:3264: gcc -c -g -O2  conftest.c >&5
configure:3271: $? = 0
configure:3288: result: gnu
configure:3528: checking for the pthreads library -lpthreads
configure:3571: gcc -o conftest -g -O2    conftest.c -lpthreads  >&5
/usr/bin/ld: cannot find -lpthreads
collect2: error: ld returned 1 exit status
configure:3578: $? = 1
configure: failed program was:
| /* confdefs.h.  */
| #define PACKAGE_NAME "Infernal"
| #define PACKAGE_TARNAME "infernal"
| #define PACKAGE_VERSION "1.1.2"
| #define PACKAGE_STRING "Infernal 1.1.2"
| #define PACKAGE_BUGREPORT "eric.nawrocki@nih.gov"
| #define INFERNAL_DATE "July 2016"
| #define INFERNAL_COPYRIGHT "Copyright (C) 2016 Howard Hughes Medical Institute."
| #define INFERNAL_LICENSE "Freely distributed under a BSD open source license."
| #define INFERNAL_VERSION "1.1.2"
| #define INFERNAL_URL "http://eddylab.org/infernal/"
| #define HMMER_DATE "July 2016"
| #define HMMER_COPYRIGHT "Copyright (C) 2016 Howard Hughes Medical Institute."
| #define HMMER_LICENSE "Freely distributed under a BSD open source licence."
| #define HMMER_VERSION "3.1b3"
| #define HMMER_URL "http://hmmer.org/"
| #define EASEL_DATE "July 2016"
| #define EASEL_COPYRIGHT "Copyright (C) 2016 Howard Hughes Medical Institute"
| #define EASEL_LICENSE "Freely distributed under a BSD open source license."
| #define EASEL_VERSION "0.43"
| #define eslLIBRARY 1
| #define eslDEBUGLEVEL 0
| /* end confdefs.h.  */
| #include <pthread.h>
| int
| main ()
| {
| pthread_t th; pthread_join(th, 0);
|                      pthread_attr_init(0); pthread_cleanup_push(0, 0);
|                      pthread_create(0,0,0,0); pthread_cleanup_pop(0);
|   ;
|   return 0;
| }
configure:3601: result: no
configure:3473: checking whether pthreads work without any flags
configure:3571: gcc -o conftest -g -O2    conftest.c   >&5
/tmp/ccWEPXSg.o: In function `main':
/home/RiboVision3/R2DT/rna/infernal-1.1.2/conftest.c:28: undefined reference to `pthread_join'
/home/RiboVision3/R2DT/rna/infernal-1.1.2/conftest.c:29: undefined reference to `__pthread_register_cancel'
/home/RiboVision3/R2DT/rna/infernal-1.1.2/conftest.c:30: undefined reference to `pthread_create'
/home/RiboVision3/R2DT/rna/infernal-1.1.2/conftest.c:30: undefined reference to `__pthread_unregister_cancel'
collect2: error: ld returned 1 exit status
configure:3578: $? = 1
configure: failed program was:
| /* confdefs.h.  */
| #define PACKAGE_NAME "Infernal"
| #define PACKAGE_TARNAME "infernal"
| #define PACKAGE_VERSION "1.1.2"
| #define PACKAGE_STRING "Infernal 1.1.2"
| #define PACKAGE_BUGREPORT "eric.nawrocki@nih.gov"
| #define INFERNAL_DATE "July 2016"
| #define INFERNAL_COPYRIGHT "Copyright (C) 2016 Howard Hughes Medical Institute."
| #define INFERNAL_LICENSE "Freely distributed under a BSD open source license."
| #define INFERNAL_VERSION "1.1.2"
| #define INFERNAL_URL "http://eddylab.org/infernal/"
| #define HMMER_DATE "July 2016"
| #define HMMER_COPYRIGHT "Copyright (C) 2016 Howard Hughes Medical Institute."
| #define HMMER_LICENSE "Freely distributed under a BSD open source licence."
| #define HMMER_VERSION "3.1b3"
| #define HMMER_URL "http://hmmer.org/"
| #define EASEL_DATE "July 2016"
| #define EASEL_COPYRIGHT "Copyright (C) 2016 Howard Hughes Medical Institute"
| #define EASEL_LICENSE "Freely distributed under a BSD open source license."
| #define EASEL_VERSION "0.43"
| #define eslLIBRARY 1
| #define eslDEBUGLEVEL 0
| /* end confdefs.h.  */
| #include <pthread.h>
| int
| main ()
| {
| pthread_t th; pthread_join(th, 0);
|                      pthread_attr_init(0); pthread_cleanup_push(0, 0);
|                      pthread_create(0,0,0,0); pthread_cleanup_pop(0);
|   ;
|   return 0;
| }
configure:3601: result: no
configure:3478: checking whether pthreads work with -Kthread
configure:3571: gcc -o conftest -g -O2 -Kthread   conftest.c   >&5
gcc: error: unrecognized command line option '-Kthread'
configure:3578: $? = 1
configure: failed program was:
| /* confdefs.h.  */
| #define PACKAGE_NAME "Infernal"
| #define PACKAGE_TARNAME "infernal"
| #define PACKAGE_VERSION "1.1.2"
| #define PACKAGE_STRING "Infernal 1.1.2"
| #define PACKAGE_BUGREPORT "eric.nawrocki@nih.gov"
| #define INFERNAL_DATE "July 2016"
| #define INFERNAL_COPYRIGHT "Copyright (C) 2016 Howard Hughes Medical Institute."
| #define INFERNAL_LICENSE "Freely distributed under a BSD open source license."
| #define INFERNAL_VERSION "1.1.2"
| #define INFERNAL_URL "http://eddylab.org/infernal/"
| #define HMMER_DATE "July 2016"
| #define HMMER_COPYRIGHT "Copyright (C) 2016 Howard Hughes Medical Institute."
| #define HMMER_LICENSE "Freely distributed under a BSD open source licence."
| #define HMMER_VERSION "3.1b3"
| #define HMMER_URL "http://hmmer.org/"
| #define EASEL_DATE "July 2016"
| #define EASEL_COPYRIGHT "Copyright (C) 2016 Howard Hughes Medical Institute"
| #define EASEL_LICENSE "Freely distributed under a BSD open source license."
| #define EASEL_VERSION "0.43"
| #define eslLIBRARY 1
| #define eslDEBUGLEVEL 0
| /* end confdefs.h.  */
| #include <pthread.h>
| int
| main ()
| {
| pthread_t th; pthread_join(th, 0);
|                      pthread_attr_init(0); pthread_cleanup_push(0, 0);
|                      pthread_create(0,0,0,0); pthread_cleanup_pop(0);
|   ;
|   return 0;
| }
configure:3601: result: no
configure:3478: checking whether pthreads work with -kthread
configure:3571: gcc -o conftest -g -O2 -kthread   conftest.c   >&5
gcc: error: unrecognized command line option '-kthread'
configure:3578: $? = 1
configure: failed program was:
| /* confdefs.h.  */
| #define PACKAGE_NAME "Infernal"
| #define PACKAGE_TARNAME "infernal"
| #define PACKAGE_VERSION "1.1.2"
| #define PACKAGE_STRING "Infernal 1.1.2"
| #define PACKAGE_BUGREPORT "eric.nawrocki@nih.gov"
| #define INFERNAL_DATE "July 2016"
| #define INFERNAL_COPYRIGHT "Copyright (C) 2016 Howard Hughes Medical Institute."
| #define INFERNAL_LICENSE "Freely distributed under a BSD open source license."
| #define INFERNAL_VERSION "1.1.2"
| #define INFERNAL_URL "http://eddylab.org/infernal/"
| #define HMMER_DATE "July 2016"
| #define HMMER_COPYRIGHT "Copyright (C) 2016 Howard Hughes Medical Institute."
| #define HMMER_LICENSE "Freely distributed under a BSD open source licence."
| #define HMMER_VERSION "3.1b3"
| #define HMMER_URL "http://hmmer.org/"
| #define EASEL_DATE "July 2016"
| #define EASEL_COPYRIGHT "Copyright (C) 2016 Howard Hughes Medical Institute"
| #define EASEL_LICENSE "Freely distributed under a BSD open source license."
| #define EASEL_VERSION "0.43"
| #define eslLIBRARY 1
| #define eslDEBUGLEVEL 0
| /* end confdefs.h.  */
| #include <pthread.h>
| int
| main ()
| {
| pthread_t th; pthread_join(th, 0);
|                      pthread_attr_init(0); pthread_cleanup_push(0, 0);
|                      pthread_create(0,0,0,0); pthread_cleanup_pop(0);
|   ;
|   return 0;
| }
configure:3601: result: no
configure:3528: checking for the pthreads library -llthread
configure:3571: gcc -o conftest -g -O2    conftest.c -llthread  >&5
/usr/bin/ld: cannot find -llthread
collect2: error: ld returned 1 exit status
configure:3578: $? = 1
configure: failed program was:
| /* confdefs.h.  */
| #define PACKAGE_NAME "Infernal"
| #define PACKAGE_TARNAME "infernal"
| #define PACKAGE_VERSION "1.1.2"
| #define PACKAGE_STRING "Infernal 1.1.2"
| #define PACKAGE_BUGREPORT "eric.nawrocki@nih.gov"
| #define INFERNAL_DATE "July 2016"
| #define INFERNAL_COPYRIGHT "Copyright (C) 2016 Howard Hughes Medical Institute."
| #define INFERNAL_LICENSE "Freely distributed under a BSD open source license."
| #define INFERNAL_VERSION "1.1.2"
| #define INFERNAL_URL "http://eddylab.org/infernal/"
| #define HMMER_DATE "July 2016"
| #define HMMER_COPYRIGHT "Copyright (C) 2016 Howard Hughes Medical Institute."
| #define HMMER_LICENSE "Freely distributed under a BSD open source licence."
| #define HMMER_VERSION "3.1b3"
| #define HMMER_URL "http://hmmer.org/"
| #define EASEL_DATE "July 2016"
| #define EASEL_COPYRIGHT "Copyright (C) 2016 Howard Hughes Medical Institute"
| #define EASEL_LICENSE "Freely distributed under a BSD open source license."
| #define EASEL_VERSION "0.43"
| #define eslLIBRARY 1
| #define eslDEBUGLEVEL 0
| /* end confdefs.h.  */
| #include <pthread.h>
| int
| main ()
| {
| pthread_t th; pthread_join(th, 0);
|                      pthread_attr_init(0); pthread_cleanup_push(0, 0);
|                      pthread_create(0,0,0,0); pthread_cleanup_pop(0);
|   ;
|   return 0;
| }
configure:3601: result: no
configure:3478: checking whether pthreads work with -pthread
configure:3571: gcc -o conftest -g -O2 -pthread   conftest.c   >&5
configure:3578: $? = 0
configure:3601: result: yes
configure:3621: checking for joinable pthread attribute
configure:3644: gcc -o conftest -g -O2 -pthread   conftest.c   >&5
configure:3651: $? = 0
configure:3726: result: PTHREAD_CREATE_JOINABLE
configure:3733: checking if more special flags are required for pthreads
configure:3743: result: no
configure:3755: checking for cc_r
configure:3783: result: gcc
configure:3944: checking for gcc
configure:3971: result: gcc
configure:4203: checking for C compiler version
configure:4211: gcc --version >&5
gcc (GCC) 4.9.4
Copyright (C) 2015 Free Software Foundation, Inc.
This is free software; see the source for copying conditions.  There is NO
warranty; not even for MERCHANTABILITY or FITNESS FOR A PARTICULAR PURPOSE.

configure:4215: $? = 0
configure:4222: gcc -v >&5
Using built-in specs.
COLLECT_GCC=gcc
COLLECT_LTO_WRAPPER=/usr/local/libexec/gcc/x86_64-unknown-linux-gnu/4.9.4/lto-wrapper
Target: x86_64-unknown-linux-gnu
Configured with: ../gcc-4.9.4/configure --enable-languages=c,c++ --disable-multilib
Thread model: posix
gcc version 4.9.4 (GCC) 
configure:4226: $? = 0
configure:4233: gcc -V >&5
gcc: error: unrecognized command line option '-V'
gcc: fatal error: no input files
compilation terminated.
configure:4237: $? = 1
configure:4240: checking whether we are using the GNU C compiler
configure:4293: result: yes
configure:4302: checking whether gcc accepts -g
configure:4440: result: yes
configure:4457: checking for gcc option to accept ISO C89
configure:4561: result: none needed
configure:4593: checking for a BSD-compatible install
configure:4661: result: /usr/bin/install -c
configure:5041: checking how to run the C preprocessor
configure:5081: gcc -E  conftest.c
configure:5088: $? = 0
configure:5119: gcc -E  conftest.c
conftest.c:26:28: fatal error: ac_nonexistent.h: No such file or directory
 #include <ac_nonexistent.h>
                            ^
compilation terminated.
configure:5126: $? = 1
configure: failed program was:
| /* confdefs.h.  */
| #define PACKAGE_NAME "Infernal"
| #define PACKAGE_TARNAME "infernal"
| #define PACKAGE_VERSION "1.1.2"
| #define PACKAGE_STRING "Infernal 1.1.2"
| #define PACKAGE_BUGREPORT "eric.nawrocki@nih.gov"
| #define INFERNAL_DATE "July 2016"
| #define INFERNAL_COPYRIGHT "Copyright (C) 2016 Howard Hughes Medical Institute."
| #define INFERNAL_LICENSE "Freely distributed under a BSD open source license."
| #define INFERNAL_VERSION "1.1.2"
| #define INFERNAL_URL "http://eddylab.org/infernal/"
| #define HMMER_DATE "July 2016"
| #define HMMER_COPYRIGHT "Copyright (C) 2016 Howard Hughes Medical Institute."
| #define HMMER_LICENSE "Freely distributed under a BSD open source licence."
| #define HMMER_VERSION "3.1b3"
| #define HMMER_URL "http://hmmer.org/"
| #define EASEL_DATE "July 2016"
| #define EASEL_COPYRIGHT "Copyright (C) 2016 Howard Hughes Medical Institute"
| #define EASEL_LICENSE "Freely distributed under a BSD open source license."
| #define EASEL_VERSION "0.43"
| #define eslLIBRARY 1
| #define eslDEBUGLEVEL 0
| #define HMMER_THREADS 1
| #define HAVE_PTHREAD 1
| /* end confdefs.h.  */
| #include <ac_nonexistent.h>
configure:5159: result: gcc -E
configure:5188: gcc -E  conftest.c
configure:5195: $? = 0
configure:5226: gcc -E  conftest.c
conftest.c:26:28: fatal error: ac_nonexistent.h: No such file or directory
 #include <ac_nonexistent.h>
                            ^
compilation terminated.
configure:5233: $? = 1
configure: failed program was:
| /* confdefs.h.  */
| #define PACKAGE_NAME "Infernal"
| #define PACKAGE_TARNAME "infernal"
| #define PACKAGE_VERSION "1.1.2"
| #define PACKAGE_STRING "Infernal 1.1.2"
| #define PACKAGE_BUGREPORT "eric.nawrocki@nih.gov"
| #define INFERNAL_DATE "July 2016"
| #define INFERNAL_COPYRIGHT "Copyright (C) 2016 Howard Hughes Medical Institute."
| #define INFERNAL_LICENSE "Freely distributed under a BSD open source license."
| #define INFERNAL_VERSION "1.1.2"
| #define INFERNAL_URL "http://eddylab.org/infernal/"
| #define HMMER_DATE "July 2016"
| #define HMMER_COPYRIGHT "Copyright (C) 2016 Howard Hughes Medical Institute."
| #define HMMER_LICENSE "Freely distributed under a BSD open source licence."
| #define HMMER_VERSION "3.1b3"
| #define HMMER_URL "http://hmmer.org/"
| #define EASEL_DATE "July 2016"
| #define EASEL_COPYRIGHT "Copyright (C) 2016 Howard Hughes Medical Institute"
| #define EASEL_LICENSE "Freely distributed under a BSD open source license."
| #define EASEL_VERSION "0.43"
| #define eslLIBRARY 1
| #define eslDEBUGLEVEL 0
| #define HMMER_THREADS 1
| #define HAVE_PTHREAD 1
| /* end confdefs.h.  */
| #include <ac_nonexistent.h>
configure:5273: checking for C compiler vendor
configure:5331: result: gnu
configure:5338: checking for gcc option to accept ISO C99
configure:5497: gcc  -c -g -O2  conftest.c >&5
conftest.c:76:29: error: expected ';', ',' or ')' before 'text'
 test_restrict (ccp restrict text)
                             ^
conftest.c: In function 'main':
conftest.c:130:18: error: expected '=', ',', ';', 'asm' or '__attribute__' before 'newvar'
   char *restrict newvar = "Another string";
                  ^
conftest.c:130:18: error: 'newvar' undeclared (first use in this function)
conftest.c:130:18: note: each undeclared identifier is reported only once for each function it appears in
conftest.c:140:3: error: 'for' loop initial declarations are only allowed in C99 or C11 mode
   for (int i = 0; i < ia->datasize; ++i)
   ^
conftest.c:140:3: note: use option -std=c99, -std=gnu99, -std=c11 or -std=gnu11 to compile your code
configure:5504: $? = 1
configure: failed program was:
| /* confdefs.h.  */
| #define PACKAGE_NAME "Infernal"
| #define PACKAGE_TARNAME "infernal"
| #define PACKAGE_VERSION "1.1.2"
| #define PACKAGE_STRING "Infernal 1.1.2"
| #define PACKAGE_BUGREPORT "eric.nawrocki@nih.gov"
| #define INFERNAL_DATE "July 2016"
| #define INFERNAL_COPYRIGHT "Copyright (C) 2016 Howard Hughes Medical Institute."
| #define INFERNAL_LICENSE "Freely distributed under a BSD open source license."
| #define INFERNAL_VERSION "1.1.2"
| #define INFERNAL_URL "http://eddylab.org/infernal/"
| #define HMMER_DATE "July 2016"
| #define HMMER_COPYRIGHT "Copyright (C) 2016 Howard Hughes Medical Institute."
| #define HMMER_LICENSE "Freely distributed under a BSD open source licence."
| #define HMMER_VERSION "3.1b3"
| #define HMMER_URL "http://hmmer.org/"
| #define EASEL_DATE "July 2016"
| #define EASEL_COPYRIGHT "Copyright (C) 2016 Howard Hughes Medical Institute"
| #define EASEL_LICENSE "Freely distributed under a BSD open source license."
| #define EASEL_VERSION "0.43"
| #define eslLIBRARY 1
| #define eslDEBUGLEVEL 0
| #define HMMER_THREADS 1
| #define HAVE_PTHREAD 1
| /* end confdefs.h.  */
| #include <stdarg.h>
| #include <stdbool.h>
| #include <stdlib.h>
| #include <wchar.h>
| #include <stdio.h>
| 
| // Check varargs macros.  These examples are taken from C99 6.10.3.5.
| #define debug(...) fprintf (stderr, __VA_ARGS__)
| #define showlist(...) puts (#__VA_ARGS__)
| #define report(test,...) ((test) ? puts (#test) : printf (__VA_ARGS__))
| static void
| test_varargs_macros (void)
| {
|   int x = 1234;
|   int y = 5678;
|   debug ("Flag");
|   debug ("X = %d\n", x);
|   showlist (The first, second, and third items.);
|   report (x>y, "x is %d but y is %d", x, y);
| }
| 
| // Check long long types.
| #define BIG64 18446744073709551615ull
| #define BIG32 4294967295ul
| #define BIG_OK (BIG64 / BIG32 == 4294967297ull && BIG64 % BIG32 == 0)
| #if !BIG_OK
|   your preprocessor is broken;
| #endif
| #if BIG_OK
| #else
|   your preprocessor is broken;
| #endif
| static long long int bignum = -9223372036854775807LL;
| static unsigned long long int ubignum = BIG64;
| 
| struct incomplete_array
| {
|   int datasize;
|   double data[];
| };
| 
| struct named_init {
|   int number;
|   const wchar_t *name;
|   double average;
| };
| 
| typedef const char *ccp;
| 
| static inline int
| test_restrict (ccp restrict text)
| {
|   // See if C++-style comments work.
|   // Iterate through items via the restricted pointer.
|   // Also check for declarations in for loops.
|   for (unsigned int i = 0; *(text+i) != '\0'; ++i)
|     continue;
|   return 0;
| }
| 
| // Check varargs and va_copy.
| static void
| test_varargs (const char *format, ...)
| {
|   va_list args;
|   va_start (args, format);
|   va_list args_copy;
|   va_copy (args_copy, args);
| 
|   const char *str;
|   int number;
|   float fnumber;
| 
|   while (*format)
|     {
|       switch (*format++)
| 	{
| 	case 's': // string
| 	  str = va_arg (args_copy, const char *);
| 	  break;
| 	case 'd': // int
| 	  number = va_arg (args_copy, int);
| 	  break;
| 	case 'f': // float
| 	  fnumber = va_arg (args_copy, double);
| 	  break;
| 	default:
| 	  break;
| 	}
|     }
|   va_end (args_copy);
|   va_end (args);
| }
| 
| int
| main ()
| {
| 
|   // Check bool.
|   _Bool success = false;
| 
|   // Check restrict.
|   if (test_restrict ("String literal") == 0)
|     success = true;
|   char *restrict newvar = "Another string";
| 
|   // Check varargs.
|   test_varargs ("s, d' f .", "string", 65, 34.234);
|   test_varargs_macros ();
| 
|   // Check flexible array members.
|   struct incomplete_array *ia =
|     malloc (sizeof (struct incomplete_array) + (sizeof (double) * 10));
|   ia->datasize = 10;
|   for (int i = 0; i < ia->datasize; ++i)
|     ia->data[i] = i * 1.234;
| 
|   // Check named initializers.
|   struct named_init ni = {
|     .number = 34,
|     .name = L"Test wide string",
|     .average = 543.34343,
|   };
| 
|   ni.number = 58;
| 
|   int dynamic_array[ni.number];
|   dynamic_array[ni.number - 1] = 543;
| 
|   // work around unused variable warnings
|   return (!success || bignum == 0LL || ubignum == 0uLL || newvar[0] == 'x'
| 	  || dynamic_array[ni.number - 1] != 543);
| 
|   ;
|   return 0;
| }
configure:5497: gcc -std=gnu99 -c -g -O2  conftest.c >&5
configure:5504: $? = 0
configure:5534: result: -std=gnu99
configure:5665: checking for gcc -std=gnu99 option to accept ISO Standard C
configure:5676: result: -std=gnu99
configure:5725: checking for ranlib
configure:5741: found /usr/bin/ranlib
configure:5752: result: ranlib
configure:5776: checking for ar
configure:5795: found /usr/bin/ar
configure:5808: result: /usr/bin/ar
configure:5817: checking whether ln -s works
configure:5821: result: yes
configure:5829: checking whether you have a GNU make
configure:5840: result: yes, you do; and we assume you will use it!
configure:5885: checking for gcc -std=gnu99 option to produce PIC
configure:5971: result: -fPIC
configure:5980: checking whether C compiler accepts -msse2
configure:6009: gcc -std=gnu99 -c -msse2  conftest.c >&5
configure:6016: $? = 0
configure:6034: result: yes
configure:6042: checking whether C compiler accepts -msse2 -msse3
configure:6071: gcc -std=gnu99 -c -msse2 -msse3  conftest.c >&5
configure:6078: $? = 0
configure:6096: result: yes
configure:6566: checking compiler support for sse2 cast functions
configure:6601: gcc -std=gnu99 -c -g -O2 -msse2 -msse3  conftest.c >&5
configure:6608: $? = 0
configure:6626: result: yes
configure:6638: checking whether SSE2 is supported
configure:6671: gcc -std=gnu99 -c -g -O2 -msse2 -msse3  conftest.c >&5
configure:6678: $? = 0
configure:6683: result: yes
configure:6781: checking whether _MM_SET_FLUSH_ZERO_MODE is supported
configure:6807: gcc -std=gnu99 -c -g -O2 -msse2 -msse3  conftest.c >&5
configure:6814: $? = 0
configure:6819: result: yes
configure:6840: Activating Intel/AMD SSE optimized DP implementation
configure:6886: checking compiler support --start-group
configure:6911: gcc -std=gnu99 -o conftest -g -O2  -Wl,--start-group -Wl,--end-group  conftest.c  >&5
configure:6918: $? = 0
configure:6926: result: yes
configure:6953: checking for gzip
configure:6971: found /usr/bin/gzip
configure:6984: result: /usr/bin/gzip
configure:7013: checking for library containing clock_gettime
configure:7054: gcc -std=gnu99 -o conftest -g -O2   conftest.c  >&5
configure:7061: $? = 0
configure:7092: result: none required
configure:7104: checking for grep that handles long lines and -e
configure:7164: result: /usr/bin/grep
configure:7169: checking for egrep
configure:7233: result: /usr/bin/grep -E
configure:7238: checking for ANSI C header files
configure:7268: gcc -std=gnu99 -c -g -O2  conftest.c >&5
configure:7275: $? = 0
configure:7374: gcc -std=gnu99 -o conftest -g -O2   conftest.c  >&5
configure:7378: $? = 0
configure:7384: ./conftest
configure:7388: $? = 0
configure:7406: result: yes
configure:7430: checking for sys/types.h
configure:7451: gcc -std=gnu99 -c -g -O2  conftest.c >&5
configure:7458: $? = 0
configure:7475: result: yes
configure:7430: checking for sys/stat.h
configure:7451: gcc -std=gnu99 -c -g -O2  conftest.c >&5
configure:7458: $? = 0
configure:7475: result: yes
configure:7430: checking for stdlib.h
configure:7451: gcc -std=gnu99 -c -g -O2  conftest.c >&5
configure:7458: $? = 0
configure:7475: result: yes
configure:7430: checking for string.h
configure:7451: gcc -std=gnu99 -c -g -O2  conftest.c >&5
configure:7458: $? = 0
configure:7475: result: yes
configure:7430: checking for memory.h
configure:7451: gcc -std=gnu99 -c -g -O2  conftest.c >&5
configure:7458: $? = 0
configure:7475: result: yes
configure:7430: checking for strings.h
configure:7451: gcc -std=gnu99 -c -g -O2  conftest.c >&5
configure:7458: $? = 0
configure:7475: result: yes
configure:7430: checking for inttypes.h
configure:7451: gcc -std=gnu99 -c -g -O2  conftest.c >&5
configure:7458: $? = 0
configure:7475: result: yes
configure:7430: checking for stdint.h
configure:7451: gcc -std=gnu99 -c -g -O2  conftest.c >&5
configure:7458: $? = 0
configure:7475: result: yes
configure:7430: checking for unistd.h
configure:7451: gcc -std=gnu99 -c -g -O2  conftest.c >&5
configure:7458: $? = 0
configure:7475: result: yes
configure:7517: checking endian.h usability
configure:7534: gcc -std=gnu99 -c -g -O2  conftest.c >&5
configure:7541: $? = 0
configure:7555: result: yes
configure:7559: checking endian.h presence
configure:7574: gcc -E  conftest.c
configure:7581: $? = 0
configure:7595: result: yes
configure:7628: checking for endian.h
configure:7637: result: yes
configure:7506: checking for inttypes.h
configure:7513: result: yes
configure:7506: checking for stdint.h
configure:7513: result: yes
configure:7506: checking for unistd.h
configure:7513: result: yes
configure:7506: checking for sys/types.h
configure:7513: result: yes
configure:7517: checking netinet/in.h usability
configure:7534: gcc -std=gnu99 -c -g -O2  conftest.c >&5
configure:7541: $? = 0
configure:7555: result: yes
configure:7559: checking netinet/in.h presence
configure:7574: gcc -E  conftest.c
configure:7581: $? = 0
configure:7595: result: yes
configure:7628: checking for netinet/in.h
configure:7637: result: yes
configure:7672: checking sys/param.h usability
configure:7689: gcc -std=gnu99 -c -g -O2  conftest.c >&5
configure:7696: $? = 0
configure:7710: result: yes
configure:7714: checking sys/param.h presence
configure:7729: gcc -E  conftest.c
configure:7736: $? = 0
configure:7750: result: yes
configure:7783: checking for sys/param.h
configure:7792: result: yes
configure:7811: checking for sys/sysctl.h
configure:7835: gcc -std=gnu99 -c -g -O2  conftest.c >&5
configure:7842: $? = 0
configure:7859: result: yes
configure:7903: checking emmintrin.h usability
configure:7920: gcc -std=gnu99 -c -g -O2  conftest.c >&5
configure:7927: $? = 0
configure:7941: result: yes
configure:7945: checking emmintrin.h presence
configure:7960: gcc -E  conftest.c
configure:7967: $? = 0
configure:7981: result: yes
configure:8014: checking for emmintrin.h
configure:8023: result: yes
configure:7903: checking pmmintrin.h usability
configure:7920: gcc -std=gnu99 -c -g -O2  conftest.c >&5
configure:7927: $? = 0
configure:7941: result: yes
configure:7945: checking pmmintrin.h presence
configure:7960: gcc -E  conftest.c
configure:7967: $? = 0
configure:7981: result: yes
configure:8014: checking for pmmintrin.h
configure:8023: result: yes
configure:7903: checking xmmintrin.h usability
configure:7920: gcc -std=gnu99 -c -g -O2  conftest.c >&5
configure:7927: $? = 0
configure:7941: result: yes
configure:7945: checking xmmintrin.h presence
configure:7960: gcc -E  conftest.c
configure:7967: $? = 0
configure:7981: result: yes
configure:8014: checking for xmmintrin.h
configure:8023: result: yes
configure:8204: checking whether byte ordering is bigendian
configure:8229: gcc -std=gnu99 -c -g -O2  conftest.c >&5
conftest.c:53:9: error: unknown type name 'not'
         not a universal capable compiler
         ^
conftest.c:53:15: error: expected '=', ',', ';', 'asm' or '__attribute__' before 'universal'
         not a universal capable compiler
               ^
conftest.c:53:15: error: unknown type name 'universal'
configure:8236: $? = 1
configure: failed program was:
| /* confdefs.h.  */
| #define PACKAGE_NAME "Infernal"
| #define PACKAGE_TARNAME "infernal"
| #define PACKAGE_VERSION "1.1.2"
| #define PACKAGE_STRING "Infernal 1.1.2"
| #define PACKAGE_BUGREPORT "eric.nawrocki@nih.gov"
| #define INFERNAL_DATE "July 2016"
| #define INFERNAL_COPYRIGHT "Copyright (C) 2016 Howard Hughes Medical Institute."
| #define INFERNAL_LICENSE "Freely distributed under a BSD open source license."
| #define INFERNAL_VERSION "1.1.2"
| #define INFERNAL_URL "http://eddylab.org/infernal/"
| #define HMMER_DATE "July 2016"
| #define HMMER_COPYRIGHT "Copyright (C) 2016 Howard Hughes Medical Institute."
| #define HMMER_LICENSE "Freely distributed under a BSD open source licence."
| #define HMMER_VERSION "3.1b3"
| #define HMMER_URL "http://hmmer.org/"
| #define EASEL_DATE "July 2016"
| #define EASEL_COPYRIGHT "Copyright (C) 2016 Howard Hughes Medical Institute"
| #define EASEL_LICENSE "Freely distributed under a BSD open source license."
| #define EASEL_VERSION "0.43"
| #define eslLIBRARY 1
| #define eslDEBUGLEVEL 0
| #define HMMER_THREADS 1
| #define HAVE_PTHREAD 1
| #define HAVE_SSE2_CAST 1
| #define HAVE_FLUSH_ZERO_MODE 1
| #define HAVE_SSE2 1
| #define p7_IMPL_SSE 1
| #define HAVE_GZIP 1
| #define STDC_HEADERS 1
| #define HAVE_SYS_TYPES_H 1
| #define HAVE_SYS_STAT_H 1
| #define HAVE_STDLIB_H 1
| #define HAVE_STRING_H 1
| #define HAVE_MEMORY_H 1
| #define HAVE_STRINGS_H 1
| #define HAVE_INTTYPES_H 1
| #define HAVE_STDINT_H 1
| #define HAVE_UNISTD_H 1
| #define HAVE_ENDIAN_H 1
| #define HAVE_INTTYPES_H 1
| #define HAVE_STDINT_H 1
| #define HAVE_UNISTD_H 1
| #define HAVE_SYS_TYPES_H 1
| #define HAVE_NETINET_IN_H 1
| #define HAVE_SYS_PARAM_H 1
| #define HAVE_SYS_SYSCTL_H 1
| #define HAVE_EMMINTRIN_H 1
| #define HAVE_PMMINTRIN_H 1
| #define HAVE_XMMINTRIN_H 1
| /* end confdefs.h.  */
| #ifndef __APPLE_CC__
| 	       not a universal capable compiler
| 	     #endif
| 	     typedef int dummy;
| 
configure:8286: gcc -std=gnu99 -c -g -O2  conftest.c >&5
configure:8293: $? = 0
configure:8325: gcc -std=gnu99 -c -g -O2  conftest.c >&5
conftest.c: In function 'main':
conftest.c:59:4: error: unknown type name 'not'
    not big endian
    ^
conftest.c:59:12: error: expected '=', ',', ';', 'asm' or '__attribute__' before 'endian'
    not big endian
            ^
configure:8332: $? = 1
configure: failed program was:
| /* confdefs.h.  */
| #define PACKAGE_NAME "Infernal"
| #define PACKAGE_TARNAME "infernal"
| #define PACKAGE_VERSION "1.1.2"
| #define PACKAGE_STRING "Infernal 1.1.2"
| #define PACKAGE_BUGREPORT "eric.nawrocki@nih.gov"
| #define INFERNAL_DATE "July 2016"
| #define INFERNAL_COPYRIGHT "Copyright (C) 2016 Howard Hughes Medical Institute."
| #define INFERNAL_LICENSE "Freely distributed under a BSD open source license."
| #define INFERNAL_VERSION "1.1.2"
| #define INFERNAL_URL "http://eddylab.org/infernal/"
| #define HMMER_DATE "July 2016"
| #define HMMER_COPYRIGHT "Copyright (C) 2016 Howard Hughes Medical Institute."
| #define HMMER_LICENSE "Freely distributed under a BSD open source licence."
| #define HMMER_VERSION "3.1b3"
| #define HMMER_URL "http://hmmer.org/"
| #define EASEL_DATE "July 2016"
| #define EASEL_COPYRIGHT "Copyright (C) 2016 Howard Hughes Medical Institute"
| #define EASEL_LICENSE "Freely distributed under a BSD open source license."
| #define EASEL_VERSION "0.43"
| #define eslLIBRARY 1
| #define eslDEBUGLEVEL 0
| #define HMMER_THREADS 1
| #define HAVE_PTHREAD 1
| #define HAVE_SSE2_CAST 1
| #define HAVE_FLUSH_ZERO_MODE 1
| #define HAVE_SSE2 1
| #define p7_IMPL_SSE 1
| #define HAVE_GZIP 1
| #define STDC_HEADERS 1
| #define HAVE_SYS_TYPES_H 1
| #define HAVE_SYS_STAT_H 1
| #define HAVE_STDLIB_H 1
| #define HAVE_STRING_H 1
| #define HAVE_MEMORY_H 1
| #define HAVE_STRINGS_H 1
| #define HAVE_INTTYPES_H 1
| #define HAVE_STDINT_H 1
| #define HAVE_UNISTD_H 1
| #define HAVE_ENDIAN_H 1
| #define HAVE_INTTYPES_H 1
| #define HAVE_STDINT_H 1
| #define HAVE_UNISTD_H 1
| #define HAVE_SYS_TYPES_H 1
| #define HAVE_NETINET_IN_H 1
| #define HAVE_SYS_PARAM_H 1
| #define HAVE_SYS_SYSCTL_H 1
| #define HAVE_EMMINTRIN_H 1
| #define HAVE_PMMINTRIN_H 1
| #define HAVE_XMMINTRIN_H 1
| /* end confdefs.h.  */
| #include <sys/types.h>
| 		#include <sys/param.h>
| 
| int
| main ()
| {
| #if BYTE_ORDER != BIG_ENDIAN
| 		 not big endian
| 		#endif
| 
|   ;
|   return 0;
| }
configure:8584: result: no
configure:8610: checking for uint8_t
configure:8641: gcc -std=gnu99 -c -g -O2  conftest.c >&5
configure:8648: $? = 0
configure:8669: result: yes
configure:8687: checking for uint16_t
configure:8718: gcc -std=gnu99 -c -g -O2  conftest.c >&5
configure:8725: $? = 0
configure:8746: result: yes
configure:8760: checking for uint32_t
configure:8791: gcc -std=gnu99 -c -g -O2  conftest.c >&5
configure:8798: $? = 0
configure:8819: result: yes
configure:8837: checking for uint64_t
configure:8868: gcc -std=gnu99 -c -g -O2  conftest.c >&5
configure:8875: $? = 0
configure:8896: result: yes
configure:8913: checking for off_t
configure:8941: gcc -std=gnu99 -c -g -O2  conftest.c >&5
configure:8948: $? = 0
configure:8975: gcc -std=gnu99 -c -g -O2  conftest.c >&5
conftest.c: In function 'main':
conftest.c:88:20: error: expected expression before ')' token
 if (sizeof ((off_t)))
                    ^
configure:8982: $? = 1
configure: failed program was:
| /* confdefs.h.  */
| #define PACKAGE_NAME "Infernal"
| #define PACKAGE_TARNAME "infernal"
| #define PACKAGE_VERSION "1.1.2"
| #define PACKAGE_STRING "Infernal 1.1.2"
| #define PACKAGE_BUGREPORT "eric.nawrocki@nih.gov"
| #define INFERNAL_DATE "July 2016"
| #define INFERNAL_COPYRIGHT "Copyright (C) 2016 Howard Hughes Medical Institute."
| #define INFERNAL_LICENSE "Freely distributed under a BSD open source license."
| #define INFERNAL_VERSION "1.1.2"
| #define INFERNAL_URL "http://eddylab.org/infernal/"
| #define HMMER_DATE "July 2016"
| #define HMMER_COPYRIGHT "Copyright (C) 2016 Howard Hughes Medical Institute."
| #define HMMER_LICENSE "Freely distributed under a BSD open source licence."
| #define HMMER_VERSION "3.1b3"
| #define HMMER_URL "http://hmmer.org/"
| #define EASEL_DATE "July 2016"
| #define EASEL_COPYRIGHT "Copyright (C) 2016 Howard Hughes Medical Institute"
| #define EASEL_LICENSE "Freely distributed under a BSD open source license."
| #define EASEL_VERSION "0.43"
| #define eslLIBRARY 1
| #define eslDEBUGLEVEL 0
| #define HMMER_THREADS 1
| #define HAVE_PTHREAD 1
| #define HAVE_SSE2_CAST 1
| #define HAVE_FLUSH_ZERO_MODE 1
| #define HAVE_SSE2 1
| #define p7_IMPL_SSE 1
| #define HAVE_GZIP 1
| #define STDC_HEADERS 1
| #define HAVE_SYS_TYPES_H 1
| #define HAVE_SYS_STAT_H 1
| #define HAVE_STDLIB_H 1
| #define HAVE_STRING_H 1
| #define HAVE_MEMORY_H 1
| #define HAVE_STRINGS_H 1
| #define HAVE_INTTYPES_H 1
| #define HAVE_STDINT_H 1
| #define HAVE_UNISTD_H 1
| #define HAVE_ENDIAN_H 1
| #define HAVE_INTTYPES_H 1
| #define HAVE_STDINT_H 1
| #define HAVE_UNISTD_H 1
| #define HAVE_SYS_TYPES_H 1
| #define HAVE_NETINET_IN_H 1
| #define HAVE_SYS_PARAM_H 1
| #define HAVE_SYS_SYSCTL_H 1
| #define HAVE_EMMINTRIN_H 1
| #define HAVE_PMMINTRIN_H 1
| #define HAVE_XMMINTRIN_H 1
| /* end confdefs.h.  */
| #include <stdio.h>
| #ifdef HAVE_SYS_TYPES_H
| # include <sys/types.h>
| #endif
| #ifdef HAVE_SYS_STAT_H
| # include <sys/stat.h>
| #endif
| #ifdef STDC_HEADERS
| # include <stdlib.h>
| # include <stddef.h>
| #else
| # ifdef HAVE_STDLIB_H
| #  include <stdlib.h>
| # endif
| #endif
| #ifdef HAVE_STRING_H
| # if !defined STDC_HEADERS && defined HAVE_MEMORY_H
| #  include <memory.h>
| # endif
| # include <string.h>
| #endif
| #ifdef HAVE_STRINGS_H
| # include <strings.h>
| #endif
| #ifdef HAVE_INTTYPES_H
| # include <inttypes.h>
| #endif
| #ifdef HAVE_STDINT_H
| # include <stdint.h>
| #endif
| #ifdef HAVE_UNISTD_H
| # include <unistd.h>
| #endif
| int
| main ()
| {
| if (sizeof ((off_t)))
| 	  return 0;
|   ;
|   return 0;
| }
configure:9005: result: yes
configure:9024: checking for mkstemp
configure:9080: gcc -std=gnu99 -o conftest -g -O2   conftest.c  >&5
configure:9087: $? = 0
configure:9109: result: yes
configure:9125: checking for popen
configure:9181: gcc -std=gnu99 -o conftest -g -O2   conftest.c  >&5
configure:9188: $? = 0
configure:9210: result: yes
configure:9226: checking for strcasecmp
configure:9282: gcc -std=gnu99 -o conftest -g -O2   conftest.c  >&5
conftest.c:77:6: warning: conflicting types for built-in function 'strcasecmp'
 char strcasecmp ();
      ^
configure:9289: $? = 0
configure:9311: result: yes
configure:9327: checking for times
configure:9383: gcc -std=gnu99 -o conftest -g -O2   conftest.c  >&5
configure:9390: $? = 0
configure:9412: result: yes
configure:9428: checking for getpid
configure:9484: gcc -std=gnu99 -o conftest -g -O2   conftest.c  >&5
configure:9491: $? = 0
configure:9513: result: yes
configure:9529: checking for sysctl
configure:9585: gcc -std=gnu99 -o conftest -g -O2   conftest.c  >&5
configure:9592: $? = 0
configure:9614: result: yes
configure:9630: checking for sysconf
configure:9686: gcc -std=gnu99 -o conftest -g -O2   conftest.c  >&5
configure:9693: $? = 0
configure:9715: result: yes
configure:9731: checking for getcwd
configure:9787: gcc -std=gnu99 -o conftest -g -O2   conftest.c  >&5
configure:9794: $? = 0
configure:9816: result: yes
configure:9832: checking for stat
configure:9888: gcc -std=gnu99 -o conftest -g -O2   conftest.c  >&5
configure:9895: $? = 0
configure:9917: result: yes
configure:9933: checking for fstat
configure:9989: gcc -std=gnu99 -o conftest -g -O2   conftest.c  >&5
configure:9996: $? = 0
configure:10018: result: yes
configure:10035: checking for ntohs
configure:10091: gcc -std=gnu99 -o conftest -g -O2   conftest.c  >&5
configure:10098: $? = 0
configure:10120: result: yes
configure:10212: checking for ntohl
configure:10268: gcc -std=gnu99 -o conftest -g -O2   conftest.c  >&5
configure:10275: $? = 0
configure:10297: result: yes
configure:10389: checking for htons
configure:10445: gcc -std=gnu99 -o conftest -g -O2   conftest.c  >&5
configure:10452: $? = 0
configure:10474: result: yes
configure:10566: checking for htonl
configure:10622: gcc -std=gnu99 -o conftest -g -O2   conftest.c  >&5
configure:10629: $? = 0
configure:10651: result: yes
configure:10739: checking for _LARGEFILE_SOURCE value needed for large files
configure:10768: gcc -std=gnu99 -o conftest -g -O2   conftest.c  >&5
configure:10775: $? = 0
configure:10848: result: no
configure:10882: checking for special C compiler options needed for large files
configure:10977: result: no
configure:10983: checking for _FILE_OFFSET_BITS value needed for large files
configure:11018: gcc -std=gnu99 -c -g -O2  conftest.c >&5
configure:11025: $? = 0
configure:11094: result: no
configure:11420: creating ./config.status

## ---------------------- ##
## Running config.status. ##
## ---------------------- ##

This file was extended by Infernal config.status 1.1.2, which was
generated by GNU Autoconf 2.63.  Invocation command line was

  CONFIG_FILES    = 
  CONFIG_HEADERS  = 
  CONFIG_LINKS    = 
  CONFIG_COMMANDS = 
  $ ./config.status 

on apollo2.chemistry.gatech.edu

config.status:857: creating src/Makefile
config.status:857: creating src/impl_sse/Makefile
config.status:857: creating testsuite/Makefile
config.status:857: creating rmark/Makefile
config.status:857: creating documentation/Makefile
config.status:857: creating documentation/manpages/Makefile
config.status:857: creating documentation/userguide/Makefile
config.status:857: creating hmmer/documentation/Makefile
config.status:857: creating hmmer/documentation/man/Makefile
config.status:857: creating hmmer/documentation/userguide/Makefile
config.status:857: creating hmmer/src/Makefile
config.status:857: creating hmmer/testsuite/Makefile
config.status:857: creating hmmer/profmark/Makefile
config.status:857: creating hmmer/src/impl_sse/Makefile
config.status:857: creating hmmer/libdivsufsort/Makefile
config.status:857: creating hmmer/Makefile
config.status:857: creating easel/miniapps/Makefile
config.status:857: creating easel/testsuite/Makefile
config.status:857: creating easel/Makefile
config.status:857: creating easel/documentation/Makefile
config.status:857: creating Makefile
config.status:857: creating src/config.h
config.status:857: creating hmmer/src/p7_config.h
config.status:857: creating hmmer/libdivsufsort/divsufsort.h
config.status:857: creating easel/esl_config.h
config.status:1091: executing hmmer/src/impl commands

## ---------------- ##
## Cache variables. ##
## ---------------- ##

ac_cv_build=x86_64-unknown-linux-gnu
ac_cv_c_bigendian=no
ac_cv_c_compiler_gnu=yes
ac_cv_c_uint16_t=yes
ac_cv_c_uint32_t=yes
ac_cv_c_uint64_t=yes
ac_cv_c_uint8_t=yes
ac_cv_env_CC_set=
ac_cv_env_CC_value=
ac_cv_env_CFLAGS_set=
ac_cv_env_CFLAGS_value=
ac_cv_env_CPPFLAGS_set=
ac_cv_env_CPPFLAGS_value=
ac_cv_env_CPP_set=
ac_cv_env_CPP_value=
ac_cv_env_LDFLAGS_set=
ac_cv_env_LDFLAGS_value=
ac_cv_env_LIBS_set=
ac_cv_env_LIBS_value=
ac_cv_env_MPICC_set=
ac_cv_env_MPICC_value=
ac_cv_env_PIC_FLAGS_set=
ac_cv_env_PIC_FLAGS_value=
ac_cv_env_build_alias_set=
ac_cv_env_build_alias_value=
ac_cv_env_host_alias_set=
ac_cv_env_host_alias_value=
ac_cv_env_target_alias_set=
ac_cv_env_target_alias_value=
ac_cv_func_fstat=yes
ac_cv_func_getcwd=yes
ac_cv_func_getpid=yes
ac_cv_func_htonl=yes
ac_cv_func_htons=yes
ac_cv_func_mkstemp=yes
ac_cv_func_ntohl=yes
ac_cv_func_ntohs=yes
ac_cv_func_popen=yes
ac_cv_func_stat=yes
ac_cv_func_strcasecmp=yes
ac_cv_func_sysconf=yes
ac_cv_func_sysctl=yes
ac_cv_func_times=yes
ac_cv_header_emmintrin_h=yes
ac_cv_header_endian_h=yes
ac_cv_header_inttypes_h=yes
ac_cv_header_memory_h=yes
ac_cv_header_netinet_in_h=yes
ac_cv_header_pmmintrin_h=yes
ac_cv_header_stdc=yes
ac_cv_header_stdint_h=yes
ac_cv_header_stdlib_h=yes
ac_cv_header_string_h=yes
ac_cv_header_strings_h=yes
ac_cv_header_sys_param_h=yes
ac_cv_header_sys_stat_h=yes
ac_cv_header_sys_sysctl_h=yes
ac_cv_header_sys_types_h=yes
ac_cv_header_unistd_h=yes
ac_cv_header_xmmintrin_h=yes
ac_cv_host=x86_64-unknown-linux-gnu
ac_cv_objext=o
ac_cv_path_AR=/usr/bin/ar
ac_cv_path_EGREP='/usr/bin/grep -E'
ac_cv_path_GREP=/usr/bin/grep
ac_cv_path_HAVE_GZIP=/usr/bin/gzip
ac_cv_path_install='/usr/bin/install -c'
ac_cv_prog_CPP='gcc -E'
ac_cv_prog_PTHREAD_CC=gcc
ac_cv_prog_ac_ct_CC=gcc
ac_cv_prog_ac_ct_RANLIB=ranlib
ac_cv_prog_cc_c89=
ac_cv_prog_cc_c99=-std=gnu99
ac_cv_prog_cc_g=yes
ac_cv_prog_cc_stdc=-std=gnu99
ac_cv_search_clock_gettime='none required'
ac_cv_sys_file_offset_bits=no
ac_cv_sys_largefile_CC=no
ac_cv_sys_largefile_source=no
ac_cv_type_off_t=yes
ax_cv_c_compiler_vendor=gnu
ax_cv_c_flags__msse2=yes
ax_cv_c_flags__msse2__msse3=yes

## ----------------- ##
## Output variables. ##
## ----------------- ##

AR='/usr/bin/ar'
CC='gcc -std=gnu99'
CFLAGS='-g -O2'
CPP='gcc -E'
CPPFLAGS=''
DEFS='-DHAVE_CONFIG_H'
EASEL_COPYRIGHT='Copyright (C) 2016 Howard Hughes Medical Institute'
EASEL_DATE='July 2016'
EASEL_LICENSE='Freely distributed under a BSD open source license.'
EASEL_URL='http://bioeasel.org/'
EASEL_VERSION='0.43'
ECHO_C=''
ECHO_N='-n'
ECHO_T=''
EGREP='/usr/bin/grep -E'
EXEC_DEPENDENCY='%: %.o'
EXEEXT=''
GREP='/usr/bin/grep'
GROUPHMMERLIBS='-Wl,--start-group -lhmmer -lhmmerimpl -Wl,--end-group'
HAVE_GZIP='/usr/bin/gzip'
HMMERIMPLLIB='impl_sse/libhmmerimpl.a'
HMMER_COPYRIGHT='Copyright (C) 2016 Howard Hughes Medical Institute.'
HMMER_DATE='July 2016'
HMMER_ESLDIR='../easel'
HMMER_LICENSE='Freely distributed under a BSD open source licence.'
HMMER_SADIR='libdivsufsort'
HMMER_URL='http://hmmer.org/'
HMMER_VERSION='3.1b3'
IMPL_CHOICE='sse'
INFERNAL_COPYRIGHT='Copyright (C) 2016 Howard Hughes Medical Institute.'
INFERNAL_DATE='July 2016'
INFERNAL_ESLDIR='easel'
INFERNAL_HMMERDIR='hmmer'
INFERNAL_IMPLDIR='impl_sse'
INFERNAL_LICENSE='Freely distributed under a BSD open source license.'
INFERNAL_SADIR='hmmer/libdivsufsort'
INFERNAL_URL='http://eddylab.org/infernal/'
INFERNAL_VERSION='1.1.2'
INSTALL_DATA='${INSTALL} -m 644'
INSTALL_PROGRAM='${INSTALL}'
INSTALL_SCRIPT='${INSTALL}'
LDFLAGS=''
LIBGSL=''
LIBOBJS=''
LIBS=''
LN_S='ln -s'
LTLIBOBJS=''
MPICC=''
MPILIBS=''
MPI_BENCHMARKS=''
MPI_UTESTS=''
OBJEXT='o'
PACKAGE_BUGREPORT='eric.nawrocki@nih.gov'
PACKAGE_NAME='Infernal'
PACKAGE_STRING='Infernal 1.1.2'
PACKAGE_TARNAME='infernal'
PACKAGE_VERSION='1.1.2'
PATH_SEPARATOR=':'
PIC_FLAGS='-fPIC'
PTHREAD_CC='gcc'
PTHREAD_CFLAGS='-pthread'
PTHREAD_LIBS=''
RANLIB='ranlib'
SHELL='/bin/sh'
SIMD_CFLAGS='-msse2 -msse3'
ac_ct_CC='gcc'
acx_pthread_config=''
bindir='${exec_prefix}/bin'
build='x86_64-unknown-linux-gnu'
build_alias=''
build_cpu='x86_64'
build_os='linux-gnu'
build_vendor='unknown'
datadir='${datarootdir}'
datarootdir='${prefix}/share'
docdir='${datarootdir}/doc/${PACKAGE_TARNAME}'
dvidir='${docdir}'
exec_prefix='${prefix}'
host='x86_64-unknown-linux-gnu'
host_alias=''
host_cpu='x86_64'
host_os='linux-gnu'
host_vendor='unknown'
htmldir='${docdir}'
includedir='${prefix}/include'
infodir='${datarootdir}/info'
libdir='${exec_prefix}/lib'
libexecdir='${exec_prefix}/libexec'
localedir='${datarootdir}/locale'
localstatedir='${prefix}/var'
mandir='${datarootdir}/man'
oldincludedir='/usr/include'
pdfdir='${docdir}'
prefix='/home/RiboVision3/R2DT/rna/infernal-1.1.2'
program_transform_name='s,x,x,'
psdir='${docdir}'
sbindir='${exec_prefix}/sbin'
sharedstatedir='${prefix}/com'
sysconfdir='${prefix}/etc'
target_alias=''

## ----------- ##
## confdefs.h. ##
## ----------- ##

#define PACKAGE_NAME "Infernal"
#define PACKAGE_TARNAME "infernal"
#define PACKAGE_VERSION "1.1.2"
#define PACKAGE_STRING "Infernal 1.1.2"
#define PACKAGE_BUGREPORT "eric.nawrocki@nih.gov"
#define INFERNAL_DATE "July 2016"
#define INFERNAL_COPYRIGHT "Copyright (C) 2016 Howard Hughes Medical Institute."
#define INFERNAL_LICENSE "Freely distributed under a BSD open source license."
#define INFERNAL_VERSION "1.1.2"
#define INFERNAL_URL "http://eddylab.org/infernal/"
#define HMMER_DATE "July 2016"
#define HMMER_COPYRIGHT "Copyright (C) 2016 Howard Hughes Medical Institute."
#define HMMER_LICENSE "Freely distributed under a BSD open source licence."
#define HMMER_VERSION "3.1b3"
#define HMMER_URL "http://hmmer.org/"
#define EASEL_DATE "July 2016"
#define EASEL_COPYRIGHT "Copyright (C) 2016 Howard Hughes Medical Institute"
#define EASEL_LICENSE "Freely distributed under a BSD open source license."
#define EASEL_VERSION "0.43"
#define eslLIBRARY 1
#define eslDEBUGLEVEL 0
#define HMMER_THREADS 1
#define HAVE_PTHREAD 1
#define HAVE_SSE2_CAST 1
#define HAVE_FLUSH_ZERO_MODE 1
#define HAVE_SSE2 1
#define p7_IMPL_SSE 1
#define HAVE_GZIP 1
#define STDC_HEADERS 1
#define HAVE_SYS_TYPES_H 1
#define HAVE_SYS_STAT_H 1
#define HAVE_STDLIB_H 1
#define HAVE_STRING_H 1
#define HAVE_MEMORY_H 1
#define HAVE_STRINGS_H 1
#define HAVE_INTTYPES_H 1
#define HAVE_STDINT_H 1
#define HAVE_UNISTD_H 1
#define HAVE_ENDIAN_H 1
#define HAVE_INTTYPES_H 1
#define HAVE_STDINT_H 1
#define HAVE_UNISTD_H 1
#define HAVE_SYS_TYPES_H 1
#define HAVE_NETINET_IN_H 1
#define HAVE_SYS_PARAM_H 1
#define HAVE_SYS_SYSCTL_H 1
#define HAVE_EMMINTRIN_H 1
#define HAVE_PMMINTRIN_H 1
#define HAVE_XMMINTRIN_H 1
#define HAVE_MKSTEMP 1
#define HAVE_POPEN 1
#define HAVE_STRCASECMP 1
#define HAVE_TIMES 1
#define HAVE_GETPID 1
#define HAVE_SYSCTL 1
#define HAVE_SYSCONF 1
#define HAVE_GETCWD 1
#define HAVE_STAT 1
#define HAVE_FSTAT 1
#define HAVE_NTOHS 1
#define HAVE_NTOHL 1
#define HAVE_HTONS 1
#define HAVE_HTONL 1
#define HAVE_FSEEKO 1

configure: exit 0
