This file contains any messages produced by compilers while
running configure, to aid debugging if configure makes a mistake.

It was created by kinfold configure 1.4, which was
generated by GNU Autoconf 2.71.  Invocation command line was

  $ ./configure --disable-option-checking --prefix=/usr/local --with-python3 CC=gcc CXX=g++ 'CFLAGS=-g -O2' 'CXXFLAGS=-g -O2' AR=gcc-ar RANLIB=gcc-ranlib NM=gcc-nm 'VRNA_CFLAGS=-I$(top_srcdir)/../../src/ViennaRNA -I$(top_srcdir)/../../src' 'VRNA_LIBS=-fno-strict-aliasing -flto -L$(top_builddir)/../../src/ViennaRNA -lRNA -fopenmp -lpthread -lstdc++' --cache-file=/dev/null --srcdir=.

## --------- ##
## Platform. ##
## --------- ##

hostname = apollo2.chemistry.gatech.edu
uname -m = x86_64
uname -r = 4.18.0-477.10.1.el8_8.x86_64
uname -s = Linux
uname -v = #1 SMP Wed Apr 5 13:35:01 EDT 2023

/usr/bin/uname -p = x86_64
/bin/uname -X     = unknown

/bin/arch              = x86_64
/usr/bin/arch -k       = unknown
/usr/convex/getsysinfo = unknown
/usr/bin/hostinfo      = unknown
/bin/machine           = unknown
/usr/bin/oslevel       = unknown
/bin/universe          = unknown

PATH: /usr/bin/
PATH: /usr/local/bin/
PATH: /home/anton/.local/bin/
PATH: /home/anton/bin/
PATH: /usr/local/bin/
PATH: /usr/bin/
PATH: /usr/local/sbin/
PATH: /usr/sbin/
PATH: /var/lib/snapd/snap/bin/


## ----------- ##
## Core tests. ##
## ----------- ##

configure:2328: looking for aux files: config.guess config.sub compile missing install-sh
configure:2341:  trying ./
configure:2370:   ./config.guess found
configure:2370:   ./config.sub found
configure:2370:   ./compile found
configure:2370:   ./missing found
configure:2352:   ./install-sh found
configure:2495: checking whether make supports nested variables
configure:2513: result: yes
configure:2542: checking for a BSD-compatible install
configure:2615: result: /usr/bin/install -c
configure:2626: checking whether build environment is sane
configure:2681: result: yes
configure:2840: checking for a race-free mkdir -p
configure:2884: result: /usr/bin/mkdir -p
configure:2891: checking for gawk
configure:2912: found /usr/bin/gawk
configure:2923: result: gawk
configure:2934: checking whether make sets $(MAKE)
configure:2957: result: yes
configure:3087: checking if malloc debugging is wanted
configure:3106: result: no
configure:3174: checking for gcc
configure:3206: result: gcc
configure:3559: checking for C compiler version
configure:3568: gcc --version >&5
gcc (GCC) 8.5.0 20210514 (Red Hat 8.5.0-16)
Copyright (C) 2018 Free Software Foundation, Inc.
This is free software; see the source for copying conditions.  There is NO
warranty; not even for MERCHANTABILITY or FITNESS FOR A PARTICULAR PURPOSE.

configure:3579: $? = 0
configure:3568: gcc -v >&5
Using built-in specs.
COLLECT_GCC=gcc
COLLECT_LTO_WRAPPER=/usr/libexec/gcc/x86_64-redhat-linux/8/lto-wrapper
OFFLOAD_TARGET_NAMES=nvptx-none
OFFLOAD_TARGET_DEFAULT=1
Target: x86_64-redhat-linux
Configured with: ../configure --enable-bootstrap --enable-languages=c,c++,fortran,lto --prefix=/usr --mandir=/usr/share/man --infodir=/usr/share/info --with-bugurl=http://bugzilla.redhat.com/bugzilla --enable-shared --enable-threads=posix --enable-checking=release --enable-multilib --with-system-zlib --enable-__cxa_atexit --disable-libunwind-exceptions --enable-gnu-unique-object --enable-linker-build-id --with-gcc-major-version-only --with-linker-hash-style=gnu --enable-plugin --enable-initfini-array --with-isl --disable-libmpx --enable-offload-targets=nvptx-none --without-cuda-driver --enable-gnu-indirect-function --enable-cet --with-tune=generic --with-arch_32=x86-64 --build=x86_64-redhat-linux
Thread model: posix
gcc version 8.5.0 20210514 (Red Hat 8.5.0-16) (GCC) 
configure:3579: $? = 0
configure:3568: gcc -V >&5
gcc: error: unrecognized command line option '-V'
gcc: fatal error: no input files
compilation terminated.
configure:3579: $? = 1
configure:3568: gcc -qversion >&5
gcc: error: unrecognized command line option '-qversion'; did you mean '--version'?
gcc: fatal error: no input files
compilation terminated.
configure:3579: $? = 1
configure:3568: gcc -version >&5
gcc: error: unrecognized command line option '-version'
gcc: fatal error: no input files
compilation terminated.
configure:3579: $? = 1
configure:3599: checking whether the C compiler works
configure:3621: gcc -g -O2   conftest.c  >&5
configure:3625: $? = 0
configure:3675: result: yes
configure:3678: checking for C compiler default output file name
configure:3680: result: a.out
configure:3686: checking for suffix of executables
configure:3693: gcc -o conftest -g -O2   conftest.c  >&5
configure:3697: $? = 0
configure:3720: result: 
configure:3742: checking whether we are cross compiling
configure:3750: gcc -o conftest -g -O2   conftest.c  >&5
configure:3754: $? = 0
configure:3761: ./conftest
configure:3765: $? = 0
configure:3780: result: no
configure:3785: checking for suffix of object files
configure:3808: gcc -c -g -O2  conftest.c >&5
configure:3812: $? = 0
configure:3834: result: o
configure:3838: checking whether the compiler supports GNU C
configure:3858: gcc -c -g -O2  conftest.c >&5
configure:3858: $? = 0
configure:3868: result: yes
configure:3879: checking whether gcc accepts -g
configure:3900: gcc -c -g  conftest.c >&5
configure:3900: $? = 0
configure:3944: result: yes
configure:3964: checking for gcc option to enable C11 features
configure:3979: gcc  -c -g -O2  conftest.c >&5
configure:3979: $? = 0
configure:3997: result: none needed
configure:4113: checking whether gcc understands -c and -o together
configure:4136: gcc -c conftest.c -o conftest2.o
configure:4139: $? = 0
configure:4136: gcc -c conftest.c -o conftest2.o
configure:4139: $? = 0
configure:4151: result: yes
configure:4171: checking whether make supports the include directive
configure:4186: make -f confmf.GNU && cat confinc.out
this is the am__doit target
configure:4189: $? = 0
configure:4208: result: yes (GNU style)
configure:4234: checking dependency style of gcc
configure:4346: result: gcc3
configure:4376: checking build system type
configure:4391: result: x86_64-pc-linux-gnu
configure:4411: checking host system type
configure:4425: result: x86_64-pc-linux-gnu
configure:4447: checking for strdup
configure:4447: gcc -o conftest -g -O2   conftest.c  >&5
conftest.c:27:6: warning: conflicting types for built-in function 'strdup' [-Wbuiltin-declaration-mismatch]
 char strdup ();
      ^~~~~~
configure:4447: $? = 0
configure:4447: result: yes
configure:4453: checking for memset
configure:4453: gcc -o conftest -g -O2   conftest.c  >&5
conftest.c:28:6: warning: conflicting types for built-in function 'memset' [-Wbuiltin-declaration-mismatch]
 char memset ();
      ^~~~~~
configure:4453: $? = 0
configure:4453: result: yes
configure:4459: checking for strchr
configure:4459: gcc -o conftest -g -O2   conftest.c  >&5
conftest.c:29:6: warning: conflicting types for built-in function 'strchr' [-Wbuiltin-declaration-mismatch]
 char strchr ();
      ^~~~~~
configure:4459: $? = 0
configure:4459: result: yes
configure:4526: checking for pkg-config
configure:4549: found /usr/bin/pkg-config
configure:4561: result: /usr/bin/pkg-config
configure:4586: checking pkg-config is at least version 0.9.0
configure:4589: result: yes
configure:4618: checking for VRNA
configure:4863: result: yes
configure:4916: checking for stdio.h
configure:4916: gcc -c -g -O2  conftest.c >&5
configure:4916: $? = 0
configure:4916: result: yes
configure:4916: checking for stdlib.h
configure:4916: gcc -c -g -O2  conftest.c >&5
configure:4916: $? = 0
configure:4916: result: yes
configure:4916: checking for string.h
configure:4916: gcc -c -g -O2  conftest.c >&5
configure:4916: $? = 0
configure:4916: result: yes
configure:4916: checking for inttypes.h
configure:4916: gcc -c -g -O2  conftest.c >&5
configure:4916: $? = 0
configure:4916: result: yes
configure:4916: checking for stdint.h
configure:4916: gcc -c -g -O2  conftest.c >&5
configure:4916: $? = 0
configure:4916: result: yes
configure:4916: checking for strings.h
configure:4916: gcc -c -g -O2  conftest.c >&5
configure:4916: $? = 0
configure:4916: result: yes
configure:4916: checking for sys/stat.h
configure:4916: gcc -c -g -O2  conftest.c >&5
configure:4916: $? = 0
configure:4916: result: yes
configure:4916: checking for sys/types.h
configure:4916: gcc -c -g -O2  conftest.c >&5
configure:4916: $? = 0
configure:4916: result: yes
configure:4916: checking for unistd.h
configure:4916: gcc -c -g -O2  conftest.c >&5
configure:4916: $? = 0
configure:4916: result: yes
configure:4942: checking for grep that handles long lines and -e
configure:5006: result: /usr/bin/grep
configure:5011: checking for egrep
configure:5079: result: /usr/bin/grep -E
configure:5085: checking for stdlib.h
configure:5085: result: yes
configure:5091: checking for string.h
configure:5091: result: yes
configure:5097: checking for strings.h
configure:5097: result: yes
configure:5103: checking for unistd.h
configure:5103: result: yes
configure:5111: checking for exp in -lm
configure:5134: gcc -o conftest -g -O2   conftest.c -lm   >&5
conftest.c:33:6: warning: conflicting types for built-in function 'exp' [-Wbuiltin-declaration-mismatch]
 char exp ();
      ^~~
configure:5134: $? = 0
configure:5144: result: yes
configure:5155: checking for an ANSI C-conforming const
configure:5222: gcc -c -g -O2  conftest.c >&5
configure:5222: $? = 0
configure:5230: result: yes
configure:5351: checking that generated files are newer than configure
configure:5357: result: done
configure:5388: creating ./config.status

## ---------------------- ##
## Running config.status. ##
## ---------------------- ##

This file was extended by kinfold config.status 1.4, which was
generated by GNU Autoconf 2.71.  Invocation command line was

  CONFIG_FILES    = 
  CONFIG_HEADERS  = 
  CONFIG_LINKS    = 
  CONFIG_COMMANDS = 
  $ ./config.status 

on apollo2.chemistry.gatech.edu

config.status:875: creating Example/Makefile
config.status:875: creating Makefile
config.status:875: creating config.h
config.status:1056: config.h is unchanged
config.status:1104: executing depfiles commands
config.status:1181: cd .       && sed -e '/# am--include-marker/d' Makefile         | make -f - am--depfiles
make: Nothing to be done for 'am--depfiles'.
config.status:1186: $? = 0

## ---------------- ##
## Cache variables. ##
## ---------------- ##

ac_cv_build=x86_64-pc-linux-gnu
ac_cv_c_compiler_gnu=yes
ac_cv_c_const=yes
ac_cv_env_CC_set=set
ac_cv_env_CC_value=gcc
ac_cv_env_CFLAGS_set=set
ac_cv_env_CFLAGS_value='-g -O2'
ac_cv_env_CPPFLAGS_set=
ac_cv_env_CPPFLAGS_value=
ac_cv_env_LDFLAGS_set=
ac_cv_env_LDFLAGS_value=
ac_cv_env_LIBS_set=
ac_cv_env_LIBS_value=
ac_cv_env_PKG_CONFIG_LIBDIR_set=
ac_cv_env_PKG_CONFIG_LIBDIR_value=
ac_cv_env_PKG_CONFIG_PATH_set=
ac_cv_env_PKG_CONFIG_PATH_value=
ac_cv_env_PKG_CONFIG_set=
ac_cv_env_PKG_CONFIG_value=
ac_cv_env_VRNA2_CFLAGS_set=
ac_cv_env_VRNA2_CFLAGS_value=
ac_cv_env_VRNA2_LIBS_set=
ac_cv_env_VRNA2_LIBS_value=
ac_cv_env_VRNA_CFLAGS_set=set
ac_cv_env_VRNA_CFLAGS_value='-I$(top_srcdir)/../../src/ViennaRNA -I$(top_srcdir)/../../src'
ac_cv_env_VRNA_LIBS_set=set
ac_cv_env_VRNA_LIBS_value='-fno-strict-aliasing -flto -L$(top_builddir)/../../src/ViennaRNA -lRNA -fopenmp -lpthread -lstdc++'
ac_cv_env_build_alias_set=
ac_cv_env_build_alias_value=
ac_cv_env_host_alias_set=
ac_cv_env_host_alias_value=
ac_cv_env_target_alias_set=
ac_cv_env_target_alias_value=
ac_cv_func_memset=yes
ac_cv_func_strchr=yes
ac_cv_func_strdup=yes
ac_cv_header_inttypes_h=yes
ac_cv_header_stdint_h=yes
ac_cv_header_stdio_h=yes
ac_cv_header_stdlib_h=yes
ac_cv_header_string_h=yes
ac_cv_header_strings_h=yes
ac_cv_header_sys_stat_h=yes
ac_cv_header_sys_types_h=yes
ac_cv_header_unistd_h=yes
ac_cv_host=x86_64-pc-linux-gnu
ac_cv_lib_m_exp=yes
ac_cv_objext=o
ac_cv_path_EGREP='/usr/bin/grep -E'
ac_cv_path_GREP=/usr/bin/grep
ac_cv_path_ac_pt_PKG_CONFIG=/usr/bin/pkg-config
ac_cv_path_install='/usr/bin/install -c'
ac_cv_path_mkdir=/usr/bin/mkdir
ac_cv_prog_AWK=gawk
ac_cv_prog_ac_ct_CC=gcc
ac_cv_prog_cc_c11=
ac_cv_prog_cc_g=yes
ac_cv_prog_cc_stdc=
ac_cv_prog_make_make_set=yes
am_cv_CC_dependencies_compiler_type=gcc3
am_cv_make_support_nested_variables=yes
am_cv_prog_cc_c_o=yes
pkg_cv_VRNA_CFLAGS='-I$(top_srcdir)/../../src/ViennaRNA -I$(top_srcdir)/../../src'
pkg_cv_VRNA_LIBS='-fno-strict-aliasing -flto -L$(top_builddir)/../../src/ViennaRNA -lRNA -fopenmp -lpthread -lstdc++'

## ----------------- ##
## Output variables. ##
## ----------------- ##

ACLOCAL='${SHELL} '\''/home/RiboVision3/R2DT/rna/ViennaRNA-2.4.18/src/Kinfold/missing'\'' aclocal-1.16'
AMDEPBACKSLASH='\'
AMDEP_FALSE='#'
AMDEP_TRUE=''
AMTAR='$${TAR-tar}'
AM_BACKSLASH='\'
AM_DEFAULT_V='$(AM_DEFAULT_VERBOSITY)'
AM_DEFAULT_VERBOSITY='0'
AM_V='$(V)'
AUTOCONF='${SHELL} '\''/home/RiboVision3/R2DT/rna/ViennaRNA-2.4.18/src/Kinfold/missing'\'' autoconf'
AUTOHEADER='${SHELL} '\''/home/RiboVision3/R2DT/rna/ViennaRNA-2.4.18/src/Kinfold/missing'\'' autoheader'
AUTOMAKE='${SHELL} '\''/home/RiboVision3/R2DT/rna/ViennaRNA-2.4.18/src/Kinfold/missing'\'' automake-1.16'
AWK='gawk'
CC='gcc'
CCDEPMODE='depmode=gcc3'
CFLAGS='-g -O2'
CPPFLAGS=''
CYGPATH_W='echo'
DEFS='-DHAVE_CONFIG_H'
DEPDIR='.deps'
ECHO_C=''
ECHO_N='-n'
ECHO_T=''
EGREP='/usr/bin/grep -E'
EXEEXT=''
GREP='/usr/bin/grep'
INSTALL_DATA='${INSTALL} -m 644'
INSTALL_PROGRAM='${INSTALL}'
INSTALL_SCRIPT='${INSTALL}'
INSTALL_STRIP_PROGRAM='$(install_sh) -c -s'
ISODATE='2023-05-24'
LDFLAGS=''
LIBOBJS=''
LIBS='-lm '
LTLIBOBJS=''
MAKEINFO='${SHELL} '\''/home/RiboVision3/R2DT/rna/ViennaRNA-2.4.18/src/Kinfold/missing'\'' makeinfo'
MKDIR_P='/usr/bin/mkdir -p'
OBJEXT='o'
PACKAGE='Kinfold'
PACKAGE_BUGREPORT='rna@tbi.univie.ac.at'
PACKAGE_NAME='kinfold'
PACKAGE_STRING='kinfold 1.4'
PACKAGE_TARNAME='Kinfold'
PACKAGE_URL=''
PACKAGE_VERSION='1.4'
PATH_SEPARATOR=':'
PKG_CONFIG='/usr/bin/pkg-config'
PKG_CONFIG_LIBDIR=''
PKG_CONFIG_PATH=''
SET_MAKE=''
SHELL='/bin/sh'
STRIP=''
VERSION='1.4'
VRNA2_CFLAGS=''
VRNA2_LIBS=''
VRNA_CFLAGS='-I$(top_srcdir)/../../src/ViennaRNA -I$(top_srcdir)/../../src'
VRNA_LIBS='-fno-strict-aliasing -flto -L$(top_builddir)/../../src/ViennaRNA -lRNA -fopenmp -lpthread -lstdc++'
WITH_LIBRNA_API2_FALSE=''
WITH_LIBRNA_API2_TRUE='#'
WITH_LIBRNA_API3_FALSE='#'
WITH_LIBRNA_API3_TRUE=''
ac_ct_CC='gcc'
am__EXEEXT_FALSE=''
am__EXEEXT_TRUE='#'
am__fastdepCC_FALSE='#'
am__fastdepCC_TRUE=''
am__include='include'
am__isrc=''
am__leading_dot='.'
am__nodep='_no'
am__quote=''
am__tar='$${TAR-tar} chof - "$$tardir"'
am__untar='$${TAR-tar} xf -'
bindir='${exec_prefix}/bin'
build='x86_64-pc-linux-gnu'
build_alias=''
build_cpu='x86_64'
build_os='linux-gnu'
build_vendor='pc'
datadir='${datarootdir}'
datarootdir='${prefix}/share'
docdir='${datarootdir}/doc/${PACKAGE_TARNAME}'
dvidir='${docdir}'
exec_prefix='${prefix}'
host='x86_64-pc-linux-gnu'
host_alias=''
host_cpu='x86_64'
host_os='linux-gnu'
host_vendor='pc'
htmldir='${docdir}'
includedir='${prefix}/include'
infodir='${datarootdir}/info'
install_sh='${SHELL} /home/RiboVision3/R2DT/rna/ViennaRNA-2.4.18/src/Kinfold/install-sh'
libdir='${exec_prefix}/lib'
libexecdir='${exec_prefix}/libexec'
localedir='${datarootdir}/locale'
localstatedir='${prefix}/var'
mandir='${datarootdir}/man'
mkdir_p='$(MKDIR_P)'
oldincludedir='/usr/include'
pdfdir='${docdir}'
prefix='/usr/local'
program_transform_name='s,x,x,'
psdir='${docdir}'
runstatedir='${localstatedir}/run'
sbindir='${exec_prefix}/sbin'
sharedstatedir='${prefix}/com'
sysconfdir='${prefix}/etc'
target_alias=''

## ----------- ##
## confdefs.h. ##
## ----------- ##

/* confdefs.h */
#define PACKAGE_NAME "kinfold"
#define PACKAGE_TARNAME "Kinfold"
#define PACKAGE_VERSION "1.4"
#define PACKAGE_STRING "kinfold 1.4"
#define PACKAGE_BUGREPORT "rna@tbi.univie.ac.at"
#define PACKAGE_URL ""
#define PACKAGE "Kinfold"
#define VERSION "1.4"
#define HAVE_STRDUP 1
#define HAVE_MEMSET 1
#define HAVE_STRCHR 1
#define HAVE_LIBRNA_API3 1
#define HAVE_STDIO_H 1
#define HAVE_STDLIB_H 1
#define HAVE_STRING_H 1
#define HAVE_INTTYPES_H 1
#define HAVE_STDINT_H 1
#define HAVE_STRINGS_H 1
#define HAVE_SYS_STAT_H 1
#define HAVE_SYS_TYPES_H 1
#define HAVE_UNISTD_H 1
#define STDC_HEADERS 1
#define HAVE_STDLIB_H 1
#define HAVE_STRING_H 1
#define HAVE_STRINGS_H 1
#define HAVE_UNISTD_H 1
#define HAVE_LIBM 1

configure: exit 0
