This file contains any messages produced by compilers while
running configure, to aid debugging if configure makes a mistake.

It was created by RNAforester configure 2.0.1, which was
generated by GNU Autoconf 2.71.  Invocation command line was

  $ ./configure --disable-option-checking --prefix=/usr/local --with-python3 CC=gcc CXX=g++ 'CFLAGS=-g -O2' 'CXXFLAGS=-g -O2' AR=gcc-ar RANLIB=gcc-ranlib NM=gcc-nm 'VRNA_CFLAGS=-I$(top_srcdir)/../../src/ViennaRNA -I$(top_srcdir)/../../src' 'VRNA_LIBS=-fno-strict-aliasing -flto -L$(top_builddir)/../../src/ViennaRNA -lRNA -fopenmp -lpthread -lstdc++' --cache-file=/dev/null --srcdir=.

## --------- ##
## Platform. ##
## --------- ##

hostname = apollo2.chemistry.gatech.edu
uname -m = x86_64
uname -r = 4.18.0-477.10.1.el8_8.x86_64
uname -s = Linux
uname -v = #1 SMP Wed Apr 5 13:35:01 EDT 2023

/usr/bin/uname -p = x86_64
/bin/uname -X     = unknown

/bin/arch              = x86_64
/usr/bin/arch -k       = unknown
/usr/convex/getsysinfo = unknown
/usr/bin/hostinfo      = unknown
/bin/machine           = unknown
/usr/bin/oslevel       = unknown
/bin/universe          = unknown

PATH: /usr/bin/
PATH: /usr/local/bin/
PATH: /home/anton/.local/bin/
PATH: /home/anton/bin/
PATH: /usr/local/bin/
PATH: /usr/bin/
PATH: /usr/local/sbin/
PATH: /usr/sbin/
PATH: /var/lib/snapd/snap/bin/


## ----------- ##
## Core tests. ##
## ----------- ##

configure:2647: looking for aux files: compile missing install-sh
configure:2660:  trying ./
configure:2689:   ./compile found
configure:2689:   ./missing found
configure:2671:   ./install-sh found
configure:2814: checking whether make supports nested variables
configure:2832: result: yes
configure:2861: checking for a BSD-compatible install
configure:2934: result: /usr/bin/install -c
configure:2945: checking whether build environment is sane
configure:3000: result: yes
configure:3159: checking for a race-free mkdir -p
configure:3203: result: /usr/bin/mkdir -p
configure:3210: checking for gawk
configure:3231: found /usr/bin/gawk
configure:3242: result: gawk
configure:3253: checking whether make sets $(MAKE)
configure:3276: result: yes
configure:3537: checking for C++ compiler version
configure:3546: g++ --version >&5
g++ (GCC) 8.5.0 20210514 (Red Hat 8.5.0-16)
Copyright (C) 2018 Free Software Foundation, Inc.
This is free software; see the source for copying conditions.  There is NO
warranty; not even for MERCHANTABILITY or FITNESS FOR A PARTICULAR PURPOSE.

configure:3557: $? = 0
configure:3546: g++ -v >&5
Using built-in specs.
COLLECT_GCC=g++
COLLECT_LTO_WRAPPER=/usr/libexec/gcc/x86_64-redhat-linux/8/lto-wrapper
OFFLOAD_TARGET_NAMES=nvptx-none
OFFLOAD_TARGET_DEFAULT=1
Target: x86_64-redhat-linux
Configured with: ../configure --enable-bootstrap --enable-languages=c,c++,fortran,lto --prefix=/usr --mandir=/usr/share/man --infodir=/usr/share/info --with-bugurl=http://bugzilla.redhat.com/bugzilla --enable-shared --enable-threads=posix --enable-checking=release --enable-multilib --with-system-zlib --enable-__cxa_atexit --disable-libunwind-exceptions --enable-gnu-unique-object --enable-linker-build-id --with-gcc-major-version-only --with-linker-hash-style=gnu --enable-plugin --enable-initfini-array --with-isl --disable-libmpx --enable-offload-targets=nvptx-none --without-cuda-driver --enable-gnu-indirect-function --enable-cet --with-tune=generic --with-arch_32=x86-64 --build=x86_64-redhat-linux
Thread model: posix
gcc version 8.5.0 20210514 (Red Hat 8.5.0-16) (GCC) 
configure:3557: $? = 0
configure:3546: g++ -V >&5
g++: error: unrecognized command line option '-V'
g++: fatal error: no input files
compilation terminated.
configure:3557: $? = 1
configure:3546: g++ -qversion >&5
g++: error: unrecognized command line option '-qversion'; did you mean '--version'?
g++: fatal error: no input files
compilation terminated.
configure:3557: $? = 1
configure:3577: checking whether the C++ compiler works
configure:3599: g++ -g -O2   conftest.cpp  >&5
configure:3603: $? = 0
configure:3653: result: yes
configure:3656: checking for C++ compiler default output file name
configure:3658: result: a.out
configure:3664: checking for suffix of executables
configure:3671: g++ -o conftest -g -O2   conftest.cpp  >&5
configure:3675: $? = 0
configure:3698: result: 
configure:3720: checking whether we are cross compiling
configure:3728: g++ -o conftest -g -O2   conftest.cpp  >&5
configure:3732: $? = 0
configure:3739: ./conftest
configure:3743: $? = 0
configure:3758: result: no
configure:3763: checking for suffix of object files
configure:3786: g++ -c -g -O2  conftest.cpp >&5
configure:3790: $? = 0
configure:3812: result: o
configure:3816: checking whether the compiler supports GNU C++
configure:3836: g++ -c -g -O2  conftest.cpp >&5
configure:3836: $? = 0
configure:3846: result: yes
configure:3857: checking whether g++ accepts -g
configure:3878: g++ -c -g  conftest.cpp >&5
configure:3878: $? = 0
configure:3922: result: yes
configure:3942: checking for g++ option to enable C++11 features
configure:3957: g++  -c -g -O2  conftest.cpp >&5
configure:3957: $? = 0
configure:3975: result: none needed
configure:4042: checking whether make supports the include directive
configure:4057: make -f confmf.GNU && cat confinc.out
this is the am__doit target
configure:4060: $? = 0
configure:4079: result: yes (GNU style)
configure:4105: checking dependency style of g++
configure:4217: result: gcc3
configure:4294: checking for gcc
configure:4326: result: gcc
configure:4679: checking for C compiler version
configure:4688: gcc --version >&5
gcc (GCC) 8.5.0 20210514 (Red Hat 8.5.0-16)
Copyright (C) 2018 Free Software Foundation, Inc.
This is free software; see the source for copying conditions.  There is NO
warranty; not even for MERCHANTABILITY or FITNESS FOR A PARTICULAR PURPOSE.

configure:4699: $? = 0
configure:4688: gcc -v >&5
Using built-in specs.
COLLECT_GCC=gcc
COLLECT_LTO_WRAPPER=/usr/libexec/gcc/x86_64-redhat-linux/8/lto-wrapper
OFFLOAD_TARGET_NAMES=nvptx-none
OFFLOAD_TARGET_DEFAULT=1
Target: x86_64-redhat-linux
Configured with: ../configure --enable-bootstrap --enable-languages=c,c++,fortran,lto --prefix=/usr --mandir=/usr/share/man --infodir=/usr/share/info --with-bugurl=http://bugzilla.redhat.com/bugzilla --enable-shared --enable-threads=posix --enable-checking=release --enable-multilib --with-system-zlib --enable-__cxa_atexit --disable-libunwind-exceptions --enable-gnu-unique-object --enable-linker-build-id --with-gcc-major-version-only --with-linker-hash-style=gnu --enable-plugin --enable-initfini-array --with-isl --disable-libmpx --enable-offload-targets=nvptx-none --without-cuda-driver --enable-gnu-indirect-function --enable-cet --with-tune=generic --with-arch_32=x86-64 --build=x86_64-redhat-linux
Thread model: posix
gcc version 8.5.0 20210514 (Red Hat 8.5.0-16) (GCC) 
configure:4699: $? = 0
configure:4688: gcc -V >&5
gcc: error: unrecognized command line option '-V'
gcc: fatal error: no input files
compilation terminated.
configure:4699: $? = 1
configure:4688: gcc -qversion >&5
gcc: error: unrecognized command line option '-qversion'; did you mean '--version'?
gcc: fatal error: no input files
compilation terminated.
configure:4699: $? = 1
configure:4688: gcc -version >&5
gcc: error: unrecognized command line option '-version'
gcc: fatal error: no input files
compilation terminated.
configure:4699: $? = 1
configure:4703: checking whether the compiler supports GNU C
configure:4723: gcc -c -g -O2  conftest.c >&5
configure:4723: $? = 0
configure:4733: result: yes
configure:4744: checking whether gcc accepts -g
configure:4765: gcc -c -g  conftest.c >&5
configure:4765: $? = 0
configure:4809: result: yes
configure:4829: checking for gcc option to enable C11 features
configure:4844: gcc  -c -g -O2  conftest.c >&5
configure:4844: $? = 0
configure:4862: result: none needed
configure:4978: checking whether gcc understands -c and -o together
configure:5001: gcc -c conftest.c -o conftest2.o
configure:5004: $? = 0
configure:5001: gcc -c conftest.c -o conftest2.o
configure:5004: $? = 0
configure:5016: result: yes
configure:5035: checking dependency style of gcc
configure:5147: result: gcc3
configure:5173: checking for flex
configure:5208: result: no
configure:5173: checking for lex
configure:5208: result: no
configure:5476: checking for bison
configure:5511: result: no
configure:5476: checking for byacc
configure:5511: result: no
configure:5533: checking for g++ option to support OpenMP
configure:5555: g++ -c -g -O2   conftest.cpp >&5
conftest.cpp:13:2: error: #error "OpenMP not supported"
 #error "OpenMP not supported"
  ^~~~~
configure:5555: $? = 1
configure: failed program was:
| /* confdefs.h */
| #define PACKAGE_NAME "RNAforester"
| #define PACKAGE_TARNAME "RNAforester"
| #define PACKAGE_VERSION "2.0.1"
| #define PACKAGE_STRING "RNAforester 2.0.1"
| #define PACKAGE_BUGREPORT "sschirme@techfak.uni-bielefeld.de"
| #define PACKAGE_URL ""
| #define PACKAGE "RNAforester"
| #define VERSION "2.0.1"
| /* end confdefs.h.  */
| 
| #ifndef _OPENMP
| #error "OpenMP not supported"
| #endif
| #include <omp.h>
| int main (void) { return omp_get_num_threads (); }
| 
configure:5555: g++ -c -g -O2 -fopenmp  conftest.cpp >&5
configure:5555: $? = 0
configure:5567: g++ -o conftest -g -O2 -fopenmp   conftest.cpp  >&5
configure:5567: $? = 0
configure:5590: result: -fopenmp
configure:5660: checking for pkg-config
configure:5683: found /usr/bin/pkg-config
configure:5695: result: /usr/bin/pkg-config
configure:5720: checking pkg-config is at least version 0.9.0
configure:5723: result: yes
configure:5733: checking for VRNA
configure:5818: result: yes
configure:5953: checking for stdio.h
configure:5953: g++ -c -g -O2 -Ig2-0.72/src/ -I$(top_srcdir)/../../src/ViennaRNA -I$(top_srcdir)/../../src   conftest.cpp >&5
configure:5953: $? = 0
configure:5953: result: yes
configure:5953: checking for stdlib.h
configure:5953: g++ -c -g -O2 -Ig2-0.72/src/ -I$(top_srcdir)/../../src/ViennaRNA -I$(top_srcdir)/../../src   conftest.cpp >&5
configure:5953: $? = 0
configure:5953: result: yes
configure:5953: checking for string.h
configure:5953: g++ -c -g -O2 -Ig2-0.72/src/ -I$(top_srcdir)/../../src/ViennaRNA -I$(top_srcdir)/../../src   conftest.cpp >&5
configure:5953: $? = 0
configure:5953: result: yes
configure:5953: checking for inttypes.h
configure:5953: g++ -c -g -O2 -Ig2-0.72/src/ -I$(top_srcdir)/../../src/ViennaRNA -I$(top_srcdir)/../../src   conftest.cpp >&5
configure:5953: $? = 0
configure:5953: result: yes
configure:5953: checking for stdint.h
configure:5953: g++ -c -g -O2 -Ig2-0.72/src/ -I$(top_srcdir)/../../src/ViennaRNA -I$(top_srcdir)/../../src   conftest.cpp >&5
configure:5953: $? = 0
configure:5953: result: yes
configure:5953: checking for strings.h
configure:5953: g++ -c -g -O2 -Ig2-0.72/src/ -I$(top_srcdir)/../../src/ViennaRNA -I$(top_srcdir)/../../src   conftest.cpp >&5
configure:5953: $? = 0
configure:5953: result: yes
configure:5953: checking for sys/stat.h
configure:5953: g++ -c -g -O2 -Ig2-0.72/src/ -I$(top_srcdir)/../../src/ViennaRNA -I$(top_srcdir)/../../src   conftest.cpp >&5
configure:5953: $? = 0
configure:5953: result: yes
configure:5953: checking for sys/types.h
configure:5953: g++ -c -g -O2 -Ig2-0.72/src/ -I$(top_srcdir)/../../src/ViennaRNA -I$(top_srcdir)/../../src   conftest.cpp >&5
configure:5953: $? = 0
configure:5953: result: yes
configure:5953: checking for unistd.h
configure:5953: g++ -c -g -O2 -Ig2-0.72/src/ -I$(top_srcdir)/../../src/ViennaRNA -I$(top_srcdir)/../../src   conftest.cpp >&5
configure:5953: $? = 0
configure:5953: result: yes
configure:5979: checking for grep that handles long lines and -e
configure:6043: result: /usr/bin/grep
configure:6048: checking for egrep
configure:6116: result: /usr/bin/grep -E
configure:6122: checking for g2.h
configure:6122: g++ -c -g -O2 -Ig2-0.72/src/ -I$(top_srcdir)/../../src/ViennaRNA -I$(top_srcdir)/../../src   conftest.cpp >&5
configure:6122: $? = 0
configure:6122: result: yes
configure:6134: checking for an ANSI C-conforming const
configure:6201: g++ -c -g -O2 -Ig2-0.72/src/ -I$(top_srcdir)/../../src/ViennaRNA -I$(top_srcdir)/../../src   conftest.cpp >&5
configure:6201: $? = 0
configure:6209: result: yes
configure:6217: checking for inline
configure:6234: g++ -c -g -O2 -Ig2-0.72/src/ -I$(top_srcdir)/../../src/ViennaRNA -I$(top_srcdir)/../../src   conftest.cpp >&5
configure:6234: $? = 0
configure:6243: result: inline
configure:6261: checking for size_t
configure:6261: g++ -c -g -O2 -Ig2-0.72/src/ -I$(top_srcdir)/../../src/ViennaRNA -I$(top_srcdir)/../../src   conftest.cpp >&5
configure:6261: $? = 0
configure:6261: g++ -c -g -O2 -Ig2-0.72/src/ -I$(top_srcdir)/../../src/ViennaRNA -I$(top_srcdir)/../../src   conftest.cpp >&5
conftest.cpp: In function 'int main()':
conftest.cpp:54:20: error: expected primary-expression before ')' token
 if (sizeof ((size_t)))
                    ^
configure:6261: $? = 1
configure: failed program was:
| /* confdefs.h */
| #define PACKAGE_NAME "RNAforester"
| #define PACKAGE_TARNAME "RNAforester"
| #define PACKAGE_VERSION "2.0.1"
| #define PACKAGE_STRING "RNAforester 2.0.1"
| #define PACKAGE_BUGREPORT "sschirme@techfak.uni-bielefeld.de"
| #define PACKAGE_URL ""
| #define PACKAGE "RNAforester"
| #define VERSION "2.0.1"
| #define HAVE_LIBRNA /**/
| #define HAVE_STDIO_H 1
| #define HAVE_STDLIB_H 1
| #define HAVE_STRING_H 1
| #define HAVE_INTTYPES_H 1
| #define HAVE_STDINT_H 1
| #define HAVE_STRINGS_H 1
| #define HAVE_SYS_STAT_H 1
| #define HAVE_SYS_TYPES_H 1
| #define HAVE_UNISTD_H 1
| #define STDC_HEADERS 1
| #define HAVE_LIBG2 1
| /* end confdefs.h.  */
| #include <stddef.h>
| #ifdef HAVE_STDIO_H
| # include <stdio.h>
| #endif
| #ifdef HAVE_STDLIB_H
| # include <stdlib.h>
| #endif
| #ifdef HAVE_STRING_H
| # include <string.h>
| #endif
| #ifdef HAVE_INTTYPES_H
| # include <inttypes.h>
| #endif
| #ifdef HAVE_STDINT_H
| # include <stdint.h>
| #endif
| #ifdef HAVE_STRINGS_H
| # include <strings.h>
| #endif
| #ifdef HAVE_SYS_TYPES_H
| # include <sys/types.h>
| #endif
| #ifdef HAVE_SYS_STAT_H
| # include <sys/stat.h>
| #endif
| #ifdef HAVE_UNISTD_H
| # include <unistd.h>
| #endif
| int
| main (void)
| {
| if (sizeof ((size_t)))
| 	    return 0;
|   ;
|   return 0;
| }
configure:6261: result: yes
configure:6400: checking that generated files are newer than configure
configure:6406: result: done
configure:6433: creating ./config.status

## ---------------------- ##
## Running config.status. ##
## ---------------------- ##

This file was extended by RNAforester config.status 2.0.1, which was
generated by GNU Autoconf 2.71.  Invocation command line was

  CONFIG_FILES    = 
  CONFIG_HEADERS  = 
  CONFIG_LINKS    = 
  CONFIG_COMMANDS = 
  $ ./config.status 

on apollo2.chemistry.gatech.edu

config.status:867: creating Makefile
config.status:867: creating src/Makefile
config.status:867: creating man/Makefile
config.status:867: creating config.h
config.status:1048: config.h is unchanged
config.status:1096: executing depfiles commands
config.status:1173: cd src       && sed -e '/# am--include-marker/d' Makefile         | make -f - am--depfiles
make: Nothing to be done for 'am--depfiles'.
config.status:1178: $? = 0
configure:7815: === configuring in g2-0.72 (/home/RiboVision3/R2DT/rna/ViennaRNA-2.4.18/src/RNAforester/g2-0.72)
configure:7876: running /bin/sh ./configure --disable-option-checking '--prefix=/usr/local'  '--with-python3' 'CC=gcc' 'CXX=g++' 'CFLAGS=-g -O2' 'CXXFLAGS=-g -O2' 'AR=gcc-ar' 'RANLIB=gcc-ranlib' 'NM=gcc-nm' 'VRNA_CFLAGS=-I$(top_srcdir)/../../src/ViennaRNA -I$(top_srcdir)/../../src' 'VRNA_LIBS=-fno-strict-aliasing -flto -L$(top_builddir)/../../src/ViennaRNA -lRNA -fopenmp -lpthread -lstdc++' --cache-file=/dev/null --srcdir=.

## ---------------- ##
## Cache variables. ##
## ---------------- ##

ac_cv_c_compiler_gnu=yes
ac_cv_c_const=yes
ac_cv_c_inline=inline
ac_cv_cxx_compiler_gnu=yes
ac_cv_env_CCC_set=
ac_cv_env_CCC_value=
ac_cv_env_CC_set=set
ac_cv_env_CC_value=gcc
ac_cv_env_CFLAGS_set=set
ac_cv_env_CFLAGS_value='-g -O2'
ac_cv_env_CPPFLAGS_set=
ac_cv_env_CPPFLAGS_value=
ac_cv_env_CXXFLAGS_set=set
ac_cv_env_CXXFLAGS_value='-g -O2'
ac_cv_env_CXX_set=set
ac_cv_env_CXX_value=g++
ac_cv_env_LDFLAGS_set=
ac_cv_env_LDFLAGS_value=
ac_cv_env_LIBS_set=
ac_cv_env_LIBS_value=
ac_cv_env_PKG_CONFIG_LIBDIR_set=
ac_cv_env_PKG_CONFIG_LIBDIR_value=
ac_cv_env_PKG_CONFIG_PATH_set=
ac_cv_env_PKG_CONFIG_PATH_value=
ac_cv_env_PKG_CONFIG_set=
ac_cv_env_PKG_CONFIG_value=
ac_cv_env_VRNA_CFLAGS_set=set
ac_cv_env_VRNA_CFLAGS_value='-I$(top_srcdir)/../../src/ViennaRNA -I$(top_srcdir)/../../src'
ac_cv_env_VRNA_LIBS_set=set
ac_cv_env_VRNA_LIBS_value='-fno-strict-aliasing -flto -L$(top_builddir)/../../src/ViennaRNA -lRNA -fopenmp -lpthread -lstdc++'
ac_cv_env_YACC_set=
ac_cv_env_YACC_value=
ac_cv_env_YFLAGS_set=
ac_cv_env_YFLAGS_value=
ac_cv_env_build_alias_set=
ac_cv_env_build_alias_value=
ac_cv_env_host_alias_set=
ac_cv_env_host_alias_value=
ac_cv_env_target_alias_set=
ac_cv_env_target_alias_value=
ac_cv_header_g2_h=yes
ac_cv_header_inttypes_h=yes
ac_cv_header_stdint_h=yes
ac_cv_header_stdio_h=yes
ac_cv_header_stdlib_h=yes
ac_cv_header_string_h=yes
ac_cv_header_strings_h=yes
ac_cv_header_sys_stat_h=yes
ac_cv_header_sys_types_h=yes
ac_cv_header_unistd_h=yes
ac_cv_objext=o
ac_cv_path_EGREP='/usr/bin/grep -E'
ac_cv_path_GREP=/usr/bin/grep
ac_cv_path_ac_pt_PKG_CONFIG=/usr/bin/pkg-config
ac_cv_path_install='/usr/bin/install -c'
ac_cv_path_mkdir=/usr/bin/mkdir
ac_cv_prog_AWK=gawk
ac_cv_prog_ac_ct_CC=gcc
ac_cv_prog_cc_c11=
ac_cv_prog_cc_g=yes
ac_cv_prog_cc_stdc=
ac_cv_prog_cxx_11=no
ac_cv_prog_cxx_cxx11=
ac_cv_prog_cxx_g=yes
ac_cv_prog_cxx_openmp=-fopenmp
ac_cv_prog_cxx_stdcxx=
ac_cv_prog_make_make_set=yes
ac_cv_type_size_t=yes
am_cv_CC_dependencies_compiler_type=gcc3
am_cv_CXX_dependencies_compiler_type=gcc3
am_cv_make_support_nested_variables=yes
am_cv_prog_cc_c_o=yes
pkg_cv_VRNA_CFLAGS='-I$(top_srcdir)/../../src/ViennaRNA -I$(top_srcdir)/../../src'
pkg_cv_VRNA_LIBS='-fno-strict-aliasing -flto -L$(top_builddir)/../../src/ViennaRNA -lRNA -fopenmp -lpthread -lstdc++'

## ----------------- ##
## Output variables. ##
## ----------------- ##

ACLOCAL='${SHELL} '\''/home/RiboVision3/R2DT/rna/ViennaRNA-2.4.18/src/RNAforester/missing'\'' aclocal-1.16'
AMDEPBACKSLASH='\'
AMDEP_FALSE='#'
AMDEP_TRUE=''
AMTAR='$${TAR-tar}'
AM_BACKSLASH='\'
AM_DEFAULT_V='$(AM_DEFAULT_VERBOSITY)'
AM_DEFAULT_VERBOSITY='0'
AM_V='$(V)'
AUTOCONF='${SHELL} '\''/home/RiboVision3/R2DT/rna/ViennaRNA-2.4.18/src/RNAforester/missing'\'' autoconf'
AUTOHEADER='${SHELL} '\''/home/RiboVision3/R2DT/rna/ViennaRNA-2.4.18/src/RNAforester/missing'\'' autoheader'
AUTOMAKE='${SHELL} '\''/home/RiboVision3/R2DT/rna/ViennaRNA-2.4.18/src/RNAforester/missing'\'' automake-1.16'
AWK='gawk'
CC='gcc'
CCDEPMODE='depmode=gcc3'
CFLAGS='-I$(top_srcdir)/../../src/ViennaRNA -I$(top_srcdir)/../../src  -g -O2'
CPPFLAGS='-I$(top_srcdir)/../../src/ViennaRNA -I$(top_srcdir)/../../src   -I../g2-0.72/include/ '
CXX='g++'
CXXDEPMODE='depmode=gcc3'
CXXFLAGS='-g -O2'
CYGPATH_W='echo'
DEFS='-DHAVE_CONFIG_H'
DEPDIR='.deps'
ECHO_C=''
ECHO_N='-n'
ECHO_T=''
EGREP='/usr/bin/grep -E'
EXEEXT=''
GREP='/usr/bin/grep'
INSTALL_DATA='${INSTALL} -m 644'
INSTALL_PROGRAM='${INSTALL}'
INSTALL_SCRIPT='${INSTALL}'
INSTALL_STRIP_PROGRAM='$(install_sh) -c -s'
LDFLAGS='-L../g2-0.72 '
LEX='${SHELL} '\''/home/RiboVision3/R2DT/rna/ViennaRNA-2.4.18/src/RNAforester/missing'\'' flex'
LEXLIB=''
LEX_OUTPUT_ROOT=''
LIBOBJS=''
LIBS='-lg2 -fno-strict-aliasing -flto -L$(top_builddir)/../../src/ViennaRNA -lRNA -fopenmp -lpthread -lstdc++ '
LTLIBOBJS=''
MAKEINFO='${SHELL} '\''/home/RiboVision3/R2DT/rna/ViennaRNA-2.4.18/src/RNAforester/missing'\'' makeinfo'
MKDIR_P='/usr/bin/mkdir -p'
OBJEXT='o'
OPENMP_CXXFLAGS='-fopenmp'
PACKAGE='RNAforester'
PACKAGE_BUGREPORT='sschirme@techfak.uni-bielefeld.de'
PACKAGE_NAME='RNAforester'
PACKAGE_STRING='RNAforester 2.0.1'
PACKAGE_TARNAME='RNAforester'
PACKAGE_URL=''
PACKAGE_VERSION='2.0.1'
PATH_SEPARATOR=':'
PKG_CONFIG='/usr/bin/pkg-config'
PKG_CONFIG_LIBDIR=''
PKG_CONFIG_PATH=''
SET_MAKE=''
SHELL='/bin/sh'
STRIP=''
VERSION='2.0.1'
VRNA_CFLAGS='-I$(top_srcdir)/../../src/ViennaRNA -I$(top_srcdir)/../../src'
VRNA_LIBS='-fno-strict-aliasing -flto -L$(top_builddir)/../../src/ViennaRNA -lRNA -fopenmp -lpthread -lstdc++'
YACC='yacc'
YFLAGS=''
ac_ct_CC='gcc'
ac_ct_CXX=''
am__EXEEXT_FALSE=''
am__EXEEXT_TRUE='#'
am__fastdepCC_FALSE='#'
am__fastdepCC_TRUE=''
am__fastdepCXX_FALSE='#'
am__fastdepCXX_TRUE=''
am__include='include'
am__isrc=''
am__leading_dot='.'
am__nodep='_no'
am__quote=''
am__tar='$${TAR-tar} chof - "$$tardir"'
am__untar='$${TAR-tar} xf -'
bindir='${exec_prefix}/bin'
build_alias=''
datadir='${datarootdir}'
datarootdir='${prefix}/share'
docdir='${datarootdir}/doc/${PACKAGE_TARNAME}'
dvidir='${docdir}'
exec_prefix='${prefix}'
host_alias=''
htmldir='${docdir}'
includedir='${prefix}/include'
infodir='${datarootdir}/info'
install_sh='${SHELL} /home/RiboVision3/R2DT/rna/ViennaRNA-2.4.18/src/RNAforester/install-sh'
libdir='${exec_prefix}/lib'
libexecdir='${exec_prefix}/libexec'
localedir='${datarootdir}/locale'
localstatedir='${prefix}/var'
mandir='${datarootdir}/man'
mkdir_p='$(MKDIR_P)'
oldincludedir='/usr/include'
pdfdir='${docdir}'
prefix='/usr/local'
program_transform_name='s,x,x,'
psdir='${docdir}'
runstatedir='${localstatedir}/run'
sbindir='${exec_prefix}/sbin'
sharedstatedir='${prefix}/com'
subdirs=' g2-0.72'
sysconfdir='${prefix}/etc'
target_alias=''

## ----------- ##
## confdefs.h. ##
## ----------- ##

/* confdefs.h */
#define PACKAGE_NAME "RNAforester"
#define PACKAGE_TARNAME "RNAforester"
#define PACKAGE_VERSION "2.0.1"
#define PACKAGE_STRING "RNAforester 2.0.1"
#define PACKAGE_BUGREPORT "sschirme@techfak.uni-bielefeld.de"
#define PACKAGE_URL ""
#define PACKAGE "RNAforester"
#define VERSION "2.0.1"
#define HAVE_LIBRNA /**/
#define HAVE_STDIO_H 1
#define HAVE_STDLIB_H 1
#define HAVE_STRING_H 1
#define HAVE_INTTYPES_H 1
#define HAVE_STDINT_H 1
#define HAVE_STRINGS_H 1
#define HAVE_SYS_STAT_H 1
#define HAVE_SYS_TYPES_H 1
#define HAVE_UNISTD_H 1
#define STDC_HEADERS 1
#define HAVE_LIBG2 1

configure: exit 0
