This file contains any messages produced by compilers while
running configure, to aid debugging if configure makes a mistake.

It was created by R2R configure 1.0.4, which was
generated by GNU Autoconf 2.69.  Invocation command line was

  $ ./configure --disable-option-checking --prefix=/home/RiboVision3/R2DT/rna/rscape --cache-file=/dev/null --srcdir=. --no-create --no-recursion

## --------- ##
## Platform. ##
## --------- ##

hostname = apollo2.chemistry.gatech.edu
uname -m = x86_64
uname -r = 3.10.0-1127.13.1.el7.x86_64
uname -s = Linux
uname -v = #1 SMP Fri Jun 12 14:34:17 EDT 2020

/usr/bin/uname -p = x86_64
/bin/uname -X     = unknown

/bin/arch              = x86_64
/usr/bin/arch -k       = unknown
/usr/convex/getsysinfo = unknown
/usr/bin/hostinfo      = unknown
/bin/machine           = unknown
/usr/bin/oslevel       = unknown
/bin/universe          = unknown

PATH: /sbin
PATH: /bin
PATH: /usr/sbin
PATH: /usr/bin


## ----------- ##
## Core tests. ##
## ----------- ##

configure:2155: checking build system type
configure:2169: result: x86_64-unknown-linux-gnu
configure:2189: checking host system type
configure:2202: result: x86_64-unknown-linux-gnu
configure:2268: checking for a BSD-compatible install
configure:2336: result: /bin/install -c
configure:2347: checking whether build environment is sane
configure:2397: result: yes
configure:2538: checking for a thread-safe mkdir -p
configure:2577: result: /bin/mkdir -p
configure:2590: checking for gawk
configure:2606: found /bin/gawk
configure:2617: result: gawk
configure:2628: checking whether make sets $(MAKE)
configure:2650: result: yes
configure:2752: checking for style of include used by make
configure:2780: result: GNU
configure:2850: checking for gcc
configure:2866: found /bin/gcc
configure:2877: result: gcc
configure:3106: checking for C compiler version
configure:3115: gcc --version >&5
gcc (GCC) 4.8.5 20150623 (Red Hat 4.8.5-39)
Copyright (C) 2015 Free Software Foundation, Inc.
This is free software; see the source for copying conditions.  There is NO
warranty; not even for MERCHANTABILITY or FITNESS FOR A PARTICULAR PURPOSE.

configure:3126: $? = 0
configure:3115: gcc -v >&5
Using built-in specs.
COLLECT_GCC=gcc
COLLECT_LTO_WRAPPER=/usr/libexec/gcc/x86_64-redhat-linux/4.8.5/lto-wrapper
Target: x86_64-redhat-linux
Configured with: ../configure --prefix=/usr --mandir=/usr/share/man --infodir=/usr/share/info --with-bugurl=http://bugzilla.redhat.com/bugzilla --enable-bootstrap --enable-shared --enable-threads=posix --enable-checking=release --with-system-zlib --enable-__cxa_atexit --disable-libunwind-exceptions --enable-gnu-unique-object --enable-linker-build-id --with-linker-hash-style=gnu --enable-languages=c,c++,objc,obj-c++,java,fortran,ada,go,lto --enable-plugin --enable-initfini-array --disable-libgcj --with-isl=/builddir/build/BUILD/gcc-4.8.5-20150702/obj-x86_64-redhat-linux/isl-install --with-cloog=/builddir/build/BUILD/gcc-4.8.5-20150702/obj-x86_64-redhat-linux/cloog-install --enable-gnu-indirect-function --with-tune=generic --with-arch_32=x86-64 --build=x86_64-redhat-linux
Thread model: posix
gcc version 4.8.5 20150623 (Red Hat 4.8.5-39) (GCC) 
configure:3126: $? = 0
configure:3115: gcc -V >&5
gcc: error: unrecognized command line option '-V'
gcc: fatal error: no input files
compilation terminated.
configure:3126: $? = 4
configure:3115: gcc -qversion >&5
gcc: error: unrecognized command line option '-qversion'
gcc: fatal error: no input files
compilation terminated.
configure:3126: $? = 4
configure:3146: checking whether the C compiler works
configure:3168: gcc    conftest.c  >&5
configure:3172: $? = 0
configure:3220: result: yes
configure:3223: checking for C compiler default output file name
configure:3225: result: a.out
configure:3231: checking for suffix of executables
configure:3238: gcc -o conftest    conftest.c  >&5
configure:3242: $? = 0
configure:3264: result: 
configure:3286: checking whether we are cross compiling
configure:3294: gcc -o conftest    conftest.c  >&5
configure:3298: $? = 0
configure:3305: ./conftest
configure:3309: $? = 0
configure:3324: result: no
configure:3329: checking for suffix of object files
configure:3351: gcc -c   conftest.c >&5
configure:3355: $? = 0
configure:3376: result: o
configure:3380: checking whether we are using the GNU C compiler
configure:3399: gcc -c   conftest.c >&5
configure:3399: $? = 0
configure:3408: result: yes
configure:3417: checking whether gcc accepts -g
configure:3437: gcc -c -g  conftest.c >&5
configure:3437: $? = 0
configure:3478: result: yes
configure:3495: checking for gcc option to accept ISO C89
configure:3558: gcc  -c -g -O2  conftest.c >&5
configure:3558: $? = 0
configure:3571: result: none needed
configure:3593: checking dependency style of gcc
configure:3703: result: gcc3
configure:3719: checking for nlopt_create in -lnlopt
configure:3744: gcc -o conftest -g -O2   conftest.c -lnlopt -lm  >&5
/bin/ld: cannot find -lnlopt
collect2: error: ld returned 1 exit status
configure:3744: $? = 1
configure: failed program was:
| /* confdefs.h */
| #define PACKAGE_NAME "R2R"
| #define PACKAGE_TARNAME "R2R"
| #define PACKAGE_VERSION "1.0.4"
| #define PACKAGE_STRING "R2R 1.0.4"
| #define PACKAGE_BUGREPORT "zasha.weinberg@gmail.com"
| #define PACKAGE_URL ""
| #define PACKAGE "R2R"
| #define VERSION "1.0.4"
| /* end confdefs.h.  */
| 
| /* Override any GCC internal prototype to avoid an error.
|    Use char because int might match the return type of a GCC
|    builtin and then its argument prototype would still apply.  */
| #ifdef __cplusplus
| extern "C"
| #endif
| char nlopt_create ();
| int
| main ()
| {
| return nlopt_create ();
|   ;
|   return 0;
| }
configure:3753: result: no
configure:3769: enable_cfsqp: no
configure:3771: flag_enable_nlopt: no
configure:3773: have_libnlopt: no
configure:3854: checking for gcc
configure:3881: result: gcc
configure:4110: checking for C compiler version
configure:4119: gcc --version >&5
gcc (GCC) 4.8.5 20150623 (Red Hat 4.8.5-39)
Copyright (C) 2015 Free Software Foundation, Inc.
This is free software; see the source for copying conditions.  There is NO
warranty; not even for MERCHANTABILITY or FITNESS FOR A PARTICULAR PURPOSE.

configure:4130: $? = 0
configure:4119: gcc -v >&5
Using built-in specs.
COLLECT_GCC=gcc
COLLECT_LTO_WRAPPER=/usr/libexec/gcc/x86_64-redhat-linux/4.8.5/lto-wrapper
Target: x86_64-redhat-linux
Configured with: ../configure --prefix=/usr --mandir=/usr/share/man --infodir=/usr/share/info --with-bugurl=http://bugzilla.redhat.com/bugzilla --enable-bootstrap --enable-shared --enable-threads=posix --enable-checking=release --with-system-zlib --enable-__cxa_atexit --disable-libunwind-exceptions --enable-gnu-unique-object --enable-linker-build-id --with-linker-hash-style=gnu --enable-languages=c,c++,objc,obj-c++,java,fortran,ada,go,lto --enable-plugin --enable-initfini-array --disable-libgcj --with-isl=/builddir/build/BUILD/gcc-4.8.5-20150702/obj-x86_64-redhat-linux/isl-install --with-cloog=/builddir/build/BUILD/gcc-4.8.5-20150702/obj-x86_64-redhat-linux/cloog-install --enable-gnu-indirect-function --with-tune=generic --with-arch_32=x86-64 --build=x86_64-redhat-linux
Thread model: posix
gcc version 4.8.5 20150623 (Red Hat 4.8.5-39) (GCC) 
configure:4130: $? = 0
configure:4119: gcc -V >&5
gcc: error: unrecognized command line option '-V'
gcc: fatal error: no input files
compilation terminated.
configure:4130: $? = 4
configure:4119: gcc -qversion >&5
gcc: error: unrecognized command line option '-qversion'
gcc: fatal error: no input files
compilation terminated.
configure:4130: $? = 4
configure:4134: checking whether we are using the GNU C compiler
configure:4162: result: yes
configure:4171: checking whether gcc accepts -g
configure:4232: result: yes
configure:4249: checking for gcc option to accept ISO C89
configure:4325: result: none needed
configure:4347: checking dependency style of gcc
configure:4457: result: gcc3
configure:4530: checking for g++
configure:4546: found /bin/g++
configure:4557: result: g++
configure:4584: checking for C++ compiler version
configure:4593: g++ --version >&5
g++ (GCC) 4.8.5 20150623 (Red Hat 4.8.5-39)
Copyright (C) 2015 Free Software Foundation, Inc.
This is free software; see the source for copying conditions.  There is NO
warranty; not even for MERCHANTABILITY or FITNESS FOR A PARTICULAR PURPOSE.

configure:4604: $? = 0
configure:4593: g++ -v >&5
Using built-in specs.
COLLECT_GCC=g++
COLLECT_LTO_WRAPPER=/usr/libexec/gcc/x86_64-redhat-linux/4.8.5/lto-wrapper
Target: x86_64-redhat-linux
Configured with: ../configure --prefix=/usr --mandir=/usr/share/man --infodir=/usr/share/info --with-bugurl=http://bugzilla.redhat.com/bugzilla --enable-bootstrap --enable-shared --enable-threads=posix --enable-checking=release --with-system-zlib --enable-__cxa_atexit --disable-libunwind-exceptions --enable-gnu-unique-object --enable-linker-build-id --with-linker-hash-style=gnu --enable-languages=c,c++,objc,obj-c++,java,fortran,ada,go,lto --enable-plugin --enable-initfini-array --disable-libgcj --with-isl=/builddir/build/BUILD/gcc-4.8.5-20150702/obj-x86_64-redhat-linux/isl-install --with-cloog=/builddir/build/BUILD/gcc-4.8.5-20150702/obj-x86_64-redhat-linux/cloog-install --enable-gnu-indirect-function --with-tune=generic --with-arch_32=x86-64 --build=x86_64-redhat-linux
Thread model: posix
gcc version 4.8.5 20150623 (Red Hat 4.8.5-39) (GCC) 
configure:4604: $? = 0
configure:4593: g++ -V >&5
g++: error: unrecognized command line option '-V'
g++: fatal error: no input files
compilation terminated.
configure:4604: $? = 4
configure:4593: g++ -qversion >&5
g++: error: unrecognized command line option '-qversion'
g++: fatal error: no input files
compilation terminated.
configure:4604: $? = 4
configure:4608: checking whether we are using the GNU C++ compiler
configure:4627: g++ -c   conftest.cpp >&5
configure:4627: $? = 0
configure:4636: result: yes
configure:4645: checking whether g++ accepts -g
configure:4665: g++ -c -g  conftest.cpp >&5
configure:4665: $? = 0
configure:4706: result: yes
configure:4731: checking dependency style of g++
configure:4841: result: gcc3
configure:4899: checking for ranlib
configure:4915: found /bin/ranlib
configure:4926: result: ranlib
configure:4950: checking for ar
configure:4968: found /bin/ar
configure:4981: result: /bin/ar
configure:4991: checking for sqrt in -lm
configure:5016: gcc -o conftest -g -O2   conftest.c -lm   >&5
conftest.c:24:6: warning: conflicting types for built-in function 'sqrt' [enabled by default]
 char sqrt ();
      ^
configure:5016: $? = 0
configure:5025: result: yes
configure:5037: checking how to run the C preprocessor
configure:5068: gcc -E  conftest.c
configure:5068: $? = 0
configure:5082: gcc -E  conftest.c
conftest.c:17:28: fatal error: ac_nonexistent.h: No such file or directory
 #include <ac_nonexistent.h>
                            ^
compilation terminated.
configure:5082: $? = 1
configure: failed program was:
| /* confdefs.h */
| #define PACKAGE_NAME "R2R"
| #define PACKAGE_TARNAME "R2R"
| #define PACKAGE_VERSION "1.0.4"
| #define PACKAGE_STRING "R2R 1.0.4"
| #define PACKAGE_BUGREPORT "zasha.weinberg@gmail.com"
| #define PACKAGE_URL ""
| #define PACKAGE "R2R"
| #define VERSION "1.0.4"
| #define SQUID_RELCODE "with-infernal0_7"
| #define SQUID_VERSION "Infernal/Squid 0.7"
| #define SQUID_DATE "December 2005"
| #define SQUID_COPYRIGHT "Copyright (C) 2001-2005 HHMI/Washington University School of Medicine"
| #define SQUID_LICENSE "Freely distributed under the GNU General Public License (GPL)"
| #define SRE_STRICT_ANSI 1
| /* end confdefs.h.  */
| #include <ac_nonexistent.h>
configure:5107: result: gcc -E
configure:5127: gcc -E  conftest.c
configure:5127: $? = 0
configure:5141: gcc -E  conftest.c
conftest.c:17:28: fatal error: ac_nonexistent.h: No such file or directory
 #include <ac_nonexistent.h>
                            ^
compilation terminated.
configure:5141: $? = 1
configure: failed program was:
| /* confdefs.h */
| #define PACKAGE_NAME "R2R"
| #define PACKAGE_TARNAME "R2R"
| #define PACKAGE_VERSION "1.0.4"
| #define PACKAGE_STRING "R2R 1.0.4"
| #define PACKAGE_BUGREPORT "zasha.weinberg@gmail.com"
| #define PACKAGE_URL ""
| #define PACKAGE "R2R"
| #define VERSION "1.0.4"
| #define SQUID_RELCODE "with-infernal0_7"
| #define SQUID_VERSION "Infernal/Squid 0.7"
| #define SQUID_DATE "December 2005"
| #define SQUID_COPYRIGHT "Copyright (C) 2001-2005 HHMI/Washington University School of Medicine"
| #define SQUID_LICENSE "Freely distributed under the GNU General Public License (GPL)"
| #define SRE_STRICT_ANSI 1
| /* end confdefs.h.  */
| #include <ac_nonexistent.h>
configure:5170: checking for grep that handles long lines and -e
configure:5228: result: /bin/grep
configure:5233: checking for egrep
configure:5295: result: /bin/grep -E
configure:5300: checking for ANSI C header files
configure:5320: gcc -c -g -O2  conftest.c >&5
configure:5320: $? = 0
configure:5393: gcc -o conftest -g -O2   conftest.c  -lm >&5
configure:5393: $? = 0
configure:5393: ./conftest
configure:5393: $? = 0
configure:5404: result: yes
configure:5417: checking for sys/types.h
configure:5417: gcc -c -g -O2  conftest.c >&5
configure:5417: $? = 0
configure:5417: result: yes
configure:5417: checking for sys/stat.h
configure:5417: gcc -c -g -O2  conftest.c >&5
configure:5417: $? = 0
configure:5417: result: yes
configure:5417: checking for stdlib.h
configure:5417: gcc -c -g -O2  conftest.c >&5
configure:5417: $? = 0
configure:5417: result: yes
configure:5417: checking for string.h
configure:5417: gcc -c -g -O2  conftest.c >&5
configure:5417: $? = 0
configure:5417: result: yes
configure:5417: checking for memory.h
configure:5417: gcc -c -g -O2  conftest.c >&5
configure:5417: $? = 0
configure:5417: result: yes
configure:5417: checking for strings.h
configure:5417: gcc -c -g -O2  conftest.c >&5
configure:5417: $? = 0
configure:5417: result: yes
configure:5417: checking for inttypes.h
configure:5417: gcc -c -g -O2  conftest.c >&5
configure:5417: $? = 0
configure:5417: result: yes
configure:5417: checking for stdint.h
configure:5417: gcc -c -g -O2  conftest.c >&5
configure:5417: $? = 0
configure:5417: result: yes
configure:5417: checking for unistd.h
configure:5417: gcc -c -g -O2  conftest.c >&5
configure:5417: $? = 0
configure:5417: result: yes
configure:5429: checking for int16_t
configure:5429: gcc -c -g -O2  conftest.c >&5
configure:5429: $? = 0
configure:5429: gcc -c -g -O2  conftest.c >&5
conftest.c: In function 'main':
conftest.c:64:12: error: size of array 'test_array' is negative
 static int test_array [1 - 2 * !((int16_t) (((((int16_t) 1 << N) << N) - 1) * 2 + 1)
            ^
configure:5429: $? = 1
configure: failed program was:
| /* confdefs.h */
| #define PACKAGE_NAME "R2R"
| #define PACKAGE_TARNAME "R2R"
| #define PACKAGE_VERSION "1.0.4"
| #define PACKAGE_STRING "R2R 1.0.4"
| #define PACKAGE_BUGREPORT "zasha.weinberg@gmail.com"
| #define PACKAGE_URL ""
| #define PACKAGE "R2R"
| #define VERSION "1.0.4"
| #define SQUID_RELCODE "with-infernal0_7"
| #define SQUID_VERSION "Infernal/Squid 0.7"
| #define SQUID_DATE "December 2005"
| #define SQUID_COPYRIGHT "Copyright (C) 2001-2005 HHMI/Washington University School of Medicine"
| #define SQUID_LICENSE "Freely distributed under the GNU General Public License (GPL)"
| #define SRE_STRICT_ANSI 1
| #define STDC_HEADERS 1
| #define HAVE_SYS_TYPES_H 1
| #define HAVE_SYS_STAT_H 1
| #define HAVE_STDLIB_H 1
| #define HAVE_STRING_H 1
| #define HAVE_MEMORY_H 1
| #define HAVE_STRINGS_H 1
| #define HAVE_INTTYPES_H 1
| #define HAVE_STDINT_H 1
| #define HAVE_UNISTD_H 1
| /* end confdefs.h.  */
| #include <stdio.h>
| #ifdef HAVE_SYS_TYPES_H
| # include <sys/types.h>
| #endif
| #ifdef HAVE_SYS_STAT_H
| # include <sys/stat.h>
| #endif
| #ifdef STDC_HEADERS
| # include <stdlib.h>
| # include <stddef.h>
| #else
| # ifdef HAVE_STDLIB_H
| #  include <stdlib.h>
| # endif
| #endif
| #ifdef HAVE_STRING_H
| # if !defined STDC_HEADERS && defined HAVE_MEMORY_H
| #  include <memory.h>
| # endif
| # include <string.h>
| #endif
| #ifdef HAVE_STRINGS_H
| # include <strings.h>
| #endif
| #ifdef HAVE_INTTYPES_H
| # include <inttypes.h>
| #endif
| #ifdef HAVE_STDINT_H
| # include <stdint.h>
| #endif
| #ifdef HAVE_UNISTD_H
| # include <unistd.h>
| #endif
| 	        enum { N = 16 / 2 - 1 };
| int
| main ()
| {
| static int test_array [1 - 2 * !((int16_t) (((((int16_t) 1 << N) << N) - 1) * 2 + 1)
| 		 < (int16_t) (((((int16_t) 1 << N) << N) - 1) * 2 + 2))];
| test_array [0] = 0;
| return test_array [0];
| 
|   ;
|   return 0;
| }
configure:5429: result: yes
configure:5440: checking for int32_t
configure:5440: gcc -c -g -O2  conftest.c >&5
configure:5440: $? = 0
configure:5440: gcc -c -g -O2  conftest.c >&5
conftest.c: In function 'main':
conftest.c:65:53: warning: integer overflow in expression [-Woverflow]
    < (int32_t) (((((int32_t) 1 << N) << N) - 1) * 2 + 2))];
                                                     ^
conftest.c:64:12: error: storage size of 'test_array' isn't constant
 static int test_array [1 - 2 * !((int32_t) (((((int32_t) 1 << N) << N) - 1) * 2 + 1)
            ^
configure:5440: $? = 1
configure: failed program was:
| /* confdefs.h */
| #define PACKAGE_NAME "R2R"
| #define PACKAGE_TARNAME "R2R"
| #define PACKAGE_VERSION "1.0.4"
| #define PACKAGE_STRING "R2R 1.0.4"
| #define PACKAGE_BUGREPORT "zasha.weinberg@gmail.com"
| #define PACKAGE_URL ""
| #define PACKAGE "R2R"
| #define VERSION "1.0.4"
| #define SQUID_RELCODE "with-infernal0_7"
| #define SQUID_VERSION "Infernal/Squid 0.7"
| #define SQUID_DATE "December 2005"
| #define SQUID_COPYRIGHT "Copyright (C) 2001-2005 HHMI/Washington University School of Medicine"
| #define SQUID_LICENSE "Freely distributed under the GNU General Public License (GPL)"
| #define SRE_STRICT_ANSI 1
| #define STDC_HEADERS 1
| #define HAVE_SYS_TYPES_H 1
| #define HAVE_SYS_STAT_H 1
| #define HAVE_STDLIB_H 1
| #define HAVE_STRING_H 1
| #define HAVE_MEMORY_H 1
| #define HAVE_STRINGS_H 1
| #define HAVE_INTTYPES_H 1
| #define HAVE_STDINT_H 1
| #define HAVE_UNISTD_H 1
| /* end confdefs.h.  */
| #include <stdio.h>
| #ifdef HAVE_SYS_TYPES_H
| # include <sys/types.h>
| #endif
| #ifdef HAVE_SYS_STAT_H
| # include <sys/stat.h>
| #endif
| #ifdef STDC_HEADERS
| # include <stdlib.h>
| # include <stddef.h>
| #else
| # ifdef HAVE_STDLIB_H
| #  include <stdlib.h>
| # endif
| #endif
| #ifdef HAVE_STRING_H
| # if !defined STDC_HEADERS && defined HAVE_MEMORY_H
| #  include <memory.h>
| # endif
| # include <string.h>
| #endif
| #ifdef HAVE_STRINGS_H
| # include <strings.h>
| #endif
| #ifdef HAVE_INTTYPES_H
| # include <inttypes.h>
| #endif
| #ifdef HAVE_STDINT_H
| # include <stdint.h>
| #endif
| #ifdef HAVE_UNISTD_H
| # include <unistd.h>
| #endif
| 	        enum { N = 32 / 2 - 1 };
| int
| main ()
| {
| static int test_array [1 - 2 * !((int32_t) (((((int32_t) 1 << N) << N) - 1) * 2 + 1)
| 		 < (int32_t) (((((int32_t) 1 << N) << N) - 1) * 2 + 2))];
| test_array [0] = 0;
| return test_array [0];
| 
|   ;
|   return 0;
| }
configure:5440: result: yes
configure:5451: checking for int64_t
configure:5451: gcc -c -g -O2  conftest.c >&5
configure:5451: $? = 0
configure:5451: gcc -c -g -O2  conftest.c >&5
conftest.c: In function 'main':
conftest.c:65:53: warning: integer overflow in expression [-Woverflow]
    < (int64_t) (((((int64_t) 1 << N) << N) - 1) * 2 + 2))];
                                                     ^
conftest.c:64:12: error: storage size of 'test_array' isn't constant
 static int test_array [1 - 2 * !((int64_t) (((((int64_t) 1 << N) << N) - 1) * 2 + 1)
            ^
configure:5451: $? = 1
configure: failed program was:
| /* confdefs.h */
| #define PACKAGE_NAME "R2R"
| #define PACKAGE_TARNAME "R2R"
| #define PACKAGE_VERSION "1.0.4"
| #define PACKAGE_STRING "R2R 1.0.4"
| #define PACKAGE_BUGREPORT "zasha.weinberg@gmail.com"
| #define PACKAGE_URL ""
| #define PACKAGE "R2R"
| #define VERSION "1.0.4"
| #define SQUID_RELCODE "with-infernal0_7"
| #define SQUID_VERSION "Infernal/Squid 0.7"
| #define SQUID_DATE "December 2005"
| #define SQUID_COPYRIGHT "Copyright (C) 2001-2005 HHMI/Washington University School of Medicine"
| #define SQUID_LICENSE "Freely distributed under the GNU General Public License (GPL)"
| #define SRE_STRICT_ANSI 1
| #define STDC_HEADERS 1
| #define HAVE_SYS_TYPES_H 1
| #define HAVE_SYS_STAT_H 1
| #define HAVE_STDLIB_H 1
| #define HAVE_STRING_H 1
| #define HAVE_MEMORY_H 1
| #define HAVE_STRINGS_H 1
| #define HAVE_INTTYPES_H 1
| #define HAVE_STDINT_H 1
| #define HAVE_UNISTD_H 1
| /* end confdefs.h.  */
| #include <stdio.h>
| #ifdef HAVE_SYS_TYPES_H
| # include <sys/types.h>
| #endif
| #ifdef HAVE_SYS_STAT_H
| # include <sys/stat.h>
| #endif
| #ifdef STDC_HEADERS
| # include <stdlib.h>
| # include <stddef.h>
| #else
| # ifdef HAVE_STDLIB_H
| #  include <stdlib.h>
| # endif
| #endif
| #ifdef HAVE_STRING_H
| # if !defined STDC_HEADERS && defined HAVE_MEMORY_H
| #  include <memory.h>
| # endif
| # include <string.h>
| #endif
| #ifdef HAVE_STRINGS_H
| # include <strings.h>
| #endif
| #ifdef HAVE_INTTYPES_H
| # include <inttypes.h>
| #endif
| #ifdef HAVE_STDINT_H
| # include <stdint.h>
| #endif
| #ifdef HAVE_UNISTD_H
| # include <unistd.h>
| #endif
| 	        enum { N = 64 / 2 - 1 };
| int
| main ()
| {
| static int test_array [1 - 2 * !((int64_t) (((((int64_t) 1 << N) << N) - 1) * 2 + 1)
| 		 < (int64_t) (((((int64_t) 1 << N) << N) - 1) * 2 + 2))];
| test_array [0] = 0;
| return test_array [0];
| 
|   ;
|   return 0;
| }
configure:5451: result: yes
configure:5677: creating ./config.status

## ---------------- ##
## Cache variables. ##
## ---------------- ##

ac_cv_build=x86_64-unknown-linux-gnu
ac_cv_c_compiler_gnu=yes
ac_cv_c_int16_t=yes
ac_cv_c_int32_t=yes
ac_cv_c_int64_t=yes
ac_cv_cxx_compiler_gnu=yes
ac_cv_env_CCC_set=
ac_cv_env_CCC_value=
ac_cv_env_CC_set=
ac_cv_env_CC_value=
ac_cv_env_CFLAGS_set=
ac_cv_env_CFLAGS_value=
ac_cv_env_CPPFLAGS_set=
ac_cv_env_CPPFLAGS_value=
ac_cv_env_CPP_set=
ac_cv_env_CPP_value=
ac_cv_env_CXXFLAGS_set=
ac_cv_env_CXXFLAGS_value=
ac_cv_env_CXX_set=
ac_cv_env_CXX_value=
ac_cv_env_LDFLAGS_set=
ac_cv_env_LDFLAGS_value=
ac_cv_env_LIBS_set=
ac_cv_env_LIBS_value=
ac_cv_env_build_alias_set=
ac_cv_env_build_alias_value=
ac_cv_env_host_alias_set=
ac_cv_env_host_alias_value=
ac_cv_env_target_alias_set=
ac_cv_env_target_alias_value=
ac_cv_header_inttypes_h=yes
ac_cv_header_memory_h=yes
ac_cv_header_stdc=yes
ac_cv_header_stdint_h=yes
ac_cv_header_stdlib_h=yes
ac_cv_header_string_h=yes
ac_cv_header_strings_h=yes
ac_cv_header_sys_stat_h=yes
ac_cv_header_sys_types_h=yes
ac_cv_header_unistd_h=yes
ac_cv_host=x86_64-unknown-linux-gnu
ac_cv_lib_m_sqrt=yes
ac_cv_lib_nlopt_nlopt_create=no
ac_cv_objext=o
ac_cv_path_AR=/bin/ar
ac_cv_path_EGREP='/bin/grep -E'
ac_cv_path_GREP=/bin/grep
ac_cv_path_install='/bin/install -c'
ac_cv_path_mkdir=/bin/mkdir
ac_cv_prog_AWK=gawk
ac_cv_prog_CPP='gcc -E'
ac_cv_prog_ac_ct_CC=gcc
ac_cv_prog_ac_ct_CXX=g++
ac_cv_prog_ac_ct_RANLIB=ranlib
ac_cv_prog_cc_c89=
ac_cv_prog_cc_g=yes
ac_cv_prog_cxx_g=yes
ac_cv_prog_make_make_set=yes
am_cv_CC_dependencies_compiler_type=gcc3
am_cv_CXX_dependencies_compiler_type=gcc3

## ----------------- ##
## Output variables. ##
## ----------------- ##

ACLOCAL='${SHELL} /home/RiboVision3/R2DT/rna/rscape/lib/R2R/R2R-current/missing --run aclocal-1.11'
AMDEPBACKSLASH='\'
AMDEP_FALSE='#'
AMDEP_TRUE=''
AMTAR='${SHELL} /home/RiboVision3/R2DT/rna/rscape/lib/R2R/R2R-current/missing --run tar'
AR='/bin/ar'
AUTOCONF='${SHELL} /home/RiboVision3/R2DT/rna/rscape/lib/R2R/R2R-current/missing --run autoconf'
AUTOHEADER='${SHELL} /home/RiboVision3/R2DT/rna/rscape/lib/R2R/R2R-current/missing --run autoheader'
AUTOMAKE='${SHELL} /home/RiboVision3/R2DT/rna/rscape/lib/R2R/R2R-current/missing --run automake-1.11'
AWK='gawk'
CC='gcc'
CCDEPMODE='depmode=gcc3'
CFLAGS='-g -O2'
CPP='gcc -E'
CPPFLAGS=''
CXX='g++'
CXXDEPMODE='depmode=gcc3'
CXXFLAGS='-g -O2'
CYGPATH_W='echo'
DEFS='-DHAVE_CONFIG_H'
DEPDIR='.deps'
ECHO_C=''
ECHO_N='-n'
ECHO_T=''
EGREP='/bin/grep -E'
ENABLE_CFSQP_AUTOMAKE_FALSE=''
ENABLE_CFSQP_AUTOMAKE_TRUE='#'
ENABLE_NLOPT_AUTOMAKE_FALSE=''
ENABLE_NLOPT_AUTOMAKE_TRUE='#'
EXEEXT=''
GREP='/bin/grep'
INSTALL_DATA='${INSTALL} -m 644'
INSTALL_PROGRAM='${INSTALL}'
INSTALL_SCRIPT='${INSTALL}'
INSTALL_STRIP_PROGRAM='$(install_sh) -c -s'
LDFLAGS=''
LIBOBJS=''
LIBS=' -lm'
LTLIBOBJS=''
MAKEINFO='${SHELL} /home/RiboVision3/R2DT/rna/rscape/lib/R2R/R2R-current/missing --run makeinfo'
MKDIR_P='/bin/mkdir -p'
OBJEXT='o'
PACKAGE='R2R'
PACKAGE_BUGREPORT='zasha.weinberg@gmail.com'
PACKAGE_NAME='R2R'
PACKAGE_STRING='R2R 1.0.4'
PACKAGE_TARNAME='R2R'
PACKAGE_URL=''
PACKAGE_VERSION='1.0.4'
PATH_SEPARATOR=':'
RANLIB='ranlib'
SET_MAKE=''
SHELL='/bin/sh'
STRIP=''
VERSION='1.0.4'
ac_ct_CC='gcc'
ac_ct_CXX='g++'
am__EXEEXT_FALSE=''
am__EXEEXT_TRUE='#'
am__fastdepCC_FALSE='#'
am__fastdepCC_TRUE=''
am__fastdepCXX_FALSE='#'
am__fastdepCXX_TRUE=''
am__include='include'
am__isrc=''
am__leading_dot='.'
am__quote=''
am__tar='${AMTAR} chof - "$$tardir"'
am__untar='${AMTAR} xf -'
bindir='${exec_prefix}/bin'
build='x86_64-unknown-linux-gnu'
build_alias=''
build_cpu='x86_64'
build_os='linux-gnu'
build_vendor='unknown'
datadir='${datarootdir}'
datarootdir='${prefix}/share'
docdir='${datarootdir}/doc/${PACKAGE_TARNAME}'
dvidir='${docdir}'
exec_prefix='${prefix}'
host='x86_64-unknown-linux-gnu'
host_alias=''
host_cpu='x86_64'
host_os='linux-gnu'
host_vendor='unknown'
htmldir='${docdir}'
includedir='${prefix}/include'
infodir='${datarootdir}/info'
install_sh='${SHELL} /home/RiboVision3/R2DT/rna/rscape/lib/R2R/R2R-current/install-sh'
libdir='${exec_prefix}/lib'
libexecdir='${exec_prefix}/libexec'
localedir='${datarootdir}/locale'
localstatedir='${prefix}/var'
mandir='${datarootdir}/man'
mkdir_p='/bin/mkdir -p'
oldincludedir='/usr/include'
pdfdir='${docdir}'
prefix='/home/RiboVision3/R2DT/rna/rscape'
program_transform_name='s,x,x,'
psdir='${docdir}'
sbindir='${exec_prefix}/sbin'
sharedstatedir='${prefix}/com'
sysconfdir='${prefix}/etc'
target_alias=''

## ----------- ##
## confdefs.h. ##
## ----------- ##

/* confdefs.h */
#define PACKAGE_NAME "R2R"
#define PACKAGE_TARNAME "R2R"
#define PACKAGE_VERSION "1.0.4"
#define PACKAGE_STRING "R2R 1.0.4"
#define PACKAGE_BUGREPORT "zasha.weinberg@gmail.com"
#define PACKAGE_URL ""
#define PACKAGE "R2R"
#define VERSION "1.0.4"
#define SQUID_RELCODE "with-infernal0_7"
#define SQUID_VERSION "Infernal/Squid 0.7"
#define SQUID_DATE "December 2005"
#define SQUID_COPYRIGHT "Copyright (C) 2001-2005 HHMI/Washington University School of Medicine"
#define SQUID_LICENSE "Freely distributed under the GNU General Public License (GPL)"
#define SRE_STRICT_ANSI 1
#define STDC_HEADERS 1
#define HAVE_SYS_TYPES_H 1
#define HAVE_SYS_STAT_H 1
#define HAVE_STDLIB_H 1
#define HAVE_STRING_H 1
#define HAVE_MEMORY_H 1
#define HAVE_STRINGS_H 1
#define HAVE_INTTYPES_H 1
#define HAVE_STDINT_H 1
#define HAVE_UNISTD_H 1

configure: exit 0

## ---------------------- ##
## Running config.status. ##
## ---------------------- ##

This file was extended by R2R config.status 1.0.4, which was
generated by GNU Autoconf 2.69.  Invocation command line was

  CONFIG_FILES    = 
  CONFIG_HEADERS  = 
  CONFIG_LINKS    = 
  CONFIG_COMMANDS = 
  $ ./config.status 

on apollo2.chemistry.gatech.edu

config.status:878: creating Makefile
config.status:878: creating NotByZasha/infernal-0.7/squid/Makefile
config.status:878: creating src/Makefile
config.status:878: creating NotByZasha/cfsqp/Makefile
config.status:878: creating NotByZasha/infernal-0.7/squid/squid.h
config.status:878: creating src/r2rconf.h
config.status:1059: src/r2rconf.h is unchanged
config.status:878: creating NotByZasha/infernal-0.7/squid/squidconf.h
config.status:1059: NotByZasha/infernal-0.7/squid/squidconf.h is unchanged
config.status:1107: executing depfiles commands

## ---------------------- ##
## Running config.status. ##
## ---------------------- ##

This file was extended by R2R config.status 1.0.4, which was
generated by GNU Autoconf 2.69.  Invocation command line was

  CONFIG_FILES    = 
  CONFIG_HEADERS  = 
  CONFIG_LINKS    = 
  CONFIG_COMMANDS = 
  $ ./config.status NotByZasha/infernal-0.7/squid/squidconf.h

on apollo2.chemistry.gatech.edu

config.status:878: creating NotByZasha/infernal-0.7/squid/squidconf.h
config.status:1059: NotByZasha/infernal-0.7/squid/squidconf.h is unchanged

## ---------------------- ##
## Running config.status. ##
## ---------------------- ##

This file was extended by R2R config.status 1.0.4, which was
generated by GNU Autoconf 2.69.  Invocation command line was

  CONFIG_FILES    = 
  CONFIG_HEADERS  = 
  CONFIG_LINKS    = 
  CONFIG_COMMANDS = 
  $ ./config.status src/r2rconf.h

on apollo2.chemistry.gatech.edu

config.status:878: creating src/r2rconf.h
config.status:1059: src/r2rconf.h is unchanged
