This file contains any messages produced by compilers while
running configure, to aid debugging if configure makes a mistake.

It was created by tRNAscan-SE configure 2.0.0, which was
generated by GNU Autoconf 2.69.  Invocation command line was

  $ ./configure 

## --------- ##
## Platform. ##
## --------- ##

hostname = apollo2
uname -m = x86_64
uname -r = 3.10.0-1160.80.1.el7.x86_64
uname -s = Linux
uname -v = #1 SMP Sat Oct 8 18:13:21 UTC 2022

/usr/bin/uname -p = x86_64
/bin/uname -X     = unknown

/bin/arch              = x86_64
/usr/bin/arch -k       = unknown
/usr/convex/getsysinfo = unknown
/usr/bin/hostinfo      = unknown
/bin/machine           = unknown
/usr/bin/oslevel       = unknown
/bin/universe          = unknown

PATH: /home/RiboVision3/R2DT/rna/r2dt
PATH: /home/RiboVision3/R2DT/rna/RNAstructure/exe
PATH: /home/RiboVision3/R2DT/rna/jiffy-infernal-hmmer-scripts
PATH: /home/RiboVision3/R2DT/rna/rscape/bin
PATH: /home/RiboVision3/R2DT/rna/traveler/bin
PATH: /home/RiboVision3/R2DT/rna/ribovore
PATH: /home/RiboVision3/R2DT/rna/infernal-1.1.2/bin
PATH: /home/RiboVision3/R2DT/rna/infernal-1.1.2
PATH: /home/RiboVision3/R2DT/rna/ribovore
PATH: /usr/local/bin
PATH: /usr/bin
PATH: /usr/local/sbin
PATH: /usr/sbin
PATH: /home/anton/.local/bin
PATH: /home/anton/bin


## ----------- ##
## Core tests. ##
## ----------- ##

configure:2240: checking for gcc
configure:2256: found /usr/bin/gcc
configure:2267: result: gcc
configure:2496: checking for C compiler version
configure:2505: gcc --version >&5
gcc (GCC) 4.8.5 20150623 (Red Hat 4.8.5-44)
Copyright (C) 2015 Free Software Foundation, Inc.
This is free software; see the source for copying conditions.  There is NO
warranty; not even for MERCHANTABILITY or FITNESS FOR A PARTICULAR PURPOSE.

configure:2516: $? = 0
configure:2505: gcc -v >&5
Using built-in specs.
COLLECT_GCC=gcc
COLLECT_LTO_WRAPPER=/usr/libexec/gcc/x86_64-redhat-linux/4.8.5/lto-wrapper
Target: x86_64-redhat-linux
Configured with: ../configure --prefix=/usr --mandir=/usr/share/man --infodir=/usr/share/info --with-bugurl=http://bugzilla.redhat.com/bugzilla --enable-bootstrap --enable-shared --enable-threads=posix --enable-checking=release --with-system-zlib --enable-__cxa_atexit --disable-libunwind-exceptions --enable-gnu-unique-object --enable-linker-build-id --with-linker-hash-style=gnu --enable-languages=c,c++,objc,obj-c++,java,fortran,ada,go,lto --enable-plugin --enable-initfini-array --disable-libgcj --with-isl=/builddir/build/BUILD/gcc-4.8.5-20150702/obj-x86_64-redhat-linux/isl-install --with-cloog=/builddir/build/BUILD/gcc-4.8.5-20150702/obj-x86_64-redhat-linux/cloog-install --enable-gnu-indirect-function --with-tune=generic --with-arch_32=x86-64 --build=x86_64-redhat-linux
Thread model: posix
gcc version 4.8.5 20150623 (Red Hat 4.8.5-44) (GCC) 
configure:2516: $? = 0
configure:2505: gcc -V >&5
gcc: error: unrecognized command line option '-V'
gcc: fatal error: no input files
compilation terminated.
configure:2516: $? = 4
configure:2505: gcc -qversion >&5
gcc: error: unrecognized command line option '-qversion'
gcc: fatal error: no input files
compilation terminated.
configure:2516: $? = 4
configure:2536: checking whether the C compiler works
configure:2558: gcc    conftest.c  >&5
configure:2562: $? = 0
configure:2610: result: yes
configure:2613: checking for C compiler default output file name
configure:2615: result: a.out
configure:2621: checking for suffix of executables
configure:2628: gcc -o conftest    conftest.c  >&5
configure:2632: $? = 0
configure:2654: result: 
configure:2676: checking whether we are cross compiling
configure:2684: gcc -o conftest    conftest.c  >&5
configure:2688: $? = 0
configure:2695: ./conftest
configure:2699: $? = 0
configure:2714: result: no
configure:2719: checking for suffix of object files
configure:2741: gcc -c   conftest.c >&5
configure:2745: $? = 0
configure:2766: result: o
configure:2770: checking whether we are using the GNU C compiler
configure:2789: gcc -c   conftest.c >&5
configure:2789: $? = 0
configure:2798: result: yes
configure:2807: checking whether gcc accepts -g
configure:2827: gcc -c -g  conftest.c >&5
configure:2827: $? = 0
configure:2868: result: yes
configure:2885: checking for gcc option to accept ISO C89
configure:2948: gcc  -c -g -O2  conftest.c >&5
configure:2948: $? = 0
configure:2961: result: none needed
configure:3026: checking for a BSD-compatible install
configure:3094: result: /usr/bin/install -c
configure:3109: checking for perl
configure:3127: found /usr/bin/perl
configure:3139: result: /usr/bin/perl
configure:3150: checking for Perl version 5.0.0 or later
configure:3156: result: yes
configure:3162: result: 
configure:3172: checking how to run the C preprocessor
configure:3203: gcc -E  conftest.c
configure:3203: $? = 0
configure:3217: gcc -E  conftest.c
conftest.c:9:28: fatal error: ac_nonexistent.h: No such file or directory
 #include <ac_nonexistent.h>
                            ^
compilation terminated.
configure:3217: $? = 1
configure: failed program was:
| /* confdefs.h */
| #define PACKAGE_NAME "tRNAscan-SE"
| #define PACKAGE_TARNAME "trnascan-se"
| #define PACKAGE_VERSION "2.0.0"
| #define PACKAGE_STRING "tRNAscan-SE 2.0.0"
| #define PACKAGE_BUGREPORT "pchan@soe.ucsc.edu"
| #define PACKAGE_URL ""
| /* end confdefs.h.  */
| #include <ac_nonexistent.h>
configure:3242: result: gcc -E
configure:3262: gcc -E  conftest.c
configure:3262: $? = 0
configure:3276: gcc -E  conftest.c
conftest.c:9:28: fatal error: ac_nonexistent.h: No such file or directory
 #include <ac_nonexistent.h>
                            ^
compilation terminated.
configure:3276: $? = 1
configure: failed program was:
| /* confdefs.h */
| #define PACKAGE_NAME "tRNAscan-SE"
| #define PACKAGE_TARNAME "trnascan-se"
| #define PACKAGE_VERSION "2.0.0"
| #define PACKAGE_STRING "tRNAscan-SE 2.0.0"
| #define PACKAGE_BUGREPORT "pchan@soe.ucsc.edu"
| #define PACKAGE_URL ""
| /* end confdefs.h.  */
| #include <ac_nonexistent.h>
configure:3305: checking for grep that handles long lines and -e
configure:3363: result: /usr/bin/grep
configure:3368: checking for egrep
configure:3430: result: /usr/bin/grep -E
configure:3435: checking for ANSI C header files
configure:3455: gcc -c -g -O2  conftest.c >&5
configure:3455: $? = 0
configure:3528: gcc -o conftest -g -O2   conftest.c  >&5
configure:3528: $? = 0
configure:3528: ./conftest
configure:3528: $? = 0
configure:3539: result: yes
configure:3552: checking for sys/types.h
configure:3552: gcc -c -g -O2  conftest.c >&5
configure:3552: $? = 0
configure:3552: result: yes
configure:3552: checking for sys/stat.h
configure:3552: gcc -c -g -O2  conftest.c >&5
configure:3552: $? = 0
configure:3552: result: yes
configure:3552: checking for stdlib.h
configure:3552: gcc -c -g -O2  conftest.c >&5
configure:3552: $? = 0
configure:3552: result: yes
configure:3552: checking for string.h
configure:3552: gcc -c -g -O2  conftest.c >&5
configure:3552: $? = 0
configure:3552: result: yes
configure:3552: checking for memory.h
configure:3552: gcc -c -g -O2  conftest.c >&5
configure:3552: $? = 0
configure:3552: result: yes
configure:3552: checking for strings.h
configure:3552: gcc -c -g -O2  conftest.c >&5
configure:3552: $? = 0
configure:3552: result: yes
configure:3552: checking for inttypes.h
configure:3552: gcc -c -g -O2  conftest.c >&5
configure:3552: $? = 0
configure:3552: result: yes
configure:3552: checking for stdint.h
configure:3552: gcc -c -g -O2  conftest.c >&5
configure:3552: $? = 0
configure:3552: result: yes
configure:3552: checking for unistd.h
configure:3552: gcc -c -g -O2  conftest.c >&5
configure:3552: $? = 0
configure:3552: result: yes
configure:3564: checking for size_t
configure:3564: gcc -c -g -O2  conftest.c >&5
configure:3564: $? = 0
configure:3564: gcc -c -g -O2  conftest.c >&5
conftest.c: In function 'main':
conftest.c:55:21: error: expected expression before ')' token
 if (sizeof ((size_t)))
                     ^
configure:3564: $? = 1
configure: failed program was:
| /* confdefs.h */
| #define PACKAGE_NAME "tRNAscan-SE"
| #define PACKAGE_TARNAME "trnascan-se"
| #define PACKAGE_VERSION "2.0.0"
| #define PACKAGE_STRING "tRNAscan-SE 2.0.0"
| #define PACKAGE_BUGREPORT "pchan@soe.ucsc.edu"
| #define PACKAGE_URL ""
| #define STDC_HEADERS 1
| #define HAVE_SYS_TYPES_H 1
| #define HAVE_SYS_STAT_H 1
| #define HAVE_STDLIB_H 1
| #define HAVE_STRING_H 1
| #define HAVE_MEMORY_H 1
| #define HAVE_STRINGS_H 1
| #define HAVE_INTTYPES_H 1
| #define HAVE_STDINT_H 1
| #define HAVE_UNISTD_H 1
| /* end confdefs.h.  */
| #include <stdio.h>
| #ifdef HAVE_SYS_TYPES_H
| # include <sys/types.h>
| #endif
| #ifdef HAVE_SYS_STAT_H
| # include <sys/stat.h>
| #endif
| #ifdef STDC_HEADERS
| # include <stdlib.h>
| # include <stddef.h>
| #else
| # ifdef HAVE_STDLIB_H
| #  include <stdlib.h>
| # endif
| #endif
| #ifdef HAVE_STRING_H
| # if !defined STDC_HEADERS && defined HAVE_MEMORY_H
| #  include <memory.h>
| # endif
| # include <string.h>
| #endif
| #ifdef HAVE_STRINGS_H
| # include <strings.h>
| #endif
| #ifdef HAVE_INTTYPES_H
| # include <inttypes.h>
| #endif
| #ifdef HAVE_STDINT_H
| # include <stdint.h>
| #endif
| #ifdef HAVE_UNISTD_H
| # include <unistd.h>
| #endif
| int
| main ()
| {
| if (sizeof ((size_t)))
| 	    return 0;
|   ;
|   return 0;
| }
configure:3564: result: yes
configure:3577: checking for working alloca.h
configure:3594: gcc -o conftest -g -O2   conftest.c  >&5
configure:3594: $? = 0
configure:3602: result: yes
configure:3610: checking for alloca
configure:3647: gcc -o conftest -g -O2   conftest.c  >&5
configure:3647: $? = 0
configure:3655: result: yes
configure:3764: checking limits.h usability
configure:3764: gcc -c -g -O2  conftest.c >&5
configure:3764: $? = 0
configure:3764: result: yes
configure:3764: checking limits.h presence
configure:3764: gcc -E  conftest.c
configure:3764: $? = 0
configure:3764: result: yes
configure:3764: checking for limits.h
configure:3764: result: yes
configure:3764: checking for memory.h
configure:3764: result: yes
configure:3764: checking stddef.h usability
configure:3764: gcc -c -g -O2  conftest.c >&5
configure:3764: $? = 0
configure:3764: result: yes
configure:3764: checking stddef.h presence
configure:3764: gcc -E  conftest.c
configure:3764: $? = 0
configure:3764: result: yes
configure:3764: checking for stddef.h
configure:3764: result: yes
configure:3764: checking for stdlib.h
configure:3764: result: yes
configure:3764: checking for string.h
configure:3764: result: yes
configure:3764: checking for unistd.h
configure:3764: result: yes
configure:3776: checking for stdbool.h that conforms to C99
configure:3843: gcc -c -g -O2  conftest.c >&5
configure:3843: $? = 0
configure:3850: result: yes
configure:3852: checking for _Bool
configure:3852: gcc -c -g -O2  conftest.c >&5
configure:3852: $? = 0
configure:3852: gcc -c -g -O2  conftest.c >&5
conftest.c: In function 'main':
conftest.c:63:20: error: expected expression before ')' token
 if (sizeof ((_Bool)))
                    ^
configure:3852: $? = 1
configure: failed program was:
| /* confdefs.h */
| #define PACKAGE_NAME "tRNAscan-SE"
| #define PACKAGE_TARNAME "trnascan-se"
| #define PACKAGE_VERSION "2.0.0"
| #define PACKAGE_STRING "tRNAscan-SE 2.0.0"
| #define PACKAGE_BUGREPORT "pchan@soe.ucsc.edu"
| #define PACKAGE_URL ""
| #define STDC_HEADERS 1
| #define HAVE_SYS_TYPES_H 1
| #define HAVE_SYS_STAT_H 1
| #define HAVE_STDLIB_H 1
| #define HAVE_STRING_H 1
| #define HAVE_MEMORY_H 1
| #define HAVE_STRINGS_H 1
| #define HAVE_INTTYPES_H 1
| #define HAVE_STDINT_H 1
| #define HAVE_UNISTD_H 1
| #define HAVE_ALLOCA_H 1
| #define HAVE_ALLOCA 1
| #define HAVE_LIMITS_H 1
| #define HAVE_MEMORY_H 1
| #define HAVE_STDDEF_H 1
| #define HAVE_STDLIB_H 1
| #define HAVE_STRING_H 1
| #define HAVE_UNISTD_H 1
| /* end confdefs.h.  */
| #include <stdio.h>
| #ifdef HAVE_SYS_TYPES_H
| # include <sys/types.h>
| #endif
| #ifdef HAVE_SYS_STAT_H
| # include <sys/stat.h>
| #endif
| #ifdef STDC_HEADERS
| # include <stdlib.h>
| # include <stddef.h>
| #else
| # ifdef HAVE_STDLIB_H
| #  include <stdlib.h>
| # endif
| #endif
| #ifdef HAVE_STRING_H
| # if !defined STDC_HEADERS && defined HAVE_MEMORY_H
| #  include <memory.h>
| # endif
| # include <string.h>
| #endif
| #ifdef HAVE_STRINGS_H
| # include <strings.h>
| #endif
| #ifdef HAVE_INTTYPES_H
| # include <inttypes.h>
| #endif
| #ifdef HAVE_STDINT_H
| # include <stdint.h>
| #endif
| #ifdef HAVE_UNISTD_H
| # include <unistd.h>
| #endif
| int
| main ()
| {
| if (sizeof ((_Bool)))
| 	    return 0;
|   ;
|   return 0;
| }
configure:3852: result: yes
configure:3863: checking for size_t
configure:3863: result: yes
configure:3878: checking for stdlib.h
configure:3878: result: yes
configure:3888: checking for GNU libc compatible malloc
configure:3912: gcc -o conftest -g -O2   conftest.c  >&5
configure:3912: $? = 0
configure:3912: ./conftest
configure:3912: $? = 0
configure:3922: result: yes
configure:3945: checking for stdlib.h
configure:3945: result: yes
configure:3955: checking for GNU libc compatible realloc
configure:3979: gcc -o conftest -g -O2   conftest.c  >&5
configure:3979: $? = 0
configure:3979: ./conftest
configure:3979: $? = 0
configure:3989: result: yes
configure:4013: checking for bzero
configure:4013: gcc -o conftest -g -O2   conftest.c  >&5
conftest.c:55:6: warning: conflicting types for built-in function 'bzero' [enabled by default]
 char bzero ();
      ^
configure:4013: $? = 0
configure:4013: result: yes
configure:4013: checking for memset
configure:4013: gcc -o conftest -g -O2   conftest.c  >&5
conftest.c:56:6: warning: conflicting types for built-in function 'memset' [enabled by default]
 char memset ();
      ^
configure:4013: $? = 0
configure:4013: result: yes
configure:4013: checking for re_comp
configure:4013: gcc -o conftest -g -O2   conftest.c  >&5
configure:4013: $? = 0
configure:4013: result: yes
configure:4013: checking for regcomp
configure:4013: gcc -o conftest -g -O2   conftest.c  >&5
configure:4013: $? = 0
configure:4013: result: yes
configure:4013: checking for sqrt
configure:4013: gcc -o conftest -g -O2   conftest.c  >&5
conftest.c:59:6: warning: conflicting types for built-in function 'sqrt' [enabled by default]
 char sqrt ();
      ^
/tmp/ccaLbUYv.o: In function `main':
/home/RiboVision3/R2DT/rna/tRNAscan-SE-2.0.5/tRNAscan-SE-2.0.5/conftest.c:70: undefined reference to `sqrt'
collect2: error: ld returned 1 exit status
configure:4013: $? = 1
configure: failed program was:
| /* confdefs.h */
| #define PACKAGE_NAME "tRNAscan-SE"
| #define PACKAGE_TARNAME "trnascan-se"
| #define PACKAGE_VERSION "2.0.0"
| #define PACKAGE_STRING "tRNAscan-SE 2.0.0"
| #define PACKAGE_BUGREPORT "pchan@soe.ucsc.edu"
| #define PACKAGE_URL ""
| #define STDC_HEADERS 1
| #define HAVE_SYS_TYPES_H 1
| #define HAVE_SYS_STAT_H 1
| #define HAVE_STDLIB_H 1
| #define HAVE_STRING_H 1
| #define HAVE_MEMORY_H 1
| #define HAVE_STRINGS_H 1
| #define HAVE_INTTYPES_H 1
| #define HAVE_STDINT_H 1
| #define HAVE_UNISTD_H 1
| #define HAVE_ALLOCA_H 1
| #define HAVE_ALLOCA 1
| #define HAVE_LIMITS_H 1
| #define HAVE_MEMORY_H 1
| #define HAVE_STDDEF_H 1
| #define HAVE_STDLIB_H 1
| #define HAVE_STRING_H 1
| #define HAVE_UNISTD_H 1
| #define HAVE__BOOL 1
| #define HAVE_STDLIB_H 1
| #define HAVE_MALLOC 1
| #define HAVE_STDLIB_H 1
| #define HAVE_REALLOC 1
| #define HAVE_BZERO 1
| #define HAVE_MEMSET 1
| #define HAVE_RE_COMP 1
| #define HAVE_REGCOMP 1
| /* end confdefs.h.  */
| /* Define sqrt to an innocuous variant, in case <limits.h> declares sqrt.
|    For example, HP-UX 11i <limits.h> declares gettimeofday.  */
| #define sqrt innocuous_sqrt
| 
| /* System header to define __stub macros and hopefully few prototypes,
|     which can conflict with char sqrt (); below.
|     Prefer <limits.h> to <assert.h> if __STDC__ is defined, since
|     <limits.h> exists even on freestanding compilers.  */
| 
| #ifdef __STDC__
| # include <limits.h>
| #else
| # include <assert.h>
| #endif
| 
| #undef sqrt
| 
| /* Override any GCC internal prototype to avoid an error.
|    Use char because int might match the return type of a GCC
|    builtin and then its argument prototype would still apply.  */
| #ifdef __cplusplus
| extern "C"
| #endif
| char sqrt ();
| /* The GNU C library defines this for functions which it implements
|     to always fail with ENOSYS.  Some functions are actually named
|     something starting with __ and the normal name is an alias.  */
| #if defined __stub_sqrt || defined __stub___sqrt
| choke me
| #endif
| 
| int
| main ()
| {
| return sqrt ();
|   ;
|   return 0;
| }
configure:4013: result: no
configure:4013: checking for strcasecmp
configure:4013: gcc -o conftest -g -O2   conftest.c  >&5
conftest.c:59:6: warning: conflicting types for built-in function 'strcasecmp' [enabled by default]
 char strcasecmp ();
      ^
configure:4013: $? = 0
configure:4013: result: yes
configure:4013: checking for strchr
configure:4013: gcc -o conftest -g -O2   conftest.c  >&5
conftest.c:60:6: warning: conflicting types for built-in function 'strchr' [enabled by default]
 char strchr ();
      ^
configure:4013: $? = 0
configure:4013: result: yes
configure:4013: checking for strstr
configure:4013: gcc -o conftest -g -O2   conftest.c  >&5
conftest.c:61:6: warning: conflicting types for built-in function 'strstr' [enabled by default]
 char strstr ();
      ^
configure:4013: $? = 0
configure:4013: result: yes
configure:4026: checking whether build environment is sane
configure:4076: result: yes
configure:4217: checking for a thread-safe mkdir -p
configure:4256: result: /usr/bin/mkdir -p
configure:4269: checking for gawk
configure:4285: found /usr/bin/gawk
configure:4296: result: gawk
configure:4307: checking whether make sets $(MAKE)
configure:4329: result: yes
configure:4359: checking for style of include used by make
configure:4387: result: GNU
configure:4472: checking dependency style of gcc
configure:4582: result: gcc3
configure:4733: creating ./config.status

## ---------------------- ##
## Running config.status. ##
## ---------------------- ##

This file was extended by tRNAscan-SE config.status 2.0.0, which was
generated by GNU Autoconf 2.69.  Invocation command line was

  CONFIG_FILES    = 
  CONFIG_HEADERS  = 
  CONFIG_LINKS    = 
  CONFIG_COMMANDS = 
  $ ./config.status 

on apollo2

config.status:869: creating Makefile
config.status:869: creating config.h
config.status:1098: executing depfiles commands

## ---------------- ##
## Cache variables. ##
## ---------------- ##

ac_cv_c_compiler_gnu=yes
ac_cv_env_CC_set=
ac_cv_env_CC_value=
ac_cv_env_CFLAGS_set=
ac_cv_env_CFLAGS_value=
ac_cv_env_CPPFLAGS_set=
ac_cv_env_CPPFLAGS_value=
ac_cv_env_CPP_set=
ac_cv_env_CPP_value=
ac_cv_env_LDFLAGS_set=
ac_cv_env_LDFLAGS_value=
ac_cv_env_LIBS_set=
ac_cv_env_LIBS_value=
ac_cv_env_build_alias_set=
ac_cv_env_build_alias_value=
ac_cv_env_host_alias_set=
ac_cv_env_host_alias_value=
ac_cv_env_target_alias_set=
ac_cv_env_target_alias_value=
ac_cv_func_alloca_works=yes
ac_cv_func_bzero=yes
ac_cv_func_malloc_0_nonnull=yes
ac_cv_func_memset=yes
ac_cv_func_re_comp=yes
ac_cv_func_realloc_0_nonnull=yes
ac_cv_func_regcomp=yes
ac_cv_func_sqrt=no
ac_cv_func_strcasecmp=yes
ac_cv_func_strchr=yes
ac_cv_func_strstr=yes
ac_cv_header_inttypes_h=yes
ac_cv_header_limits_h=yes
ac_cv_header_memory_h=yes
ac_cv_header_stdbool_h=yes
ac_cv_header_stdc=yes
ac_cv_header_stddef_h=yes
ac_cv_header_stdint_h=yes
ac_cv_header_stdlib_h=yes
ac_cv_header_string_h=yes
ac_cv_header_strings_h=yes
ac_cv_header_sys_stat_h=yes
ac_cv_header_sys_types_h=yes
ac_cv_header_unistd_h=yes
ac_cv_objext=o
ac_cv_path_EGREP='/usr/bin/grep -E'
ac_cv_path_GREP=/usr/bin/grep
ac_cv_path_PERL=/usr/bin/perl
ac_cv_path_install='/usr/bin/install -c'
ac_cv_path_mkdir=/usr/bin/mkdir
ac_cv_prog_AWK=gawk
ac_cv_prog_CPP='gcc -E'
ac_cv_prog_ac_ct_CC=gcc
ac_cv_prog_cc_c89=
ac_cv_prog_cc_g=yes
ac_cv_prog_make_make_set=yes
ac_cv_type__Bool=yes
ac_cv_type_size_t=yes
ac_cv_working_alloca_h=yes
am_cv_CC_dependencies_compiler_type=gcc3

## ----------------- ##
## Output variables. ##
## ----------------- ##

ACLOCAL='${SHELL} /home/RiboVision3/R2DT/rna/tRNAscan-SE-2.0.5/tRNAscan-SE-2.0.5/missing --run aclocal-1.11'
ALLOCA=''
AMDEPBACKSLASH='\'
AMDEP_FALSE='#'
AMDEP_TRUE=''
AMTAR='${SHELL} /home/RiboVision3/R2DT/rna/tRNAscan-SE-2.0.5/tRNAscan-SE-2.0.5/missing --run tar'
AUTOCONF='${SHELL} /home/RiboVision3/R2DT/rna/tRNAscan-SE-2.0.5/tRNAscan-SE-2.0.5/missing --run autoconf'
AUTOHEADER='${SHELL} /home/RiboVision3/R2DT/rna/tRNAscan-SE-2.0.5/tRNAscan-SE-2.0.5/missing --run autoheader'
AUTOMAKE='${SHELL} /home/RiboVision3/R2DT/rna/tRNAscan-SE-2.0.5/tRNAscan-SE-2.0.5/missing --run automake-1.11'
AWK='gawk'
CC='gcc'
CCDEPMODE='depmode=gcc3'
CFLAGS='-g -O2'
CPP='gcc -E'
CPPFLAGS=''
CYGPATH_W='echo'
DEFS='-DHAVE_CONFIG_H'
DEPDIR='.deps'
ECHO_C=''
ECHO_N='-n'
ECHO_T=''
EGREP='/usr/bin/grep -E'
EXEEXT=''
GREP='/usr/bin/grep'
INSTALL_DATA='${INSTALL} -m 644'
INSTALL_PROGRAM='${INSTALL}'
INSTALL_SCRIPT='${INSTALL}'
INSTALL_STRIP_PROGRAM='$(install_sh) -c -s'
LDFLAGS=''
LIBOBJS=''
LIBS=''
LTLIBOBJS=''
MAKEINFO='${SHELL} /home/RiboVision3/R2DT/rna/tRNAscan-SE-2.0.5/tRNAscan-SE-2.0.5/missing --run makeinfo'
MKDIR_P='/usr/bin/mkdir -p'
OBJEXT='o'
PACKAGE='trnascan-se'
PACKAGE_BUGREPORT='pchan@soe.ucsc.edu'
PACKAGE_NAME='tRNAscan-SE'
PACKAGE_STRING='tRNAscan-SE 2.0.0'
PACKAGE_TARNAME='trnascan-se'
PACKAGE_URL=''
PACKAGE_VERSION='2.0.0'
PATH_SEPARATOR=':'
PERL='/usr/bin/perl'
SET_MAKE=''
SHELL='/bin/sh'
STRIP=''
VERSION='2.0.0'
ac_ct_CC='gcc'
am__EXEEXT_FALSE=''
am__EXEEXT_TRUE='#'
am__fastdepCC_FALSE='#'
am__fastdepCC_TRUE=''
am__include='include'
am__isrc=''
am__leading_dot='.'
am__quote=''
am__tar='${AMTAR} chof - "$$tardir"'
am__untar='${AMTAR} xf -'
bindir='${exec_prefix}/bin'
build_alias=''
datadir='${datarootdir}'
datarootdir='${prefix}/share'
docdir='${datarootdir}/doc/${PACKAGE_TARNAME}'
dvidir='${docdir}'
exec_prefix='${prefix}'
host_alias=''
htmldir='${docdir}'
includedir='${prefix}/include'
infodir='${datarootdir}/info'
install_sh='${SHELL} /home/RiboVision3/R2DT/rna/tRNAscan-SE-2.0.5/tRNAscan-SE-2.0.5/install-sh'
libdir='${exec_prefix}/lib'
libexecdir='${exec_prefix}/libexec'
localedir='${datarootdir}/locale'
localstatedir='${prefix}/var'
mandir='${datarootdir}/man'
mkdir_p='/usr/bin/mkdir -p'
oldincludedir='/usr/include'
pdfdir='${docdir}'
prefix='/usr/local'
program_transform_name='s,x,x,'
psdir='${docdir}'
sbindir='${exec_prefix}/sbin'
sharedstatedir='${prefix}/com'
sysconfdir='${prefix}/etc'
target_alias=''

## ----------- ##
## confdefs.h. ##
## ----------- ##

/* confdefs.h */
#define PACKAGE_NAME "tRNAscan-SE"
#define PACKAGE_TARNAME "trnascan-se"
#define PACKAGE_VERSION "2.0.0"
#define PACKAGE_STRING "tRNAscan-SE 2.0.0"
#define PACKAGE_BUGREPORT "pchan@soe.ucsc.edu"
#define PACKAGE_URL ""
#define STDC_HEADERS 1
#define HAVE_SYS_TYPES_H 1
#define HAVE_SYS_STAT_H 1
#define HAVE_STDLIB_H 1
#define HAVE_STRING_H 1
#define HAVE_MEMORY_H 1
#define HAVE_STRINGS_H 1
#define HAVE_INTTYPES_H 1
#define HAVE_STDINT_H 1
#define HAVE_UNISTD_H 1
#define HAVE_ALLOCA_H 1
#define HAVE_ALLOCA 1
#define HAVE_LIMITS_H 1
#define HAVE_MEMORY_H 1
#define HAVE_STDDEF_H 1
#define HAVE_STDLIB_H 1
#define HAVE_STRING_H 1
#define HAVE_UNISTD_H 1
#define HAVE__BOOL 1
#define HAVE_STDLIB_H 1
#define HAVE_MALLOC 1
#define HAVE_STDLIB_H 1
#define HAVE_REALLOC 1
#define HAVE_BZERO 1
#define HAVE_MEMSET 1
#define HAVE_RE_COMP 1
#define HAVE_REGCOMP 1
#define HAVE_STRCASECMP 1
#define HAVE_STRCHR 1
#define HAVE_STRSTR 1
#define PACKAGE "trnascan-se"
#define VERSION "2.0.0"

configure: exit 0
